[01m[K/home/bilal/trail_tracer/src/biy1_ros360_cpp/src/polishedCode.cpp:578:2:[m[K [01;31m[Kerror: [m[Kexpected â€˜[01m[K}[m[Kâ€™ at end of input
  578 | }
      |  [01;31m[K^[m[K
[01m[K/home/bilal/trail_tracer/src/biy1_ros360_cpp/src/polishedCode.cpp:102:38:[m[K [01;36m[Knote: [m[Kto match this â€˜[01m[K{[m[Kâ€™
  102 | class TestCode : public rclcpp::Node [01;36m[K{[m[K
      |                                      [01;36m[K^[m[K
[01m[K/home/bilal/trail_tracer/src/biy1_ros360_cpp/src/polishedCode.cpp:578:2:[m[K [01;31m[Kerror: [m[Kexpected â€˜[01m[K}[m[Kâ€™ at end of input
  578 | }
      |  [01;31m[K^[m[K
[01m[K/home/bilal/trail_tracer/src/biy1_ros360_cpp/src/polishedCode.cpp:102:38:[m[K [01;36m[Knote: [m[Kto match this â€˜[01m[K{[m[Kâ€™
  102 | class TestCode : public rclcpp::Node [01;36m[K{[m[K
      |                                      [01;36m[K^[m[K
[01m[K/home/bilal/trail_tracer/src/biy1_ros360_cpp/src/polishedCode.cpp:578:2:[m[K [01;31m[Kerror: [m[Kexpected unqualified-id at end of input
  578 | }
      |  [01;31m[K^[m[K
[01m[K/home/bilal/trail_tracer/src/biy1_ros360_cpp/src/polishedCode.cpp:578:2:[m[K [01;31m[Kerror: [m[Kexpected unqualified-id at end of input
  578 | }
      |  [01;31m[K^[m[K
gmake[2]: *** [CMakeFiles/polishedCode.dir/build.make:76: CMakeFiles/polishedCode.dir/src/polishedCode.cpp.o] Error 1
gmake[1]: *** [CMakeFiles/Makefile2:391: CMakeFiles/polishedCode.dir/all] Error 2
gmake[1]: *** Waiting for unfinished jobs....
gmake[2]: *** [CMakeFiles/sparse.dir/build.make:76: CMakeFiles/sparse.dir/src/polishedCode.cpp.o] Error 1
gmake[1]: *** [CMakeFiles/Makefile2:417: CMakeFiles/sparse.dir/all] Error 2
gmake: *** [Makefile:146: all] Error 2
