[0.040s] Invoking command in '/home/bilal/trail_tracer/build/biy1_ros360_cpp': CMAKE_PREFIX_PATH=${CMAKE_PREFIX_PATH}:/home/bilal/trail_tracer/install/web_gui:/home/bilal/learn_ros2_ws/install/web_gui:/home/bilal/learn_ros2_ws/install/nav2_simple_commander:/home/bilal/ros2_ws/install/web_gui:/home/bilal/ros2_ws/install/opencv_tools:/home/bilal/ros2_ws/install/biy1_ros360_py:/opt/ros/humble /usr/bin/cmake --build /home/bilal/trail_tracer/build/biy1_ros360_cpp -- -j12 -l12
[0.139s] [  9%] Built target nav2
[0.139s] [ 18%] Built target helloWorld
[0.140s] [ 27%] Built target examplePublisher
[0.141s] [ 36%] Built target exampleSubscriber
[0.143s] [ 45%] Built target testCode
[0.151s] [ 54%] Built target trail_tracer
[0.152s] [ 59%] [32mBuilding CXX object CMakeFiles/polishedCode.dir/src/polishedCode.cpp.o[0m
[0.153s] [ 63%] [32mBuilding CXX object CMakeFiles/sparse.dir/src/polishedCode.cpp.o[0m
[0.155s] [ 81%] Built target code_test
[0.155s] [ 81%] Built target waypoint_navigator
[0.157s] [ 90%] Built target follower
[2.407s] [01m[K/home/bilal/trail_tracer/src/biy1_ros360_cpp/src/polishedCode.cpp:578:2:[m[K [01;31m[Kerror: [m[Kexpected â€˜[01m[K}[m[Kâ€™ at end of input
[2.408s]   578 | }
[2.408s]       |  [01;31m[K^[m[K
[2.408s] [01m[K/home/bilal/trail_tracer/src/biy1_ros360_cpp/src/polishedCode.cpp:102:38:[m[K [01;36m[Knote: [m[Kto match this â€˜[01m[K{[m[Kâ€™
[2.408s]   102 | class TestCode : public rclcpp::Node [01;36m[K{[m[K
[2.408s]       |                                      [01;36m[K^[m[K
[2.427s] [01m[K/home/bilal/trail_tracer/src/biy1_ros360_cpp/src/polishedCode.cpp:578:2:[m[K [01;31m[Kerror: [m[Kexpected â€˜[01m[K}[m[Kâ€™ at end of input
[2.428s]   578 | }
[2.428s]       |  [01;31m[K^[m[K
[2.428s] [01m[K/home/bilal/trail_tracer/src/biy1_ros360_cpp/src/polishedCode.cpp:102:38:[m[K [01;36m[Knote: [m[Kto match this â€˜[01m[K{[m[Kâ€™
[2.428s]   102 | class TestCode : public rclcpp::Node [01;36m[K{[m[K
[2.428s]       |                                      [01;36m[K^[m[K
[2.462s] [01m[K/home/bilal/trail_tracer/src/biy1_ros360_cpp/src/polishedCode.cpp:578:2:[m[K [01;31m[Kerror: [m[Kexpected unqualified-id at end of input
[2.462s]   578 | }
[2.462s]       |  [01;31m[K^[m[K
[2.481s] [01m[K/home/bilal/trail_tracer/src/biy1_ros360_cpp/src/polishedCode.cpp:578:2:[m[K [01;31m[Kerror: [m[Kexpected unqualified-id at end of input
[2.481s]   578 | }
[2.481s]       |  [01;31m[K^[m[K
[8.454s] gmake[2]: *** [CMakeFiles/polishedCode.dir/build.make:76: CMakeFiles/polishedCode.dir/src/polishedCode.cpp.o] Error 1
[8.455s] gmake[1]: *** [CMakeFiles/Makefile2:391: CMakeFiles/polishedCode.dir/all] Error 2
[8.455s] gmake[1]: *** Waiting for unfinished jobs....
[8.458s] gmake[2]: *** [CMakeFiles/sparse.dir/build.make:76: CMakeFiles/sparse.dir/src/polishedCode.cpp.o] Error 1
[8.458s] gmake[1]: *** [CMakeFiles/Makefile2:417: CMakeFiles/sparse.dir/all] Error 2
[8.459s] gmake: *** [Makefile:146: all] Error 2
[8.461s] Invoked command in '/home/bilal/trail_tracer/build/biy1_ros360_cpp' returned '2': CMAKE_PREFIX_PATH=${CMAKE_PREFIX_PATH}:/home/bilal/trail_tracer/install/web_gui:/home/bilal/learn_ros2_ws/install/web_gui:/home/bilal/learn_ros2_ws/install/nav2_simple_commander:/home/bilal/ros2_ws/install/web_gui:/home/bilal/ros2_ws/install/opencv_tools:/home/bilal/ros2_ws/install/biy1_ros360_py:/opt/ros/humble /usr/bin/cmake --build /home/bilal/trail_tracer/build/biy1_ros360_cpp -- -j12 -l12
