[35m[1mConsolidate compiler generated dependencies of target follower[0m
[ 37%] Built target trail_tracer
[ 37%] Built target exampleSubscriber
[ 37%] Built target nav2
[ 50%] Built target helloWorld
[ 62%] Built target testCode
[ 75%] Built target waypoint_navigator
[ 87%] Built target examplePublisher
[ 93%] [32mBuilding CXX object CMakeFiles/follower.dir/src/follower.cpp.o[0m
[01m[K/home/bilal/trail_tracer/src/biy1_ros360_cpp/src/follower.cpp:[m[K In constructor â€˜[01m[KTestCode::TestCode()[m[Kâ€™:
[01m[K/home/bilal/trail_tracer/src/biy1_ros360_cpp/src/follower.cpp:92:37:[m[K [01;31m[Kerror: [m[Kâ€˜[01m[KOdomSubscriber[m[Kâ€™ has not been declared
   92 |             "/odom", 10, std::bind(&[01;31m[KOdomSubscriber[m[K::odom_callback, this, std::placeholders::_1));
      |                                     [01;31m[K^~~~~~~~~~~~~~[m[K
gmake[2]: *** [CMakeFiles/follower.dir/build.make:76: CMakeFiles/follower.dir/src/follower.cpp.o] Error 1
gmake[1]: *** [CMakeFiles/Makefile2:333: CMakeFiles/follower.dir/all] Error 2
gmake: *** [Makefile:146: all] Error 2
