[35m[1mConsolidate compiler generated dependencies of target testCode[0m
[ 31%] Built target waypoint_navigator
[ 31%] Built target polishedCode
[ 31%] Built target exampleSubscriber
[ 40%] Built target helloWorld
[ 45%] Built target nav2
[ 54%] Built target examplePublisher
[ 63%] Built target sparse
[ 81%] Built target code_test
[ 81%] Built target follower
[ 90%] Built target trail_tracer
[ 95%] [32m[1mLinking CXX executable testCode[0m
/usr/bin/ld: CMakeFiles/testCode.dir/src/testCode.cpp.o: in function `GeographicLib::UTMUPS::Forward(double, double, int&, bool&, double&, double&, int, bool)':
testCode.cpp:(.text._ZN13GeographicLib6UTMUPS7ForwardEddRiRbRdS3_ib[_ZN13GeographicLib6UTMUPS7ForwardEddRiRbRdS3_ib]+0x7a): undefined reference to `GeographicLib::UTMUPS::Forward(double, double, int&, bool&, double&, double&, double&, double&, int, bool)'
collect2: error: ld returned 1 exit status
gmake[2]: *** [CMakeFiles/testCode.dir/build.make:175: testCode] Error 1
gmake[1]: *** [CMakeFiles/Makefile2:235: CMakeFiles/testCode.dir/all] Error 2
gmake: *** [Makefile:146: all] Error 2
