[0.016s] Invoking command in '/home/bilal/trail_tracer/build/biy1_ros360_cpp': CMAKE_PREFIX_PATH=${CMAKE_PREFIX_PATH}:/home/bilal/trail_tracer/install/web_gui:/home/bilal/learn_ros2_ws/install/web_gui:/home/bilal/learn_ros2_ws/install/nav2_simple_commander:/home/bilal/ros2_ws/install/web_gui:/home/bilal/ros2_ws/install/opencv_tools:/home/bilal/ros2_ws/install/biy1_ros360_py:/opt/ros/humble /usr/bin/cmake --build /home/bilal/trail_tracer/build/biy1_ros360_cpp -- -j12 -l12
[0.086s] [35m[1mConsolidate compiler generated dependencies of target polishedCode[0m
[0.088s] [35m[1mConsolidate compiler generated dependencies of target sparse[0m
[0.113s] [ 13%] Built target exampleSubscriber
[0.113s] [ 18%] Built target examplePublisher
[0.113s] [ 31%] [32mBuilding CXX object CMakeFiles/waypoint_navigator.dir/src/waypoint_navigator.cpp.o[0m
[0.113s] [ 36%] Built target helloWorld
[0.113s] [ 40%] Built target trail_tracer
[0.113s] [ 50%] Built target testCode
[0.113s] [ 59%] Built target follower
[0.113s] [ 68%] Built target code_test
[0.117s] [ 77%] Built target nav2
[0.122s] [ 81%] [32mBuilding CXX object CMakeFiles/sparse.dir/src/polishedCode.cpp.o[0m
[0.126s] [ 86%] [32mBuilding CXX object CMakeFiles/polishedCode.dir/src/polishedCode.cpp.o[0m
[0.359s] [01m[K/home/bilal/trail_tracer/src/biy1_ros360_cpp/src/waypoint_navigator.cpp:29:10:[m[K [01;31m[Kfatal error: [m[Knav_msgs/msg/odometry.hpp: No such file or directory
[0.359s]    29 | #include [01;31m[K<nav_msgs/msg/odometry.hpp>[m[K
[0.359s]       |          [01;31m[K^~~~~~~~~~~~~~~~~~~~~~~~~~~[m[K
[0.359s] compilation terminated.
[0.363s] gmake[2]: *** [CMakeFiles/waypoint_navigator.dir/build.make:76: CMakeFiles/waypoint_navigator.dir/src/waypoint_navigator.cpp.o] Error 1
[0.363s] gmake[1]: *** [CMakeFiles/Makefile2:313: CMakeFiles/waypoint_navigator.dir/all] Error 2
[0.363s] gmake[1]: *** Waiting for unfinished jobs....
[21.833s] [ 90%] [32m[1mLinking CXX executable polishedCode[0m
[22.019s] [ 95%] [32m[1mLinking CXX executable sparse[0m
[23.231s] [ 95%] Built target polishedCode
[23.306s] [ 95%] Built target sparse
[23.307s] gmake: *** [Makefile:146: all] Error 2
[23.309s] Invoked command in '/home/bilal/trail_tracer/build/biy1_ros360_cpp' returned '2': CMAKE_PREFIX_PATH=${CMAKE_PREFIX_PATH}:/home/bilal/trail_tracer/install/web_gui:/home/bilal/learn_ros2_ws/install/web_gui:/home/bilal/learn_ros2_ws/install/nav2_simple_commander:/home/bilal/ros2_ws/install/web_gui:/home/bilal/ros2_ws/install/opencv_tools:/home/bilal/ros2_ws/install/biy1_ros360_py:/opt/ros/humble /usr/bin/cmake --build /home/bilal/trail_tracer/build/biy1_ros360_cpp -- -j12 -l12
