[35m[1mConsolidate compiler generated dependencies of target sparse[0m
[35m[1mConsolidate compiler generated dependencies of target polishedCode[0m
[  9%] Built target examplePublisher
[ 18%] Built target exampleSubscriber
[ 27%] Built target testCode
[ 36%] Built target helloWorld
[ 45%] Built target trail_tracer
[ 54%] Built target nav2
[ 63%] Built target waypoint_navigator
[ 72%] Built target follower
[ 77%] [32mBuilding CXX object CMakeFiles/sparse.dir/src/polishedCode.cpp.o[0m
[ 86%] Built target code_test
[ 90%] [32mBuilding CXX object CMakeFiles/polishedCode.dir/src/polishedCode.cpp.o[0m
[01m[K/home/bilal/trail_tracer/src/biy1_ros360_cpp/src/polishedCode.cpp:407:5:[m[K [01;31m[Kerror: [m[Kexpected unqualified-id before â€˜[01m[K/[m[Kâ€™ token
  407 |     [01;31m[K/[m[K
      |     [01;31m[K^[m[K
[01m[K/home/bilal/trail_tracer/src/biy1_ros360_cpp/src/polishedCode.cpp:407:5:[m[K [01;31m[Kerror: [m[Kexpected unqualified-id before â€˜[01m[K/[m[Kâ€™ token
  407 |     [01;31m[K/[m[K
      |     [01;31m[K^[m[K
[01m[K/home/bilal/trail_tracer/src/biy1_ros360_cpp/src/polishedCode.cpp:[m[K In constructor â€˜[01m[KTrailTracer::TrailTracer()[m[Kâ€™:
[01m[K/home/bilal/trail_tracer/src/biy1_ros360_cpp/src/polishedCode.cpp:749:12:[m[K [01;35m[Kwarning: [m[Kâ€˜[01m[KTrailTracer::current_pose_y[m[Kâ€™ will be initialized after [[01;35m[K]8;;https://gcc.gnu.org/onlinedocs/gcc/Warning-Options.html#index-Wreorder-Wreorder]8;;[m[K]
  749 |     double [01;35m[Kcurrent_pose_y[m[K;
      |            [01;35m[K^~~~~~~~~~~~~~[m[K
[01m[K/home/bilal/trail_tracer/src/biy1_ros360_cpp/src/polishedCode.cpp:745:37:[m[K [01;35m[Kwarning: [m[K  â€˜[01m[Kstd::shared_ptr<WaypointSender> TrailTracer::waypoint_sender_[m[Kâ€™ [[01;35m[K]8;;https://gcc.gnu.org/onlinedocs/gcc/Warning-Options.html#index-Wreorder-Wreorder]8;;[m[K]
  745 |     std::shared_ptr<WaypointSender> [01;35m[Kwaypoint_sender_[m[K;
      |                                     [01;35m[K^~~~~~~~~~~~~~~~[m[K
[01m[K/home/bilal/trail_tracer/src/biy1_ros360_cpp/src/polishedCode.cpp:111:5:[m[K [01;35m[Kwarning: [m[K  when initialized here [[01;35m[K]8;;https://gcc.gnu.org/onlinedocs/gcc/Warning-Options.html#index-Wreorder-Wreorder]8;;[m[K]
  111 |     [01;35m[KTrailTracer[m[K()
      |     [01;35m[K^~~~~~~~~~~[m[K
[01m[K/home/bilal/trail_tracer/src/biy1_ros360_cpp/src/polishedCode.cpp:[m[K In constructor â€˜[01m[KTrailTracer::TrailTracer()[m[Kâ€™:
[01m[K/home/bilal/trail_tracer/src/biy1_ros360_cpp/src/polishedCode.cpp:749:12:[m[K [01;35m[Kwarning: [m[Kâ€˜[01m[KTrailTracer::current_pose_y[m[Kâ€™ will be initialized after [[01;35m[K]8;;https://gcc.gnu.org/onlinedocs/gcc/Warning-Options.html#index-Wreorder-Wreorder]8;;[m[K]
  749 |     double [01;35m[Kcurrent_pose_y[m[K;
      |            [01;35m[K^~~~~~~~~~~~~~[m[K
[01m[K/home/bilal/trail_tracer/src/biy1_ros360_cpp/src/polishedCode.cpp:745:37:[m[K [01;35m[Kwarning: [m[K  â€˜[01m[Kstd::shared_ptr<WaypointSender> TrailTracer::waypoint_sender_[m[Kâ€™ [[01;35m[K]8;;https://gcc.gnu.org/onlinedocs/gcc/Warning-Options.html#index-Wreorder-Wreorder]8;;[m[K]
  745 |     std::shared_ptr<WaypointSender> [01;35m[Kwaypoint_sender_[m[K;
      |                                     [01;35m[K^~~~~~~~~~~~~~~~[m[K
[01m[K/home/bilal/trail_tracer/src/biy1_ros360_cpp/src/polishedCode.cpp:111:5:[m[K [01;35m[Kwarning: [m[K  when initialized here [[01;35m[K]8;;https://gcc.gnu.org/onlinedocs/gcc/Warning-Options.html#index-Wreorder-Wreorder]8;;[m[K]
  111 |     [01;35m[KTrailTracer[m[K()
      |     [01;35m[K^~~~~~~~~~~[m[K
[01m[K/home/bilal/trail_tracer/src/biy1_ros360_cpp/src/polishedCode.cpp:[m[K In member function â€˜[01m[Kvoid TrailTracer::log_reader_callback(rcl_interfaces::msg::Log_<std::allocator<void> >::SharedPtr)[m[Kâ€™:
[01m[K/home/bilal/trail_tracer/src/biy1_ros360_cpp/src/polishedCode.cpp:302:13:[m[K [01;31m[Kerror: [m[Kâ€˜[01m[Klogger[m[Kâ€™ was not declared in this scope
  302 |             [01;31m[Klogger[m[K("[waypoint_follower] [INFO]: SUCCESS ALL WAYPOINTS REACHED");
      |             [01;31m[K^~~~~~[m[K
[01m[K/home/bilal/trail_tracer/src/biy1_ros360_cpp/src/polishedCode.cpp:304:13:[m[K [01;31m[Kerror: [m[Kâ€˜[01m[Klogger[m[Kâ€™ was not declared in this scope
  304 |             [01;31m[Klogger[m[K("[waypoint_follower] [INFO]: Received follow waypoint request");
      |             [01;31m[K^~~~~~[m[K
[01m[K/home/bilal/trail_tracer/src/biy1_ros360_cpp/src/polishedCode.cpp:308:13:[m[K [01;31m[Kerror: [m[Kâ€˜[01m[Klogger[m[Kâ€™ was not declared in this scope
  308 |             [01;31m[Klogger[m[K("[behavior_server] [INFO]: Running backup");
      |             [01;31m[K^~~~~~[m[K
[01m[K/home/bilal/trail_tracer/src/biy1_ros360_cpp/src/polishedCode.cpp:310:13:[m[K [01;31m[Kerror: [m[Kâ€˜[01m[Klogger[m[Kâ€™ was not declared in this scope
  310 |             [01;31m[Klogger[m[K("[behavior_server] [INFO]: backup completed successfully");
      |             [01;31m[K^~~~~~[m[K
[01m[K/home/bilal/trail_tracer/src/biy1_ros360_cpp/src/polishedCode.cpp:312:13:[m[K [01;31m[Kerror: [m[Kâ€˜[01m[Klogger[m[Kâ€™ was not declared in this scope
  312 |             [01;31m[Klogger[m[K("[behavior_server] [INFO]: Running spin");
      |             [01;31m[K^~~~~~[m[K
[01m[K/home/bilal/trail_tracer/src/biy1_ros360_cpp/src/polishedCode.cpp:314:13:[m[K [01;31m[Kerror: [m[Kâ€˜[01m[Klogger[m[Kâ€™ was not declared in this scope
  314 |             [01;31m[Klogger[m[K("[behavior_server] [INFO]: spin completed successfully");
      |             [01;31m[K^~~~~~[m[K
[01m[K/home/bilal/trail_tracer/src/biy1_ros360_cpp/src/polishedCode.cpp:318:13:[m[K [01;31m[Kerror: [m[Kâ€˜[01m[Klogger[m[Kâ€™ was not declared in this scope
  318 |             [01;31m[Klogger[m[K("[Controll_server] [ERROR] Failed to make progress");
      |             [01;31m[K^~~~~~[m[K
[01m[K/home/bilal/trail_tracer/src/biy1_ros360_cpp/src/polishedCode.cpp:[m[K In member function â€˜[01m[Kvoid TrailTracer::log_reader_callback(rcl_interfaces::msg::Log_<std::allocator<void> >::SharedPtr)[m[Kâ€™:
[01m[K/home/bilal/trail_tracer/src/biy1_ros360_cpp/src/polishedCode.cpp:302:13:[m[K [01;31m[Kerror: [m[Kâ€˜[01m[Klogger[m[Kâ€™ was not declared in this scope
  302 |             [01;31m[Klogger[m[K("[waypoint_follower] [INFO]: SUCCESS ALL WAYPOINTS REACHED");
      |             [01;31m[K^~~~~~[m[K
[01m[K/home/bilal/trail_tracer/src/biy1_ros360_cpp/src/polishedCode.cpp:320:13:[m[K [01;31m[Kerror: [m[Kâ€˜[01m[Klogger[m[Kâ€™ was not declared in this scope
  320 |             [01;31m[Klogger[m[K("[controller_server] [WARN]: [follow_path] [ActionServer] Aborting handle.");
      |             [01;31m[K^~~~~~[m[K
[01m[K/home/bilal/trail_tracer/src/biy1_ros360_cpp/src/polishedCode.cpp:304:13:[m[K [01;31m[Kerror: [m[Kâ€˜[01m[Klogger[m[Kâ€™ was not declared in this scope
  304 |             [01;31m[Klogger[m[K("[waypoint_follower] [INFO]: Received follow waypoint request");
      |             [01;31m[K^~~~~~[m[K
[01m[K/home/bilal/trail_tracer/src/biy1_ros360_cpp/src/polishedCode.cpp:322:13:[m[K [01;31m[Kerror: [m[Kâ€˜[01m[Klogger[m[Kâ€™ was not declared in this scope
  322 |             [01;31m[Klogger[m[K("[controller_server] [INFO]: Received a goal, begin computing control effort.");
      |             [01;31m[K^~~~~~[m[K
[01m[K/home/bilal/trail_tracer/src/biy1_ros360_cpp/src/polishedCode.cpp:308:13:[m[K [01;31m[Kerror: [m[Kâ€˜[01m[Klogger[m[Kâ€™ was not declared in this scope
  308 |             [01;31m[Klogger[m[K("[behavior_server] [INFO]: Running backup");
      |             [01;31m[K^~~~~~[m[K
[01m[K/home/bilal/trail_tracer/src/biy1_ros360_cpp/src/polishedCode.cpp:324:13:[m[K [01;31m[Kerror: [m[Kâ€˜[01m[Klogger[m[Kâ€™ was not declared in this scope
  324 |             [01;31m[Klogger[m[K("[controller_server] [INFO]: Passing new path to controller.");
      |             [01;31m[K^~~~~~[m[K
[01m[K/home/bilal/trail_tracer/src/biy1_ros360_cpp/src/polishedCode.cpp:310:13:[m[K [01;31m[Kerror: [m[Kâ€˜[01m[Klogger[m[Kâ€™ was not declared in this scope
  310 |             [01;31m[Klogger[m[K("[behavior_server] [INFO]: backup completed successfully");
      |             [01;31m[K^~~~~~[m[K
[01m[K/home/bilal/trail_tracer/src/biy1_ros360_cpp/src/polishedCode.cpp:326:13:[m[K [01;31m[Kerror: [m[Kâ€˜[01m[Klogger[m[Kâ€™ was not declared in this scope
  326 |             [01;31m[Klogger[m[K("[Controll_server] [WARN] Client requested to stop goal");
      |             [01;31m[K^~~~~~[m[K
[01m[K/home/bilal/trail_tracer/src/biy1_ros360_cpp/src/polishedCode.cpp:328:13:[m[K [01;31m[Kerror: [m[Kâ€˜[01m[Klogger[m[Kâ€™ was not declared in this scope
  328 |             [01;31m[Klogger[m[K("[Controll_server] [WARN] Client requested to stop goal");
      |             [01;31m[K^~~~~~[m[K
[01m[K/home/bilal/trail_tracer/src/biy1_ros360_cpp/src/polishedCode.cpp:312:13:[m[K [01;31m[Kerror: [m[Kâ€˜[01m[Klogger[m[Kâ€™ was not declared in this scope
  312 |             [01;31m[Klogger[m[K("[behavior_server] [INFO]: Running spin");
      |             [01;31m[K^~~~~~[m[K
[01m[K/home/bilal/trail_tracer/src/biy1_ros360_cpp/src/polishedCode.cpp:332:13:[m[K [01;31m[Kerror: [m[Kâ€˜[01m[Klogger[m[Kâ€™ was not declared in this scope
  332 |             [01;31m[Klogger[m[K("[local_costmap.local_costmap] [INFO]: Received request to clear entirely the local_costmap");
      |             [01;31m[K^~~~~~[m[K
[01m[K/home/bilal/trail_tracer/src/biy1_ros360_cpp/src/polishedCode.cpp:314:13:[m[K [01;31m[Kerror: [m[Kâ€˜[01m[Klogger[m[Kâ€™ was not declared in this scope
  314 |             [01;31m[Klogger[m[K("[behavior_server] [INFO]: spin completed successfully");
      |             [01;31m[K^~~~~~[m[K
[01m[K/home/bilal/trail_tracer/src/biy1_ros360_cpp/src/polishedCode.cpp:336:13:[m[K [01;31m[Kerror: [m[Kâ€˜[01m[Klogger[m[Kâ€™ was not declared in this scope
  336 |             [01;31m[Klogger[m[K("[planner_server [WARN]: The goal sent to the planner is off the global costmap. Planning will always fail to this goal.");
      |             [01;31m[K^~~~~~[m[K
[01m[K/home/bilal/trail_tracer/src/biy1_ros360_cpp/src/polishedCode.cpp:318:13:[m[K [01;31m[Kerror: [m[Kâ€˜[01m[Klogger[m[Kâ€™ was not declared in this scope
  318 |             [01;31m[Klogger[m[K("[Controll_server] [ERROR] Failed to make progress");
      |             [01;31m[K^~~~~~[m[K
[01m[K/home/bilal/trail_tracer/src/biy1_ros360_cpp/src/polishedCode.cpp:320:13:[m[K [01;31m[Kerror: [m[Kâ€˜[01m[Klogger[m[Kâ€™ was not declared in this scope
  320 |             [01;31m[Klogger[m[K("[controller_server] [WARN]: [follow_path] [ActionServer] Aborting handle.");
      |             [01;31m[K^~~~~~[m[K
[01m[K/home/bilal/trail_tracer/src/biy1_ros360_cpp/src/polishedCode.cpp:[m[K In member function â€˜[01m[Kvoid TrailTracer::file_loader_callback(std_msgs::msg::String_<std::allocator<void> >::SharedPtr)[m[Kâ€™:
[01m[K/home/bilal/trail_tracer/src/biy1_ros360_cpp/src/polishedCode.cpp:354:13:[m[K [01;31m[Kerror: [m[Kâ€˜[01m[Klogger[m[Kâ€™ was not declared in this scope
  354 |             [01;31m[Klogger[m[K("[trail_tracer] [ERROR] Failed to open file");
      |             [01;31m[K^~~~~~[m[K
[01m[K/home/bilal/trail_tracer/src/biy1_ros360_cpp/src/polishedCode.cpp:322:13:[m[K [01;31m[Kerror: [m[Kâ€˜[01m[Klogger[m[Kâ€™ was not declared in this scope
  322 |             [01;31m[Klogger[m[K("[controller_server] [INFO]: Received a goal, begin computing control effort.");
      |             [01;31m[K^~~~~~[m[K
[01m[K/home/bilal/trail_tracer/src/biy1_ros360_cpp/src/polishedCode.cpp:382:17:[m[K [01;31m[Kerror: [m[Kâ€˜[01m[Klogger[m[Kâ€™ was not declared in this scope
  382 |                 [01;31m[Klogger[m[K("[trail_tracer] [ERROR] Failed to parse line in file");
      |                 [01;31m[K^~~~~~[m[K
[01m[K/home/bilal/trail_tracer/src/biy1_ros360_cpp/src/polishedCode.cpp:324:13:[m[K [01;31m[Kerror: [m[Kâ€˜[01m[Klogger[m[Kâ€™ was not declared in this scope
  324 |             [01;31m[Klogger[m[K("[controller_server] [INFO]: Passing new path to controller.");
      |             [01;31m[K^~~~~~[m[K
[01m[K/home/bilal/trail_tracer/src/biy1_ros360_cpp/src/polishedCode.cpp:326:13:[m[K [01;31m[Kerror: [m[Kâ€˜[01m[Klogger[m[Kâ€™ was not declared in this scope
  326 |             [01;31m[Klogger[m[K("[Controll_server] [WARN] Client requested to stop goal");
      |             [01;31m[K^~~~~~[m[K
[01m[K/home/bilal/trail_tracer/src/biy1_ros360_cpp/src/polishedCode.cpp:[m[K In member function â€˜[01m[Kvoid TrailTracer::open_gps_file()[m[Kâ€™:
[01m[K/home/bilal/trail_tracer/src/biy1_ros360_cpp/src/polishedCode.cpp:472:17:[m[K [01;31m[Kerror: [m[Kâ€˜[01m[Klogger[m[Kâ€™ was not declared in this scope
  472 |                 [01;31m[Klogger[m[K("[trail_tracer] [ERROR] Failed to parse line in file (trail_tracer function: void open_gps_file())");
      |                 [01;31m[K^~~~~~[m[K
[01m[K/home/bilal/trail_tracer/src/biy1_ros360_cpp/src/polishedCode.cpp:328:13:[m[K [01;31m[Kerror: [m[Kâ€˜[01m[Klogger[m[Kâ€™ was not declared in this scope
  328 |             [01;31m[Klogger[m[K("[Controll_server] [WARN] Client requested to stop goal");
      |             [01;31m[K^~~~~~[m[K
[01m[K/home/bilal/trail_tracer/src/biy1_ros360_cpp/src/polishedCode.cpp:476:13:[m[K [01;31m[Kerror: [m[Kâ€˜[01m[Klogger[m[Kâ€™ was not declared in this scope
  476 |             [01;31m[Klogger[m[K("[trail_tracer] [WARN] Failed to open file, trail name is empty");
      |             [01;31m[K^~~~~~[m[K
[01m[K/home/bilal/trail_tracer/src/biy1_ros360_cpp/src/polishedCode.cpp:332:13:[m[K [01;31m[Kerror: [m[Kâ€˜[01m[Klogger[m[Kâ€™ was not declared in this scope
  332 |             [01;31m[Klogger[m[K("[local_costmap.local_costmap] [INFO]: Received request to clear entirely the local_costmap");
      |             [01;31m[K^~~~~~[m[K
[01m[K/home/bilal/trail_tracer/src/biy1_ros360_cpp/src/polishedCode.cpp:[m[K In member function â€˜[01m[Kvoid TrailTracer::publish_file_name()[m[Kâ€™:
[01m[K/home/bilal/trail_tracer/src/biy1_ros360_cpp/src/polishedCode.cpp:502:21:[m[K [01;31m[Kerror: [m[Kâ€˜[01m[Klogger[m[Kâ€™ was not declared in this scope
  502 |                     [01;31m[Klogger[m[K("[trail_tracer] [WARN] No files found in directory");
      |                     [01;31m[K^~~~~~[m[K
[01m[K/home/bilal/trail_tracer/src/biy1_ros360_cpp/src/polishedCode.cpp:336:13:[m[K [01;31m[Kerror: [m[Kâ€˜[01m[Klogger[m[Kâ€™ was not declared in this scope
  336 |             [01;31m[Klogger[m[K("[planner_server [WARN]: The goal sent to the planner is off the global costmap. Planning will always fail to this goal.");
      |             [01;31m[K^~~~~~[m[K
[01m[K/home/bilal/trail_tracer/src/biy1_ros360_cpp/src/polishedCode.cpp:506:13:[m[K [01;31m[Kerror: [m[Kâ€˜[01m[Klogger[m[Kâ€™ was not declared in this scope
  506 |             [01;31m[Klogger[m[K("[trail_tracer] [WARN] Directory does not exist");
      |             [01;31m[K^~~~~~[m[K
[01m[K/home/bilal/trail_tracer/src/biy1_ros360_cpp/src/polishedCode.cpp:[m[K In member function â€˜[01m[Kvoid TrailTracer::file_loader_callback(std_msgs::msg::String_<std::allocator<void> >::SharedPtr)[m[Kâ€™:
[01m[K/home/bilal/trail_tracer/src/biy1_ros360_cpp/src/polishedCode.cpp:354:13:[m[K [01;31m[Kerror: [m[Kâ€˜[01m[Klogger[m[Kâ€™ was not declared in this scope
  354 |             [01;31m[Klogger[m[K("[trail_tracer] [ERROR] Failed to open file");
      |             [01;31m[K^~~~~~[m[K
[01m[K/home/bilal/trail_tracer/src/biy1_ros360_cpp/src/polishedCode.cpp:382:17:[m[K [01;31m[Kerror: [m[Kâ€˜[01m[Klogger[m[Kâ€™ was not declared in this scope
  382 |                 [01;31m[Klogger[m[K("[trail_tracer] [ERROR] Failed to parse line in file");
      |                 [01;31m[K^~~~~~[m[K
[01m[K/home/bilal/trail_tracer/src/biy1_ros360_cpp/src/polishedCode.cpp:[m[K In member function â€˜[01m[Kvoid TrailTracer::open_gps_file()[m[Kâ€™:
[01m[K/home/bilal/trail_tracer/src/biy1_ros360_cpp/src/polishedCode.cpp:472:17:[m[K [01;31m[Kerror: [m[Kâ€˜[01m[Klogger[m[Kâ€™ was not declared in this scope
  472 |                 [01;31m[Klogger[m[K("[trail_tracer] [ERROR] Failed to parse line in file (trail_tracer function: void open_gps_file())");
      |                 [01;31m[K^~~~~~[m[K
[01m[K/home/bilal/trail_tracer/src/biy1_ros360_cpp/src/polishedCode.cpp:476:13:[m[K [01;31m[Kerror: [m[Kâ€˜[01m[Klogger[m[Kâ€™ was not declared in this scope
  476 |             [01;31m[Klogger[m[K("[trail_tracer] [WARN] Failed to open file, trail name is empty");
      |             [01;31m[K^~~~~~[m[K
[01m[K/home/bilal/trail_tracer/src/biy1_ros360_cpp/src/polishedCode.cpp:[m[K In member function â€˜[01m[Kvoid TrailTracer::publish_file_name()[m[Kâ€™:
[01m[K/home/bilal/trail_tracer/src/biy1_ros360_cpp/src/polishedCode.cpp:502:21:[m[K [01;31m[Kerror: [m[Kâ€˜[01m[Klogger[m[Kâ€™ was not declared in this scope
  502 |                     [01;31m[Klogger[m[K("[trail_tracer] [WARN] No files found in directory");
      |                     [01;31m[K^~~~~~[m[K
[01m[K/home/bilal/trail_tracer/src/biy1_ros360_cpp/src/polishedCode.cpp:506:13:[m[K [01;31m[Kerror: [m[Kâ€˜[01m[Klogger[m[Kâ€™ was not declared in this scope
  506 |             [01;31m[Klogger[m[K("[trail_tracer] [WARN] Directory does not exist");
      |             [01;31m[K^~~~~~[m[K
gmake[2]: *** [CMakeFiles/polishedCode.dir/build.make:76: CMakeFiles/polishedCode.dir/src/polishedCode.cpp.o] Error 1
gmake[1]: *** [CMakeFiles/Makefile2:391: CMakeFiles/polishedCode.dir/all] Error 2
gmake[1]: *** Waiting for unfinished jobs....
gmake[2]: *** [CMakeFiles/sparse.dir/build.make:76: CMakeFiles/sparse.dir/src/polishedCode.cpp.o] Error 1
gmake[1]: *** [CMakeFiles/Makefile2:417: CMakeFiles/sparse.dir/all] Error 2
gmake: *** [Makefile:146: all] Error 2
