[0.045s] Invoking command in '/home/bilal/trail_tracer/build/biy1_ros360_cpp': CMAKE_PREFIX_PATH=${CMAKE_PREFIX_PATH}:/home/bilal/trail_tracer/install/web_gui:/home/bilal/learn_ros2_ws/install/web_gui:/home/bilal/learn_ros2_ws/install/nav2_simple_commander:/home/bilal/ros2_ws/install/web_gui:/home/bilal/ros2_ws/install/opencv_tools:/home/bilal/ros2_ws/install/biy1_ros360_py:/opt/ros/humble /usr/bin/cmake --build /home/bilal/trail_tracer/build/biy1_ros360_cpp -- -j12 -l12
[0.137s] [35m[1mConsolidate compiler generated dependencies of target sparse[0m
[0.146s] [35m[1mConsolidate compiler generated dependencies of target polishedCode[0m
[0.162s] [  9%] Built target examplePublisher
[0.163s] [ 18%] Built target exampleSubscriber
[0.165s] [ 27%] Built target testCode
[0.165s] [ 36%] Built target helloWorld
[0.169s] [ 45%] Built target trail_tracer
[0.173s] [ 54%] Built target nav2
[0.178s] [ 63%] Built target waypoint_navigator
[0.182s] [ 72%] Built target follower
[0.183s] [ 77%] [32mBuilding CXX object CMakeFiles/sparse.dir/src/polishedCode.cpp.o[0m
[0.184s] [ 86%] Built target code_test
[0.193s] [ 90%] [32mBuilding CXX object CMakeFiles/polishedCode.dir/src/polishedCode.cpp.o[0m
[2.410s] [01m[K/home/bilal/trail_tracer/src/biy1_ros360_cpp/src/polishedCode.cpp:407:5:[m[K [01;31m[Kerror: [m[Kexpected unqualified-id before â€˜[01m[K/[m[Kâ€™ token
[2.410s]   407 |     [01;31m[K/[m[K
[2.411s]       |     [01;31m[K^[m[K
[2.424s] [01m[K/home/bilal/trail_tracer/src/biy1_ros360_cpp/src/polishedCode.cpp:407:5:[m[K [01;31m[Kerror: [m[Kexpected unqualified-id before â€˜[01m[K/[m[Kâ€™ token
[2.424s]   407 |     [01;31m[K/[m[K
[2.424s]       |     [01;31m[K^[m[K
[2.633s] [01m[K/home/bilal/trail_tracer/src/biy1_ros360_cpp/src/polishedCode.cpp:[m[K In constructor â€˜[01m[KTrailTracer::TrailTracer()[m[Kâ€™:
[2.634s] [01m[K/home/bilal/trail_tracer/src/biy1_ros360_cpp/src/polishedCode.cpp:749:12:[m[K [01;35m[Kwarning: [m[Kâ€˜[01m[KTrailTracer::current_pose_y[m[Kâ€™ will be initialized after [[01;35m[K]8;;https://gcc.gnu.org/onlinedocs/gcc/Warning-Options.html#index-Wreorder-Wreorder]8;;[m[K]
[2.634s]   749 |     double [01;35m[Kcurrent_pose_y[m[K;
[2.634s]       |            [01;35m[K^~~~~~~~~~~~~~[m[K
[2.634s] [01m[K/home/bilal/trail_tracer/src/biy1_ros360_cpp/src/polishedCode.cpp:745:37:[m[K [01;35m[Kwarning: [m[K  â€˜[01m[Kstd::shared_ptr<WaypointSender> TrailTracer::waypoint_sender_[m[Kâ€™ [[01;35m[K]8;;https://gcc.gnu.org/onlinedocs/gcc/Warning-Options.html#index-Wreorder-Wreorder]8;;[m[K]
[2.634s]   745 |     std::shared_ptr<WaypointSender> [01;35m[Kwaypoint_sender_[m[K;
[2.634s]       |                                     [01;35m[K^~~~~~~~~~~~~~~~[m[K
[2.634s] [01m[K/home/bilal/trail_tracer/src/biy1_ros360_cpp/src/polishedCode.cpp:111:5:[m[K [01;35m[Kwarning: [m[K  when initialized here [[01;35m[K]8;;https://gcc.gnu.org/onlinedocs/gcc/Warning-Options.html#index-Wreorder-Wreorder]8;;[m[K]
[2.634s]   111 |     [01;35m[KTrailTracer[m[K()
[2.634s]       |     [01;35m[K^~~~~~~~~~~[m[K
[2.656s] [01m[K/home/bilal/trail_tracer/src/biy1_ros360_cpp/src/polishedCode.cpp:[m[K In constructor â€˜[01m[KTrailTracer::TrailTracer()[m[Kâ€™:
[2.656s] [01m[K/home/bilal/trail_tracer/src/biy1_ros360_cpp/src/polishedCode.cpp:749:12:[m[K [01;35m[Kwarning: [m[Kâ€˜[01m[KTrailTracer::current_pose_y[m[Kâ€™ will be initialized after [[01;35m[K]8;;https://gcc.gnu.org/onlinedocs/gcc/Warning-Options.html#index-Wreorder-Wreorder]8;;[m[K]
[2.657s]   749 |     double [01;35m[Kcurrent_pose_y[m[K;
[2.657s]       |            [01;35m[K^~~~~~~~~~~~~~[m[K
[2.657s] [01m[K/home/bilal/trail_tracer/src/biy1_ros360_cpp/src/polishedCode.cpp:745:37:[m[K [01;35m[Kwarning: [m[K  â€˜[01m[Kstd::shared_ptr<WaypointSender> TrailTracer::waypoint_sender_[m[Kâ€™ [[01;35m[K]8;;https://gcc.gnu.org/onlinedocs/gcc/Warning-Options.html#index-Wreorder-Wreorder]8;;[m[K]
[2.657s]   745 |     std::shared_ptr<WaypointSender> [01;35m[Kwaypoint_sender_[m[K;
[2.657s]       |                                     [01;35m[K^~~~~~~~~~~~~~~~[m[K
[2.657s] [01m[K/home/bilal/trail_tracer/src/biy1_ros360_cpp/src/polishedCode.cpp:111:5:[m[K [01;35m[Kwarning: [m[K  when initialized here [[01;35m[K]8;;https://gcc.gnu.org/onlinedocs/gcc/Warning-Options.html#index-Wreorder-Wreorder]8;;[m[K]
[2.657s]   111 |     [01;35m[KTrailTracer[m[K()
[2.657s]       |     [01;35m[K^~~~~~~~~~~[m[K
[2.706s] [01m[K/home/bilal/trail_tracer/src/biy1_ros360_cpp/src/polishedCode.cpp:[m[K In member function â€˜[01m[Kvoid TrailTracer::log_reader_callback(rcl_interfaces::msg::Log_<std::allocator<void> >::SharedPtr)[m[Kâ€™:
[2.706s] [01m[K/home/bilal/trail_tracer/src/biy1_ros360_cpp/src/polishedCode.cpp:302:13:[m[K [01;31m[Kerror: [m[Kâ€˜[01m[Klogger[m[Kâ€™ was not declared in this scope
[2.706s]   302 |             [01;31m[Klogger[m[K("[waypoint_follower] [INFO]: SUCCESS ALL WAYPOINTS REACHED");
[2.706s]       |             [01;31m[K^~~~~~[m[K
[2.710s] [01m[K/home/bilal/trail_tracer/src/biy1_ros360_cpp/src/polishedCode.cpp:304:13:[m[K [01;31m[Kerror: [m[Kâ€˜[01m[Klogger[m[Kâ€™ was not declared in this scope
[2.710s]   304 |             [01;31m[Klogger[m[K("[waypoint_follower] [INFO]: Received follow waypoint request");
[2.710s]       |             [01;31m[K^~~~~~[m[K
[2.714s] [01m[K/home/bilal/trail_tracer/src/biy1_ros360_cpp/src/polishedCode.cpp:308:13:[m[K [01;31m[Kerror: [m[Kâ€˜[01m[Klogger[m[Kâ€™ was not declared in this scope
[2.714s]   308 |             [01;31m[Klogger[m[K("[behavior_server] [INFO]: Running backup");
[2.714s]       |             [01;31m[K^~~~~~[m[K
[2.718s] [01m[K/home/bilal/trail_tracer/src/biy1_ros360_cpp/src/polishedCode.cpp:310:13:[m[K [01;31m[Kerror: [m[Kâ€˜[01m[Klogger[m[Kâ€™ was not declared in this scope
[2.718s]   310 |             [01;31m[Klogger[m[K("[behavior_server] [INFO]: backup completed successfully");
[2.718s]       |             [01;31m[K^~~~~~[m[K
[2.722s] [01m[K/home/bilal/trail_tracer/src/biy1_ros360_cpp/src/polishedCode.cpp:312:13:[m[K [01;31m[Kerror: [m[Kâ€˜[01m[Klogger[m[Kâ€™ was not declared in this scope
[2.722s]   312 |             [01;31m[Klogger[m[K("[behavior_server] [INFO]: Running spin");
[2.722s]       |             [01;31m[K^~~~~~[m[K
[2.726s] [01m[K/home/bilal/trail_tracer/src/biy1_ros360_cpp/src/polishedCode.cpp:314:13:[m[K [01;31m[Kerror: [m[Kâ€˜[01m[Klogger[m[Kâ€™ was not declared in this scope
[2.726s]   314 |             [01;31m[Klogger[m[K("[behavior_server] [INFO]: spin completed successfully");
[2.726s]       |             [01;31m[K^~~~~~[m[K
[2.730s] [01m[K/home/bilal/trail_tracer/src/biy1_ros360_cpp/src/polishedCode.cpp:318:13:[m[K [01;31m[Kerror: [m[Kâ€˜[01m[Klogger[m[Kâ€™ was not declared in this scope
[2.730s]   318 |             [01;31m[Klogger[m[K("[Controll_server] [ERROR] Failed to make progress");
[2.730s]       |             [01;31m[K^~~~~~[m[K
[2.731s] [01m[K/home/bilal/trail_tracer/src/biy1_ros360_cpp/src/polishedCode.cpp:[m[K In member function â€˜[01m[Kvoid TrailTracer::log_reader_callback(rcl_interfaces::msg::Log_<std::allocator<void> >::SharedPtr)[m[Kâ€™:
[2.732s] [01m[K/home/bilal/trail_tracer/src/biy1_ros360_cpp/src/polishedCode.cpp:302:13:[m[K [01;31m[Kerror: [m[Kâ€˜[01m[Klogger[m[Kâ€™ was not declared in this scope
[2.732s]   302 |             [01;31m[Klogger[m[K("[waypoint_follower] [INFO]: SUCCESS ALL WAYPOINTS REACHED");
[2.732s]       |             [01;31m[K^~~~~~[m[K
[2.734s] [01m[K/home/bilal/trail_tracer/src/biy1_ros360_cpp/src/polishedCode.cpp:320:13:[m[K [01;31m[Kerror: [m[Kâ€˜[01m[Klogger[m[Kâ€™ was not declared in this scope
[2.734s]   320 |             [01;31m[Klogger[m[K("[controller_server] [WARN]: [follow_path] [ActionServer] Aborting handle.");
[2.734s]       |             [01;31m[K^~~~~~[m[K
[2.736s] [01m[K/home/bilal/trail_tracer/src/biy1_ros360_cpp/src/polishedCode.cpp:304:13:[m[K [01;31m[Kerror: [m[Kâ€˜[01m[Klogger[m[Kâ€™ was not declared in this scope
[2.737s]   304 |             [01;31m[Klogger[m[K("[waypoint_follower] [INFO]: Received follow waypoint request");
[2.737s]       |             [01;31m[K^~~~~~[m[K
[2.738s] [01m[K/home/bilal/trail_tracer/src/biy1_ros360_cpp/src/polishedCode.cpp:322:13:[m[K [01;31m[Kerror: [m[Kâ€˜[01m[Klogger[m[Kâ€™ was not declared in this scope
[2.738s]   322 |             [01;31m[Klogger[m[K("[controller_server] [INFO]: Received a goal, begin computing control effort.");
[2.738s]       |             [01;31m[K^~~~~~[m[K
[2.742s] [01m[K/home/bilal/trail_tracer/src/biy1_ros360_cpp/src/polishedCode.cpp:308:13:[m[K [01;31m[Kerror: [m[Kâ€˜[01m[Klogger[m[Kâ€™ was not declared in this scope
[2.742s]   308 |             [01;31m[Klogger[m[K("[behavior_server] [INFO]: Running backup");
[2.743s]       |             [01;31m[K^~~~~~[m[K
[2.743s] [01m[K/home/bilal/trail_tracer/src/biy1_ros360_cpp/src/polishedCode.cpp:324:13:[m[K [01;31m[Kerror: [m[Kâ€˜[01m[Klogger[m[Kâ€™ was not declared in this scope
[2.743s]   324 |             [01;31m[Klogger[m[K("[controller_server] [INFO]: Passing new path to controller.");
[2.743s]       |             [01;31m[K^~~~~~[m[K
[2.749s] [01m[K/home/bilal/trail_tracer/src/biy1_ros360_cpp/src/polishedCode.cpp:310:13:[m[K [01;31m[Kerror: [m[Kâ€˜[01m[Klogger[m[Kâ€™ was not declared in this scope
[2.749s]   310 |             [01;31m[Klogger[m[K("[behavior_server] [INFO]: backup completed successfully");
[2.749s]       |             [01;31m[K^~~~~~[m[K
[2.749s] [01m[K/home/bilal/trail_tracer/src/biy1_ros360_cpp/src/polishedCode.cpp:326:13:[m[K [01;31m[Kerror: [m[Kâ€˜[01m[Klogger[m[Kâ€™ was not declared in this scope
[2.749s]   326 |             [01;31m[Klogger[m[K("[Controll_server] [WARN] Client requested to stop goal");
[2.749s]       |             [01;31m[K^~~~~~[m[K
[2.754s] [01m[K/home/bilal/trail_tracer/src/biy1_ros360_cpp/src/polishedCode.cpp:328:13:[m[K [01;31m[Kerror: [m[Kâ€˜[01m[Klogger[m[Kâ€™ was not declared in this scope
[2.754s]   328 |             [01;31m[Klogger[m[K("[Controll_server] [WARN] Client requested to stop goal");
[2.754s]       |             [01;31m[K^~~~~~[m[K
[2.754s] [01m[K/home/bilal/trail_tracer/src/biy1_ros360_cpp/src/polishedCode.cpp:312:13:[m[K [01;31m[Kerror: [m[Kâ€˜[01m[Klogger[m[Kâ€™ was not declared in this scope
[2.754s]   312 |             [01;31m[Klogger[m[K("[behavior_server] [INFO]: Running spin");
[2.754s]       |             [01;31m[K^~~~~~[m[K
[2.758s] [01m[K/home/bilal/trail_tracer/src/biy1_ros360_cpp/src/polishedCode.cpp:332:13:[m[K [01;31m[Kerror: [m[Kâ€˜[01m[Klogger[m[Kâ€™ was not declared in this scope
[2.758s]   332 |             [01;31m[Klogger[m[K("[local_costmap.local_costmap] [INFO]: Received request to clear entirely the local_costmap");
[2.758s]       |             [01;31m[K^~~~~~[m[K
[2.759s] [01m[K/home/bilal/trail_tracer/src/biy1_ros360_cpp/src/polishedCode.cpp:314:13:[m[K [01;31m[Kerror: [m[Kâ€˜[01m[Klogger[m[Kâ€™ was not declared in this scope
[2.759s]   314 |             [01;31m[Klogger[m[K("[behavior_server] [INFO]: spin completed successfully");
[2.759s]       |             [01;31m[K^~~~~~[m[K
[2.762s] [01m[K/home/bilal/trail_tracer/src/biy1_ros360_cpp/src/polishedCode.cpp:336:13:[m[K [01;31m[Kerror: [m[Kâ€˜[01m[Klogger[m[Kâ€™ was not declared in this scope
[2.763s]   336 |             [01;31m[Klogger[m[K("[planner_server [WARN]: The goal sent to the planner is off the global costmap. Planning will always fail to this goal.");
[2.763s]       |             [01;31m[K^~~~~~[m[K
[2.763s] [01m[K/home/bilal/trail_tracer/src/biy1_ros360_cpp/src/polishedCode.cpp:318:13:[m[K [01;31m[Kerror: [m[Kâ€˜[01m[Klogger[m[Kâ€™ was not declared in this scope
[2.763s]   318 |             [01;31m[Klogger[m[K("[Controll_server] [ERROR] Failed to make progress");
[2.763s]       |             [01;31m[K^~~~~~[m[K
[2.768s] [01m[K/home/bilal/trail_tracer/src/biy1_ros360_cpp/src/polishedCode.cpp:320:13:[m[K [01;31m[Kerror: [m[Kâ€˜[01m[Klogger[m[Kâ€™ was not declared in this scope
[2.768s]   320 |             [01;31m[Klogger[m[K("[controller_server] [WARN]: [follow_path] [ActionServer] Aborting handle.");
[2.768s]       |             [01;31m[K^~~~~~[m[K
[2.769s] [01m[K/home/bilal/trail_tracer/src/biy1_ros360_cpp/src/polishedCode.cpp:[m[K In member function â€˜[01m[Kvoid TrailTracer::file_loader_callback(std_msgs::msg::String_<std::allocator<void> >::SharedPtr)[m[Kâ€™:
[2.769s] [01m[K/home/bilal/trail_tracer/src/biy1_ros360_cpp/src/polishedCode.cpp:354:13:[m[K [01;31m[Kerror: [m[Kâ€˜[01m[Klogger[m[Kâ€™ was not declared in this scope
[2.769s]   354 |             [01;31m[Klogger[m[K("[trail_tracer] [ERROR] Failed to open file");
[2.769s]       |             [01;31m[K^~~~~~[m[K
[2.772s] [01m[K/home/bilal/trail_tracer/src/biy1_ros360_cpp/src/polishedCode.cpp:322:13:[m[K [01;31m[Kerror: [m[Kâ€˜[01m[Klogger[m[Kâ€™ was not declared in this scope
[2.772s]   322 |             [01;31m[Klogger[m[K("[controller_server] [INFO]: Received a goal, begin computing control effort.");
[2.772s]       |             [01;31m[K^~~~~~[m[K
[2.773s] [01m[K/home/bilal/trail_tracer/src/biy1_ros360_cpp/src/polishedCode.cpp:382:17:[m[K [01;31m[Kerror: [m[Kâ€˜[01m[Klogger[m[Kâ€™ was not declared in this scope
[2.773s]   382 |                 [01;31m[Klogger[m[K("[trail_tracer] [ERROR] Failed to parse line in file");
[2.773s]       |                 [01;31m[K^~~~~~[m[K
[2.776s] [01m[K/home/bilal/trail_tracer/src/biy1_ros360_cpp/src/polishedCode.cpp:324:13:[m[K [01;31m[Kerror: [m[Kâ€˜[01m[Klogger[m[Kâ€™ was not declared in this scope
[2.776s]   324 |             [01;31m[Klogger[m[K("[controller_server] [INFO]: Passing new path to controller.");
[2.776s]       |             [01;31m[K^~~~~~[m[K
[2.780s] [01m[K/home/bilal/trail_tracer/src/biy1_ros360_cpp/src/polishedCode.cpp:326:13:[m[K [01;31m[Kerror: [m[Kâ€˜[01m[Klogger[m[Kâ€™ was not declared in this scope
[2.780s]   326 |             [01;31m[Klogger[m[K("[Controll_server] [WARN] Client requested to stop goal");
[2.780s]       |             [01;31m[K^~~~~~[m[K
[2.781s] [01m[K/home/bilal/trail_tracer/src/biy1_ros360_cpp/src/polishedCode.cpp:[m[K In member function â€˜[01m[Kvoid TrailTracer::open_gps_file()[m[Kâ€™:
[2.781s] [01m[K/home/bilal/trail_tracer/src/biy1_ros360_cpp/src/polishedCode.cpp:472:17:[m[K [01;31m[Kerror: [m[Kâ€˜[01m[Klogger[m[Kâ€™ was not declared in this scope
[2.781s]   472 |                 [01;31m[Klogger[m[K("[trail_tracer] [ERROR] Failed to parse line in file (trail_tracer function: void open_gps_file())");
[2.781s]       |                 [01;31m[K^~~~~~[m[K
[2.783s] [01m[K/home/bilal/trail_tracer/src/biy1_ros360_cpp/src/polishedCode.cpp:328:13:[m[K [01;31m[Kerror: [m[Kâ€˜[01m[Klogger[m[Kâ€™ was not declared in this scope
[2.783s]   328 |             [01;31m[Klogger[m[K("[Controll_server] [WARN] Client requested to stop goal");
[2.783s]       |             [01;31m[K^~~~~~[m[K
[2.784s] [01m[K/home/bilal/trail_tracer/src/biy1_ros360_cpp/src/polishedCode.cpp:476:13:[m[K [01;31m[Kerror: [m[Kâ€˜[01m[Klogger[m[Kâ€™ was not declared in this scope
[2.784s]   476 |             [01;31m[Klogger[m[K("[trail_tracer] [WARN] Failed to open file, trail name is empty");
[2.784s]       |             [01;31m[K^~~~~~[m[K
[2.787s] [01m[K/home/bilal/trail_tracer/src/biy1_ros360_cpp/src/polishedCode.cpp:332:13:[m[K [01;31m[Kerror: [m[Kâ€˜[01m[Klogger[m[Kâ€™ was not declared in this scope
[2.787s]   332 |             [01;31m[Klogger[m[K("[local_costmap.local_costmap] [INFO]: Received request to clear entirely the local_costmap");
[2.787s]       |             [01;31m[K^~~~~~[m[K
[2.788s] [01m[K/home/bilal/trail_tracer/src/biy1_ros360_cpp/src/polishedCode.cpp:[m[K In member function â€˜[01m[Kvoid TrailTracer::publish_file_name()[m[Kâ€™:
[2.788s] [01m[K/home/bilal/trail_tracer/src/biy1_ros360_cpp/src/polishedCode.cpp:502:21:[m[K [01;31m[Kerror: [m[Kâ€˜[01m[Klogger[m[Kâ€™ was not declared in this scope
[2.788s]   502 |                     [01;31m[Klogger[m[K("[trail_tracer] [WARN] No files found in directory");
[2.788s]       |                     [01;31m[K^~~~~~[m[K
[2.791s] [01m[K/home/bilal/trail_tracer/src/biy1_ros360_cpp/src/polishedCode.cpp:336:13:[m[K [01;31m[Kerror: [m[Kâ€˜[01m[Klogger[m[Kâ€™ was not declared in this scope
[2.791s]   336 |             [01;31m[Klogger[m[K("[planner_server [WARN]: The goal sent to the planner is off the global costmap. Planning will always fail to this goal.");
[2.791s]       |             [01;31m[K^~~~~~[m[K
[2.791s] [01m[K/home/bilal/trail_tracer/src/biy1_ros360_cpp/src/polishedCode.cpp:506:13:[m[K [01;31m[Kerror: [m[Kâ€˜[01m[Klogger[m[Kâ€™ was not declared in this scope
[2.791s]   506 |             [01;31m[Klogger[m[K("[trail_tracer] [WARN] Directory does not exist");
[2.791s]       |             [01;31m[K^~~~~~[m[K
[2.797s] [01m[K/home/bilal/trail_tracer/src/biy1_ros360_cpp/src/polishedCode.cpp:[m[K In member function â€˜[01m[Kvoid TrailTracer::file_loader_callback(std_msgs::msg::String_<std::allocator<void> >::SharedPtr)[m[Kâ€™:
[2.797s] [01m[K/home/bilal/trail_tracer/src/biy1_ros360_cpp/src/polishedCode.cpp:354:13:[m[K [01;31m[Kerror: [m[Kâ€˜[01m[Klogger[m[Kâ€™ was not declared in this scope
[2.797s]   354 |             [01;31m[Klogger[m[K("[trail_tracer] [ERROR] Failed to open file");
[2.797s]       |             [01;31m[K^~~~~~[m[K
[2.801s] [01m[K/home/bilal/trail_tracer/src/biy1_ros360_cpp/src/polishedCode.cpp:382:17:[m[K [01;31m[Kerror: [m[Kâ€˜[01m[Klogger[m[Kâ€™ was not declared in this scope
[2.802s]   382 |                 [01;31m[Klogger[m[K("[trail_tracer] [ERROR] Failed to parse line in file");
[2.802s]       |                 [01;31m[K^~~~~~[m[K
[2.810s] [01m[K/home/bilal/trail_tracer/src/biy1_ros360_cpp/src/polishedCode.cpp:[m[K In member function â€˜[01m[Kvoid TrailTracer::open_gps_file()[m[Kâ€™:
[2.810s] [01m[K/home/bilal/trail_tracer/src/biy1_ros360_cpp/src/polishedCode.cpp:472:17:[m[K [01;31m[Kerror: [m[Kâ€˜[01m[Klogger[m[Kâ€™ was not declared in this scope
[2.810s]   472 |                 [01;31m[Klogger[m[K("[trail_tracer] [ERROR] Failed to parse line in file (trail_tracer function: void open_gps_file())");
[2.810s]       |                 [01;31m[K^~~~~~[m[K
[2.813s] [01m[K/home/bilal/trail_tracer/src/biy1_ros360_cpp/src/polishedCode.cpp:476:13:[m[K [01;31m[Kerror: [m[Kâ€˜[01m[Klogger[m[Kâ€™ was not declared in this scope
[2.813s]   476 |             [01;31m[Klogger[m[K("[trail_tracer] [WARN] Failed to open file, trail name is empty");
[2.814s]       |             [01;31m[K^~~~~~[m[K
[2.818s] [01m[K/home/bilal/trail_tracer/src/biy1_ros360_cpp/src/polishedCode.cpp:[m[K In member function â€˜[01m[Kvoid TrailTracer::publish_file_name()[m[Kâ€™:
[2.818s] [01m[K/home/bilal/trail_tracer/src/biy1_ros360_cpp/src/polishedCode.cpp:502:21:[m[K [01;31m[Kerror: [m[Kâ€˜[01m[Klogger[m[Kâ€™ was not declared in this scope
[2.818s]   502 |                     [01;31m[Klogger[m[K("[trail_tracer] [WARN] No files found in directory");
[2.818s]       |                     [01;31m[K^~~~~~[m[K
[2.821s] [01m[K/home/bilal/trail_tracer/src/biy1_ros360_cpp/src/polishedCode.cpp:506:13:[m[K [01;31m[Kerror: [m[Kâ€˜[01m[Klogger[m[Kâ€™ was not declared in this scope
[2.821s]   506 |             [01;31m[Klogger[m[K("[trail_tracer] [WARN] Directory does not exist");
[2.821s]       |             [01;31m[K^~~~~~[m[K
[10.513s] gmake[2]: *** [CMakeFiles/polishedCode.dir/build.make:76: CMakeFiles/polishedCode.dir/src/polishedCode.cpp.o] Error 1
[10.513s] gmake[1]: *** [CMakeFiles/Makefile2:391: CMakeFiles/polishedCode.dir/all] Error 2
[10.514s] gmake[1]: *** Waiting for unfinished jobs....
[10.611s] gmake[2]: *** [CMakeFiles/sparse.dir/build.make:76: CMakeFiles/sparse.dir/src/polishedCode.cpp.o] Error 1
[10.611s] gmake[1]: *** [CMakeFiles/Makefile2:417: CMakeFiles/sparse.dir/all] Error 2
[10.611s] gmake: *** [Makefile:146: all] Error 2
[10.613s] Invoked command in '/home/bilal/trail_tracer/build/biy1_ros360_cpp' returned '2': CMAKE_PREFIX_PATH=${CMAKE_PREFIX_PATH}:/home/bilal/trail_tracer/install/web_gui:/home/bilal/learn_ros2_ws/install/web_gui:/home/bilal/learn_ros2_ws/install/nav2_simple_commander:/home/bilal/ros2_ws/install/web_gui:/home/bilal/ros2_ws/install/opencv_tools:/home/bilal/ros2_ws/install/biy1_ros360_py:/opt/ros/humble /usr/bin/cmake --build /home/bilal/trail_tracer/build/biy1_ros360_cpp -- -j12 -l12
