[35m[1mConsolidate compiler generated dependencies of target polishedCode[0m
[35m[1mConsolidate compiler generated dependencies of target sparse[0m
[  9%] Built target helloWorld
[ 18%] Built target examplePublisher
[ 22%] [32mBuilding CXX object CMakeFiles/testCode.dir/src/testCode.cpp.o[0m
[ 31%] Built target exampleSubscriber
[ 40%] Built target nav2
[ 50%] Built target waypoint_navigator
[ 59%] Built target follower
[ 68%] Built target code_test
[ 77%] Built target trail_tracer
[ 86%] Built target polishedCode
[ 95%] Built target sparse
[01m[K/home/bilal/trail_tracer/src/biy1_ros360_cpp/src/testCode.cpp:[m[K In member function â€˜[01m[Kstd::vector<std::tuple<float, float, float, float, float, float> > TestCode::rdp(const std::vector<std::tuple<float, float, float, float, float, float> >&, float)[m[Kâ€™:
[01m[K/home/bilal/trail_tracer/src/biy1_ros360_cpp/src/testCode.cpp:149:27:[m[K [01;35m[Kwarning: [m[Kcomparison of integer expressions of different signedness: â€˜[01m[Kint[m[Kâ€™ and â€˜[01m[Kstd::vector<std::tuple<float, float, float, float, float, float> >::size_type[m[Kâ€™ {aka â€˜[01m[Klong unsigned int[m[Kâ€™} [[01;35m[K]8;;https://gcc.gnu.org/onlinedocs/gcc/Warning-Options.html#index-Wsign-compare-Wsign-compare]8;;[m[K]
  149 |         for (int i = 1; [01;35m[Ki < points.size() - 1[m[K; i++) {
      |                         [01;35m[K~~^~~~~~~~~~~~~~~~~~~[m[K
[100%] [32m[1mLinking CXX executable testCode[0m
/usr/bin/ld: CMakeFiles/testCode.dir/src/testCode.cpp.o: in function `GeographicLib::UTMUPS::Forward(double, double, int&, bool&, double&, double&, int, bool)':
testCode.cpp:(.text._ZN13GeographicLib6UTMUPS7ForwardEddRiRbRdS3_ib[_ZN13GeographicLib6UTMUPS7ForwardEddRiRbRdS3_ib]+0x7a): undefined reference to `GeographicLib::UTMUPS::Forward(double, double, int&, bool&, double&, double&, double&, double&, int, bool)'
collect2: error: ld returned 1 exit status
gmake[2]: *** [CMakeFiles/testCode.dir/build.make:175: testCode] Error 1
gmake[1]: *** [CMakeFiles/Makefile2:235: CMakeFiles/testCode.dir/all] Error 2
gmake: *** [Makefile:146: all] Error 2
