[0.042s] Invoking command in '/home/bilal/trail_tracer/build/biy1_ros360_cpp': CMAKE_PREFIX_PATH=${CMAKE_PREFIX_PATH}:/home/bilal/trail_tracer/install/web_gui:/home/bilal/learn_ros2_ws/install/web_gui:/home/bilal/learn_ros2_ws/install/nav2_simple_commander:/home/bilal/ros2_ws/install/web_gui:/home/bilal/ros2_ws/install/opencv_tools:/home/bilal/ros2_ws/install/biy1_ros360_py:/opt/ros/humble /usr/bin/cmake --build /home/bilal/trail_tracer/build/biy1_ros360_cpp -- -j12 -l12
[0.129s] [35m[1mConsolidate compiler generated dependencies of target polishedCode[0m
[0.135s] [35m[1mConsolidate compiler generated dependencies of target sparse[0m
[0.140s] [  9%] Built target helloWorld
[0.145s] [ 18%] Built target examplePublisher
[0.146s] [ 22%] [32mBuilding CXX object CMakeFiles/testCode.dir/src/testCode.cpp.o[0m
[0.146s] [ 31%] Built target exampleSubscriber
[0.150s] [ 40%] Built target nav2
[0.151s] [ 50%] Built target waypoint_navigator
[0.154s] [ 59%] Built target follower
[0.155s] [ 68%] Built target code_test
[0.160s] [ 77%] Built target trail_tracer
[0.165s] [ 86%] Built target polishedCode
[0.169s] [ 95%] Built target sparse
[1.902s] [01m[K/home/bilal/trail_tracer/src/biy1_ros360_cpp/src/testCode.cpp:[m[K In member function â€˜[01m[Kstd::vector<std::tuple<float, float, float, float, float, float> > TestCode::rdp(const std::vector<std::tuple<float, float, float, float, float, float> >&, float)[m[Kâ€™:
[1.902s] [01m[K/home/bilal/trail_tracer/src/biy1_ros360_cpp/src/testCode.cpp:149:27:[m[K [01;35m[Kwarning: [m[Kcomparison of integer expressions of different signedness: â€˜[01m[Kint[m[Kâ€™ and â€˜[01m[Kstd::vector<std::tuple<float, float, float, float, float, float> >::size_type[m[Kâ€™ {aka â€˜[01m[Klong unsigned int[m[Kâ€™} [[01;35m[K]8;;https://gcc.gnu.org/onlinedocs/gcc/Warning-Options.html#index-Wsign-compare-Wsign-compare]8;;[m[K]
[1.902s]   149 |         for (int i = 1; [01;35m[Ki < points.size() - 1[m[K; i++) {
[1.902s]       |                         [01;35m[K~~^~~~~~~~~~~~~~~~~~~[m[K
[12.694s] [100%] [32m[1mLinking CXX executable testCode[0m
[13.188s] /usr/bin/ld: CMakeFiles/testCode.dir/src/testCode.cpp.o: in function `GeographicLib::UTMUPS::Forward(double, double, int&, bool&, double&, double&, int, bool)':
[13.188s] testCode.cpp:(.text._ZN13GeographicLib6UTMUPS7ForwardEddRiRbRdS3_ib[_ZN13GeographicLib6UTMUPS7ForwardEddRiRbRdS3_ib]+0x7a): undefined reference to `GeographicLib::UTMUPS::Forward(double, double, int&, bool&, double&, double&, double&, double&, int, bool)'
[13.267s] collect2: error: ld returned 1 exit status
[13.269s] gmake[2]: *** [CMakeFiles/testCode.dir/build.make:175: testCode] Error 1
[13.269s] gmake[1]: *** [CMakeFiles/Makefile2:235: CMakeFiles/testCode.dir/all] Error 2
[13.269s] gmake: *** [Makefile:146: all] Error 2
[13.271s] Invoked command in '/home/bilal/trail_tracer/build/biy1_ros360_cpp' returned '2': CMAKE_PREFIX_PATH=${CMAKE_PREFIX_PATH}:/home/bilal/trail_tracer/install/web_gui:/home/bilal/learn_ros2_ws/install/web_gui:/home/bilal/learn_ros2_ws/install/nav2_simple_commander:/home/bilal/ros2_ws/install/web_gui:/home/bilal/ros2_ws/install/opencv_tools:/home/bilal/ros2_ws/install/biy1_ros360_py:/opt/ros/humble /usr/bin/cmake --build /home/bilal/trail_tracer/build/biy1_ros360_cpp -- -j12 -l12
