[01m[K/home/bilal/trail_tracer/src/biy1_ros360_cpp/src/helloWorld.cpp:153:6:[m[K [01;31m[Kerror: [m[Kexpected â€˜[01m[K}[m[Kâ€™ at end of input
  153 |     }
      |      [01;31m[K^[m[K
[01m[K/home/bilal/trail_tracer/src/biy1_ros360_cpp/src/helloWorld.cpp:30:38:[m[K [01;36m[Knote: [m[Kto match this â€˜[01m[K{[m[Kâ€™
   30 | class TestCode : public rclcpp::Node [01;36m[K{[m[K
      |                                      [01;36m[K^[m[K
[01m[K/home/bilal/trail_tracer/src/biy1_ros360_cpp/src/helloWorld.cpp:[m[K In constructor â€˜[01m[KTestCode::TestCode()[m[Kâ€™:
[01m[K/home/bilal/trail_tracer/src/biy1_ros360_cpp/src/helloWorld.cpp:33:39:[m[K [01;31m[Kerror: [m[Kclass â€˜[01m[KTestCode[m[Kâ€™ does not have any field named â€˜[01m[Kis_moving_[m[Kâ€™
   33 |     : Node("robot_movement_control"), [01;31m[Kis_moving_[m[K(false), is_turning_(false), current_easting_(0.0), current_northing_(0.0) {
      |                                       [01;31m[K^~~~~~~~~~[m[K
[01m[K/home/bilal/trail_tracer/src/biy1_ros360_cpp/src/helloWorld.cpp:33:58:[m[K [01;31m[Kerror: [m[Kclass â€˜[01m[KTestCode[m[Kâ€™ does not have any field named â€˜[01m[Kis_turning_[m[Kâ€™
   33 |     : Node("robot_movement_control"), is_moving_(false), [01;31m[Kis_turning_[m[K(false), current_easting_(0.0), current_northing_(0.0) {
      |                                                          [01;31m[K^~~~~~~~~~~[m[K
[01m[K/home/bilal/trail_tracer/src/biy1_ros360_cpp/src/helloWorld.cpp:33:78:[m[K [01;31m[Kerror: [m[Kclass â€˜[01m[KTestCode[m[Kâ€™ does not have any field named â€˜[01m[Kcurrent_easting_[m[Kâ€™
   33 | _movement_control"), is_moving_(false), is_turning_(false), [01;31m[Kcurrent_easting_[m[K(0.0), current_northing_(0.0) {
      |                                                             [01;31m[K^~~~~~~~~~~~~~~~[m[K

[01m[K/home/bilal/trail_tracer/src/biy1_ros360_cpp/src/helloWorld.cpp:33:101:[m[K [01;31m[Kerror: [m[Kclass â€˜[01m[KTestCode[m[Kâ€™ does not have any field named â€˜[01m[Kcurrent_northing_[m[Kâ€™
   33 | _moving_(false), is_turning_(false), current_easting_(0.0), [01;31m[Kcurrent_northing_[m[K(0.0) {
      |                                                             [01;31m[K^~~~~~~~~~~~~~~~~[m[K

[01m[K/home/bilal/trail_tracer/src/biy1_ros360_cpp/src/helloWorld.cpp:34:9:[m[K [01;31m[Kerror: [m[Kâ€˜[01m[Kpublisher_[m[Kâ€™ was not declared in this scope; did you mean â€˜[01m[Krmw_publisher_t[m[Kâ€™?
   34 |         [01;31m[Kpublisher_[m[K = this->create_publisher<geometry_msgs::msg::Twist>("/cmd_vel", 10);
      |         [01;31m[K^~~~~~~~~~[m[K
      |         [32m[Krmw_publisher_t[m[K
[01m[K/home/bilal/trail_tracer/src/biy1_ros360_cpp/src/helloWorld.cpp:35:9:[m[K [01;31m[Kerror: [m[Kâ€˜[01m[Kfile_names_publisher_[m[Kâ€™ was not declared in this scope
   35 |         [01;31m[Kfile_names_publisher_[m[K = this->create_publisher<std_msgs::msg::String>("/trail_files", 10);
      |         [01;31m[K^~~~~~~~~~~~~~~~~~~~~[m[K
[01m[K/home/bilal/trail_tracer/src/biy1_ros360_cpp/src/helloWorld.cpp:36:9:[m[K [01;31m[Kerror: [m[Kâ€˜[01m[Kgoal_pose_publisher_[m[Kâ€™ was not declared in this scope
   36 |         [01;31m[Kgoal_pose_publisher_[m[K= this->create_publisher<geometry_msgs::msg::PoseStamped>("/goal_pose", 10);
      |         [01;31m[K^~~~~~~~~~~~~~~~~~~~[m[K
[01m[K/home/bilal/trail_tracer/src/biy1_ros360_cpp/src/helloWorld.cpp:38:9:[m[K [01;31m[Kerror: [m[Kâ€˜[01m[Kweb_message_subscription_[m[Kâ€™ was not declared in this scope; did you mean â€˜[01m[Kcreate_subscription[m[Kâ€™?
   38 |         [01;31m[Kweb_message_subscription_[m[K = this->create_subscription<std_msgs::msg::String>(
      |         [01;31m[K^~~~~~~~~~~~~~~~~~~~~~~~~[m[K
      |         [32m[Kcreate_subscription[m[K
[01m[K/home/bilal/trail_tracer/src/biy1_ros360_cpp/src/helloWorld.cpp:42:9:[m[K [01;31m[Kerror: [m[Kâ€˜[01m[Ktrail_name_subscription_[m[Kâ€™ was not declared in this scope; did you mean â€˜[01m[Kcreate_subscription[m[Kâ€™?
   42 |         [01;31m[Ktrail_name_subscription_[m[K = this->create_subscription<std_msgs::msg::String>(
      |         [01;31m[K^~~~~~~~~~~~~~~~~~~~~~~~[m[K
      |         [32m[Kcreate_subscription[m[K
[01m[K/home/bilal/trail_tracer/src/biy1_ros360_cpp/src/helloWorld.cpp:46:9:[m[K [01;31m[Kerror: [m[Kâ€˜[01m[Kjoystick_subscription_[m[Kâ€™ was not declared in this scope; did you mean â€˜[01m[Kcreate_subscription[m[Kâ€™?
   46 |         [01;31m[Kjoystick_subscription_[m[K = this->create_subscription<geometry_msgs::msg::Twist>(
      |         [01;31m[K^~~~~~~~~~~~~~~~~~~~~~[m[K
      |         [32m[Kcreate_subscription[m[K
[01m[K/home/bilal/trail_tracer/src/biy1_ros360_cpp/src/helloWorld.cpp:50:9:[m[K [01;31m[Kerror: [m[Kâ€˜[01m[Kgps_fix_subscription_[m[Kâ€™ was not declared in this scope
   50 |         [01;31m[Kgps_fix_subscription_[m[K = this->create_subscription<sensor_msgs::msg::NavSatFix>(
      |         [01;31m[K^~~~~~~~~~~~~~~~~~~~~[m[K
[01m[K/home/bilal/trail_tracer/src/biy1_ros360_cpp/src/helloWorld.cpp:54:9:[m[K [01;31m[Kerror: [m[Kâ€˜[01m[Kimu_data_subscription_[m[Kâ€™ was not declared in this scope; did you mean â€˜[01m[Kcreate_subscription[m[Kâ€™?
   54 |         [01;31m[Kimu_data_subscription_[m[K = this->create_subscription<sensor_msgs::msg::Imu>(
      |         [01;31m[K^~~~~~~~~~~~~~~~~~~~~~[m[K
      |         [32m[Kcreate_subscription[m[K
[01m[K/home/bilal/trail_tracer/src/biy1_ros360_cpp/src/helloWorld.cpp:58:9:[m[K [01;31m[Kerror: [m[Kâ€˜[01m[Kload_file_subscription_[m[Kâ€™ was not declared in this scope
   58 |         [01;31m[Kload_file_subscription_[m[K = this->create_subscription<std_msgs::msg::String>(
      |         [01;31m[K^~~~~~~~~~~~~~~~~~~~~~~[m[K
[01m[K/home/bilal/trail_tracer/src/biy1_ros360_cpp/src/helloWorld.cpp:60:34:[m[K [01;31m[Kerror: [m[Kâ€˜[01m[Kfile_loader_callback[m[Kâ€™ is not a member of â€˜[01m[KTestCode[m[Kâ€™
   60 |             std::bind(&TestCode::[01;31m[Kfile_loader_callback[m[K, this, std::placeholders::_1));
      |                                  [01;31m[K^~~~~~~~~~~~~~~~~~~~[m[K
[01m[K/home/bilal/trail_tracer/src/biy1_ros360_cpp/src/helloWorld.cpp:62:9:[m[K [01;31m[Kerror: [m[Kâ€˜[01m[Kgps_to_utm_subscription_[m[Kâ€™ was not declared in this scope
   62 |         [01;31m[Kgps_to_utm_subscription_[m[K = this->create_subscription<geometry_msgs::msg::PoseStamped>(
      |         [01;31m[K^~~~~~~~~~~~~~~~~~~~~~~~[m[K
[01m[K/home/bilal/trail_tracer/src/biy1_ros360_cpp/src/helloWorld.cpp:66:9:[m[K [01;31m[Kerror: [m[Kâ€˜[01m[Ktimer_update_movement_[m[Kâ€™ was not declared in this scope; did you mean â€˜[01m[Kupdate_movement[m[Kâ€™?
   66 |         [01;31m[Ktimer_update_movement_[m[K = this->create_wall_timer(
      |         [01;31m[K^~~~~~~~~~~~~~~~~~~~~~[m[K
      |         [32m[Kupdate_movement[m[K
[01m[K/home/bilal/trail_tracer/src/biy1_ros360_cpp/src/helloWorld.cpp:68:9:[m[K [01;31m[Kerror: [m[Kâ€˜[01m[Ktimer_publish_file_names_[m[Kâ€™ was not declared in this scope
   68 |         [01;31m[Ktimer_publish_file_names_[m[K = this->create_wall_timer(
      |         [01;31m[K^~~~~~~~~~~~~~~~~~~~~~~~~[m[K
[01m[K/home/bilal/trail_tracer/src/biy1_ros360_cpp/src/helloWorld.cpp:69:38:[m[K [01;31m[Kerror: [m[Kâ€˜[01m[Kpublish_file_name[m[Kâ€™ is not a member of â€˜[01m[KTestCode[m[Kâ€™
   69 |             2s, std::bind(&TestCode::[01;31m[Kpublish_file_name[m[K, this));
      |                                      [01;31m[K^~~~~~~~~~~~~~~~~[m[K
[01m[K/home/bilal/trail_tracer/src/biy1_ros360_cpp/src/helloWorld.cpp:71:9:[m[K [01;31m[Kerror: [m[Kâ€˜[01m[Kwaypoints_[m[Kâ€™ was not declared in this scope
   71 |         [01;31m[Kwaypoints_[m[K = std::vector<std::pair<float,float>>();
      |         [01;31m[K^~~~~~~~~~[m[K
[01m[K/home/bilal/trail_tracer/src/biy1_ros360_cpp/src/helloWorld.cpp:72:9:[m[K [01;31m[Kerror: [m[Kâ€˜[01m[Kutm_coords[m[Kâ€™ was not declared in this scope
   72 |         [01;31m[Kutm_coords[m[K = std::vector<std::tuple<int,bool, double, double>>();
      |         [01;31m[K^~~~~~~~~~[m[K
[01m[K/home/bilal/trail_tracer/src/biy1_ros360_cpp/src/helloWorld.cpp:[m[K In destructor â€˜[01m[Kvirtual TestCode::~TestCode()[m[Kâ€™:
[01m[K/home/bilal/trail_tracer/src/biy1_ros360_cpp/src/helloWorld.cpp:77:12:[m[K [01;31m[Kerror: [m[Kâ€˜[01m[Kgps_file_[m[Kâ€™ was not declared in this scope
   77 |         if([01;31m[Kgps_file_[m[K.is_open()){
      |            [01;31m[K^~~~~~~~~[m[K
[01m[K/home/bilal/trail_tracer/src/biy1_ros360_cpp/src/helloWorld.cpp:[m[K In member function â€˜[01m[Kvoid TestCode::web_messages_callback(std_msgs::msg::String_<std::allocator<void> >::SharedPtr)[m[Kâ€™:
[01m[K/home/bilal/trail_tracer/src/biy1_ros360_cpp/src/helloWorld.cpp:85:13:[m[K [01;31m[Kerror: [m[Kâ€˜[01m[Kis_moving_[m[Kâ€™ was not declared in this scope
   85 |             [01;31m[Kis_moving_[m[K = true;
      |             [01;31m[K^~~~~~~~~~[m[K
[01m[K/home/bilal/trail_tracer/src/biy1_ros360_cpp/src/helloWorld.cpp:88:13:[m[K [01;31m[Kerror: [m[Kâ€˜[01m[Kis_moving_[m[Kâ€™ was not declared in this scope
   88 |             [01;31m[Kis_moving_[m[K = true;
      |             [01;31m[K^~~~~~~~~~[m[K
[01m[K/home/bilal/trail_tracer/src/biy1_ros360_cpp/src/helloWorld.cpp:90:13:[m[K [01;31m[Kerror: [m[Kâ€˜[01m[Kis_moving_[m[Kâ€™ was not declared in this scope
   90 |             [01;31m[Kis_moving_[m[K = false;
      |             [01;31m[K^~~~~~~~~~[m[K
[01m[K/home/bilal/trail_tracer/src/biy1_ros360_cpp/src/helloWorld.cpp:91:16:[m[K [01;31m[Kerror: [m[Kâ€˜[01m[Kgps_file_[m[Kâ€™ was not declared in this scope
   91 |             if([01;31m[Kgps_file_[m[K.is_open()){
      |                [01;31m[K^~~~~~~~~[m[K
[01m[K/home/bilal/trail_tracer/src/biy1_ros360_cpp/src/helloWorld.cpp:[m[K In member function â€˜[01m[Kvoid TestCode::trail_name_callback(std_msgs::msg::String_<std::allocator<void> >::SharedPtr)[m[Kâ€™:
[01m[K/home/bilal/trail_tracer/src/biy1_ros360_cpp/src/helloWorld.cpp:99:9:[m[K [01;31m[Kerror: [m[Kâ€˜[01m[Ktrail_name_[m[Kâ€™ was not declared in this scope
   99 |         [01;31m[Ktrail_name_[m[K = msg->data;
      |         [01;31m[K^~~~~~~~~~~[m[K
[01m[K/home/bilal/trail_tracer/src/biy1_ros360_cpp/src/helloWorld.cpp:101:13:[m[K [01;31m[Kerror: [m[Kâ€˜[01m[Kis_moving_[m[Kâ€™ was not declared in this scope
  101 |         if ([01;31m[Kis_moving_[m[K) {
      |             [01;31m[K^~~~~~~~~~[m[K
[01m[K/home/bilal/trail_tracer/src/biy1_ros360_cpp/src/helloWorld.cpp:[m[K In member function â€˜[01m[Kvoid TestCode::gps_fix_callback(sensor_msgs::msg::NavSatFix_<std::allocator<void> >::SharedPtr)[m[Kâ€™:
[01m[K/home/bilal/trail_tracer/src/biy1_ros360_cpp/src/helloWorld.cpp:107:12:[m[K [01;31m[Kerror: [m[Kâ€˜[01m[Kis_moving_[m[Kâ€™ was not declared in this scope
  107 |         if([01;31m[Kis_moving_[m[K && gps_file_.is_open() && is_turning_){
      |            [01;31m[K^~~~~~~~~~[m[K
[01m[K/home/bilal/trail_tracer/src/biy1_ros360_cpp/src/helloWorld.cpp:107:26:[m[K [01;31m[Kerror: [m[Kâ€˜[01m[Kgps_file_[m[Kâ€™ was not declared in this scope
  107 |         if(is_moving_ && [01;31m[Kgps_file_[m[K.is_open() && is_turning_){
      |                          [01;31m[K^~~~~~~~~[m[K
[01m[K/home/bilal/trail_tracer/src/biy1_ros360_cpp/src/helloWorld.cpp:107:49:[m[K [01;31m[Kerror: [m[Kâ€˜[01m[Kis_turning_[m[Kâ€™ was not declared in this scope
  107 |         if(is_moving_ && gps_file_.is_open() && [01;31m[Kis_turning_[m[K){
      |                                                 [01;31m[K^~~~~~~~~~~[m[K
[01m[K/home/bilal/trail_tracer/src/biy1_ros360_cpp/src/helloWorld.cpp:[m[K In member function â€˜[01m[Kvoid TestCode::manual_control(geometry_msgs::msg::Twist_<std::allocator<void> >::SharedPtr)[m[Kâ€™:
[01m[K/home/bilal/trail_tracer/src/biy1_ros360_cpp/src/helloWorld.cpp:115:9:[m[K [01;31m[Kerror: [m[Kâ€˜[01m[Klast_received_cmd_[m[Kâ€™ was not declared in this scope
  115 |         [01;31m[Klast_received_cmd_[m[K = msg;
      |         [01;31m[K^~~~~~~~~~~~~~~~~~[m[K
[01m[K/home/bilal/trail_tracer/src/biy1_ros360_cpp/src/helloWorld.cpp:[m[K In member function â€˜[01m[Kvoid TestCode::utm_data_callback(geometry_msgs::msg::PoseStamped_<std::allocator<void> >::SharedPtr)[m[Kâ€™:
[01m[K/home/bilal/trail_tracer/src/biy1_ros360_cpp/src/helloWorld.cpp:119:9:[m[K [01;31m[Kerror: [m[Kâ€˜[01m[Kcurrent_easting_[m[Kâ€™ was not declared in this scope
  119 |         [01;31m[Kcurrent_easting_[m[K = msg->pose.position.x;
      |         [01;31m[K^~~~~~~~~~~~~~~~[m[K
[01m[K/home/bilal/trail_tracer/src/biy1_ros360_cpp/src/helloWorld.cpp:120:9:[m[K [01;31m[Kerror: [m[Kâ€˜[01m[Kcurrent_northing_[m[Kâ€™ was not declared in this scope
  120 |         [01;31m[Kcurrent_northing_[m[K = msg->pose.position.y;
      |         [01;31m[K^~~~~~~~~~~~~~~~~[m[K
[01m[K/home/bilal/trail_tracer/src/biy1_ros360_cpp/src/helloWorld.cpp:[m[K In member function â€˜[01m[Kvoid TestCode::update_movement()[m[Kâ€™:
[01m[K/home/bilal/trail_tracer/src/biy1_ros360_cpp/src/helloWorld.cpp:125:13:[m[K [01;31m[Kerror: [m[Kâ€˜[01m[Kis_moving_[m[Kâ€™ was not declared in this scope
  125 |         if ([01;31m[Kis_moving_[m[K && last_received_cmd_) {
      |             [01;31m[K^~~~~~~~~~[m[K
[01m[K/home/bilal/trail_tracer/src/biy1_ros360_cpp/src/helloWorld.cpp:125:27:[m[K [01;31m[Kerror: [m[Kâ€˜[01m[Klast_received_cmd_[m[Kâ€™ was not declared in this scope
  125 |         if (is_moving_ && [01;31m[Klast_received_cmd_[m[K) {
      |                           [01;31m[K^~~~~~~~~~~~~~~~~~[m[K
[01m[K/home/bilal/trail_tracer/src/biy1_ros360_cpp/src/helloWorld.cpp:126:13:[m[K [01;31m[Kerror: [m[Kâ€˜[01m[Kpublisher_[m[Kâ€™ was not declared in this scope; did you mean â€˜[01m[Krmw_publisher_t[m[Kâ€™?
  126 |             [01;31m[Kpublisher_[m[K->publish(*last_received_cmd_);
      |             [01;31m[K^~~~~~~~~~[m[K
      |             [32m[Krmw_publisher_t[m[K
[01m[K/home/bilal/trail_tracer/src/biy1_ros360_cpp/src/helloWorld.cpp:[m[K In member function â€˜[01m[Kvoid TestCode::imu_data_callback(sensor_msgs::msg::Imu_<std::allocator<void> >::SharedPtr)[m[Kâ€™:
[01m[K/home/bilal/trail_tracer/src/biy1_ros360_cpp/src/helloWorld.cpp:133:9:[m[K [01;31m[Kerror: [m[Kâ€˜[01m[Kis_turning_[m[Kâ€™ was not declared in this scope
  133 |         [01;31m[Kis_turning_[m[K = std::abs(msg->angular_velocity.z) > angular_velocity_z_threshold;
      |         [01;31m[K^~~~~~~~~~~[m[K
[01m[K/home/bilal/trail_tracer/src/biy1_ros360_cpp/src/helloWorld.cpp:[m[K In member function â€˜[01m[Kvoid TestCode::open_gps_file()[m[Kâ€™:
[01m[K/home/bilal/trail_tracer/src/biy1_ros360_cpp/src/helloWorld.cpp:141:14:[m[K [01;31m[Kerror: [m[Kâ€˜[01m[Ktrail_name_[m[Kâ€™ was not declared in this scope
  141 |         if (![01;31m[Ktrail_name_[m[K.empty()) {
      |              [01;31m[K^~~~~~~~~~~[m[K
[01m[K/home/bilal/trail_tracer/src/biy1_ros360_cpp/src/helloWorld.cpp:143:17:[m[K [01;31m[Kerror: [m[Kâ€˜[01m[Kgps_file_[m[Kâ€™ was not declared in this scope
  143 |             if ([01;31m[Kgps_file_[m[K.is_open()) {
      |                 [01;31m[K^~~~~~~~~[m[K
[01m[K/home/bilal/trail_tracer/src/biy1_ros360_cpp/src/helloWorld.cpp:146:13:[m[K [01;31m[Kerror: [m[Kâ€˜[01m[Kgps_file_[m[Kâ€™ was not declared in this scope
  146 |             [01;31m[Kgps_file_[m[K.open(file_path, std::ios::out); // Open new file
      |             [01;31m[K^~~~~~~~~[m[K
[01m[K/home/bilal/trail_tracer/src/biy1_ros360_cpp/src/helloWorld.cpp:[m[K At global scope:
[01m[K/home/bilal/trail_tracer/src/biy1_ros360_cpp/src/helloWorld.cpp:153:6:[m[K [01;31m[Kerror: [m[Kexpected unqualified-id at end of input
  153 |     }
      |      [01;31m[K^[m[K
gmake[2]: *** [CMakeFiles/helloWorld.dir/build.make:76: CMakeFiles/helloWorld.dir/src/helloWorld.cpp.o] Error 1
gmake[1]: *** [CMakeFiles/Makefile2:157: CMakeFiles/helloWorld.dir/all] Error 2
gmake: *** [Makefile:146: all] Error 2
