[0.040s] Invoking command in '/home/bilal/trail_tracer/build/biy1_ros360_cpp': CMAKE_PREFIX_PATH=${CMAKE_PREFIX_PATH}:/home/bilal/trail_tracer/install/web_gui:/home/bilal/learn_ros2_ws/install/web_gui:/home/bilal/learn_ros2_ws/install/nav2_simple_commander:/home/bilal/ros2_ws/install/web_gui:/home/bilal/ros2_ws/install/opencv_tools:/home/bilal/ros2_ws/install/biy1_ros360_py:/opt/ros/humble /usr/bin/cmake --build /home/bilal/trail_tracer/build/biy1_ros360_cpp -- -j12 -l12
[0.107s] [35m[1mConsolidate compiler generated dependencies of target testCode[0m
[0.107s] [35m[1mConsolidate compiler generated dependencies of target helloWorld[0m
[0.108s] [35m[1mConsolidate compiler generated dependencies of target exampleSubscriber[0m
[0.108s] [35m[1mConsolidate compiler generated dependencies of target examplePublisher[0m
[0.114s] [35m[1mConsolidate compiler generated dependencies of target nav2[0m
[0.118s] [35m[1mConsolidate compiler generated dependencies of target trail_tracer[0m
[0.120s] [35m[1mConsolidate compiler generated dependencies of target follower[0m
[0.124s] [35m[1mConsolidate compiler generated dependencies of target code_test[0m
[0.127s] [35m[1mConsolidate compiler generated dependencies of target waypoint_navigator[0m
[0.131s] [35m[1mConsolidate compiler generated dependencies of target sparse[0m
[0.134s] [35m[1mConsolidate compiler generated dependencies of target polishedCode[0m
[0.139s] [  4%] [32mBuilding CXX object CMakeFiles/helloWorld.dir/src/helloWorld.cpp.o[0m
[0.150s] [ 13%] Built target exampleSubscriber
[0.161s] [ 22%] Built target testCode
[0.165s] [ 40%] Built target trail_tracer
[0.165s] [ 31%] Built target examplePublisher
[0.165s] [ 50%] Built target follower
[0.165s] [ 59%] Built target nav2
[0.167s] [ 68%] Built target waypoint_navigator
[0.170s] [ 77%] Built target polishedCode
[0.171s] [ 86%] Built target sparse
[0.176s] [ 95%] Built target code_test
[1.790s] [01m[K/home/bilal/trail_tracer/src/biy1_ros360_cpp/src/helloWorld.cpp:153:6:[m[K [01;31m[Kerror: [m[Kexpected â€˜[01m[K}[m[Kâ€™ at end of input
[1.790s]   153 |     }
[1.790s]       |      [01;31m[K^[m[K
[1.790s] [01m[K/home/bilal/trail_tracer/src/biy1_ros360_cpp/src/helloWorld.cpp:30:38:[m[K [01;36m[Knote: [m[Kto match this â€˜[01m[K{[m[Kâ€™
[1.790s]    30 | class TestCode : public rclcpp::Node [01;36m[K{[m[K
[1.790s]       |                                      [01;36m[K^[m[K
[1.791s] [01m[K/home/bilal/trail_tracer/src/biy1_ros360_cpp/src/helloWorld.cpp:[m[K In constructor â€˜[01m[KTestCode::TestCode()[m[Kâ€™:
[1.791s] [01m[K/home/bilal/trail_tracer/src/biy1_ros360_cpp/src/helloWorld.cpp:33:39:[m[K [01;31m[Kerror: [m[Kclass â€˜[01m[KTestCode[m[Kâ€™ does not have any field named â€˜[01m[Kis_moving_[m[Kâ€™
[1.791s]    33 |     : Node("robot_movement_control"), [01;31m[Kis_moving_[m[K(false), is_turning_(false), current_easting_(0.0), current_northing_(0.0) {
[1.791s]       |                                       [01;31m[K^~~~~~~~~~[m[K
[1.791s] [01m[K/home/bilal/trail_tracer/src/biy1_ros360_cpp/src/helloWorld.cpp:33:58:[m[K [01;31m[Kerror: [m[Kclass â€˜[01m[KTestCode[m[Kâ€™ does not have any field named â€˜[01m[Kis_turning_[m[Kâ€™
[1.791s]    33 |     : Node("robot_movement_control"), is_moving_(false), [01;31m[Kis_turning_[m[K(false), current_easting_(0.0), current_northing_(0.0) {
[1.791s]       |                                                          [01;31m[K^~~~~~~~~~~[m[K
[1.791s] [01m[K/home/bilal/trail_tracer/src/biy1_ros360_cpp/src/helloWorld.cpp:33:78:[m[K [01;31m[Kerror: [m[Kclass â€˜[01m[KTestCode[m[Kâ€™ does not have any field named â€˜[01m[Kcurrent_easting_[m[Kâ€™
[1.791s]    33 | _movement_control"), is_moving_(false), is_turning_(false), [01;31m[Kcurrent_easting_[m[K(0.0), current_northing_(0.0) {
[1.791s]       |                                                             [01;31m[K^~~~~~~~~~~~~~~~[m[K
[1.791s] 
[1.791s] [01m[K/home/bilal/trail_tracer/src/biy1_ros360_cpp/src/helloWorld.cpp:33:101:[m[K [01;31m[Kerror: [m[Kclass â€˜[01m[KTestCode[m[Kâ€™ does not have any field named â€˜[01m[Kcurrent_northing_[m[Kâ€™
[1.791s]    33 | _moving_(false), is_turning_(false), current_easting_(0.0), [01;31m[Kcurrent_northing_[m[K(0.0) {
[1.791s]       |                                                             [01;31m[K^~~~~~~~~~~~~~~~~[m[K
[1.791s] 
[1.795s] [01m[K/home/bilal/trail_tracer/src/biy1_ros360_cpp/src/helloWorld.cpp:34:9:[m[K [01;31m[Kerror: [m[Kâ€˜[01m[Kpublisher_[m[Kâ€™ was not declared in this scope; did you mean â€˜[01m[Krmw_publisher_t[m[Kâ€™?
[1.795s]    34 |         [01;31m[Kpublisher_[m[K = this->create_publisher<geometry_msgs::msg::Twist>("/cmd_vel", 10);
[1.795s]       |         [01;31m[K^~~~~~~~~~[m[K
[1.795s]       |         [32m[Krmw_publisher_t[m[K
[1.803s] [01m[K/home/bilal/trail_tracer/src/biy1_ros360_cpp/src/helloWorld.cpp:35:9:[m[K [01;31m[Kerror: [m[Kâ€˜[01m[Kfile_names_publisher_[m[Kâ€™ was not declared in this scope
[1.803s]    35 |         [01;31m[Kfile_names_publisher_[m[K = this->create_publisher<std_msgs::msg::String>("/trail_files", 10);
[1.803s]       |         [01;31m[K^~~~~~~~~~~~~~~~~~~~~[m[K
[1.810s] [01m[K/home/bilal/trail_tracer/src/biy1_ros360_cpp/src/helloWorld.cpp:36:9:[m[K [01;31m[Kerror: [m[Kâ€˜[01m[Kgoal_pose_publisher_[m[Kâ€™ was not declared in this scope
[1.810s]    36 |         [01;31m[Kgoal_pose_publisher_[m[K= this->create_publisher<geometry_msgs::msg::PoseStamped>("/goal_pose", 10);
[1.810s]       |         [01;31m[K^~~~~~~~~~~~~~~~~~~~[m[K
[1.817s] [01m[K/home/bilal/trail_tracer/src/biy1_ros360_cpp/src/helloWorld.cpp:38:9:[m[K [01;31m[Kerror: [m[Kâ€˜[01m[Kweb_message_subscription_[m[Kâ€™ was not declared in this scope; did you mean â€˜[01m[Kcreate_subscription[m[Kâ€™?
[1.817s]    38 |         [01;31m[Kweb_message_subscription_[m[K = this->create_subscription<std_msgs::msg::String>(
[1.817s]       |         [01;31m[K^~~~~~~~~~~~~~~~~~~~~~~~~[m[K
[1.817s]       |         [32m[Kcreate_subscription[m[K
[1.851s] [01m[K/home/bilal/trail_tracer/src/biy1_ros360_cpp/src/helloWorld.cpp:42:9:[m[K [01;31m[Kerror: [m[Kâ€˜[01m[Ktrail_name_subscription_[m[Kâ€™ was not declared in this scope; did you mean â€˜[01m[Kcreate_subscription[m[Kâ€™?
[1.851s]    42 |         [01;31m[Ktrail_name_subscription_[m[K = this->create_subscription<std_msgs::msg::String>(
[1.851s]       |         [01;31m[K^~~~~~~~~~~~~~~~~~~~~~~~[m[K
[1.851s]       |         [32m[Kcreate_subscription[m[K
[1.856s] [01m[K/home/bilal/trail_tracer/src/biy1_ros360_cpp/src/helloWorld.cpp:46:9:[m[K [01;31m[Kerror: [m[Kâ€˜[01m[Kjoystick_subscription_[m[Kâ€™ was not declared in this scope; did you mean â€˜[01m[Kcreate_subscription[m[Kâ€™?
[1.856s]    46 |         [01;31m[Kjoystick_subscription_[m[K = this->create_subscription<geometry_msgs::msg::Twist>(
[1.856s]       |         [01;31m[K^~~~~~~~~~~~~~~~~~~~~~[m[K
[1.856s]       |         [32m[Kcreate_subscription[m[K
[1.887s] [01m[K/home/bilal/trail_tracer/src/biy1_ros360_cpp/src/helloWorld.cpp:50:9:[m[K [01;31m[Kerror: [m[Kâ€˜[01m[Kgps_fix_subscription_[m[Kâ€™ was not declared in this scope
[1.887s]    50 |         [01;31m[Kgps_fix_subscription_[m[K = this->create_subscription<sensor_msgs::msg::NavSatFix>(
[1.887s]       |         [01;31m[K^~~~~~~~~~~~~~~~~~~~~[m[K
[1.917s] [01m[K/home/bilal/trail_tracer/src/biy1_ros360_cpp/src/helloWorld.cpp:54:9:[m[K [01;31m[Kerror: [m[Kâ€˜[01m[Kimu_data_subscription_[m[Kâ€™ was not declared in this scope; did you mean â€˜[01m[Kcreate_subscription[m[Kâ€™?
[1.917s]    54 |         [01;31m[Kimu_data_subscription_[m[K = this->create_subscription<sensor_msgs::msg::Imu>(
[1.917s]       |         [01;31m[K^~~~~~~~~~~~~~~~~~~~~~[m[K
[1.918s]       |         [32m[Kcreate_subscription[m[K
[1.953s] [01m[K/home/bilal/trail_tracer/src/biy1_ros360_cpp/src/helloWorld.cpp:58:9:[m[K [01;31m[Kerror: [m[Kâ€˜[01m[Kload_file_subscription_[m[Kâ€™ was not declared in this scope
[1.953s]    58 |         [01;31m[Kload_file_subscription_[m[K = this->create_subscription<std_msgs::msg::String>(
[1.953s]       |         [01;31m[K^~~~~~~~~~~~~~~~~~~~~~~[m[K
[1.953s] [01m[K/home/bilal/trail_tracer/src/biy1_ros360_cpp/src/helloWorld.cpp:60:34:[m[K [01;31m[Kerror: [m[Kâ€˜[01m[Kfile_loader_callback[m[Kâ€™ is not a member of â€˜[01m[KTestCode[m[Kâ€™
[1.953s]    60 |             std::bind(&TestCode::[01;31m[Kfile_loader_callback[m[K, this, std::placeholders::_1));
[1.953s]       |                                  [01;31m[K^~~~~~~~~~~~~~~~~~~~[m[K
[1.959s] [01m[K/home/bilal/trail_tracer/src/biy1_ros360_cpp/src/helloWorld.cpp:62:9:[m[K [01;31m[Kerror: [m[Kâ€˜[01m[Kgps_to_utm_subscription_[m[Kâ€™ was not declared in this scope
[1.959s]    62 |         [01;31m[Kgps_to_utm_subscription_[m[K = this->create_subscription<geometry_msgs::msg::PoseStamped>(
[1.959s]       |         [01;31m[K^~~~~~~~~~~~~~~~~~~~~~~~[m[K
[1.991s] [01m[K/home/bilal/trail_tracer/src/biy1_ros360_cpp/src/helloWorld.cpp:66:9:[m[K [01;31m[Kerror: [m[Kâ€˜[01m[Ktimer_update_movement_[m[Kâ€™ was not declared in this scope; did you mean â€˜[01m[Kupdate_movement[m[Kâ€™?
[1.991s]    66 |         [01;31m[Ktimer_update_movement_[m[K = this->create_wall_timer(
[1.991s]       |         [01;31m[K^~~~~~~~~~~~~~~~~~~~~~[m[K
[1.991s]       |         [32m[Kupdate_movement[m[K
[2.003s] [01m[K/home/bilal/trail_tracer/src/biy1_ros360_cpp/src/helloWorld.cpp:68:9:[m[K [01;31m[Kerror: [m[Kâ€˜[01m[Ktimer_publish_file_names_[m[Kâ€™ was not declared in this scope
[2.003s]    68 |         [01;31m[Ktimer_publish_file_names_[m[K = this->create_wall_timer(
[2.003s]       |         [01;31m[K^~~~~~~~~~~~~~~~~~~~~~~~~[m[K
[2.003s] [01m[K/home/bilal/trail_tracer/src/biy1_ros360_cpp/src/helloWorld.cpp:69:38:[m[K [01;31m[Kerror: [m[Kâ€˜[01m[Kpublish_file_name[m[Kâ€™ is not a member of â€˜[01m[KTestCode[m[Kâ€™
[2.003s]    69 |             2s, std::bind(&TestCode::[01;31m[Kpublish_file_name[m[K, this));
[2.003s]       |                                      [01;31m[K^~~~~~~~~~~~~~~~~[m[K
[2.006s] [01m[K/home/bilal/trail_tracer/src/biy1_ros360_cpp/src/helloWorld.cpp:71:9:[m[K [01;31m[Kerror: [m[Kâ€˜[01m[Kwaypoints_[m[Kâ€™ was not declared in this scope
[2.006s]    71 |         [01;31m[Kwaypoints_[m[K = std::vector<std::pair<float,float>>();
[2.006s]       |         [01;31m[K^~~~~~~~~~[m[K
[2.011s] [01m[K/home/bilal/trail_tracer/src/biy1_ros360_cpp/src/helloWorld.cpp:72:9:[m[K [01;31m[Kerror: [m[Kâ€˜[01m[Kutm_coords[m[Kâ€™ was not declared in this scope
[2.011s]    72 |         [01;31m[Kutm_coords[m[K = std::vector<std::tuple<int,bool, double, double>>();
[2.011s]       |         [01;31m[K^~~~~~~~~~[m[K
[2.016s] [01m[K/home/bilal/trail_tracer/src/biy1_ros360_cpp/src/helloWorld.cpp:[m[K In destructor â€˜[01m[Kvirtual TestCode::~TestCode()[m[Kâ€™:
[2.016s] [01m[K/home/bilal/trail_tracer/src/biy1_ros360_cpp/src/helloWorld.cpp:77:12:[m[K [01;31m[Kerror: [m[Kâ€˜[01m[Kgps_file_[m[Kâ€™ was not declared in this scope
[2.016s]    77 |         if([01;31m[Kgps_file_[m[K.is_open()){
[2.016s]       |            [01;31m[K^~~~~~~~~[m[K
[2.021s] [01m[K/home/bilal/trail_tracer/src/biy1_ros360_cpp/src/helloWorld.cpp:[m[K In member function â€˜[01m[Kvoid TestCode::web_messages_callback(std_msgs::msg::String_<std::allocator<void> >::SharedPtr)[m[Kâ€™:
[2.021s] [01m[K/home/bilal/trail_tracer/src/biy1_ros360_cpp/src/helloWorld.cpp:85:13:[m[K [01;31m[Kerror: [m[Kâ€˜[01m[Kis_moving_[m[Kâ€™ was not declared in this scope
[2.021s]    85 |             [01;31m[Kis_moving_[m[K = true;
[2.021s]       |             [01;31m[K^~~~~~~~~~[m[K
[2.024s] [01m[K/home/bilal/trail_tracer/src/biy1_ros360_cpp/src/helloWorld.cpp:88:13:[m[K [01;31m[Kerror: [m[Kâ€˜[01m[Kis_moving_[m[Kâ€™ was not declared in this scope
[2.024s]    88 |             [01;31m[Kis_moving_[m[K = true;
[2.024s]       |             [01;31m[K^~~~~~~~~~[m[K
[2.027s] [01m[K/home/bilal/trail_tracer/src/biy1_ros360_cpp/src/helloWorld.cpp:90:13:[m[K [01;31m[Kerror: [m[Kâ€˜[01m[Kis_moving_[m[Kâ€™ was not declared in this scope
[2.027s]    90 |             [01;31m[Kis_moving_[m[K = false;
[2.027s]       |             [01;31m[K^~~~~~~~~~[m[K
[2.030s] [01m[K/home/bilal/trail_tracer/src/biy1_ros360_cpp/src/helloWorld.cpp:91:16:[m[K [01;31m[Kerror: [m[Kâ€˜[01m[Kgps_file_[m[Kâ€™ was not declared in this scope
[2.031s]    91 |             if([01;31m[Kgps_file_[m[K.is_open()){
[2.031s]       |                [01;31m[K^~~~~~~~~[m[K
[2.034s] [01m[K/home/bilal/trail_tracer/src/biy1_ros360_cpp/src/helloWorld.cpp:[m[K In member function â€˜[01m[Kvoid TestCode::trail_name_callback(std_msgs::msg::String_<std::allocator<void> >::SharedPtr)[m[Kâ€™:
[2.034s] [01m[K/home/bilal/trail_tracer/src/biy1_ros360_cpp/src/helloWorld.cpp:99:9:[m[K [01;31m[Kerror: [m[Kâ€˜[01m[Ktrail_name_[m[Kâ€™ was not declared in this scope
[2.034s]    99 |         [01;31m[Ktrail_name_[m[K = msg->data;
[2.034s]       |         [01;31m[K^~~~~~~~~~~[m[K
[2.038s] [01m[K/home/bilal/trail_tracer/src/biy1_ros360_cpp/src/helloWorld.cpp:101:13:[m[K [01;31m[Kerror: [m[Kâ€˜[01m[Kis_moving_[m[Kâ€™ was not declared in this scope
[2.038s]   101 |         if ([01;31m[Kis_moving_[m[K) {
[2.038s]       |             [01;31m[K^~~~~~~~~~[m[K
[2.042s] [01m[K/home/bilal/trail_tracer/src/biy1_ros360_cpp/src/helloWorld.cpp:[m[K In member function â€˜[01m[Kvoid TestCode::gps_fix_callback(sensor_msgs::msg::NavSatFix_<std::allocator<void> >::SharedPtr)[m[Kâ€™:
[2.042s] [01m[K/home/bilal/trail_tracer/src/biy1_ros360_cpp/src/helloWorld.cpp:107:12:[m[K [01;31m[Kerror: [m[Kâ€˜[01m[Kis_moving_[m[Kâ€™ was not declared in this scope
[2.042s]   107 |         if([01;31m[Kis_moving_[m[K && gps_file_.is_open() && is_turning_){
[2.042s]       |            [01;31m[K^~~~~~~~~~[m[K
[2.045s] [01m[K/home/bilal/trail_tracer/src/biy1_ros360_cpp/src/helloWorld.cpp:107:26:[m[K [01;31m[Kerror: [m[Kâ€˜[01m[Kgps_file_[m[Kâ€™ was not declared in this scope
[2.045s]   107 |         if(is_moving_ && [01;31m[Kgps_file_[m[K.is_open() && is_turning_){
[2.045s]       |                          [01;31m[K^~~~~~~~~[m[K
[2.049s] [01m[K/home/bilal/trail_tracer/src/biy1_ros360_cpp/src/helloWorld.cpp:107:49:[m[K [01;31m[Kerror: [m[Kâ€˜[01m[Kis_turning_[m[Kâ€™ was not declared in this scope
[2.049s]   107 |         if(is_moving_ && gps_file_.is_open() && [01;31m[Kis_turning_[m[K){
[2.049s]       |                                                 [01;31m[K^~~~~~~~~~~[m[K
[2.055s] [01m[K/home/bilal/trail_tracer/src/biy1_ros360_cpp/src/helloWorld.cpp:[m[K In member function â€˜[01m[Kvoid TestCode::manual_control(geometry_msgs::msg::Twist_<std::allocator<void> >::SharedPtr)[m[Kâ€™:
[2.055s] [01m[K/home/bilal/trail_tracer/src/biy1_ros360_cpp/src/helloWorld.cpp:115:9:[m[K [01;31m[Kerror: [m[Kâ€˜[01m[Klast_received_cmd_[m[Kâ€™ was not declared in this scope
[2.055s]   115 |         [01;31m[Klast_received_cmd_[m[K = msg;
[2.055s]       |         [01;31m[K^~~~~~~~~~~~~~~~~~[m[K
[2.061s] [01m[K/home/bilal/trail_tracer/src/biy1_ros360_cpp/src/helloWorld.cpp:[m[K In member function â€˜[01m[Kvoid TestCode::utm_data_callback(geometry_msgs::msg::PoseStamped_<std::allocator<void> >::SharedPtr)[m[Kâ€™:
[2.061s] [01m[K/home/bilal/trail_tracer/src/biy1_ros360_cpp/src/helloWorld.cpp:119:9:[m[K [01;31m[Kerror: [m[Kâ€˜[01m[Kcurrent_easting_[m[Kâ€™ was not declared in this scope
[2.061s]   119 |         [01;31m[Kcurrent_easting_[m[K = msg->pose.position.x;
[2.061s]       |         [01;31m[K^~~~~~~~~~~~~~~~[m[K
[2.065s] [01m[K/home/bilal/trail_tracer/src/biy1_ros360_cpp/src/helloWorld.cpp:120:9:[m[K [01;31m[Kerror: [m[Kâ€˜[01m[Kcurrent_northing_[m[Kâ€™ was not declared in this scope
[2.065s]   120 |         [01;31m[Kcurrent_northing_[m[K = msg->pose.position.y;
[2.066s]       |         [01;31m[K^~~~~~~~~~~~~~~~~[m[K
[2.069s] [01m[K/home/bilal/trail_tracer/src/biy1_ros360_cpp/src/helloWorld.cpp:[m[K In member function â€˜[01m[Kvoid TestCode::update_movement()[m[Kâ€™:
[2.069s] [01m[K/home/bilal/trail_tracer/src/biy1_ros360_cpp/src/helloWorld.cpp:125:13:[m[K [01;31m[Kerror: [m[Kâ€˜[01m[Kis_moving_[m[Kâ€™ was not declared in this scope
[2.069s]   125 |         if ([01;31m[Kis_moving_[m[K && last_received_cmd_) {
[2.069s]       |             [01;31m[K^~~~~~~~~~[m[K
[2.074s] [01m[K/home/bilal/trail_tracer/src/biy1_ros360_cpp/src/helloWorld.cpp:125:27:[m[K [01;31m[Kerror: [m[Kâ€˜[01m[Klast_received_cmd_[m[Kâ€™ was not declared in this scope
[2.074s]   125 |         if (is_moving_ && [01;31m[Klast_received_cmd_[m[K) {
[2.074s]       |                           [01;31m[K^~~~~~~~~~~~~~~~~~[m[K
[2.077s] [01m[K/home/bilal/trail_tracer/src/biy1_ros360_cpp/src/helloWorld.cpp:126:13:[m[K [01;31m[Kerror: [m[Kâ€˜[01m[Kpublisher_[m[Kâ€™ was not declared in this scope; did you mean â€˜[01m[Krmw_publisher_t[m[Kâ€™?
[2.077s]   126 |             [01;31m[Kpublisher_[m[K->publish(*last_received_cmd_);
[2.077s]       |             [01;31m[K^~~~~~~~~~[m[K
[2.077s]       |             [32m[Krmw_publisher_t[m[K
[2.081s] [01m[K/home/bilal/trail_tracer/src/biy1_ros360_cpp/src/helloWorld.cpp:[m[K In member function â€˜[01m[Kvoid TestCode::imu_data_callback(sensor_msgs::msg::Imu_<std::allocator<void> >::SharedPtr)[m[Kâ€™:
[2.082s] [01m[K/home/bilal/trail_tracer/src/biy1_ros360_cpp/src/helloWorld.cpp:133:9:[m[K [01;31m[Kerror: [m[Kâ€˜[01m[Kis_turning_[m[Kâ€™ was not declared in this scope
[2.082s]   133 |         [01;31m[Kis_turning_[m[K = std::abs(msg->angular_velocity.z) > angular_velocity_z_threshold;
[2.082s]       |         [01;31m[K^~~~~~~~~~~[m[K
[2.085s] [01m[K/home/bilal/trail_tracer/src/biy1_ros360_cpp/src/helloWorld.cpp:[m[K In member function â€˜[01m[Kvoid TestCode::open_gps_file()[m[Kâ€™:
[2.085s] [01m[K/home/bilal/trail_tracer/src/biy1_ros360_cpp/src/helloWorld.cpp:141:14:[m[K [01;31m[Kerror: [m[Kâ€˜[01m[Ktrail_name_[m[Kâ€™ was not declared in this scope
[2.085s]   141 |         if (![01;31m[Ktrail_name_[m[K.empty()) {
[2.085s]       |              [01;31m[K^~~~~~~~~~~[m[K
[2.088s] [01m[K/home/bilal/trail_tracer/src/biy1_ros360_cpp/src/helloWorld.cpp:143:17:[m[K [01;31m[Kerror: [m[Kâ€˜[01m[Kgps_file_[m[Kâ€™ was not declared in this scope
[2.088s]   143 |             if ([01;31m[Kgps_file_[m[K.is_open()) {
[2.088s]       |                 [01;31m[K^~~~~~~~~[m[K
[2.091s] [01m[K/home/bilal/trail_tracer/src/biy1_ros360_cpp/src/helloWorld.cpp:146:13:[m[K [01;31m[Kerror: [m[Kâ€˜[01m[Kgps_file_[m[Kâ€™ was not declared in this scope
[2.091s]   146 |             [01;31m[Kgps_file_[m[K.open(file_path, std::ios::out); // Open new file
[2.091s]       |             [01;31m[K^~~~~~~~~[m[K
[2.092s] [01m[K/home/bilal/trail_tracer/src/biy1_ros360_cpp/src/helloWorld.cpp:[m[K At global scope:
[2.092s] [01m[K/home/bilal/trail_tracer/src/biy1_ros360_cpp/src/helloWorld.cpp:153:6:[m[K [01;31m[Kerror: [m[Kexpected unqualified-id at end of input
[2.092s]   153 |     }
[2.092s]       |      [01;31m[K^[m[K
[6.128s] gmake[2]: *** [CMakeFiles/helloWorld.dir/build.make:76: CMakeFiles/helloWorld.dir/src/helloWorld.cpp.o] Error 1
[6.128s] gmake[1]: *** [CMakeFiles/Makefile2:157: CMakeFiles/helloWorld.dir/all] Error 2
[6.128s] gmake: *** [Makefile:146: all] Error 2
[6.130s] Invoked command in '/home/bilal/trail_tracer/build/biy1_ros360_cpp' returned '2': CMAKE_PREFIX_PATH=${CMAKE_PREFIX_PATH}:/home/bilal/trail_tracer/install/web_gui:/home/bilal/learn_ros2_ws/install/web_gui:/home/bilal/learn_ros2_ws/install/nav2_simple_commander:/home/bilal/ros2_ws/install/web_gui:/home/bilal/ros2_ws/install/opencv_tools:/home/bilal/ros2_ws/install/biy1_ros360_py:/opt/ros/humble /usr/bin/cmake --build /home/bilal/trail_tracer/build/biy1_ros360_cpp -- -j12 -l12
