[35m[1mConsolidate compiler generated dependencies of target waypoint_navigator[0m
[  9%] Built target exampleSubscriber
[ 22%] Built target examplePublisher
[ 27%] Built target helloWorld
[ 36%] Built target nav2
[ 45%] Built target trail_tracer
[ 63%] Built target testCode
[ 63%] Built target code_test
[ 72%] Built target sparse
[ 81%] Built target polishedCode
[ 90%] Built target follower
[ 95%] [32mBuilding CXX object CMakeFiles/waypoint_navigator.dir/src/waypoint_navigator.cpp.o[0m
[01m[K/home/bilal/trail_tracer/src/biy1_ros360_cpp/src/waypoint_navigator.cpp:29:10:[m[K [01;31m[Kfatal error: [m[Knav_msgs/msg/Odometry.hpp: No such file or directory
   29 | #include [01;31m[K<nav_msgs/msg/Odometry.hpp>[m[K
      |          [01;31m[K^~~~~~~~~~~~~~~~~~~~~~~~~~~[m[K
compilation terminated.
gmake[2]: *** [CMakeFiles/waypoint_navigator.dir/build.make:76: CMakeFiles/waypoint_navigator.dir/src/waypoint_navigator.cpp.o] Error 1
gmake[1]: *** [CMakeFiles/Makefile2:313: CMakeFiles/waypoint_navigator.dir/all] Error 2
gmake: *** [Makefile:146: all] Error 2
