Traceback (most recent call last):
  File "/home/bilal/trail_tracer/build/nav2_common/ament_cmake_python/nav2_common/setup.py", line 1, in <module>
    from setuptools import find_packages
  File "/home/bilal/.local/lib/python3.10/site-packages/setuptools/__init__.py", line 16, in <module>
    import setuptools.version
  File "/home/bilal/.local/lib/python3.10/site-packages/setuptools/version.py", line 1, in <module>
    import pkg_resources
  File "/home/bilal/.local/lib/python3.10/site-packages/pkg_resources/__init__.py", line 77, in <module>
    __import__('pkg_resources.extern.packaging.specifiers')
  File "/home/bilal/.local/lib/python3.10/site-packages/pkg_resources/_vendor/packaging/specifiers.py", line 263, in <module>
    class LegacySpecifier(_IndividualSpecifier):
  File "/home/bilal/.local/lib/python3.10/site-packages/pkg_resources/_vendor/packaging/specifiers.py", line 277, in LegacySpecifier
    _regex = re.compile(r"^\s*" + _regex_str + r"\s*$", re.VERBOSE | re.IGNORECASE)
  File "/usr/lib/python3.10/re.py", line 251, in compile
    return _compile(pattern, flags)
  File "/usr/lib/python3.10/re.py", line 303, in _compile
    p = sre_compile.compile(pattern, flags)
  File "/usr/lib/python3.10/sre_compile.py", line 792, in compile
    code = _code(p, flags)
  File "/usr/lib/python3.10/sre_compile.py", line 631, in _code
    _compile(code, p.data, flags)
  File "/usr/lib/python3.10/sre_compile.py", line 184, in _compile
    _compile(code, p, _combine_flags(flags, add_flags, del_flags))
  File "/usr/lib/python3.10/sre_compile.py", line 164, in _compile
    _compile(code, av[2], flags)
  File "/usr/lib/python3.10/sre_compile.py", line 136, in _compile
    charset, hascased = _optimize_charset(av, iscased, tolower, fixes)
  File "/usr/lib/python3.10/sre_compile.py", line 372, in _optimize_charset
    if runs is not None:
KeyboardInterrupt
gmake[2]: *** [CMakeFiles/ament_cmake_python_build_nav2_common_egg.dir/build.make:70: CMakeFiles/ament_cmake_python_build_nav2_common_egg] Interrupt
gmake[1]: *** [CMakeFiles/Makefile2:164: CMakeFiles/ament_cmake_python_build_nav2_common_egg.dir/all] Interrupt
gmake: *** [Makefile:124: all] Interrupt
