[0.094s] Invoking command in '/home/bilal/trail_tracer/build/nav2_common': CMAKE_PREFIX_PATH=${CMAKE_PREFIX_PATH}:/home/bilal/trail_tracer/install/web_gui:/home/bilal/trail_tracer/install/nav2_simple_commander:/home/bilal/learn_ros2_ws/install/web_gui:/home/bilal/learn_ros2_ws/install/nav2_simple_commander:/home/bilal/ros2_ws/install/web_gui:/home/bilal/ros2_ws/install/opencv_tools:/home/bilal/ros2_ws/install/biy1_ros360_py:/opt/ros/humble /usr/bin/cmake --build /home/bilal/trail_tracer/build/nav2_common -- -j12 -l12
[0.252s] Built target ament_cmake_python_copy_nav2_common
[0.377s] Traceback (most recent call last):
[0.377s]   File "/home/bilal/trail_tracer/build/nav2_common/ament_cmake_python/nav2_common/setup.py", line 1, in <module>
[0.377s]     from setuptools import find_packages
[0.377s]   File "/home/bilal/.local/lib/python3.10/site-packages/setuptools/__init__.py", line 16, in <module>
[0.382s]     import setuptools.version
[0.382s]   File "/home/bilal/.local/lib/python3.10/site-packages/setuptools/version.py", line 1, in <module>
[0.383s]     import pkg_resources
[0.383s]   File "/home/bilal/.local/lib/python3.10/site-packages/pkg_resources/__init__.py", line 77, in <module>
[0.383s]     __import__('pkg_resources.extern.packaging.specifiers')
[0.383s]   File "/home/bilal/.local/lib/python3.10/site-packages/pkg_resources/_vendor/packaging/specifiers.py", line 263, in <module>
[0.383s]     class LegacySpecifier(_IndividualSpecifier):
[0.383s]   File "/home/bilal/.local/lib/python3.10/site-packages/pkg_resources/_vendor/packaging/specifiers.py", line 277, in LegacySpecifier
[0.383s]     _regex = re.compile(r"^\s*" + _regex_str + r"\s*$", re.VERBOSE | re.IGNORECASE)
[0.383s]   File "/usr/lib/python3.10/re.py", line 251, in compile
[0.383s]     return _compile(pattern, flags)
[0.383s]   File "/usr/lib/python3.10/re.py", line 303, in _compile
[0.383s]     p = sre_compile.compile(pattern, flags)
[0.383s]   File "/usr/lib/python3.10/sre_compile.py", line 792, in compile
[0.385s]     code = _code(p, flags)
[0.385s]   File "/usr/lib/python3.10/sre_compile.py", line 631, in _code
[0.385s]     _compile(code, p.data, flags)
[0.385s]   File "/usr/lib/python3.10/sre_compile.py", line 184, in _compile
[0.385s]     _compile(code, p, _combine_flags(flags, add_flags, del_flags))
[0.385s]   File "/usr/lib/python3.10/sre_compile.py", line 164, in _compile
[0.385s]     _compile(code, av[2], flags)
[0.385s]   File "/usr/lib/python3.10/sre_compile.py", line 136, in _compile
[0.385s]     charset, hascased = _optimize_charset(av, iscased, tolower, fixes)
[0.385s]   File "/usr/lib/python3.10/sre_compile.py", line 372, in _optimize_charset
[0.385s]     if runs is not None:
[0.385s] KeyboardInterrupt
[0.389s] gmake[2]: *** [CMakeFiles/ament_cmake_python_build_nav2_common_egg.dir/build.make:70: CMakeFiles/ament_cmake_python_build_nav2_common_egg] Interrupt
[0.390s] gmake[1]: *** [CMakeFiles/Makefile2:164: CMakeFiles/ament_cmake_python_build_nav2_common_egg.dir/all] Interrupt
[0.390s] gmake: *** [Makefile:124: all] Interrupt
