[0.041s] Invoking command in '/home/bilal/trail_tracer/build/biy1_ros360_cpp': CMAKE_PREFIX_PATH=${CMAKE_PREFIX_PATH}:/home/bilal/trail_tracer/install/web_gui:/home/bilal/learn_ros2_ws/install/web_gui:/home/bilal/learn_ros2_ws/install/nav2_simple_commander:/home/bilal/ros2_ws/install/web_gui:/home/bilal/ros2_ws/install/opencv_tools:/home/bilal/ros2_ws/install/biy1_ros360_py:/opt/ros/humble /usr/bin/cmake --build /home/bilal/trail_tracer/build/biy1_ros360_cpp -- -j12 -l12
[0.123s] [35m[1mConsolidate compiler generated dependencies of target follower[0m
[0.130s] [ 12%] Built target nav2
[0.131s] [ 25%] Built target trail_tracer
[0.132s] [ 37%] Built target helloWorld
[0.134s] [ 50%] Built target testCode
[0.137s] [ 62%] Built target waypoint_navigator
[0.138s] [ 75%] Built target exampleSubscriber
[0.145s] [ 87%] Built target examplePublisher
[0.150s] [ 93%] [32mBuilding CXX object CMakeFiles/follower.dir/src/follower.cpp.o[0m
[1.997s] In file included from [01m[K/opt/ros/humble/include/rclcpp/rclcpp/logging.hpp:24[m[K,
[1.997s]                  from [01m[K/opt/ros/humble/include/rclcpp/rclcpp/client.hpp:40[m[K,
[1.997s]                  from [01m[K/opt/ros/humble/include/rclcpp/rclcpp/callback_group.hpp:24[m[K,
[1.997s]                  from [01m[K/opt/ros/humble/include/rclcpp/rclcpp/any_executable.hpp:20[m[K,
[1.997s]                  from [01m[K/opt/ros/humble/include/rclcpp/rclcpp/memory_strategy.hpp:25[m[K,
[1.997s]                  from [01m[K/opt/ros/humble/include/rclcpp/rclcpp/memory_strategies.hpp:18[m[K,
[1.997s]                  from [01m[K/opt/ros/humble/include/rclcpp/rclcpp/executor_options.hpp:20[m[K,
[1.997s]                  from [01m[K/opt/ros/humble/include/rclcpp/rclcpp/executor.hpp:37[m[K,
[1.997s]                  from [01m[K/opt/ros/humble/include/rclcpp/rclcpp/executors/multi_threaded_executor.hpp:25[m[K,
[1.997s]                  from [01m[K/opt/ros/humble/include/rclcpp/rclcpp/executors.hpp:21[m[K,
[1.997s]                  from [01m[K/opt/ros/humble/include/rclcpp/rclcpp/rclcpp.hpp:155[m[K,
[1.998s]                  from [01m[K/home/bilal/trail_tracer/src/biy1_ros360_cpp/src/follower.cpp:9[m[K:
[1.998s] [01m[K/home/bilal/trail_tracer/src/biy1_ros360_cpp/src/follower.cpp:[m[K In member function â€˜[01m[Kvoid TestCode::process_all_waypoints()[m[Kâ€™:
[1.998s] [01m[K/home/bilal/trail_tracer/src/biy1_ros360_cpp/src/follower.cpp:207:134:[m[K [01;31m[Kerror: [m[Kâ€˜[01m[Kusing _stamp_type = struct builtin_interfaces::msg::Time_<std::allocator<void> >[m[Kâ€™ {aka â€˜[01m[Kstruct builtin_interfaces::msg::Time_<std::allocator<void> >[m[Kâ€™} has no member named â€˜[01m[Kto_string[m[Kâ€™
[1.998s]   207 |             RCLCPP_INFO(this->get_logger(), "Pose stored: Easting: %f, Northing: %f, Time: %s", easting, northing, pose.header.stamp.[01;31m[Kto_string[m[K().c_str());
[1.998s]       |                                                                                                                                      [01;31m[K^~~~~~~~~[m[K
[4.296s] gmake[2]: *** [CMakeFiles/follower.dir/build.make:76: CMakeFiles/follower.dir/src/follower.cpp.o] Error 1
[4.296s] gmake[1]: *** [CMakeFiles/Makefile2:333: CMakeFiles/follower.dir/all] Error 2
[4.297s] gmake: *** [Makefile:146: all] Error 2
[4.299s] Invoked command in '/home/bilal/trail_tracer/build/biy1_ros360_cpp' returned '2': CMAKE_PREFIX_PATH=${CMAKE_PREFIX_PATH}:/home/bilal/trail_tracer/install/web_gui:/home/bilal/learn_ros2_ws/install/web_gui:/home/bilal/learn_ros2_ws/install/nav2_simple_commander:/home/bilal/ros2_ws/install/web_gui:/home/bilal/ros2_ws/install/opencv_tools:/home/bilal/ros2_ws/install/biy1_ros360_py:/opt/ros/humble /usr/bin/cmake --build /home/bilal/trail_tracer/build/biy1_ros360_cpp -- -j12 -l12
