[35m[1mConsolidate compiler generated dependencies of target trail_tracer[0m
[ 14%] Built target exampleSubscriber
[ 28%] Built target helloWorld
[ 42%] Built target examplePublisher
[ 57%] Built target testCode
[ 71%] Built target waypoint_navigator
[ 85%] Built target nav2
[ 92%] [32mBuilding CXX object CMakeFiles/trail_tracer.dir/src/trail_tracer.cpp.o[0m
[01m[K/home/bilal/trail_tracer/src/biy1_ros360_cpp/src/trail_tracer.cpp:[m[K In constructor â€˜[01m[KTestCode::TestCode()[m[Kâ€™:
[01m[K/home/bilal/trail_tracer/src/biy1_ros360_cpp/src/trail_tracer.cpp:260:12:[m[K [01;35m[Kwarning: [m[Kâ€˜[01m[KTestCode::last_angular_vel_[m[Kâ€™ will be initialized after [[01;35m[K]8;;https://gcc.gnu.org/onlinedocs/gcc/Warning-Options.html#index-Wreorder-Wreorder]8;;[m[K]
  260 |     double [01;35m[Klast_angular_vel_[m[K;
      |            [01;35m[K^~~~~~~~~~~~~~~~~[m[K
[01m[K/home/bilal/trail_tracer/src/biy1_ros360_cpp/src/trail_tracer.cpp:257:10:[m[K [01;35m[Kwarning: [m[K  â€˜[01m[Kbool TestCode::first_coord_stored_[m[Kâ€™ [[01;35m[K]8;;https://gcc.gnu.org/onlinedocs/gcc/Warning-Options.html#index-Wreorder-Wreorder]8;;[m[K]
  257 |     bool [01;35m[Kfirst_coord_stored_[m[K;
      |          [01;35m[K^~~~~~~~~~~~~~~~~~~[m[K
[01m[K/home/bilal/trail_tracer/src/biy1_ros360_cpp/src/trail_tracer.cpp:33:5:[m[K [01;35m[Kwarning: [m[K  when initialized here [[01;35m[K]8;;https://gcc.gnu.org/onlinedocs/gcc/Warning-Options.html#index-Wreorder-Wreorder]8;;[m[K]
   33 |     [01;35m[KTestCode[m[K()
      |     [01;35m[K^~~~~~~~[m[K
[01m[K/home/bilal/trail_tracer/src/biy1_ros360_cpp/src/trail_tracer.cpp:[m[K In member function â€˜[01m[Kvoid TestCode::gps_fix_callback(sensor_msgs::msg::NavSatFix_<std::allocator<void> >::SharedPtr)[m[Kâ€™:
[01m[K/home/bilal/trail_tracer/src/biy1_ros360_cpp/src/trail_tracer.cpp:105:9:[m[K [01;31m[Kerror: [m[Kâ€˜[01m[Klast_gps_msg_[m[Kâ€™ was not declared in this scope
  105 |         [01;31m[Klast_gps_msg_[m[K = msg; //Update last known location
      |         [01;31m[K^~~~~~~~~~~~~[m[K
gmake[2]: *** [CMakeFiles/trail_tracer.dir/build.make:76: CMakeFiles/trail_tracer.dir/src/trail_tracer.cpp.o] Error 1
gmake[1]: *** [CMakeFiles/Makefile2:279: CMakeFiles/trail_tracer.dir/all] Error 2
gmake: *** [Makefile:146: all] Error 2
