[01m[K/home/bilal/trail_tracer/src/biy1_ros360_cpp/src/trail_tracer.cpp:[m[K In constructor â€˜[01m[KTestCode::TestCode()[m[Kâ€™:
[01m[K/home/bilal/trail_tracer/src/biy1_ros360_cpp/src/trail_tracer.cpp:33:94:[m[K [01;31m[Kerror: [m[Kexpected â€˜[01m[K([m[Kâ€™ before â€˜[01m[K,[m[Kâ€™ token
   33 |     : Node("robot_movement_control"), is_moving_(false), is_turning_(false), current_easting_[01;31m[K,[m[K current_northing_ {
      |                                                                                              [01;31m[K^[m[K
[01m[K/home/bilal/trail_tracer/src/biy1_ros360_cpp/src/trail_tracer.cpp:34:96:[m[K [01;31m[Kerror: [m[Kexpected â€˜[01m[K}[m[Kâ€™ before â€˜[01m[K;[m[Kâ€™ token
   34 |         publisher_ = this->create_publisher<geometry_msgs::msg::Twist>("/argo_sim/cmd_vel", 10)[01;31m[K;[m[K
      |                                                                                                [01;31m[K^[m[K
[01m[K/home/bilal/trail_tracer/src/biy1_ros360_cpp/src/trail_tracer.cpp:33:114:[m[K [01;36m[Knote: [m[Kto match this â€˜[01m[K{[m[Kâ€™
   33 |     : Node("robot_movement_control"), is_moving_(false), is_turning_(false), current_easting_, current_northing_ [01;36m[K{[m[K
      |                                                                                                                  [01;36m[K^[m[K
[01m[K/home/bilal/trail_tracer/src/biy1_ros360_cpp/src/trail_tracer.cpp:33:96:[m[K [01;31m[Kerror: [m[Kinvalid user-defined conversion from â€˜[01m[K<brace-enclosed initializer list>[m[Kâ€™ to â€˜[01m[Kdouble[m[Kâ€™ [[01;31m[K]8;;https://gcc.gnu.org/onlinedocs/gcc/Warning-Options.html#index-fpermissive-fpermissive]8;;[m[K]
   33 |     : Node("robot_movement_control"), is_moving_(false), is_turning_(false), current_easting_, [01;31m[Kcurrent_northing_ {[m[K
      |                                                                                                [01;31m[K^~~~~~~~~~~~~~~~~~~[m[K
   34 | [01;31m[K        publisher_ = this->create_publisher<geometry_msgs::msg::Twist>("/argo_sim/cmd_vel", 10)[m[K;
      |         [01;31m[K~~~~~~~~~~~~~~~~~~~~~~~~~~~~~~~~~~~~~~~~~~~~~~~~~~~~~~~~~~~~~~~~~~~~~~~~~~~~~~~~~~~~~~~[m[K 
In file included from [01m[K/usr/include/c++/11/bits/shared_ptr.h:53[m[K,
                 from [01m[K/usr/include/c++/11/memory:77[m[K,
                 from [01m[K/home/bilal/trail_tracer/src/biy1_ros360_cpp/src/trail_tracer.cpp:4[m[K:
[01m[K/usr/include/c++/11/bits/shared_ptr_base.h:1299:16:[m[K [01;36m[Knote: [m[Kcandidate is: â€˜[01m[Kstd::__shared_ptr<_Tp, _Lp>::operator bool() const [with _Tp = rclcpp::Publisher<geometry_msgs::msg::Twist_<std::allocator<void> > >; __gnu_cxx::_Lock_policy _Lp = __gnu_cxx::_S_atomic][m[Kâ€™ (near match)
 1299 |       explicit [01;36m[Koperator[m[K bool() const noexcept
      |                [01;36m[K^~~~~~~~[m[K
[01m[K/usr/include/c++/11/bits/shared_ptr_base.h:1299:16:[m[K [01;36m[Knote: [m[K  return type â€˜[01m[Kbool[m[Kâ€™ of explicit conversion function cannot be converted to â€˜[01m[Kdouble[m[Kâ€™ with a qualification conversion
[01m[K/home/bilal/trail_tracer/src/biy1_ros360_cpp/src/trail_tracer.cpp:34:96:[m[K [01;31m[Kerror: [m[Kexpected â€˜[01m[K{[m[Kâ€™ before â€˜[01m[K;[m[Kâ€™ token
   34 |         publisher_ = this->create_publisher<geometry_msgs::msg::Twist>("/argo_sim/cmd_vel", 10)[01;31m[K;[m[K
      |                                                                                                [01;31m[K^[m[K
gmake[2]: *** [CMakeFiles/trail_tracer.dir/build.make:76: CMakeFiles/trail_tracer.dir/src/trail_tracer.cpp.o] Error 1
gmake[1]: *** [CMakeFiles/Makefile2:277: CMakeFiles/trail_tracer.dir/all] Error 2
gmake: *** [Makefile:146: all] Error 2
