[0.062s] Invoking command in '/home/bilal/trail_tracer/build/biy1_ros360_cpp': CMAKE_PREFIX_PATH=${CMAKE_PREFIX_PATH}:/home/bilal/trail_tracer/install/web_gui:/home/bilal/trail_tracer/install/nav2_simple_commander:/home/bilal/learn_ros2_ws/install/web_gui:/home/bilal/learn_ros2_ws/install/nav2_simple_commander:/home/bilal/ros2_ws/install/web_gui:/home/bilal/ros2_ws/install/opencv_tools:/home/bilal/ros2_ws/install/biy1_ros360_py:/opt/ros/humble /usr/bin/cmake --build /home/bilal/trail_tracer/build/biy1_ros360_cpp -- -j12 -l12
[0.235s] [ 16%] Built target examplePublisher
[0.245s] [ 33%] Built target helloWorld
[0.254s] [ 50%] Built target testCode
[0.258s] [ 75%] [32mBuilding CXX object CMakeFiles/trail_tracer.dir/src/trail_tracer.cpp.o[0m
[0.258s] [ 75%] Built target exampleSubscriber
[0.258s] [ 91%] Built target nav2
[2.686s] [01m[K/home/bilal/trail_tracer/src/biy1_ros360_cpp/src/trail_tracer.cpp:[m[K In constructor â€˜[01m[KTestCode::TestCode()[m[Kâ€™:
[2.686s] [01m[K/home/bilal/trail_tracer/src/biy1_ros360_cpp/src/trail_tracer.cpp:33:94:[m[K [01;31m[Kerror: [m[Kexpected â€˜[01m[K([m[Kâ€™ before â€˜[01m[K,[m[Kâ€™ token
[2.686s]    33 |     : Node("robot_movement_control"), is_moving_(false), is_turning_(false), current_easting_[01;31m[K,[m[K current_northing_ {
[2.686s]       |                                                                                              [01;31m[K^[m[K
[2.688s] [01m[K/home/bilal/trail_tracer/src/biy1_ros360_cpp/src/trail_tracer.cpp:34:96:[m[K [01;31m[Kerror: [m[Kexpected â€˜[01m[K}[m[Kâ€™ before â€˜[01m[K;[m[Kâ€™ token
[2.688s]    34 |         publisher_ = this->create_publisher<geometry_msgs::msg::Twist>("/argo_sim/cmd_vel", 10)[01;31m[K;[m[K
[2.688s]       |                                                                                                [01;31m[K^[m[K
[2.688s] [01m[K/home/bilal/trail_tracer/src/biy1_ros360_cpp/src/trail_tracer.cpp:33:114:[m[K [01;36m[Knote: [m[Kto match this â€˜[01m[K{[m[Kâ€™
[2.688s]    33 |     : Node("robot_movement_control"), is_moving_(false), is_turning_(false), current_easting_, current_northing_ [01;36m[K{[m[K
[2.688s]       |                                                                                                                  [01;36m[K^[m[K
[2.692s] [01m[K/home/bilal/trail_tracer/src/biy1_ros360_cpp/src/trail_tracer.cpp:33:96:[m[K [01;31m[Kerror: [m[Kinvalid user-defined conversion from â€˜[01m[K<brace-enclosed initializer list>[m[Kâ€™ to â€˜[01m[Kdouble[m[Kâ€™ [[01;31m[K]8;;https://gcc.gnu.org/onlinedocs/gcc/Warning-Options.html#index-fpermissive-fpermissive]8;;[m[K]
[2.692s]    33 |     : Node("robot_movement_control"), is_moving_(false), is_turning_(false), current_easting_, [01;31m[Kcurrent_northing_ {[m[K
[2.692s]       |                                                                                                [01;31m[K^~~~~~~~~~~~~~~~~~~[m[K
[2.692s]    34 | [01;31m[K        publisher_ = this->create_publisher<geometry_msgs::msg::Twist>("/argo_sim/cmd_vel", 10)[m[K;
[2.692s]       |         [01;31m[K~~~~~~~~~~~~~~~~~~~~~~~~~~~~~~~~~~~~~~~~~~~~~~~~~~~~~~~~~~~~~~~~~~~~~~~~~~~~~~~~~~~~~~~[m[K 
[2.692s] In file included from [01m[K/usr/include/c++/11/bits/shared_ptr.h:53[m[K,
[2.692s]                  from [01m[K/usr/include/c++/11/memory:77[m[K,
[2.692s]                  from [01m[K/home/bilal/trail_tracer/src/biy1_ros360_cpp/src/trail_tracer.cpp:4[m[K:
[2.693s] [01m[K/usr/include/c++/11/bits/shared_ptr_base.h:1299:16:[m[K [01;36m[Knote: [m[Kcandidate is: â€˜[01m[Kstd::__shared_ptr<_Tp, _Lp>::operator bool() const [with _Tp = rclcpp::Publisher<geometry_msgs::msg::Twist_<std::allocator<void> > >; __gnu_cxx::_Lock_policy _Lp = __gnu_cxx::_S_atomic][m[Kâ€™ (near match)
[2.693s]  1299 |       explicit [01;36m[Koperator[m[K bool() const noexcept
[2.693s]       |                [01;36m[K^~~~~~~~[m[K
[2.693s] [01m[K/usr/include/c++/11/bits/shared_ptr_base.h:1299:16:[m[K [01;36m[Knote: [m[K  return type â€˜[01m[Kbool[m[Kâ€™ of explicit conversion function cannot be converted to â€˜[01m[Kdouble[m[Kâ€™ with a qualification conversion
[2.694s] [01m[K/home/bilal/trail_tracer/src/biy1_ros360_cpp/src/trail_tracer.cpp:34:96:[m[K [01;31m[Kerror: [m[Kexpected â€˜[01m[K{[m[Kâ€™ before â€˜[01m[K;[m[Kâ€™ token
[2.694s]    34 |         publisher_ = this->create_publisher<geometry_msgs::msg::Twist>("/argo_sim/cmd_vel", 10)[01;31m[K;[m[K
[2.694s]       |                                                                                                [01;31m[K^[m[K
[3.508s] gmake[2]: *** [CMakeFiles/trail_tracer.dir/build.make:76: CMakeFiles/trail_tracer.dir/src/trail_tracer.cpp.o] Error 1
[3.508s] gmake[1]: *** [CMakeFiles/Makefile2:277: CMakeFiles/trail_tracer.dir/all] Error 2
[3.509s] gmake: *** [Makefile:146: all] Error 2
[3.511s] Invoked command in '/home/bilal/trail_tracer/build/biy1_ros360_cpp' returned '2': CMAKE_PREFIX_PATH=${CMAKE_PREFIX_PATH}:/home/bilal/trail_tracer/install/web_gui:/home/bilal/trail_tracer/install/nav2_simple_commander:/home/bilal/learn_ros2_ws/install/web_gui:/home/bilal/learn_ros2_ws/install/nav2_simple_commander:/home/bilal/ros2_ws/install/web_gui:/home/bilal/ros2_ws/install/opencv_tools:/home/bilal/ros2_ws/install/biy1_ros360_py:/opt/ros/humble /usr/bin/cmake --build /home/bilal/trail_tracer/build/biy1_ros360_cpp -- -j12 -l12
