[35m[1mConsolidate compiler generated dependencies of target follower[0m
[ 12%] Built target nav2
[ 25%] Built target exampleSubscriber
[ 37%] Built target examplePublisher
[ 50%] Built target helloWorld
[ 62%] Built target trail_tracer
[ 75%] Built target testCode
[ 87%] Built target waypoint_navigator
[ 93%] [32mBuilding CXX object CMakeFiles/follower.dir/src/follower.cpp.o[0m
[01m[K/home/bilal/trail_tracer/src/biy1_ros360_cpp/src/follower.cpp:[m[K In member function â€˜[01m[Kvoid TestCode::file_loader_callback(std_msgs::msg::String_<std::allocator<void> >::SharedPtr)[m[Kâ€™:
[01m[K/home/bilal/trail_tracer/src/biy1_ros360_cpp/src/follower.cpp:170:9:[m[K [01;31m[Kerror: [m[Kâ€˜[01m[Kwaypoints_[m[Kâ€™ was not declared in this scope
  170 |         [01;31m[Kwaypoints_[m[K.clear(); // Clear any existing waypoints before loading new ones
      |         [01;31m[K^~~~~~~~~~[m[K
[01m[K/home/bilal/trail_tracer/src/biy1_ros360_cpp/src/follower.cpp:[m[K In member function â€˜[01m[Kvoid TestCode::process_next_waypoint()[m[Kâ€™:
[01m[K/home/bilal/trail_tracer/src/biy1_ros360_cpp/src/follower.cpp:189:13:[m[K [01;31m[Kerror: [m[Kâ€˜[01m[Kwaypoints_[m[Kâ€™ was not declared in this scope
  189 |         if ([01;31m[Kwaypoints_[m[K.empty()) {
      |             [01;31m[K^~~~~~~~~~[m[K
[01m[K/home/bilal/trail_tracer/src/biy1_ros360_cpp/src/follower.cpp:194:27:[m[K [01;31m[Kerror: [m[Kâ€˜[01m[Kwaypoints_[m[Kâ€™ was not declared in this scope
  194 |         auto [lat, lon] = [01;31m[Kwaypoints_[m[K.front();
      |                           [01;31m[K^~~~~~~~~~[m[K
gmake[2]: *** [CMakeFiles/follower.dir/build.make:76: CMakeFiles/follower.dir/src/follower.cpp.o] Error 1
gmake[1]: *** [CMakeFiles/Makefile2:333: CMakeFiles/follower.dir/all] Error 2
gmake: *** [Makefile:146: all] Error 2
