[0.043s] Invoking command in '/home/bilal/trail_tracer/build/biy1_ros360_cpp': CMAKE_PREFIX_PATH=${CMAKE_PREFIX_PATH}:/home/bilal/trail_tracer/install/web_gui:/home/bilal/learn_ros2_ws/install/web_gui:/home/bilal/learn_ros2_ws/install/nav2_simple_commander:/home/bilal/ros2_ws/install/web_gui:/home/bilal/ros2_ws/install/opencv_tools:/home/bilal/ros2_ws/install/biy1_ros360_py:/opt/ros/humble /usr/bin/cmake --build /home/bilal/trail_tracer/build/biy1_ros360_cpp -- -j12 -l12
[0.119s] [35m[1mConsolidate compiler generated dependencies of target follower[0m
[0.139s] [ 12%] Built target nav2
[0.140s] [ 25%] Built target exampleSubscriber
[0.141s] [ 37%] Built target examplePublisher
[0.141s] [ 50%] Built target helloWorld
[0.142s] [ 62%] Built target trail_tracer
[0.143s] [ 75%] Built target testCode
[0.145s] [ 87%] Built target waypoint_navigator
[0.154s] [ 93%] [32mBuilding CXX object CMakeFiles/follower.dir/src/follower.cpp.o[0m
[2.034s] [01m[K/home/bilal/trail_tracer/src/biy1_ros360_cpp/src/follower.cpp:[m[K In member function â€˜[01m[Kvoid TestCode::file_loader_callback(std_msgs::msg::String_<std::allocator<void> >::SharedPtr)[m[Kâ€™:
[2.034s] [01m[K/home/bilal/trail_tracer/src/biy1_ros360_cpp/src/follower.cpp:170:9:[m[K [01;31m[Kerror: [m[Kâ€˜[01m[Kwaypoints_[m[Kâ€™ was not declared in this scope
[2.034s]   170 |         [01;31m[Kwaypoints_[m[K.clear(); // Clear any existing waypoints before loading new ones
[2.034s]       |         [01;31m[K^~~~~~~~~~[m[K
[2.038s] [01m[K/home/bilal/trail_tracer/src/biy1_ros360_cpp/src/follower.cpp:[m[K In member function â€˜[01m[Kvoid TestCode::process_next_waypoint()[m[Kâ€™:
[2.039s] [01m[K/home/bilal/trail_tracer/src/biy1_ros360_cpp/src/follower.cpp:189:13:[m[K [01;31m[Kerror: [m[Kâ€˜[01m[Kwaypoints_[m[Kâ€™ was not declared in this scope
[2.039s]   189 |         if ([01;31m[Kwaypoints_[m[K.empty()) {
[2.039s]       |             [01;31m[K^~~~~~~~~~[m[K
[2.042s] [01m[K/home/bilal/trail_tracer/src/biy1_ros360_cpp/src/follower.cpp:194:27:[m[K [01;31m[Kerror: [m[Kâ€˜[01m[Kwaypoints_[m[Kâ€™ was not declared in this scope
[2.042s]   194 |         auto [lat, lon] = [01;31m[Kwaypoints_[m[K.front();
[2.042s]       |                           [01;31m[K^~~~~~~~~~[m[K
[4.458s] gmake[2]: *** [CMakeFiles/follower.dir/build.make:76: CMakeFiles/follower.dir/src/follower.cpp.o] Error 1
[4.458s] gmake[1]: *** [CMakeFiles/Makefile2:333: CMakeFiles/follower.dir/all] Error 2
[4.458s] gmake: *** [Makefile:146: all] Error 2
[4.461s] Invoked command in '/home/bilal/trail_tracer/build/biy1_ros360_cpp' returned '2': CMAKE_PREFIX_PATH=${CMAKE_PREFIX_PATH}:/home/bilal/trail_tracer/install/web_gui:/home/bilal/learn_ros2_ws/install/web_gui:/home/bilal/learn_ros2_ws/install/nav2_simple_commander:/home/bilal/ros2_ws/install/web_gui:/home/bilal/ros2_ws/install/opencv_tools:/home/bilal/ros2_ws/install/biy1_ros360_py:/opt/ros/humble /usr/bin/cmake --build /home/bilal/trail_tracer/build/biy1_ros360_cpp -- -j12 -l12
