[  9%] Built target exampleSubscriber
[ 18%] Built target helloWorld
[ 27%] Built target examplePublisher
[ 36%] Built target testCode
[ 45%] Built target nav2
[ 54%] Built target waypoint_navigator
[ 63%] Built target trail_tracer
[ 68%] [32mBuilding CXX object CMakeFiles/polishedCode.dir/src/polishedCode.cpp.o[0m
[ 72%] [32mBuilding CXX object CMakeFiles/sparse.dir/src/polishedCode.cpp.o[0m
[ 81%] Built target code_test
[ 90%] Built target follower
[01m[K/home/bilal/trail_tracer/src/biy1_ros360_cpp/src/polishedCode.cpp:[m[K In member function â€˜[01m[Kvoid TrailTracer::log_reader_callback(rcl_interfaces::msg::Log_<std::allocator<void> >::SharedPtr)[m[Kâ€™:
[01m[K/home/bilal/trail_tracer/src/biy1_ros360_cpp/src/polishedCode.cpp:245:17:[m[K [01;31m[Kerror: [m[Kâ€˜[01m[Klogger[m[Kâ€™ was not declared in this scope; did you mean â€˜[01m[Klogg[m[Kâ€™?
  245 |                 [01;31m[Klogger[m[K("NEW COORDS RECIVED")
      |                 [01;31m[K^~~~~~[m[K
      |                 [32m[Klogg[m[K
[01m[K/home/bilal/trail_tracer/src/biy1_ros360_cpp/src/polishedCode.cpp:[m[K In member function â€˜[01m[Kvoid TrailTracer::log_reader_callback(rcl_interfaces::msg::Log_<std::allocator<void> >::SharedPtr)[m[Kâ€™:
[01m[K/home/bilal/trail_tracer/src/biy1_ros360_cpp/src/polishedCode.cpp:245:17:[m[K [01;31m[Kerror: [m[Kâ€˜[01m[Klogger[m[Kâ€™ was not declared in this scope; did you mean â€˜[01m[Klogg[m[Kâ€™?
  245 |                 [01;31m[Klogger[m[K("NEW COORDS RECIVED")
      |                 [01;31m[K^~~~~~[m[K
      |                 [32m[Klogg[m[K
gmake[2]: *** [CMakeFiles/sparse.dir/build.make:76: CMakeFiles/sparse.dir/src/polishedCode.cpp.o] Error 1
gmake[1]: *** [CMakeFiles/Makefile2:417: CMakeFiles/sparse.dir/all] Error 2
gmake[1]: *** Waiting for unfinished jobs....
gmake[2]: *** [CMakeFiles/polishedCode.dir/build.make:76: CMakeFiles/polishedCode.dir/src/polishedCode.cpp.o] Error 1
gmake[1]: *** [CMakeFiles/Makefile2:391: CMakeFiles/polishedCode.dir/all] Error 2
gmake: *** [Makefile:146: all] Error 2
