[01m[K/home/bilal/trail_tracer/src/biy1_ros360_cpp/src/trail_tracer.cpp:[m[K In constructor â€˜[01m[KTestCode::TestCode()[m[Kâ€™:
[01m[K/home/bilal/trail_tracer/src/biy1_ros360_cpp/src/trail_tracer.cpp:258:12:[m[K [01;35m[Kwarning: [m[Kâ€˜[01m[KTestCode::current_northing_[m[Kâ€™ will be initialized after [[01;35m[K]8;;https://gcc.gnu.org/onlinedocs/gcc/Warning-Options.html#index-Wreorder-Wreorder]8;;[m[K]
  258 |     double [01;35m[Kcurrent_northing_[m[K;
      |            [01;35m[K^~~~~~~~~~~~~~~~~[m[K
[01m[K/home/bilal/trail_tracer/src/biy1_ros360_cpp/src/trail_tracer.cpp:256:10:[m[K [01;35m[Kwarning: [m[K  â€˜[01m[Kbool TestCode::first_coord_stored_[m[Kâ€™ [[01;35m[K]8;;https://gcc.gnu.org/onlinedocs/gcc/Warning-Options.html#index-Wreorder-Wreorder]8;;[m[K]
  256 |     bool [01;35m[Kfirst_coord_stored_[m[K;
      |          [01;35m[K^~~~~~~~~~~~~~~~~~~[m[K
[01m[K/home/bilal/trail_tracer/src/biy1_ros360_cpp/src/trail_tracer.cpp:33:5:[m[K [01;35m[Kwarning: [m[K  when initialized here [[01;35m[K]8;;https://gcc.gnu.org/onlinedocs/gcc/Warning-Options.html#index-Wreorder-Wreorder]8;;[m[K]
   33 |     [01;35m[KTestCode[m[K()
      |     [01;35m[K^~~~~~~~[m[K
[01m[K/home/bilal/trail_tracer/src/biy1_ros360_cpp/src/trail_tracer.cpp:[m[K In member function â€˜[01m[Kvoid TestCode::gps_fix_callback(sensor_msgs::msg::NavSatFix_<std::allocator<void> >::SharedPtr)[m[Kâ€™:
[01m[K/home/bilal/trail_tracer/src/biy1_ros360_cpp/src/trail_tracer.cpp:104:9:[m[K [01;31m[Kerror: [m[Kâ€˜[01m[Klast_gps_msg_[m[Kâ€™ was not declared in this scope
  104 |         [01;31m[Klast_gps_msg_[m[K = msg; //Update last known location
      |         [01;31m[K^~~~~~~~~~~~~[m[K
gmake[2]: *** [CMakeFiles/trail_tracer.dir/build.make:76: CMakeFiles/trail_tracer.dir/src/trail_tracer.cpp.o] Error 1
gmake[1]: *** [CMakeFiles/Makefile2:279: CMakeFiles/trail_tracer.dir/all] Error 2
gmake: *** [Makefile:146: all] Error 2
