[0.015s] Invoking command in '/home/bilal/trail_tracer/build/biy1_ros360_cpp': CMAKE_PREFIX_PATH=${CMAKE_PREFIX_PATH}:/home/bilal/trail_tracer/install/web_gui:/home/bilal/learn_ros2_ws/install/web_gui:/home/bilal/learn_ros2_ws/install/nav2_simple_commander:/home/bilal/ros2_ws/install/web_gui:/home/bilal/ros2_ws/install/opencv_tools:/home/bilal/ros2_ws/install/biy1_ros360_py:/opt/ros/humble /usr/bin/cmake --build /home/bilal/trail_tracer/build/biy1_ros360_cpp -- -j12 -l12
[0.079s] [35m[1mConsolidate compiler generated dependencies of target follower[0m
[0.098s] [ 12%] Built target waypoint_navigator
[0.098s] [ 25%] Built target nav2
[0.098s] [ 37%] Built target helloWorld
[0.099s] [ 50%] Built target exampleSubscriber
[0.100s] [ 62%] Built target examplePublisher
[0.100s] [ 75%] Built target testCode
[0.101s] [ 87%] Built target trail_tracer
[0.106s] [ 93%] [32mBuilding CXX object CMakeFiles/follower.dir/src/follower.cpp.o[0m
[2.000s] [01m[K/home/bilal/trail_tracer/src/biy1_ros360_cpp/src/follower.cpp:[m[K In member function â€˜[01m[Kvoid TestCode::process_all_waypoints()[m[Kâ€™:
[2.000s] [01m[K/home/bilal/trail_tracer/src/biy1_ros360_cpp/src/follower.cpp:204:13:[m[K [01;31m[Kerror: [m[Kexpected â€˜[01m[K;[m[Kâ€™ before â€˜[01m[Kjson_stream[m[Kâ€™
[2.000s]   204 |             [01;31m[Kjson_stream[m[K << "{header: {stamp: {sec: " << pose.header.stamp.sec << ", nanosec: " << pose.header.stamp.nanosec
[2.000s]       |             [01;31m[K^~~~~~~~~~~[m[K
[2.005s] [01m[K/home/bilal/trail_tracer/src/biy1_ros360_cpp/src/follower.cpp:213:35:[m[K [01;31m[Kerror: [m[Kâ€˜[01m[Kjson_stream[m[Kâ€™ was not declared in this scope
[2.005s]   213 |         std::string json_output = [01;31m[Kjson_stream[m[K.str();
[2.005s]       |                                   [01;31m[K^~~~~~~~~~~[m[K
[5.615s] gmake[2]: *** [CMakeFiles/follower.dir/build.make:76: CMakeFiles/follower.dir/src/follower.cpp.o] Error 1
[5.615s] gmake[1]: *** [CMakeFiles/Makefile2:333: CMakeFiles/follower.dir/all] Error 2
[5.615s] gmake: *** [Makefile:146: all] Error 2
[5.617s] Invoked command in '/home/bilal/trail_tracer/build/biy1_ros360_cpp' returned '2': CMAKE_PREFIX_PATH=${CMAKE_PREFIX_PATH}:/home/bilal/trail_tracer/install/web_gui:/home/bilal/learn_ros2_ws/install/web_gui:/home/bilal/learn_ros2_ws/install/nav2_simple_commander:/home/bilal/ros2_ws/install/web_gui:/home/bilal/ros2_ws/install/opencv_tools:/home/bilal/ros2_ws/install/biy1_ros360_py:/opt/ros/humble /usr/bin/cmake --build /home/bilal/trail_tracer/build/biy1_ros360_cpp -- -j12 -l12
