[0.020s] Invoking command in '/home/bilal/trail_tracer/build/biy1_ros360_cpp': CMAKE_PREFIX_PATH=${CMAKE_PREFIX_PATH}:/home/bilal/trail_tracer/install/web_gui:/home/bilal/trail_tracer/install/nav2_simple_commander:/home/bilal/learn_ros2_ws/install/web_gui:/home/bilal/learn_ros2_ws/install/nav2_simple_commander:/home/bilal/ros2_ws/install/web_gui:/home/bilal/ros2_ws/install/opencv_tools:/home/bilal/ros2_ws/install/biy1_ros360_py:/opt/ros/humble /usr/bin/cmake --build /home/bilal/trail_tracer/build/biy1_ros360_cpp -- -j12 -l12
[0.101s] [35m[1mConsolidate compiler generated dependencies of target trail_tracer[0m
[0.123s] [ 28%] Built target testCode
[0.123s] [ 28%] Built target examplePublisher
[0.124s] [ 50%] Built target helloWorld
[0.124s] [ 57%] Built target nav2
[0.125s] [ 71%] Built target exampleSubscriber
[0.126s] [ 85%] Built target waypoint_navigator
[0.132s] [ 92%] [32mBuilding CXX object CMakeFiles/trail_tracer.dir/src/trail_tracer.cpp.o[0m
[1.929s] [01m[K/home/bilal/trail_tracer/src/biy1_ros360_cpp/src/trail_tracer.cpp:[m[K In constructor â€˜[01m[KTestCode::TestCode()[m[Kâ€™:
[1.929s] [01m[K/home/bilal/trail_tracer/src/biy1_ros360_cpp/src/trail_tracer.cpp:272:12:[m[K [01;35m[Kwarning: [m[Kâ€˜[01m[KTestCode::last_angular_vel_[m[Kâ€™ will be initialized after [[01;35m[K]8;;https://gcc.gnu.org/onlinedocs/gcc/Warning-Options.html#index-Wreorder-Wreorder]8;;[m[K]
[1.929s]   272 |     double [01;35m[Klast_angular_vel_[m[K;
[1.929s]       |            [01;35m[K^~~~~~~~~~~~~~~~~[m[K
[1.929s] [01m[K/home/bilal/trail_tracer/src/biy1_ros360_cpp/src/trail_tracer.cpp:269:10:[m[K [01;35m[Kwarning: [m[K  â€˜[01m[Kbool TestCode::first_coord_stored_[m[Kâ€™ [[01;35m[K]8;;https://gcc.gnu.org/onlinedocs/gcc/Warning-Options.html#index-Wreorder-Wreorder]8;;[m[K]
[1.929s]   269 |     bool [01;35m[Kfirst_coord_stored_[m[K;
[1.929s]       |          [01;35m[K^~~~~~~~~~~~~~~~~~~[m[K
[1.929s] [01m[K/home/bilal/trail_tracer/src/biy1_ros360_cpp/src/trail_tracer.cpp:33:5:[m[K [01;35m[Kwarning: [m[K  when initialized here [[01;35m[K]8;;https://gcc.gnu.org/onlinedocs/gcc/Warning-Options.html#index-Wreorder-Wreorder]8;;[m[K]
[1.929s]    33 |     [01;35m[KTestCode[m[K()
[1.929s]       |     [01;35m[K^~~~~~~~[m[K
[1.952s] [01m[K/home/bilal/trail_tracer/src/biy1_ros360_cpp/src/trail_tracer.cpp:[m[K In member function â€˜[01m[Kvoid TestCode::gps_fix_callback(sensor_msgs::msg::NavSatFix_<std::allocator<void> >::SharedPtr)[m[Kâ€™:
[1.952s] [01m[K/home/bilal/trail_tracer/src/biy1_ros360_cpp/src/trail_tracer.cpp:109:32:[m[K [01;31m[Kerror: [m[Kcannot convert â€˜[01m[Kconst SharedPtr[m[Kâ€™ {aka â€˜[01m[Kconst std::shared_ptr<sensor_msgs::msg::NavSatFix_<std::allocator<void> > >[m[Kâ€™} to â€˜[01m[Kdouble[m[Kâ€™ in initialization
[1.952s]   109 |         double last_gps_msg_ = [01;31m[Kmsg[m[K; //Update last known location
[1.952s]       |                                [01;31m[K^~~[m[K
[1.952s]       |                                [01;31m[K|[m[K
[1.952s]       |                                [01;31m[Kconst SharedPtr {aka const std::shared_ptr<sensor_msgs::msg::NavSatFix_<std::allocator<void> > >}[m[K
[1.953s] [01m[K/home/bilal/trail_tracer/src/biy1_ros360_cpp/src/trail_tracer.cpp:109:16:[m[K [01;35m[Kwarning: [m[Kunused variable â€˜[01m[Klast_gps_msg_[m[Kâ€™ [[01;35m[K]8;;https://gcc.gnu.org/onlinedocs/gcc/Warning-Options.html#index-Wunused-variable-Wunused-variable]8;;[m[K]
[1.953s]   109 |         double [01;35m[Klast_gps_msg_[m[K = msg; //Update last known location
[1.953s]       |                [01;35m[K^~~~~~~~~~~~~[m[K
[1.958s] [01m[K/home/bilal/trail_tracer/src/biy1_ros360_cpp/src/trail_tracer.cpp:[m[K In member function â€˜[01m[Kvoid TestCode::imu_data_callback(sensor_msgs::msg::Imu_<std::allocator<void> >::SharedPtr)[m[Kâ€™:
[1.959s] [01m[K/home/bilal/trail_tracer/src/biy1_ros360_cpp/src/trail_tracer.cpp:189:21:[m[K [01;35m[Kwarning: [m[Kunused variable â€˜[01m[Kangular_velocity_z_threshold[m[Kâ€™ [[01;35m[K]8;;https://gcc.gnu.org/onlinedocs/gcc/Warning-Options.html#index-Wunused-variable-Wunused-variable]8;;[m[K]
[1.959s]   189 |         const float [01;35m[Kangular_velocity_z_threshold[m[K = 0.02; // Threshold for significant rotation around the z-axis
[1.959s]       |                     [01;35m[K^~~~~~~~~~~~~~~~~~~~~~~~~~~~[m[K
[1.959s] [01m[K/home/bilal/trail_tracer/src/biy1_ros360_cpp/src/trail_tracer.cpp:188:67:[m[K [01;35m[Kwarning: [m[Kunused parameter â€˜[01m[Kmsg[m[Kâ€™ [[01;35m[K]8;;https://gcc.gnu.org/onlinedocs/gcc/Warning-Options.html#index-Wunused-parameter-Wunused-parameter]8;;[m[K]
[1.959s]   188 |     void imu_data_callback([01;35m[Kconst sensor_msgs::msg::Imu::SharedPtr msg[m[K) {
[1.959s]       |                            [01;35m[K~~~~~~~~~~~~~~~~~~~~~~~~~~~~~~~~~~~~~~~^~~[m[K
[6.762s] gmake[2]: *** [CMakeFiles/trail_tracer.dir/build.make:76: CMakeFiles/trail_tracer.dir/src/trail_tracer.cpp.o] Error 1
[6.762s] gmake[1]: *** [CMakeFiles/Makefile2:279: CMakeFiles/trail_tracer.dir/all] Error 2
[6.762s] gmake: *** [Makefile:146: all] Error 2
[6.765s] Invoked command in '/home/bilal/trail_tracer/build/biy1_ros360_cpp' returned '2': CMAKE_PREFIX_PATH=${CMAKE_PREFIX_PATH}:/home/bilal/trail_tracer/install/web_gui:/home/bilal/trail_tracer/install/nav2_simple_commander:/home/bilal/learn_ros2_ws/install/web_gui:/home/bilal/learn_ros2_ws/install/nav2_simple_commander:/home/bilal/ros2_ws/install/web_gui:/home/bilal/ros2_ws/install/opencv_tools:/home/bilal/ros2_ws/install/biy1_ros360_py:/opt/ros/humble /usr/bin/cmake --build /home/bilal/trail_tracer/build/biy1_ros360_cpp -- -j12 -l12
