[35m[1mConsolidate compiler generated dependencies of target follower[0m
[ 25%] Built target testCode
[ 25%] Built target examplePublisher
[ 37%] Built target exampleSubscriber
[ 50%] Built target nav2
[ 62%] Built target helloWorld
[ 75%] Built target trail_tracer
[ 81%] [32mBuilding CXX object CMakeFiles/follower.dir/src/follower.cpp.o[0m
[ 93%] Built target waypoint_navigator
[01m[K/home/bilal/trail_tracer/src/biy1_ros360_cpp/src/follower.cpp:[m[K In member function â€˜[01m[Kvoid TestCode::file_loader_callback(std_msgs::msg::String_<std::allocator<void> >::SharedPtr)[m[Kâ€™:
[01m[K/home/bilal/trail_tracer/src/biy1_ros360_cpp/src/follower.cpp:189:9:[m[K [01;31m[Kerror: [m[Kâ€˜[01m[Ksend_collected_waypoints[m[Kâ€™ was not declared in this scope
  189 |         [01;31m[Ksend_collected_waypoints[m[K();
      |         [01;31m[K^~~~~~~~~~~~~~~~~~~~~~~~[m[K
gmake[2]: *** [CMakeFiles/follower.dir/build.make:76: CMakeFiles/follower.dir/src/follower.cpp.o] Error 1
gmake[1]: *** [CMakeFiles/Makefile2:333: CMakeFiles/follower.dir/all] Error 2
gmake: *** [Makefile:146: all] Error 2
