[0.042s] Invoking command in '/home/bilal/trail_tracer/build/biy1_ros360_cpp': CMAKE_PREFIX_PATH=${CMAKE_PREFIX_PATH}:/home/bilal/trail_tracer/install/web_gui:/home/bilal/learn_ros2_ws/install/web_gui:/home/bilal/learn_ros2_ws/install/nav2_simple_commander:/home/bilal/ros2_ws/install/web_gui:/home/bilal/ros2_ws/install/opencv_tools:/home/bilal/ros2_ws/install/biy1_ros360_py:/opt/ros/humble /usr/bin/cmake --build /home/bilal/trail_tracer/build/biy1_ros360_cpp -- -j12 -l12
[0.119s] [35m[1mConsolidate compiler generated dependencies of target follower[0m
[0.137s] [ 25%] Built target testCode
[0.137s] [ 25%] Built target examplePublisher
[0.138s] [ 37%] Built target exampleSubscriber
[0.139s] [ 50%] Built target nav2
[0.141s] [ 62%] Built target helloWorld
[0.143s] [ 75%] Built target trail_tracer
[0.153s] [ 81%] [32mBuilding CXX object CMakeFiles/follower.dir/src/follower.cpp.o[0m
[0.154s] [ 93%] Built target waypoint_navigator
[2.040s] [01m[K/home/bilal/trail_tracer/src/biy1_ros360_cpp/src/follower.cpp:[m[K In member function â€˜[01m[Kvoid TestCode::file_loader_callback(std_msgs::msg::String_<std::allocator<void> >::SharedPtr)[m[Kâ€™:
[2.040s] [01m[K/home/bilal/trail_tracer/src/biy1_ros360_cpp/src/follower.cpp:189:9:[m[K [01;31m[Kerror: [m[Kâ€˜[01m[Ksend_collected_waypoints[m[Kâ€™ was not declared in this scope
[2.040s]   189 |         [01;31m[Ksend_collected_waypoints[m[K();
[2.040s]       |         [01;31m[K^~~~~~~~~~~~~~~~~~~~~~~~[m[K
[4.462s] gmake[2]: *** [CMakeFiles/follower.dir/build.make:76: CMakeFiles/follower.dir/src/follower.cpp.o] Error 1
[4.462s] gmake[1]: *** [CMakeFiles/Makefile2:333: CMakeFiles/follower.dir/all] Error 2
[4.463s] gmake: *** [Makefile:146: all] Error 2
[4.465s] Invoked command in '/home/bilal/trail_tracer/build/biy1_ros360_cpp' returned '2': CMAKE_PREFIX_PATH=${CMAKE_PREFIX_PATH}:/home/bilal/trail_tracer/install/web_gui:/home/bilal/learn_ros2_ws/install/web_gui:/home/bilal/learn_ros2_ws/install/nav2_simple_commander:/home/bilal/ros2_ws/install/web_gui:/home/bilal/ros2_ws/install/opencv_tools:/home/bilal/ros2_ws/install/biy1_ros360_py:/opt/ros/humble /usr/bin/cmake --build /home/bilal/trail_tracer/build/biy1_ros360_cpp -- -j12 -l12
