[01m[K/home/bilal/trail_tracer/src/biy1_ros360_cpp/src/follower.cpp:[m[K In constructor â€˜[01m[KTestCode::TestCode()[m[Kâ€™:
[01m[K/home/bilal/trail_tracer/src/biy1_ros360_cpp/src/follower.cpp:75:49:[m[K [01;31m[Kerror: [m[Kclass â€˜[01m[KTestCode[m[Kâ€™ does not have any field named â€˜[01m[Kcurrent_northing_[m[Kâ€™
   75 |     TestCode() : Node("robot_movement_control"),[01;31m[Kcurrent_northing_[m[K(0.0), current_easting_(0.0), waypoint_sender_(std::make_shared<WaypointSender>("waypoint_sender")) {
      |                                                 [01;31m[K^~~~~~~~~~~~~~~~~[m[K
[01m[K/home/bilal/trail_tracer/src/biy1_ros360_cpp/src/follower.cpp:75:73:[m[K [01;31m[Kerror: [m[Kclass â€˜[01m[KTestCode[m[Kâ€™ does not have any field named â€˜[01m[Kcurrent_easting_[m[Kâ€™
   75 |     TestCode() : Node("robot_movement_control"),current_northing_(0.0), [01;31m[Kcurrent_easting_[m[K(0.0), waypoint_sender_(std::make_shared<WaypointSender>("waypoint_sender")) {
      |                                                                         [01;31m[K^~~~~~~~~~~~~~~~[m[K
[01m[K/home/bilal/trail_tracer/src/biy1_ros360_cpp/src/follower.cpp:75:96:[m[K [01;31m[Kerror: [m[Kclass â€˜[01m[KTestCode[m[Kâ€™ does not have any field named â€˜[01m[Kwaypoint_sender_[m[Kâ€™
   75 |     TestCode() : Node("robot_movement_control"),current_northing_(0.0), current_easting_(0.0), [01;31m[Kwaypoint_sender_[m[K(std::make_shared<WaypointSender>("waypoint_sender")) {
      |                                                                                                [01;31m[K^~~~~~~~~~~~~~~~[m[K
[01m[K/home/bilal/trail_tracer/src/biy1_ros360_cpp/src/follower.cpp:77:49:[m[K [01;31m[Kerror: [m[Kâ€˜[01m[Ktrails_directory_[m[Kâ€™ was not declared in this scope
   77 |         this->get_parameter("trails_directory", [01;31m[Ktrails_directory_[m[K);
      |                                                 [01;31m[K^~~~~~~~~~~~~~~~~[m[K
[01m[K/home/bilal/trail_tracer/src/biy1_ros360_cpp/src/follower.cpp:81:9:[m[K [01;31m[Kerror: [m[Kâ€˜[01m[Kfile_names_publisher_[m[Kâ€™ was not declared in this scope
   81 |         [01;31m[Kfile_names_publisher_[m[K = this->create_publisher<std_msgs::msg::String>("/trail_files", 10);
      |         [01;31m[K^~~~~~~~~~~~~~~~~~~~~[m[K
[01m[K/home/bilal/trail_tracer/src/biy1_ros360_cpp/src/follower.cpp:83:9:[m[K [01;31m[Kerror: [m[Kâ€˜[01m[Kload_file_subscription_[m[Kâ€™ was not declared in this scope
   83 |         [01;31m[Kload_file_subscription_[m[K = this->create_subscription<std_msgs::msg::String>(
      |         [01;31m[K^~~~~~~~~~~~~~~~~~~~~~~[m[K
[01m[K/home/bilal/trail_tracer/src/biy1_ros360_cpp/src/follower.cpp:87:9:[m[K [01;31m[Kerror: [m[Kâ€˜[01m[Kgps_to_utm_subscription_[m[Kâ€™ was not declared in this scope
   87 |         [01;31m[Kgps_to_utm_subscription_[m[K = this->create_subscription<geometry_msgs::msg::PoseStamped>(
      |         [01;31m[K^~~~~~~~~~~~~~~~~~~~~~~~[m[K
[01m[K/home/bilal/trail_tracer/src/biy1_ros360_cpp/src/follower.cpp:91:9:[m[K [01;31m[Kerror: [m[Kâ€˜[01m[Ktimer_publish_file_names_[m[Kâ€™ was not declared in this scope; did you mean â€˜[01m[Kpublish_file_name[m[Kâ€™?
   91 |         [01;31m[Ktimer_publish_file_names_[m[K = this->create_wall_timer(
      |         [01;31m[K^~~~~~~~~~~~~~~~~~~~~~~~~[m[K
      |         [32m[Kpublish_file_name[m[K
[01m[K/home/bilal/trail_tracer/src/biy1_ros360_cpp/src/follower.cpp:94:9:[m[K [01;31m[Kerror: [m[Kâ€˜[01m[Kwaypoints_[m[Kâ€™ was not declared in this scope
   94 |         [01;31m[Kwaypoints_[m[K = std::vector<std::pair<float,float>>();
      |         [01;31m[K^~~~~~~~~~[m[K
[01m[K/home/bilal/trail_tracer/src/biy1_ros360_cpp/src/follower.cpp:[m[K In member function â€˜[01m[Kvoid TestCode::utm_data_callback(geometry_msgs::msg::PoseStamped_<std::allocator<void> >::SharedPtr)[m[Kâ€™:
[01m[K/home/bilal/trail_tracer/src/biy1_ros360_cpp/src/follower.cpp:139:9:[m[K [01;31m[Kerror: [m[Kâ€˜[01m[Kcurrent_easting_[m[Kâ€™ was not declared in this scope
  139 |         [01;31m[Kcurrent_easting_[m[K = msg->pose.position.x;
      |         [01;31m[K^~~~~~~~~~~~~~~~[m[K
[01m[K/home/bilal/trail_tracer/src/biy1_ros360_cpp/src/follower.cpp:140:9:[m[K [01;31m[Kerror: [m[Kâ€˜[01m[Kcurrent_northing_[m[Kâ€™ was not declared in this scope
  140 |         [01;31m[Kcurrent_northing_[m[K = msg->pose.position.y;
      |         [01;31m[K^~~~~~~~~~~~~~~~~[m[K
[01m[K/home/bilal/trail_tracer/src/biy1_ros360_cpp/src/follower.cpp:[m[K In member function â€˜[01m[Kvoid TestCode::publish_file_name()[m[Kâ€™:
[01m[K/home/bilal/trail_tracer/src/biy1_ros360_cpp/src/follower.cpp:157:9:[m[K [01;31m[Kerror: [m[Kâ€˜[01m[Kfile_names_publisher_[m[Kâ€™ was not declared in this scope
  157 |         [01;31m[Kfile_names_publisher_[m[K->publish(msg);
      |         [01;31m[K^~~~~~~~~~~~~~~~~~~~~[m[K
[01m[K/home/bilal/trail_tracer/src/biy1_ros360_cpp/src/follower.cpp:[m[K In member function â€˜[01m[Kvoid TestCode::file_loader_callback(std_msgs::msg::String_<std::allocator<void> >::SharedPtr)[m[Kâ€™:
[01m[K/home/bilal/trail_tracer/src/biy1_ros360_cpp/src/follower.cpp:173:9:[m[K [01;31m[Kerror: [m[Kâ€˜[01m[Kwaypoints_[m[Kâ€™ was not declared in this scope
  173 |         [01;31m[Kwaypoints_[m[K.clear(); // Clear any existing waypoints before loading new ones
      |         [01;31m[K^~~~~~~~~~[m[K
[01m[K/home/bilal/trail_tracer/src/biy1_ros360_cpp/src/follower.cpp:189:9:[m[K [01;31m[Kerror: [m[Kâ€˜[01m[Kwaypoint_sender_[m[Kâ€™ was not declared in this scope; did you mean â€˜[01m[KWaypointSender[m[Kâ€™?
  189 |         [01;31m[Kwaypoint_sender_[m[K->set_waypoints(pose_stamped_waypoints_);
      |         [01;31m[K^~~~~~~~~~~~~~~~[m[K
      |         [32m[KWaypointSender[m[K
[01m[K/home/bilal/trail_tracer/src/biy1_ros360_cpp/src/follower.cpp:189:41:[m[K [01;31m[Kerror: [m[Kâ€˜[01m[Kpose_stamped_waypoints_[m[Kâ€™ was not declared in this scope
  189 |         waypoint_sender_->set_waypoints([01;31m[Kpose_stamped_waypoints_[m[K);
      |                                         [01;31m[K^~~~~~~~~~~~~~~~~~~~~~~[m[K
[01m[K/home/bilal/trail_tracer/src/biy1_ros360_cpp/src/follower.cpp:[m[K In member function â€˜[01m[Kvoid TestCode::process_next_waypoint()[m[Kâ€™:
[01m[K/home/bilal/trail_tracer/src/biy1_ros360_cpp/src/follower.cpp:193:13:[m[K [01;31m[Kerror: [m[Kâ€˜[01m[Kwaypoints_[m[Kâ€™ was not declared in this scope
  193 |         if ([01;31m[Kwaypoints_[m[K.empty()) {
      |             [01;31m[K^~~~~~~~~~[m[K
[01m[K/home/bilal/trail_tracer/src/biy1_ros360_cpp/src/follower.cpp:198:27:[m[K [01;31m[Kerror: [m[Kâ€˜[01m[Kwaypoints_[m[Kâ€™ was not declared in this scope
  198 |         auto [lat, lon] = [01;31m[Kwaypoints_[m[K.front();
      |                           [01;31m[K^~~~~~~~~~[m[K
[01m[K/home/bilal/trail_tracer/src/biy1_ros360_cpp/src/follower.cpp:206:35:[m[K [01;31m[Kerror: [m[Kâ€˜[01m[Kcurrent_easting_[m[Kâ€™ was not declared in this scope
  206 |         double relative_easting = [01;31m[Kcurrent_easting_[m[K - easting;
      |                                   [01;31m[K^~~~~~~~~~~~~~~~[m[K
[01m[K/home/bilal/trail_tracer/src/biy1_ros360_cpp/src/follower.cpp:207:36:[m[K [01;31m[Kerror: [m[Kâ€˜[01m[Kcurrent_northing_[m[Kâ€™ was not declared in this scope
  207 |         double relative_northing = [01;31m[Kcurrent_northing_[m[K - northing;
      |                                    [01;31m[K^~~~~~~~~~~~~~~~~[m[K
[01m[K/home/bilal/trail_tracer/src/biy1_ros360_cpp/src/follower.cpp:221:9:[m[K [01;31m[Kerror: [m[Kâ€˜[01m[Kpose_stamped_waypoints_[m[Kâ€™ was not declared in this scope
  221 |         [01;31m[Kpose_stamped_waypoints_[m[K.push_back(goal_pose);
      |         [01;31m[K^~~~~~~~~~~~~~~~~~~~~~~[m[K
[01m[K/home/bilal/trail_tracer/src/biy1_ros360_cpp/src/follower.cpp:[m[K At global scope:
[01m[K/home/bilal/trail_tracer/src/biy1_ros360_cpp/src/follower.cpp:229:37:[m[K [01;31m[Kerror: [m[Kexpected initializer before â€˜[01m[Kcreate_waypoint[m[Kâ€™
  229 |     geometry_msgs::msg::PoseStamped [01;31m[Kcreate_waypoint[m[K(double x, double y, double z, double w) {
      |                                     [01;31m[K^~~~~~~~~~~~~~~[m[K
[01m[K/home/bilal/trail_tracer/src/biy1_ros360_cpp/src/follower.cpp:252:1:[m[K [01;31m[Kerror: [m[Kexpected declaration before â€˜[01m[K}[m[Kâ€™ token
  252 | [01;31m[K}[m[K;
      | [01;31m[K^[m[K
gmake[2]: *** [CMakeFiles/follower.dir/build.make:76: CMakeFiles/follower.dir/src/follower.cpp.o] Error 1
gmake[1]: *** [CMakeFiles/Makefile2:333: CMakeFiles/follower.dir/all] Error 2
gmake: *** [Makefile:146: all] Error 2
