-- Found ament_cmake: 1.3.8 (/opt/ros/humble/share/ament_cmake/cmake)
-- Found rclcpp: 16.0.8 (/opt/ros/humble/share/rclcpp/cmake)
-- Found rosidl_generator_c: 3.1.5 (/opt/ros/humble/share/rosidl_generator_c/cmake)
-- Found rosidl_adapter: 3.1.5 (/opt/ros/humble/share/rosidl_adapter/cmake)
-- Found rosidl_generator_cpp: 3.1.5 (/opt/ros/humble/share/rosidl_generator_cpp/cmake)
-- Using all available rosidl_typesupport_c: rosidl_typesupport_fastrtps_c;rosidl_typesupport_introspection_c
-- Using all available rosidl_typesupport_cpp: rosidl_typesupport_fastrtps_cpp;rosidl_typesupport_introspection_cpp
-- Found rmw_implementation_cmake: 6.1.1 (/opt/ros/humble/share/rmw_implementation_cmake/cmake)
-- Found rmw_fastrtps_cpp: 6.2.6 (/opt/ros/humble/share/rmw_fastrtps_cpp/cmake)
-- Using RMW implementation 'rmw_fastrtps_cpp' as default
-- Found geometry_msgs: 4.2.3 (/opt/ros/humble/share/geometry_msgs/cmake)
-- Found sensor_msgs: 4.2.3 (/opt/ros/humble/share/sensor_msgs/cmake)
-- Found tf2_geometry_msgs: 0.25.6 (/opt/ros/humble/share/tf2_geometry_msgs/cmake)
-- Found eigen3_cmake_module: 0.1.1 (/opt/ros/humble/share/eigen3_cmake_module/cmake)
-- Ensuring Eigen3 include directory is part of orocos-kdl CMake target
-- Found nav2_msgs: 1.1.13 (/home/bilal/learn_ros2_ws/install/nav2_msgs/share/nav2_msgs/cmake)
-- Found ament_lint_auto: 0.12.10 (/opt/ros/humble/share/ament_lint_auto/cmake)
-- Added test 'cppcheck' to perform static code analysis on C / C++ code
-- Configured cppcheck include dirs: $<BUILD_INTERFACE:/home/bilal/trail_tracer/src/biy1_ros360_cpp/include>
-- Configured cppcheck exclude dirs and/or files: 
-- Added test 'lint_cmake' to check CMake code style
-- Added test 'uncrustify' to check C / C++ code style
-- Configured uncrustify additional arguments: 
-- Added test 'xmllint' to check XML markup files
-- Configuring done
-- Generating done
-- Build files have been written to: /home/bilal/trail_tracer/build/biy1_ros360_cpp
[35m[1mConsolidate compiler generated dependencies of target nav2[0m
[35m[1mConsolidate compiler generated dependencies of target exampleSubscriber[0m
[35m[1mConsolidate compiler generated dependencies of target trail_tracer[0m
[35m[1mConsolidate compiler generated dependencies of target testCode[0m
[35m[1mConsolidate compiler generated dependencies of target helloWorld[0m
[35m[1mConsolidate compiler generated dependencies of target follower[0m
[35m[1mConsolidate compiler generated dependencies of target sparse[0m
[35m[1mConsolidate compiler generated dependencies of target polishedCode[0m
[35m[1mConsolidate compiler generated dependencies of target code_test[0m
[35m[1mConsolidate compiler generated dependencies of target examplePublisher[0m
[35m[1mConsolidate compiler generated dependencies of target waypoint_navigator[0m
[  9%] Built target exampleSubscriber
[ 27%] Built target nav2
[ 27%] Built target trail_tracer
[ 36%] Built target testCode
[ 54%] Built target helloWorld
[ 54%] Built target polishedCode
[ 63%] Built target sparse
[ 72%] Built target code_test
[ 81%] Built target follower
[ 90%] Built target examplePublisher
[ 95%] [32mBuilding CXX object CMakeFiles/waypoint_navigator.dir/src/waypoint_navigator.cpp.o[0m
[01m[K/home/bilal/trail_tracer/src/biy1_ros360_cpp/src/waypoint_navigator.cpp:30:10:[m[K [01;31m[Kfatal error: [m[Knav2_msgs/action/travel_through_poses.hpp: No such file or directory
   30 | #include [01;31m[K<nav2_msgs/action/travel_through_poses.hpp>[m[K
      |          [01;31m[K^~~~~~~~~~~~~~~~~~~~~~~~~~~~~~~~~~~~~~~~~~~[m[K
compilation terminated.
gmake[2]: *** [CMakeFiles/waypoint_navigator.dir/build.make:76: CMakeFiles/waypoint_navigator.dir/src/waypoint_navigator.cpp.o] Error 1
gmake[1]: *** [CMakeFiles/Makefile2:313: CMakeFiles/waypoint_navigator.dir/all] Error 2
gmake: *** [Makefile:146: all] Error 2
