[0.015s] Invoking command in '/home/bilal/trail_tracer/build/biy1_ros360_cpp': CMAKE_PREFIX_PATH=${CMAKE_PREFIX_PATH}:/home/bilal/trail_tracer/install/web_gui:/home/bilal/learn_ros2_ws/install/web_gui:/home/bilal/learn_ros2_ws/install/nav2_simple_commander:/home/bilal/ros2_ws/install/web_gui:/home/bilal/ros2_ws/install/opencv_tools:/home/bilal/ros2_ws/install/biy1_ros360_py:/opt/ros/humble /usr/bin/cmake --build /home/bilal/trail_tracer/build/biy1_ros360_cpp -- -j12 -l12
[0.054s] -- Found ament_cmake: 1.3.8 (/opt/ros/humble/share/ament_cmake/cmake)
[0.176s] -- Found rclcpp: 16.0.8 (/opt/ros/humble/share/rclcpp/cmake)
[0.212s] -- Found rosidl_generator_c: 3.1.5 (/opt/ros/humble/share/rosidl_generator_c/cmake)
[0.214s] -- Found rosidl_adapter: 3.1.5 (/opt/ros/humble/share/rosidl_adapter/cmake)
[0.221s] -- Found rosidl_generator_cpp: 3.1.5 (/opt/ros/humble/share/rosidl_generator_cpp/cmake)
[0.232s] -- Using all available rosidl_typesupport_c: rosidl_typesupport_fastrtps_c;rosidl_typesupport_introspection_c
[0.248s] -- Using all available rosidl_typesupport_cpp: rosidl_typesupport_fastrtps_cpp;rosidl_typesupport_introspection_cpp
[0.299s] -- Found rmw_implementation_cmake: 6.1.1 (/opt/ros/humble/share/rmw_implementation_cmake/cmake)
[0.302s] -- Found rmw_fastrtps_cpp: 6.2.6 (/opt/ros/humble/share/rmw_fastrtps_cpp/cmake)
[0.461s] -- Using RMW implementation 'rmw_fastrtps_cpp' as default
[0.578s] -- Found geometry_msgs: 4.2.3 (/opt/ros/humble/share/geometry_msgs/cmake)
[0.609s] -- Found sensor_msgs: 4.2.3 (/opt/ros/humble/share/sensor_msgs/cmake)
[0.669s] -- Found tf2_geometry_msgs: 0.25.6 (/opt/ros/humble/share/tf2_geometry_msgs/cmake)
[0.673s] -- Found eigen3_cmake_module: 0.1.1 (/opt/ros/humble/share/eigen3_cmake_module/cmake)
[0.674s] -- Ensuring Eigen3 include directory is part of orocos-kdl CMake target
[0.936s] -- Found nav2_msgs: 1.1.13 (/home/bilal/learn_ros2_ws/install/nav2_msgs/share/nav2_msgs/cmake)
[1.218s] -- Found ament_lint_auto: 0.12.10 (/opt/ros/humble/share/ament_lint_auto/cmake)
[1.283s] -- Added test 'cppcheck' to perform static code analysis on C / C++ code
[1.283s] -- Configured cppcheck include dirs: $<BUILD_INTERFACE:/home/bilal/trail_tracer/src/biy1_ros360_cpp/include>
[1.283s] -- Configured cppcheck exclude dirs and/or files: 
[1.284s] -- Added test 'lint_cmake' to check CMake code style
[1.286s] -- Added test 'uncrustify' to check C / C++ code style
[1.286s] -- Configured uncrustify additional arguments: 
[1.286s] -- Added test 'xmllint' to check XML markup files
[1.287s] -- Configuring done
[1.332s] -- Generating done
[1.335s] -- Build files have been written to: /home/bilal/trail_tracer/build/biy1_ros360_cpp
[1.381s] [35m[1mConsolidate compiler generated dependencies of target nav2[0m
[1.381s] [35m[1mConsolidate compiler generated dependencies of target exampleSubscriber[0m
[1.381s] [35m[1mConsolidate compiler generated dependencies of target trail_tracer[0m
[1.381s] [35m[1mConsolidate compiler generated dependencies of target testCode[0m
[1.382s] [35m[1mConsolidate compiler generated dependencies of target helloWorld[0m
[1.383s] [35m[1mConsolidate compiler generated dependencies of target follower[0m
[1.384s] [35m[1mConsolidate compiler generated dependencies of target sparse[0m
[1.384s] [35m[1mConsolidate compiler generated dependencies of target polishedCode[0m
[1.392s] [35m[1mConsolidate compiler generated dependencies of target code_test[0m
[1.393s] [35m[1mConsolidate compiler generated dependencies of target examplePublisher[0m
[1.397s] [35m[1mConsolidate compiler generated dependencies of target waypoint_navigator[0m
[1.417s] [  9%] Built target exampleSubscriber
[1.418s] [ 27%] Built target nav2
[1.418s] [ 27%] Built target trail_tracer
[1.423s] [ 36%] Built target testCode
[1.423s] [ 54%] Built target helloWorld
[1.423s] [ 54%] Built target polishedCode
[1.423s] [ 63%] Built target sparse
[1.425s] [ 72%] Built target code_test
[1.426s] [ 81%] Built target follower
[1.426s] [ 90%] Built target examplePublisher
[1.433s] [ 95%] [32mBuilding CXX object CMakeFiles/waypoint_navigator.dir/src/waypoint_navigator.cpp.o[0m
[1.781s] [01m[K/home/bilal/trail_tracer/src/biy1_ros360_cpp/src/waypoint_navigator.cpp:30:10:[m[K [01;31m[Kfatal error: [m[Knav2_msgs/action/travel_through_poses.hpp: No such file or directory
[1.781s]    30 | #include [01;31m[K<nav2_msgs/action/travel_through_poses.hpp>[m[K
[1.781s]       |          [01;31m[K^~~~~~~~~~~~~~~~~~~~~~~~~~~~~~~~~~~~~~~~~~~[m[K
[1.781s] compilation terminated.
[1.784s] gmake[2]: *** [CMakeFiles/waypoint_navigator.dir/build.make:76: CMakeFiles/waypoint_navigator.dir/src/waypoint_navigator.cpp.o] Error 1
[1.784s] gmake[1]: *** [CMakeFiles/Makefile2:313: CMakeFiles/waypoint_navigator.dir/all] Error 2
[1.784s] gmake: *** [Makefile:146: all] Error 2
[1.787s] Invoked command in '/home/bilal/trail_tracer/build/biy1_ros360_cpp' returned '2': CMAKE_PREFIX_PATH=${CMAKE_PREFIX_PATH}:/home/bilal/trail_tracer/install/web_gui:/home/bilal/learn_ros2_ws/install/web_gui:/home/bilal/learn_ros2_ws/install/nav2_simple_commander:/home/bilal/ros2_ws/install/web_gui:/home/bilal/ros2_ws/install/opencv_tools:/home/bilal/ros2_ws/install/biy1_ros360_py:/opt/ros/humble /usr/bin/cmake --build /home/bilal/trail_tracer/build/biy1_ros360_cpp -- -j12 -l12
