[0.020s] Invoking command in '/home/bilal/trail_tracer/build/biy1_ros360_cpp': CMAKE_PREFIX_PATH=${CMAKE_PREFIX_PATH}:/home/bilal/trail_tracer/install/web_gui:/home/bilal/trail_tracer/install/nav2_simple_commander:/home/bilal/learn_ros2_ws/install/web_gui:/home/bilal/learn_ros2_ws/install/nav2_simple_commander:/home/bilal/ros2_ws/install/web_gui:/home/bilal/ros2_ws/install/opencv_tools:/home/bilal/ros2_ws/install/biy1_ros360_py:/opt/ros/humble /usr/bin/cmake --build /home/bilal/trail_tracer/build/biy1_ros360_cpp -- -j12 -l12
[0.099s] [35m[1mConsolidate compiler generated dependencies of target trail_tracer[0m
[0.125s] [ 14%] Built target helloWorld
[0.125s] [ 28%] Built target examplePublisher
[0.125s] [ 42%] Built target testCode
[0.129s] [ 57%] Built target exampleSubscriber
[0.129s] [ 71%] Built target nav2
[0.130s] [ 85%] Built target waypoint_navigator
[0.132s] [ 92%] [32mBuilding CXX object CMakeFiles/trail_tracer.dir/src/trail_tracer.cpp.o[0m
[1.923s] [01m[K/home/bilal/trail_tracer/src/biy1_ros360_cpp/src/trail_tracer.cpp:[m[K In constructor â€˜[01m[KTestCode::TestCode()[m[Kâ€™:
[1.923s] [01m[K/home/bilal/trail_tracer/src/biy1_ros360_cpp/src/trail_tracer.cpp:258:12:[m[K [01;35m[Kwarning: [m[Kâ€˜[01m[KTestCode::current_northing_[m[Kâ€™ will be initialized after [[01;35m[K]8;;https://gcc.gnu.org/onlinedocs/gcc/Warning-Options.html#index-Wreorder-Wreorder]8;;[m[K]
[1.923s]   258 |     double [01;35m[Kcurrent_northing_[m[K;
[1.923s]       |            [01;35m[K^~~~~~~~~~~~~~~~~[m[K
[1.923s] [01m[K/home/bilal/trail_tracer/src/biy1_ros360_cpp/src/trail_tracer.cpp:256:10:[m[K [01;35m[Kwarning: [m[K  â€˜[01m[Kbool TestCode::first_coord_stored_[m[Kâ€™ [[01;35m[K]8;;https://gcc.gnu.org/onlinedocs/gcc/Warning-Options.html#index-Wreorder-Wreorder]8;;[m[K]
[1.924s]   256 |     bool [01;35m[Kfirst_coord_stored_[m[K;
[1.924s]       |          [01;35m[K^~~~~~~~~~~~~~~~~~~[m[K
[1.924s] [01m[K/home/bilal/trail_tracer/src/biy1_ros360_cpp/src/trail_tracer.cpp:33:5:[m[K [01;35m[Kwarning: [m[K  when initialized here [[01;35m[K]8;;https://gcc.gnu.org/onlinedocs/gcc/Warning-Options.html#index-Wreorder-Wreorder]8;;[m[K]
[1.924s]    33 |     [01;35m[KTestCode[m[K()
[1.924s]       |     [01;35m[K^~~~~~~~[m[K
[1.951s] [01m[K/home/bilal/trail_tracer/src/biy1_ros360_cpp/src/trail_tracer.cpp:[m[K In member function â€˜[01m[Kvoid TestCode::gps_fix_callback(sensor_msgs::msg::NavSatFix_<std::allocator<void> >::SharedPtr)[m[Kâ€™:
[1.951s] [01m[K/home/bilal/trail_tracer/src/biy1_ros360_cpp/src/trail_tracer.cpp:104:9:[m[K [01;31m[Kerror: [m[Kâ€˜[01m[Klast_gps_msg_[m[Kâ€™ was not declared in this scope
[1.951s]   104 |         [01;31m[Klast_gps_msg_[m[K = msg; //Update last known location
[1.951s]       |         [01;31m[K^~~~~~~~~~~~~[m[K
[6.084s] gmake[2]: *** [CMakeFiles/trail_tracer.dir/build.make:76: CMakeFiles/trail_tracer.dir/src/trail_tracer.cpp.o] Error 1
[6.084s] gmake[1]: *** [CMakeFiles/Makefile2:279: CMakeFiles/trail_tracer.dir/all] Error 2
[6.084s] gmake: *** [Makefile:146: all] Error 2
[6.086s] Invoked command in '/home/bilal/trail_tracer/build/biy1_ros360_cpp' returned '2': CMAKE_PREFIX_PATH=${CMAKE_PREFIX_PATH}:/home/bilal/trail_tracer/install/web_gui:/home/bilal/trail_tracer/install/nav2_simple_commander:/home/bilal/learn_ros2_ws/install/web_gui:/home/bilal/learn_ros2_ws/install/nav2_simple_commander:/home/bilal/ros2_ws/install/web_gui:/home/bilal/ros2_ws/install/opencv_tools:/home/bilal/ros2_ws/install/biy1_ros360_py:/opt/ros/humble /usr/bin/cmake --build /home/bilal/trail_tracer/build/biy1_ros360_cpp -- -j12 -l12
