[0.045s] Invoking command in '/home/bilal/trail_tracer/build/biy1_ros360_cpp': CMAKE_PREFIX_PATH=${CMAKE_PREFIX_PATH}:/home/bilal/trail_tracer/install/web_gui:/home/bilal/learn_ros2_ws/install/web_gui:/home/bilal/learn_ros2_ws/install/nav2_simple_commander:/home/bilal/ros2_ws/install/web_gui:/home/bilal/ros2_ws/install/opencv_tools:/home/bilal/ros2_ws/install/biy1_ros360_py:/opt/ros/humble /usr/bin/cmake --build /home/bilal/trail_tracer/build/biy1_ros360_cpp -- -j12 -l12
[0.146s] [35m[1mConsolidate compiler generated dependencies of target polishedCode[0m
[0.150s] [35m[1mConsolidate compiler generated dependencies of target sparse[0m
[0.169s] [ 27%] Built target exampleSubscriber
[0.169s] [ 27%] Built target testCode
[0.169s] [ 27%] Built target trail_tracer
[0.177s] [ 36%] Built target waypoint_navigator
[0.178s] [ 45%] Built target helloWorld
[0.179s] [ 54%] Built target follower
[0.179s] [ 63%] Built target nav2
[0.185s] [ 72%] Built target examplePublisher
[0.190s] [ 77%] [32mBuilding CXX object CMakeFiles/polishedCode.dir/src/polishedCode.cpp.o[0m
[0.195s] [ 81%] [32mBuilding CXX object CMakeFiles/sparse.dir/src/polishedCode.cpp.o[0m
[0.195s] [ 90%] Built target code_test
[2.496s] [01m[K/home/bilal/trail_tracer/src/biy1_ros360_cpp/src/polishedCode.cpp:[m[K In constructor â€˜[01m[KTrailTracer::TrailTracer()[m[Kâ€™:
[2.496s] [01m[K/home/bilal/trail_tracer/src/biy1_ros360_cpp/src/polishedCode.cpp:110:71:[m[K [01;31m[Kerror: [m[Kno matching function for call to â€˜[01m[KTrailTracer::create_publisher<std_msgs::msg::String>(const char [27])[m[Kâ€™
[2.496s]   110 |         log_publisher_ = [01;31m[Kthis->create_publisher<std_msgs::msg::String>("/trail_tracer/log_messages")[m[K;
[2.496s]       |                          [01;31m[K~~~~~~~~~~~~~~~~~~~~~~~~~~~~~~~~~~~~~~~~~~~~~^~~~~~~~~~~~~~~~~~~~~~~~~~~~~~[m[K
[2.496s] In file included from [01m[K/opt/ros/humble/include/rclcpp/rclcpp/node.hpp:1321[m[K,
[2.496s]                  from [01m[K/opt/ros/humble/include/rclcpp/rclcpp/executors/single_threaded_executor.hpp:28[m[K,
[2.496s]                  from [01m[K/opt/ros/humble/include/rclcpp/rclcpp/executors.hpp:22[m[K,
[2.497s]                  from [01m[K/opt/ros/humble/include/rclcpp/rclcpp/rclcpp.hpp:155[m[K,
[2.497s]                  from [01m[K/home/bilal/trail_tracer/src/biy1_ros360_cpp/src/polishedCode.cpp:8[m[K:
[2.497s] [01m[K/opt/ros/humble/include/rclcpp/rclcpp/node_impl.hpp:73:1:[m[K [01;36m[Knote: [m[Kcandidate: â€˜[01m[Ktemplate<class MessageT, class AllocatorT, class PublisherT> std::shared_ptr<PublisherT> rclcpp::Node::create_publisher(const string&, const rclcpp::QoS&, const rclcpp::PublisherOptionsWithAllocator<AllocatorT>&)[m[Kâ€™
[2.497s]    73 | [01;36m[KNode[m[K::create_publisher(
[2.497s]       | [01;36m[K^~~~[m[K
[2.497s] [01m[K/opt/ros/humble/include/rclcpp/rclcpp/node_impl.hpp:73:1:[m[K [01;36m[Knote: [m[K  template argument deduction/substitution failed:
[2.497s] [01m[K/home/bilal/trail_tracer/src/biy1_ros360_cpp/src/polishedCode.cpp:110:71:[m[K [01;36m[Knote: [m[K  candidate expects 3 arguments, 1 provided
[2.497s]   110 |         log_publisher_ = [01;36m[Kthis->create_publisher<std_msgs::msg::String>("/trail_tracer/log_messages")[m[K;
[2.497s]       |                          [01;36m[K~~~~~~~~~~~~~~~~~~~~~~~~~~~~~~~~~~~~~~~~~~~~~^~~~~~~~~~~~~~~~~~~~~~~~~~~~~~[m[K
[2.534s] [01m[K/home/bilal/trail_tracer/src/biy1_ros360_cpp/src/polishedCode.cpp:[m[K In constructor â€˜[01m[KTrailTracer::TrailTracer()[m[Kâ€™:
[2.534s] [01m[K/home/bilal/trail_tracer/src/biy1_ros360_cpp/src/polishedCode.cpp:110:71:[m[K [01;31m[Kerror: [m[Kno matching function for call to â€˜[01m[KTrailTracer::create_publisher<std_msgs::msg::String>(const char [27])[m[Kâ€™
[2.534s]   110 |         log_publisher_ = [01;31m[Kthis->create_publisher<std_msgs::msg::String>("/trail_tracer/log_messages")[m[K;
[2.534s]       |                          [01;31m[K~~~~~~~~~~~~~~~~~~~~~~~~~~~~~~~~~~~~~~~~~~~~~^~~~~~~~~~~~~~~~~~~~~~~~~~~~~~[m[K
[2.535s] In file included from [01m[K/opt/ros/humble/include/rclcpp/rclcpp/node.hpp:1321[m[K,
[2.535s]                  from [01m[K/opt/ros/humble/include/rclcpp/rclcpp/executors/single_threaded_executor.hpp:28[m[K,
[2.535s]                  from [01m[K/opt/ros/humble/include/rclcpp/rclcpp/executors.hpp:22[m[K,
[2.535s]                  from [01m[K/opt/ros/humble/include/rclcpp/rclcpp/rclcpp.hpp:155[m[K,
[2.535s]                  from [01m[K/home/bilal/trail_tracer/src/biy1_ros360_cpp/src/polishedCode.cpp:8[m[K:
[2.535s] [01m[K/opt/ros/humble/include/rclcpp/rclcpp/node_impl.hpp:73:1:[m[K [01;36m[Knote: [m[Kcandidate: â€˜[01m[Ktemplate<class MessageT, class AllocatorT, class PublisherT> std::shared_ptr<PublisherT> rclcpp::Node::create_publisher(const string&, const rclcpp::QoS&, const rclcpp::PublisherOptionsWithAllocator<AllocatorT>&)[m[Kâ€™
[2.535s]    73 | [01;36m[KNode[m[K::create_publisher(
[2.535s]       | [01;36m[K^~~~[m[K
[2.535s] [01m[K/opt/ros/humble/include/rclcpp/rclcpp/node_impl.hpp:73:1:[m[K [01;36m[Knote: [m[K  template argument deduction/substitution failed:
[2.535s] [01m[K/home/bilal/trail_tracer/src/biy1_ros360_cpp/src/polishedCode.cpp:110:71:[m[K [01;36m[Knote: [m[K  candidate expects 3 arguments, 1 provided
[2.535s]   110 |         log_publisher_ = [01;36m[Kthis->create_publisher<std_msgs::msg::String>("/trail_tracer/log_messages")[m[K;
[2.535s]       |                          [01;36m[K~~~~~~~~~~~~~~~~~~~~~~~~~~~~~~~~~~~~~~~~~~~~~^~~~~~~~~~~~~~~~~~~~~~~~~~~~~~[m[K
[2.539s] [01m[K/home/bilal/trail_tracer/src/biy1_ros360_cpp/src/polishedCode.cpp:[m[K In member function â€˜[01m[Kvoid TrailTracer::log_reader_callback(rcl_interfaces::msg::Log_<std::allocator<void> >::SharedPtr)[m[Kâ€™:
[2.539s] [01m[K/home/bilal/trail_tracer/src/biy1_ros360_cpp/src/polishedCode.cpp:247:57:[m[K [01;31m[Kerror: [m[Kâ€˜[01m[Kusing _msg_type = class std::__cxx11::basic_string<char>[m[Kâ€™ {aka â€˜[01m[Kclass std::__cxx11::basic_string<char>[m[Kâ€™} has no member named â€˜[01m[Kfin[m[Kâ€™; did you mean â€˜[01m[Kfind[m[Kâ€™?
[2.540s]   247 |         if(msg->name == "waypoint_follower" && msg->msg.[01;31m[Kfin[m[K("Completed all") != std::string::npos){
[2.540s]       |                                                         [01;31m[K^~~[m[K
[2.540s]       |                                                         [32m[Kfind[m[K
[2.577s] [01m[K/home/bilal/trail_tracer/src/biy1_ros360_cpp/src/polishedCode.cpp:[m[K In member function â€˜[01m[Kvoid TrailTracer::log_reader_callback(rcl_interfaces::msg::Log_<std::allocator<void> >::SharedPtr)[m[Kâ€™:
[2.577s] [01m[K/home/bilal/trail_tracer/src/biy1_ros360_cpp/src/polishedCode.cpp:247:57:[m[K [01;31m[Kerror: [m[Kâ€˜[01m[Kusing _msg_type = class std::__cxx11::basic_string<char>[m[Kâ€™ {aka â€˜[01m[Kclass std::__cxx11::basic_string<char>[m[Kâ€™} has no member named â€˜[01m[Kfin[m[Kâ€™; did you mean â€˜[01m[Kfind[m[Kâ€™?
[2.577s]   247 |         if(msg->name == "waypoint_follower" && msg->msg.[01;31m[Kfin[m[K("Completed all") != std::string::npos){
[2.577s]       |                                                         [01;31m[K^~~[m[K
[2.577s]       |                                                         [32m[Kfind[m[K
[10.705s] gmake[2]: *** [CMakeFiles/sparse.dir/build.make:76: CMakeFiles/sparse.dir/src/polishedCode.cpp.o] Error 1
[10.705s] gmake[1]: *** [CMakeFiles/Makefile2:417: CMakeFiles/sparse.dir/all] Error 2
[10.705s] gmake[1]: *** Waiting for unfinished jobs....
[10.958s] gmake[2]: *** [CMakeFiles/polishedCode.dir/build.make:76: CMakeFiles/polishedCode.dir/src/polishedCode.cpp.o] Error 1
[10.958s] gmake[1]: *** [CMakeFiles/Makefile2:391: CMakeFiles/polishedCode.dir/all] Error 2
[10.959s] gmake: *** [Makefile:146: all] Error 2
[10.961s] Invoked command in '/home/bilal/trail_tracer/build/biy1_ros360_cpp' returned '2': CMAKE_PREFIX_PATH=${CMAKE_PREFIX_PATH}:/home/bilal/trail_tracer/install/web_gui:/home/bilal/learn_ros2_ws/install/web_gui:/home/bilal/learn_ros2_ws/install/nav2_simple_commander:/home/bilal/ros2_ws/install/web_gui:/home/bilal/ros2_ws/install/opencv_tools:/home/bilal/ros2_ws/install/biy1_ros360_py:/opt/ros/humble /usr/bin/cmake --build /home/bilal/trail_tracer/build/biy1_ros360_cpp -- -j12 -l12
