[0.016s] Invoking command in '/home/bilal/trail_tracer/build/biy1_ros360_cpp': CMAKE_PREFIX_PATH=${CMAKE_PREFIX_PATH}:/home/bilal/trail_tracer/install/web_gui:/home/bilal/learn_ros2_ws/install/web_gui:/home/bilal/learn_ros2_ws/install/nav2_simple_commander:/home/bilal/ros2_ws/install/web_gui:/home/bilal/ros2_ws/install/opencv_tools:/home/bilal/ros2_ws/install/biy1_ros360_py:/opt/ros/humble /usr/bin/cmake --build /home/bilal/trail_tracer/build/biy1_ros360_cpp -- -j12 -l12
[0.113s] [ 22%] [32mBuilding CXX object CMakeFiles/waypoint_navigator.dir/src/waypoint_navigator.cpp.o[0m
[0.113s] [ 22%] Built target examplePublisher
[0.113s] [ 22%] Built target testCode
[0.115s] [ 31%] Built target code_test
[0.115s] [ 40%] Built target exampleSubscriber
[0.116s] [ 50%] Built target follower
[0.116s] [ 59%] Built target nav2
[0.119s] [ 68%] Built target helloWorld
[0.119s] [ 77%] Built target polishedCode
[0.119s] [ 86%] Built target sparse
[0.120s] [ 95%] Built target trail_tracer
[2.035s] [01m[K/home/bilal/trail_tracer/src/biy1_ros360_cpp/src/waypoint_navigator.cpp:75:51:[m[K [01;31m[Kerror: [m[Kâ€˜[01m[KTravelThroughPoses[m[Kâ€™ in namespace â€˜[01m[Knav2_msgs::action[m[Kâ€™ does not name a type; did you mean â€˜[01m[KNavigateThroughPoses[m[Kâ€™?
[2.035s]    75 |     using TravelThroughPoses = nav2_msgs::action::[01;31m[KTravelThroughPoses[m[K;
[2.035s]       |                                                   [01;31m[K^~~~~~~~~~~~~~~~~~[m[K
[2.035s]       |                                                   [32m[KNavigateThroughPoses[m[K
[2.042s] [01m[K/home/bilal/trail_tracer/src/biy1_ros360_cpp/src/waypoint_navigator.cpp:76:74:[m[K [01;31m[Kerror: [m[Kâ€˜[01m[KTravelThroughPoses[m[Kâ€™ was not declared in this scope
[2.042s]    76 |     using GoalHandleTravelThroughPoses = rclcpp_action::ClientGoalHandle<[01;31m[KTravelThroughPoses[m[K>;
[2.042s]       |                                                                          [01;31m[K^~~~~~~~~~~~~~~~~~[m[K
[2.042s] [01m[K/home/bilal/trail_tracer/src/biy1_ros360_cpp/src/waypoint_navigator.cpp:76:92:[m[K [01;31m[Kerror: [m[Ktemplate argument 1 is invalid
[2.042s]    76 |     using GoalHandleTravelThroughPoses = rclcpp_action::ClientGoalHandle<TravelThroughPoses[01;31m[K>[m[K;
[2.042s]       |                                                                                            [01;31m[K^[m[K
[2.049s] [01m[K/home/bilal/trail_tracer/src/biy1_ros360_cpp/src/waypoint_navigator.cpp:112:27:[m[K [01;31m[Kerror: [m[Kâ€˜[01m[KTravelThroughPoses[m[Kâ€™ was not declared in this scope
[2.049s]   112 |     rclcpp_action::Client<[01;31m[KTravelThroughPoses[m[K>::SharedPtr client_ptr_;
[2.049s]       |                           [01;31m[K^~~~~~~~~~~~~~~~~~[m[K
[2.049s] [01m[K/home/bilal/trail_tracer/src/biy1_ros360_cpp/src/waypoint_navigator.cpp:112:45:[m[K [01;31m[Kerror: [m[Ktemplate argument 1 is invalid
[2.049s]   112 |     rclcpp_action::Client<TravelThroughPoses[01;31m[K>[m[K::SharedPtr client_ptr_;
[2.049s]       |                                             [01;31m[K^[m[K
[2.049s] [01m[K/home/bilal/trail_tracer/src/biy1_ros360_cpp/src/waypoint_navigator.cpp:112:48:[m[K [01;31m[Kerror: [m[Kexpected â€˜[01m[K;[m[Kâ€™ at end of member declaration
[2.049s]   112 |     rclcpp_action::Client<TravelThroughPoses>::[01;31m[KSharedPtr[m[K client_ptr_;
[2.049s]       |                                                [01;31m[K^~~~~~~~~[m[K
[2.049s]       |                                                         [32m[K;[m[K
[2.050s] [01m[K/home/bilal/trail_tracer/src/biy1_ros360_cpp/src/waypoint_navigator.cpp:112:58:[m[K [01;31m[Kerror: [m[Kâ€˜[01m[Kclient_ptr_[m[Kâ€™ does not name a type
[2.050s]   112 |     rclcpp_action::Client<TravelThroughPoses>::SharedPtr [01;31m[Kclient_ptr_[m[K;
[2.050s]       |                                                          [01;31m[K^~~~~~~~~~~[m[K
[2.053s] [01m[K/home/bilal/trail_tracer/src/biy1_ros360_cpp/src/waypoint_navigator.cpp:115:37:[m[K [01;31m[Kerror: [m[Kâ€˜[01m[KGoalHandleTravelThroughPoses[m[Kâ€™ does not name a type
[2.053s]   115 |     void goal_result_callback(const [01;31m[KGoalHandleTravelThroughPoses[m[K::WrappedResult & result) {
[2.053s]       |                                     [01;31m[K^~~~~~~~~~~~~~~~~~~~~~~~~~~~[m[K
[2.053s] [01m[K/home/bilal/trail_tracer/src/biy1_ros360_cpp/src/waypoint_navigator.cpp:115:81:[m[K [01;31m[Kerror: [m[Kexpected unqualified-id before â€˜[01m[K&[m[Kâ€™ token
[2.053s]   115 |     void goal_result_callback(const GoalHandleTravelThroughPoses::WrappedResult [01;31m[K&[m[K result) {
[2.053s]       |                                                                                 [01;31m[K^[m[K
[2.053s] [01m[K/home/bilal/trail_tracer/src/biy1_ros360_cpp/src/waypoint_navigator.cpp:115:80:[m[K [01;31m[Kerror: [m[Kexpected â€˜[01m[K)[m[Kâ€™ before â€˜[01m[K&[m[Kâ€™ token
[2.053s]   115 |     void goal_result_callback[34m[K([m[Kconst GoalHandleTravelThroughPoses::WrappedResult[01;31m[K [m[K[32m[K&[m[K result) {
[2.054s]       |                              [34m[K~[m[K                                                 [01;31m[K^[m[K[32m[K~[m[K
[2.054s]       |                                                                                [32m[K)[m[K
[2.054s] [01m[K/home/bilal/trail_tracer/src/biy1_ros360_cpp/src/waypoint_navigator.cpp:115:81:[m[K [01;31m[Kerror: [m[Kexpected â€˜[01m[K;[m[Kâ€™ at end of member declaration
[2.054s]   115 |     void goal_result_callback(const GoalHandleTravelThroughPoses::WrappedResult [01;31m[K&[m[K result) {
[2.054s]       |                                                                                 [01;31m[K^[m[K
[2.054s]       |                                                                                  [32m[K;[m[K
[2.054s] [01m[K/home/bilal/trail_tracer/src/biy1_ros360_cpp/src/waypoint_navigator.cpp:115:83:[m[K [01;31m[Kerror: [m[Kâ€˜[01m[Kresult[m[Kâ€™ does not name a type
[2.054s]   115 |     void goal_result_callback(const GoalHandleTravelThroughPoses::WrappedResult & [01;31m[Kresult[m[K) {
[2.054s]       |                                                                                   [01;31m[K^~~~~~[m[K
[2.054s] [01m[K/home/bilal/trail_tracer/src/biy1_ros360_cpp/src/waypoint_navigator.cpp:[m[K In constructor â€˜[01m[KPoseSender::PoseSender(const string&)[m[Kâ€™:
[2.054s] [01m[K/home/bilal/trail_tracer/src/biy1_ros360_cpp/src/waypoint_navigator.cpp:80:15:[m[K [01;31m[Kerror: [m[Kâ€˜[01m[Kclass PoseSender[m[Kâ€™ has no member named â€˜[01m[Kclient_ptr_[m[Kâ€™
[2.055s]    80 |         this->[01;31m[Kclient_ptr_[m[K = rclcpp_action::create_client<TravelThroughPoses>(
[2.055s]       |               [01;31m[K^~~~~~~~~~~[m[K
[2.061s] [01m[K/home/bilal/trail_tracer/src/biy1_ros360_cpp/src/waypoint_navigator.cpp:80:58:[m[K [01;31m[Kerror: [m[Kâ€˜[01m[KTravelThroughPoses[m[Kâ€™ was not declared in this scope
[2.061s]    80 |         this->client_ptr_ = rclcpp_action::create_client<[01;31m[KTravelThroughPoses[m[K>(
[2.061s]       |                                                          [01;31m[K^~~~~~~~~~~~~~~~~~[m[K
[2.061s] [01m[K/home/bilal/trail_tracer/src/biy1_ros360_cpp/src/waypoint_navigator.cpp:80:77:[m[K [01;31m[Kerror: [m[Kno matching function for call to â€˜[01m[Kcreate_client<<expression error> >(PoseSender*, const char [22])[m[Kâ€™
[2.061s]    80 |         this->client_ptr_ = [01;31m[Krclcpp_action::create_client<TravelThroughPoses>([m[K
[2.061s]       |                             [01;31m[K~~~~~~~~~~~~~~~~~~~~~~~~~~~~~~~~~~~~~~~~~~~~~~~~^[m[K
[2.061s]    81 | [01;31m[K            this, "/travel_through_poses")[m[K;
[2.061s]       |             [01;31m[K~~~~~~~~~~~~~~~~~~~~~~~~~~~~~~[m[K                                   
[2.061s] In file included from [01m[K/opt/ros/humble/include/rclcpp_action/rclcpp_action/rclcpp_action.hpp:38[m[K,
[2.061s]                  from [01m[K/home/bilal/trail_tracer/src/biy1_ros360_cpp/src/waypoint_navigator.cpp:28[m[K:
[2.061s] [01m[K/opt/ros/humble/include/rclcpp_action/rclcpp_action/create_client.hpp:44:1:[m[K [01;36m[Knote: [m[Kcandidate: â€˜[01m[Ktemplate<class ActionT> typename rclcpp_action::Client<ActionT>::SharedPtr rclcpp_action::create_client(rclcpp::node_interfaces::NodeBaseInterface::SharedPtr, rclcpp::node_interfaces::NodeGraphInterface::SharedPtr, rclcpp::node_interfaces::NodeLoggingInterface::SharedPtr, rclcpp::node_interfaces::NodeWaitablesInterface::SharedPtr, const string&, rclcpp::CallbackGroup::SharedPtr, const rcl_action_client_options_t&)[m[Kâ€™
[2.061s]    44 | [01;36m[Kcreate_client[m[K(
[2.061s]       | [01;36m[K^~~~~~~~~~~~~[m[K
[2.061s] [01m[K/opt/ros/humble/include/rclcpp_action/rclcpp_action/create_client.hpp:44:1:[m[K [01;36m[Knote: [m[K  template argument deduction/substitution failed:
[2.061s] [01m[K/home/bilal/trail_tracer/src/biy1_ros360_cpp/src/waypoint_navigator.cpp:80:77:[m[K [01;31m[Kerror: [m[Ktemplate argument 1 is invalid
[2.061s]    80 |         this->client_ptr_ = [01;31m[Krclcpp_action::create_client<TravelThroughPoses>([m[K
[2.061s]       |                             [01;31m[K~~~~~~~~~~~~~~~~~~~~~~~~~~~~~~~~~~~~~~~~~~~~~~~~^[m[K
[2.062s]    81 | [01;31m[K            this, "/travel_through_poses")[m[K;
[2.062s]       |             [01;31m[K~~~~~~~~~~~~~~~~~~~~~~~~~~~~~~[m[K                                   
[2.062s] In file included from [01m[K/opt/ros/humble/include/rclcpp_action/rclcpp_action/rclcpp_action.hpp:38[m[K,
[2.062s]                  from [01m[K/home/bilal/trail_tracer/src/biy1_ros360_cpp/src/waypoint_navigator.cpp:28[m[K:
[2.062s] [01m[K/opt/ros/humble/include/rclcpp_action/rclcpp_action/create_client.hpp:105:1:[m[K [01;36m[Knote: [m[Kcandidate: â€˜[01m[Ktemplate<class ActionT, class NodeT> typename rclcpp_action::Client<ActionT>::SharedPtr rclcpp_action::create_client(NodeT, const string&, rclcpp::CallbackGroup::SharedPtr, const rcl_action_client_options_t&)[m[Kâ€™
[2.062s]   105 | [01;36m[Kcreate_client[m[K(
[2.062s]       | [01;36m[K^~~~~~~~~~~~~[m[K
[2.062s] [01m[K/opt/ros/humble/include/rclcpp_action/rclcpp_action/create_client.hpp:105:1:[m[K [01;36m[Knote: [m[K  template argument deduction/substitution failed:
[2.062s] [01m[K/home/bilal/trail_tracer/src/biy1_ros360_cpp/src/waypoint_navigator.cpp:80:77:[m[K [01;31m[Kerror: [m[Ktemplate argument 1 is invalid
[2.062s]    80 |         this->client_ptr_ = [01;31m[Krclcpp_action::create_client<TravelThroughPoses>([m[K
[2.062s]       |                             [01;31m[K~~~~~~~~~~~~~~~~~~~~~~~~~~~~~~~~~~~~~~~~~~~~~~~~^[m[K
[2.062s]    81 | [01;31m[K            this, "/travel_through_poses")[m[K;
[2.062s]       |             [01;31m[K~~~~~~~~~~~~~~~~~~~~~~~~~~~~~~[m[K                                   
[2.062s] [01m[K/home/bilal/trail_tracer/src/biy1_ros360_cpp/src/waypoint_navigator.cpp:[m[K In member function â€˜[01m[Kvoid PoseSender::set_waypoints(const std::vector<geometry_msgs::msg::PoseStamped_<std::allocator<void> >, std::allocator<geometry_msgs::msg::PoseStamped_<std::allocator<void> > > >&)[m[Kâ€™:
[2.062s] [01m[K/home/bilal/trail_tracer/src/biy1_ros360_cpp/src/waypoint_navigator.cpp:86:25:[m[K [01;31m[Kerror: [m[Kâ€˜[01m[KTravelThroughPoses[m[Kâ€™ has not been declared
[2.062s]    86 |         auto goal_msg = [01;31m[KTravelThroughPoses[m[K::Goal();
[2.062s]       |                         [01;31m[K^~~~~~~~~~~~~~~~~~[m[K
[2.064s] [01m[K/home/bilal/trail_tracer/src/biy1_ros360_cpp/src/waypoint_navigator.cpp:89:14:[m[K [01;31m[Kerror: [m[Kâ€˜[01m[Kclient_ptr_[m[Kâ€™ was not declared in this scope
[2.064s]    89 |         if (![01;31m[Kclient_ptr_[m[K->wait_for_action_server()) {
[2.065s]       |              [01;31m[K^~~~~~~~~~~[m[K
[2.071s] [01m[K/home/bilal/trail_tracer/src/biy1_ros360_cpp/src/waypoint_navigator.cpp:94:56:[m[K [01;31m[Kerror: [m[Kâ€˜[01m[KTravelThroughPoses[m[Kâ€™ was not declared in this scope
[2.071s]    94 |         auto send_goal_options = rclcpp_action::Client<[01;31m[KTravelThroughPoses[m[K>::SendGoalOptions();
[2.071s]       |                                                        [01;31m[K^~~~~~~~~~~~~~~~~~[m[K
[2.071s] [01m[K/home/bilal/trail_tracer/src/biy1_ros360_cpp/src/waypoint_navigator.cpp:94:74:[m[K [01;31m[Kerror: [m[Ktemplate argument 1 is invalid
[2.071s]    94 |         auto send_goal_options = rclcpp_action::Client<TravelThroughPoses[01;31m[K>[m[K::SendGoalOptions();
[2.071s]       |                                                                          [01;31m[K^[m[K
[2.082s] [01m[K/home/bilal/trail_tracer/src/biy1_ros360_cpp/src/waypoint_navigator.cpp:96:9:[m[K [01;31m[Kerror: [m[Kâ€˜[01m[Kclient_ptr_[m[Kâ€™ was not declared in this scope
[2.082s]    96 |         [01;31m[Kclient_ptr_[m[K->async_send_goal(goal_msg, send_goal_options);
[2.083s]       |         [01;31m[K^~~~~~~~~~~[m[K
[2.086s] [01m[K/home/bilal/trail_tracer/src/biy1_ros360_cpp/src/waypoint_navigator.cpp:[m[K In member function â€˜[01m[Kvoid PoseSender::pause()[m[Kâ€™:
[2.086s] [01m[K/home/bilal/trail_tracer/src/biy1_ros360_cpp/src/waypoint_navigator.cpp:100:9:[m[K [01;31m[Kerror: [m[Kâ€˜[01m[Kclient_ptr_[m[Kâ€™ was not declared in this scope
[2.086s]   100 |         [01;31m[Kclient_ptr_[m[K->async_cancel_all_goals();
[2.086s]       |         [01;31m[K^~~~~~~~~~~[m[K
[2.091s] [01m[K/home/bilal/trail_tracer/src/biy1_ros360_cpp/src/waypoint_navigator.cpp:[m[K At global scope:
[2.091s] [01m[K/home/bilal/trail_tracer/src/biy1_ros360_cpp/src/waypoint_navigator.cpp:2459:21:[m[K [01;31m[Kerror: [m[Kâ€˜[01m[KWaypointSender[m[Kâ€™ was not declared in this scope
[2.091s]  2459 |     std::shared_ptr<[01;31m[KWaypointSender[m[K> waypoint_sender_; // Waypoint sender object
[2.091s]       |                     [01;31m[K^~~~~~~~~~~~~~[m[K
[2.091s] [01m[K/home/bilal/trail_tracer/src/biy1_ros360_cpp/src/waypoint_navigator.cpp:2459:35:[m[K [01;31m[Kerror: [m[Ktemplate argument 1 is invalid
[2.091s]  2459 |     std::shared_ptr<WaypointSender[01;31m[K>[m[K waypoint_sender_; // Waypoint sender object
[2.091s]       |                                   [01;31m[K^[m[K
[2.297s] [01m[K/home/bilal/trail_tracer/src/biy1_ros360_cpp/src/waypoint_navigator.cpp:[m[K In constructor â€˜[01m[KTrailTracer::TrailTracer()[m[Kâ€™:
[2.297s] [01m[K/home/bilal/trail_tracer/src/biy1_ros360_cpp/src/waypoint_navigator.cpp:135:81:[m[K [01;31m[Kerror: [m[Kâ€˜[01m[KWaypointSender[m[Kâ€™ was not declared in this scope; did you mean â€˜[01m[Kwaypoint_sender_[m[Kâ€™?
[2.297s]   135 |     current_pose_x(0.0), current_pose_y(0.0), waypoint_sender_(std::make_shared<[01;31m[KWaypointSender[m[K>("waypoint_sender"))
[2.297s]       |                                                                                 [01;31m[K^~~~~~~~~~~~~~[m[K
[2.297s]       |                                                                                 [32m[Kwaypoint_sender_[m[K
[2.297s] [01m[K/home/bilal/trail_tracer/src/biy1_ros360_cpp/src/waypoint_navigator.cpp:135:96:[m[K [01;31m[Kerror: [m[Kno matching function for call to â€˜[01m[Kmake_shared<<expression error> >(const char [16])[m[Kâ€™
[2.297s]   135 |     current_pose_x(0.0), current_pose_y(0.0), waypoint_sender_([01;31m[Kstd::make_shared<WaypointSender>("waypoint_sender")[m[K)
[2.297s]       |                                                                [01;31m[K~~~~~~~~~~~~~~~~~~~~~~~~~~~~~~~~^~~~~~~~~~~~~~~~~~~[m[K
[2.297s] In file included from [01m[K/usr/include/c++/11/memory:77[m[K,
[2.297s]                  from [01m[K/home/bilal/trail_tracer/src/biy1_ros360_cpp/src/waypoint_navigator.cpp:12[m[K:
[2.298s] [01m[K/usr/include/c++/11/bits/shared_ptr.h:875:5:[m[K [01;36m[Knote: [m[Kcandidate: â€˜[01m[Ktemplate<class _Tp, class ... _Args> std::shared_ptr<_Tp> std::make_shared(_Args&& ...)[m[Kâ€™
[2.298s]   875 |     [01;36m[Kmake_shared[m[K(_Args&&... __args)
[2.298s]       |     [01;36m[K^~~~~~~~~~~[m[K
[2.298s] [01m[K/usr/include/c++/11/bits/shared_ptr.h:875:5:[m[K [01;36m[Knote: [m[K  template argument deduction/substitution failed:
[2.298s] [01m[K/home/bilal/trail_tracer/src/biy1_ros360_cpp/src/waypoint_navigator.cpp:135:96:[m[K [01;31m[Kerror: [m[Ktemplate argument 1 is invalid
[2.298s]   135 |     current_pose_x(0.0), current_pose_y(0.0), waypoint_sender_([01;31m[Kstd::make_shared<WaypointSender>("waypoint_sender")[m[K)
[2.298s]       |                                                                [01;31m[K~~~~~~~~~~~~~~~~~~~~~~~~~~~~~~~~^~~~~~~~~~~~~~~~~~~[m[K
[2.324s] [01m[K/home/bilal/trail_tracer/src/biy1_ros360_cpp/src/waypoint_navigator.cpp:[m[K In member function â€˜[01m[Kvoid TrailTracer::web_messages_callback(std_msgs::msg::String_<std::allocator<void> >::SharedPtr)[m[Kâ€™:
[2.324s] [01m[K/home/bilal/trail_tracer/src/biy1_ros360_cpp/src/waypoint_navigator.cpp:227:29:[m[K [01;31m[Kerror: [m[Kbase operand of â€˜[01m[K->[m[Kâ€™ is not a pointer
[2.324s]   227 |             waypoint_sender_[01;31m[K->[m[Kpause();
[2.324s]       |                             [01;31m[K^~[m[K
[2.373s] [01m[K/home/bilal/trail_tracer/src/biy1_ros360_cpp/src/waypoint_navigator.cpp:[m[K In member function â€˜[01m[Kvoid TrailTracer::file_loader_callback(std_msgs::msg::String_<std::allocator<void> >::SharedPtr)[m[Kâ€™:
[2.374s] [01m[K/home/bilal/trail_tracer/src/biy1_ros360_cpp/src/waypoint_navigator.cpp:448:29:[m[K [01;31m[Kerror: [m[Kbase operand of â€˜[01m[K->[m[Kâ€™ is not a pointer
[2.374s]   448 |             waypoint_sender_[01;31m[K->[m[Kset_waypoints(poses_);
[2.374s]       |                             [01;31m[K^~[m[K
[2.383s] [01m[K/home/bilal/trail_tracer/src/biy1_ros360_cpp/src/waypoint_navigator.cpp:[m[K In member function â€˜[01m[Kvoid TrailTracer::remainingDestinationPoseList(std::vector<geometry_msgs::msg::PoseStamped_<std::allocator<void> >, std::allocator<geometry_msgs::msg::PoseStamped_<std::allocator<void> > > >, const std::pair<double, double>&)[m[Kâ€™:
[2.384s] [01m[K/home/bilal/trail_tracer/src/biy1_ros360_cpp/src/waypoint_navigator.cpp:675:25:[m[K [01;31m[Kerror: [m[Kbase operand of â€˜[01m[K->[m[Kâ€™ is not a pointer
[2.384s]   675 |         waypoint_sender_[01;31m[K->[m[Kset_waypoints(trimmedList);
[2.384s]       |                         [01;31m[K^~[m[K
[2.384s] [01m[K/home/bilal/trail_tracer/src/biy1_ros360_cpp/src/waypoint_navigator.cpp:[m[K In member function â€˜[01m[Kvoid TrailTracer::process_all_waypoints()[m[Kâ€™:
[2.384s] [01m[K/home/bilal/trail_tracer/src/biy1_ros360_cpp/src/waypoint_navigator.cpp:705:25:[m[K [01;31m[Kerror: [m[Kbase operand of â€˜[01m[K->[m[Kâ€™ is not a pointer
[2.384s]   705 |         waypoint_sender_[01;31m[K->[m[Kset_waypoints(poses_);
[2.384s]       |                         [01;31m[K^~[m[K
[2.385s] In file included from [01m[K/home/bilal/learn_ros2_ws/install/nav2_msgs/include/nav2_msgs/nav2_msgs/action/follow_waypoints.hpp:7[m[K,
[2.385s]                  from [01m[K/home/bilal/trail_tracer/src/biy1_ros360_cpp/src/waypoint_navigator.cpp:773[m[K:
[2.385s] [01m[K/home/bilal/learn_ros2_ws/install/nav2_msgs/include/nav2_msgs/nav2_msgs/action/detail/follow_waypoints__struct.hpp:[m[K In member function â€˜[01m[Kvoid TrailTracer::createAndStorePose(double, double)[m[Kâ€™:
[2.386s] [01m[K/home/bilal/learn_ros2_ws/install/nav2_msgs/include/nav2_msgs/nav2_msgs/action/detail/follow_waypoints__struct.hpp:28:1:[m[K [01;31m[Kerror: [m[Kâ€˜[01m[Knamespace[m[Kâ€™ definition is not allowed here
[2.386s]    28 | [01;31m[Knamespace[m[K nav2_msgs
[2.386s]       | [01;31m[K^~~~~~~~~[m[K
[2.386s] In file included from [01m[K/home/bilal/learn_ros2_ws/install/nav2_msgs/include/nav2_msgs/nav2_msgs/action/follow_waypoints.hpp:7[m[K,
[2.386s]                  from [01m[K/home/bilal/trail_tracer/src/biy1_ros360_cpp/src/waypoint_navigator.cpp:773[m[K:
[2.386s] [01m[K/home/bilal/learn_ros2_ws/install/nav2_msgs/include/nav2_msgs/nav2_msgs/action/detail/follow_waypoints__struct.hpp:134:1:[m[K [01;31m[Kerror: [m[Kâ€˜[01m[Knamespace[m[Kâ€™ definition is not allowed here
[2.386s]   134 | [01;31m[Knamespace[m[K nav2_msgs
[2.386s]       | [01;31m[K^~~~~~~~~[m[K
[2.386s] [01m[K/home/bilal/learn_ros2_ws/install/nav2_msgs/include/nav2_msgs/nav2_msgs/action/detail/follow_waypoints__struct.hpp:240:1:[m[K [01;31m[Kerror: [m[Kâ€˜[01m[Knamespace[m[Kâ€™ definition is not allowed here
[2.386s]   240 | [01;31m[Knamespace[m[K nav2_msgs
[2.387s]       | [01;31m[K^~~~~~~~~[m[K
[2.387s] In file included from [01m[K/home/bilal/learn_ros2_ws/install/nav2_msgs/include/nav2_msgs/nav2_msgs/action/follow_waypoints.hpp:7[m[K,
[2.387s]                  from [01m[K/home/bilal/trail_tracer/src/biy1_ros360_cpp/src/waypoint_navigator.cpp:773[m[K:
[2.387s] [01m[K/home/bilal/learn_ros2_ws/install/nav2_msgs/include/nav2_msgs/nav2_msgs/action/detail/follow_waypoints__struct.hpp:360:1:[m[K [01;31m[Kerror: [m[Kâ€˜[01m[Knamespace[m[Kâ€™ definition is not allowed here
[2.387s]   360 | [01;31m[Knamespace[m[K nav2_msgs
[2.387s]       | [01;31m[K^~~~~~~~~[m[K
[2.387s] In file included from [01m[K/home/bilal/learn_ros2_ws/install/nav2_msgs/include/nav2_msgs/nav2_msgs/action/follow_waypoints.hpp:7[m[K,
[2.387s]                  from [01m[K/home/bilal/trail_tracer/src/biy1_ros360_cpp/src/waypoint_navigator.cpp:773[m[K:
[2.387s] [01m[K/home/bilal/learn_ros2_ws/install/nav2_msgs/include/nav2_msgs/nav2_msgs/action/detail/follow_waypoints__struct.hpp:485:1:[m[K [01;31m[Kerror: [m[Kâ€˜[01m[Knamespace[m[Kâ€™ definition is not allowed here
[2.387s]   485 | [01;31m[Knamespace[m[K nav2_msgs
[2.387s]       | [01;31m[K^~~~~~~~~[m[K
[2.387s] [01m[K/home/bilal/learn_ros2_ws/install/nav2_msgs/include/nav2_msgs/nav2_msgs/action/detail/follow_waypoints__struct.hpp:605:1:[m[K [01;31m[Kerror: [m[Kâ€˜[01m[Knamespace[m[Kâ€™ definition is not allowed here
[2.387s]   605 | [01;31m[Knamespace[m[K nav2_msgs
[2.387s]       | [01;31m[K^~~~~~~~~[m[K
[2.387s] [01m[K/home/bilal/learn_ros2_ws/install/nav2_msgs/include/nav2_msgs/nav2_msgs/action/detail/follow_waypoints__struct.hpp:633:1:[m[K [01;31m[Kerror: [m[Kâ€˜[01m[Knamespace[m[Kâ€™ definition is not allowed here
[2.387s]   633 | [01;31m[Knamespace[m[K nav2_msgs
[2.387s]       | [01;31m[K^~~~~~~~~[m[K
[2.388s] [01m[K/home/bilal/learn_ros2_ws/install/nav2_msgs/include/nav2_msgs/nav2_msgs/action/detail/follow_waypoints__struct.hpp:745:1:[m[K [01;31m[Kerror: [m[Kâ€˜[01m[Knamespace[m[Kâ€™ definition is not allowed here
[2.388s]   745 | [01;31m[Knamespace[m[K nav2_msgs
[2.388s]       | [01;31m[K^~~~~~~~~[m[K
[2.388s] [01m[K/home/bilal/learn_ros2_ws/install/nav2_msgs/include/nav2_msgs/nav2_msgs/action/detail/follow_waypoints__struct.hpp:865:1:[m[K [01;31m[Kerror: [m[Kâ€˜[01m[Knamespace[m[Kâ€™ definition is not allowed here
[2.388s]   865 | [01;31m[Knamespace[m[K nav2_msgs
[2.388s]       | [01;31m[K^~~~~~~~~[m[K
[2.388s] [01m[K/home/bilal/learn_ros2_ws/install/nav2_msgs/include/nav2_msgs/nav2_msgs/action/detail/follow_waypoints__struct.hpp:896:1:[m[K [01;31m[Kerror: [m[Kâ€˜[01m[Knamespace[m[Kâ€™ definition is not allowed here
[2.388s]   896 | [01;31m[Knamespace[m[K nav2_msgs
[2.388s]       | [01;31m[K^~~~~~~~~[m[K
[2.388s] [01m[K/home/bilal/learn_ros2_ws/install/nav2_msgs/include/nav2_msgs/nav2_msgs/action/detail/follow_waypoints__struct.hpp:1014:1:[m[K [01;31m[Kerror: [m[Kâ€˜[01m[Knamespace[m[Kâ€™ definition is not allowed here
[2.388s]  1014 | [01;31m[Knamespace[m[K nav2_msgs
[2.388s]       | [01;31m[K^~~~~~~~~[m[K
[2.388s] In file included from [01m[K/home/bilal/learn_ros2_ws/install/nav2_msgs/include/nav2_msgs/nav2_msgs/action/follow_waypoints.hpp:8[m[K,
[2.388s]                  from [01m[K/home/bilal/trail_tracer/src/biy1_ros360_cpp/src/waypoint_navigator.cpp:773[m[K:
[2.388s] [01m[K/home/bilal/learn_ros2_ws/install/nav2_msgs/include/nav2_msgs/nav2_msgs/action/detail/follow_waypoints__builder.hpp:15:1:[m[K [01;31m[Kerror: [m[Kâ€˜[01m[Knamespace[m[Kâ€™ definition is not allowed here
[2.388s]    15 | [01;31m[Knamespace[m[K nav2_msgs
[2.388s]       | [01;31m[K^~~~~~~~~[m[K
[2.388s] [01m[K/home/bilal/learn_ros2_ws/install/nav2_msgs/include/nav2_msgs/nav2_msgs/action/detail/follow_waypoints__builder.hpp:57:1:[m[K [01;31m[Kerror: [m[Kâ€˜[01m[Knamespace[m[Kâ€™ definition is not allowed here
[2.388s]    57 | [01;31m[Knamespace[m[K nav2_msgs
[2.388s]       | [01;31m[K^~~~~~~~~[m[K
[2.388s] In file included from [01m[K/home/bilal/learn_ros2_ws/install/nav2_msgs/include/nav2_msgs/nav2_msgs/action/follow_waypoints.hpp:8[m[K,
[2.389s]                  from [01m[K/home/bilal/trail_tracer/src/biy1_ros360_cpp/src/waypoint_navigator.cpp:773[m[K:
[2.389s] [01m[K/home/bilal/learn_ros2_ws/install/nav2_msgs/include/nav2_msgs/nav2_msgs/action/detail/follow_waypoints__builder.hpp:99:1:[m[K [01;31m[Kerror: [m[Kâ€˜[01m[Knamespace[m[Kâ€™ definition is not allowed here
[2.389s]    99 | [01;31m[Knamespace[m[K nav2_msgs
[2.389s]       | [01;31m[K^~~~~~~~~[m[K
[2.389s] [01m[K/home/bilal/learn_ros2_ws/install/nav2_msgs/include/nav2_msgs/nav2_msgs/action/detail/follow_waypoints__builder.hpp:141:1:[m[K [01;31m[Kerror: [m[Kâ€˜[01m[Knamespace[m[Kâ€™ definition is not allowed here
[2.389s]   141 | [01;31m[Knamespace[m[K nav2_msgs
[2.389s]       | [01;31m[K^~~~~~~~~[m[K
[2.389s] [01m[K/home/bilal/learn_ros2_ws/install/nav2_msgs/include/nav2_msgs/nav2_msgs/action/detail/follow_waypoints__builder.hpp:199:1:[m[K [01;31m[Kerror: [m[Kâ€˜[01m[Knamespace[m[Kâ€™ definition is not allowed here
[2.389s]   199 | [01;31m[Knamespace[m[K nav2_msgs
[2.389s]       | [01;31m[K^~~~~~~~~[m[K
[2.389s] [01m[K/home/bilal/learn_ros2_ws/install/nav2_msgs/include/nav2_msgs/nav2_msgs/action/detail/follow_waypoints__builder.hpp:257:1:[m[K [01;31m[Kerror: [m[Kâ€˜[01m[Knamespace[m[Kâ€™ definition is not allowed here
[2.389s]   257 | [01;31m[Knamespace[m[K nav2_msgs
[2.389s]       | [01;31m[K^~~~~~~~~[m[K
[2.389s] [01m[K/home/bilal/learn_ros2_ws/install/nav2_msgs/include/nav2_msgs/nav2_msgs/action/detail/follow_waypoints__builder.hpp:299:1:[m[K [01;31m[Kerror: [m[Kâ€˜[01m[Knamespace[m[Kâ€™ definition is not allowed here
[2.389s]   299 | [01;31m[Knamespace[m[K nav2_msgs
[2.389s]       | [01;31m[K^~~~~~~~~[m[K
[2.389s] [01m[K/home/bilal/learn_ros2_ws/install/nav2_msgs/include/nav2_msgs/nav2_msgs/action/detail/follow_waypoints__builder.hpp:357:1:[m[K [01;31m[Kerror: [m[Kâ€˜[01m[Knamespace[m[Kâ€™ definition is not allowed here
[2.389s]   357 | [01;31m[Knamespace[m[K nav2_msgs
[2.389s]       | [01;31m[K^~~~~~~~~[m[K
[2.389s] In file included from [01m[K/home/bilal/learn_ros2_ws/install/nav2_msgs/include/nav2_msgs/nav2_msgs/action/follow_waypoints.hpp:9[m[K,
[2.389s]                  from [01m[K/home/bilal/trail_tracer/src/biy1_ros360_cpp/src/waypoint_navigator.cpp:773[m[K:
[2.390s] [01m[K/home/bilal/learn_ros2_ws/install/nav2_msgs/include/nav2_msgs/nav2_msgs/action/detail/follow_waypoints__traits.hpp:21:1:[m[K [01;31m[Kerror: [m[Kâ€˜[01m[Knamespace[m[Kâ€™ definition is not allowed here
[2.390s]    21 | [01;31m[Knamespace[m[K nav2_msgs
[2.390s]       | [01;31m[K^~~~~~~~~[m[K
[2.390s] [01m[K/home/bilal/learn_ros2_ws/install/nav2_msgs/include/nav2_msgs/nav2_msgs/action/detail/follow_waypoints__traits.hpp:90:1:[m[K [01;31m[Kerror: [m[Kâ€˜[01m[Knamespace[m[Kâ€™ definition is not allowed here
[2.390s]    90 | [01;31m[Knamespace[m[K rosidl_generator_traits
[2.390s]       | [01;31m[K^~~~~~~~~[m[K
[2.390s] [01m[K/home/bilal/learn_ros2_ws/install/nav2_msgs/include/nav2_msgs/nav2_msgs/action/detail/follow_waypoints__traits.hpp:133:1:[m[K [01;31m[Kerror: [m[Kâ€˜[01m[Knamespace[m[Kâ€™ definition is not allowed here
[2.390s]   133 | [01;31m[Knamespace[m[K nav2_msgs
[2.390s]       | [01;31m[K^~~~~~~~~[m[K
[2.390s] [01m[K/home/bilal/learn_ros2_ws/install/nav2_msgs/include/nav2_msgs/nav2_msgs/action/detail/follow_waypoints__traits.hpp:203:1:[m[K [01;31m[Kerror: [m[Kâ€˜[01m[Knamespace[m[Kâ€™ definition is not allowed here
[2.390s]   203 | [01;31m[Knamespace[m[K rosidl_generator_traits
[2.390s]       | [01;31m[K^~~~~~~~~[m[K
[2.390s] [01m[K/home/bilal/learn_ros2_ws/install/nav2_msgs/include/nav2_msgs/nav2_msgs/action/detail/follow_waypoints__traits.hpp:246:1:[m[K [01;31m[Kerror: [m[Kâ€˜[01m[Knamespace[m[Kâ€™ definition is not allowed here
[2.390s]   246 | [01;31m[Knamespace[m[K nav2_msgs
[2.390s]       | [01;31m[K^~~~~~~~~[m[K
[2.390s] [01m[K/home/bilal/learn_ros2_ws/install/nav2_msgs/include/nav2_msgs/nav2_msgs/action/detail/follow_waypoints__traits.hpp:295:1:[m[K [01;31m[Kerror: [m[Kâ€˜[01m[Knamespace[m[Kâ€™ definition is not allowed here
[2.390s]   295 | [01;31m[Knamespace[m[K rosidl_generator_traits
[2.390s]       | [01;31m[K^~~~~~~~~[m[K
[2.391s] In file included from [01m[K/home/bilal/learn_ros2_ws/install/nav2_msgs/include/nav2_msgs/nav2_msgs/action/follow_waypoints.hpp:9[m[K,
[2.391s]                  from [01m[K/home/bilal/trail_tracer/src/biy1_ros360_cpp/src/waypoint_navigator.cpp:773[m[K:
[2.391s] [01m[K/home/bilal/learn_ros2_ws/install/nav2_msgs/include/nav2_msgs/nav2_msgs/action/detail/follow_waypoints__traits.hpp:344:1:[m[K [01;31m[Kerror: [m[Kâ€˜[01m[Knamespace[m[Kâ€™ definition is not allowed here
[2.391s]   344 | [01;31m[Knamespace[m[K nav2_msgs
[2.391s]       | [01;31m[K^~~~~~~~~[m[K
[2.391s] [01m[K/home/bilal/learn_ros2_ws/install/nav2_msgs/include/nav2_msgs/nav2_msgs/action/detail/follow_waypoints__traits.hpp:408:1:[m[K [01;31m[Kerror: [m[Kâ€˜[01m[Knamespace[m[Kâ€™ definition is not allowed here
[2.391s]   408 | [01;31m[Knamespace[m[K rosidl_generator_traits
[2.391s]       | [01;31m[K^~~~~~~~~[m[K
[2.391s] In file included from [01m[K/home/bilal/learn_ros2_ws/install/nav2_msgs/include/nav2_msgs/nav2_msgs/action/follow_waypoints.hpp:9[m[K,
[2.391s]                  from [01m[K/home/bilal/trail_tracer/src/biy1_ros360_cpp/src/waypoint_navigator.cpp:773[m[K:
[2.391s] [01m[K/home/bilal/learn_ros2_ws/install/nav2_msgs/include/nav2_msgs/nav2_msgs/action/detail/follow_waypoints__traits.hpp:455:1:[m[K [01;31m[Kerror: [m[Kâ€˜[01m[Knamespace[m[Kâ€™ definition is not allowed here
[2.391s]   455 | [01;31m[Knamespace[m[K nav2_msgs
[2.391s]       | [01;31m[K^~~~~~~~~[m[K
[2.391s] [01m[K/home/bilal/learn_ros2_ws/install/nav2_msgs/include/nav2_msgs/nav2_msgs/action/detail/follow_waypoints__traits.hpp:520:1:[m[K [01;31m[Kerror: [m[Kâ€˜[01m[Knamespace[m[Kâ€™ definition is not allowed here
[2.391s]   520 | [01;31m[Knamespace[m[K rosidl_generator_traits
[2.391s]       | [01;31m[K^~~~~~~~~[m[K
[2.392s] [01m[K/home/bilal/learn_ros2_ws/install/nav2_msgs/include/nav2_msgs/nav2_msgs/action/detail/follow_waypoints__traits.hpp:563:1:[m[K [01;31m[Kerror: [m[Kâ€˜[01m[Knamespace[m[Kâ€™ definition is not allowed here
[2.392s]   563 | [01;31m[Knamespace[m[K rosidl_generator_traits
[2.392s]       | [01;31m[K^~~~~~~~~[m[K
[2.392s] [01m[K/home/bilal/learn_ros2_ws/install/nav2_msgs/include/nav2_msgs/nav2_msgs/action/detail/follow_waypoints__traits.hpp:623:1:[m[K [01;31m[Kerror: [m[Kâ€˜[01m[Knamespace[m[Kâ€™ definition is not allowed here
[2.392s]   623 | [01;31m[Knamespace[m[K nav2_msgs
[2.392s]       | [01;31m[K^~~~~~~~~[m[K
[2.392s] [01m[K/home/bilal/learn_ros2_ws/install/nav2_msgs/include/nav2_msgs/nav2_msgs/action/detail/follow_waypoints__traits.hpp:671:1:[m[K [01;31m[Kerror: [m[Kâ€˜[01m[Knamespace[m[Kâ€™ definition is not allowed here
[2.392s]   671 | [01;31m[Knamespace[m[K rosidl_generator_traits
[2.392s]       | [01;31m[K^~~~~~~~~[m[K
[2.392s] [01m[K/home/bilal/learn_ros2_ws/install/nav2_msgs/include/nav2_msgs/nav2_msgs/action/detail/follow_waypoints__traits.hpp:719:1:[m[K [01;31m[Kerror: [m[Kâ€˜[01m[Knamespace[m[Kâ€™ definition is not allowed here
[2.392s]   719 | [01;31m[Knamespace[m[K nav2_msgs
[2.392s]       | [01;31m[K^~~~~~~~~[m[K
[2.392s] [01m[K/home/bilal/learn_ros2_ws/install/nav2_msgs/include/nav2_msgs/nav2_msgs/action/detail/follow_waypoints__traits.hpp:784:1:[m[K [01;31m[Kerror: [m[Kâ€˜[01m[Knamespace[m[Kâ€™ definition is not allowed here
[2.392s]   784 | [01;31m[Knamespace[m[K rosidl_generator_traits
[2.392s]       | [01;31m[K^~~~~~~~~[m[K
[2.392s] [01m[K/home/bilal/learn_ros2_ws/install/nav2_msgs/include/nav2_msgs/nav2_msgs/action/detail/follow_waypoints__traits.hpp:827:1:[m[K [01;31m[Kerror: [m[Kâ€˜[01m[Knamespace[m[Kâ€™ definition is not allowed here
[2.392s]   827 | [01;31m[Knamespace[m[K rosidl_generator_traits
[2.392s]       | [01;31m[K^~~~~~~~~[m[K
[2.392s] [01m[K/home/bilal/learn_ros2_ws/install/nav2_msgs/include/nav2_msgs/nav2_msgs/action/detail/follow_waypoints__traits.hpp:890:1:[m[K [01;31m[Kerror: [m[Kâ€˜[01m[Knamespace[m[Kâ€™ definition is not allowed here
[2.393s]   890 | [01;31m[Knamespace[m[K nav2_msgs
[2.393s]       | [01;31m[K^~~~~~~~~[m[K
[2.393s] [01m[K/home/bilal/learn_ros2_ws/install/nav2_msgs/include/nav2_msgs/nav2_msgs/action/detail/follow_waypoints__traits.hpp:954:1:[m[K [01;31m[Kerror: [m[Kâ€˜[01m[Knamespace[m[Kâ€™ definition is not allowed here
[2.393s]   954 | [01;31m[Knamespace[m[K rosidl_generator_traits
[2.393s]       | [01;31m[K^~~~~~~~~[m[K
[2.393s] [01m[K/home/bilal/learn_ros2_ws/install/nav2_msgs/include/nav2_msgs/nav2_msgs/action/detail/follow_waypoints__traits.hpp:998:1:[m[K [01;31m[Kerror: [m[Kâ€˜[01m[Knamespace[m[Kâ€™ definition is not allowed here
[2.393s]   998 | [01;31m[Knamespace[m[K rosidl_generator_traits
[2.393s]       | [01;31m[K^~~~~~~~~[m[K
[2.393s] [01m[K/home/bilal/trail_tracer/src/biy1_ros360_cpp/src/waypoint_navigator.cpp:818:48:[m[K [01;31m[Kerror: [m[Kâ€˜[01m[KFollowWaypoints[m[Kâ€™ in namespace â€˜[01m[Knav2_msgs::action[m[Kâ€™ does not name a type
[2.393s]   818 |     using FollowWaypoints = nav2_msgs::action::[01;31m[KFollowWaypoints[m[K;
[2.393s]       |                                                [01;31m[K^~~~~~~~~~~~~~~[m[K
[2.393s] [01m[K/home/bilal/trail_tracer/src/biy1_ros360_cpp/src/waypoint_navigator.cpp:819:71:[m[K [01;31m[Kerror: [m[Kâ€˜[01m[KFollowWaypoints[m[Kâ€™ was not declared in this scope
[2.393s]   819 |     using GoalHandleFollowWaypoints = rclcpp_action::ClientGoalHandle<[01;31m[KFollowWaypoints[m[K>;
[2.393s]       |                                                                       [01;31m[K^~~~~~~~~~~~~~~[m[K
[2.393s] [01m[K/home/bilal/trail_tracer/src/biy1_ros360_cpp/src/waypoint_navigator.cpp:819:86:[m[K [01;31m[Kerror: [m[Ktemplate argument 1 is invalid
[2.393s]   819 |     using GoalHandleFollowWaypoints = rclcpp_action::ClientGoalHandle<FollowWaypoints[01;31m[K>[m[K;
[2.393s]       |                                                                                      [01;31m[K^[m[K
[2.393s] [01m[K/home/bilal/trail_tracer/src/biy1_ros360_cpp/src/waypoint_navigator.cpp:858:45:[m[K [01;31m[Kerror: [m[Kexpected â€˜[01m[K;[m[Kâ€™ at end of member declaration
[2.393s]   858 |     rclcpp_action::Client<FollowWaypoints>::[01;31m[KSharedPtr[m[K client_ptr_;
[2.394s]       |                                             [01;31m[K^~~~~~~~~[m[K
[2.394s]       |                                                      [32m[K;[m[K
[2.394s] [01m[K/home/bilal/trail_tracer/src/biy1_ros360_cpp/src/waypoint_navigator.cpp:858:55:[m[K [01;31m[Kerror: [m[Kâ€˜[01m[Kclient_ptr_[m[Kâ€™ does not name a type
[2.394s]   858 |     rclcpp_action::Client<FollowWaypoints>::SharedPtr [01;31m[Kclient_ptr_[m[K;
[2.394s]       |                                                       [01;31m[K^~~~~~~~~~~[m[K
[2.397s] [01m[K/home/bilal/trail_tracer/src/biy1_ros360_cpp/src/waypoint_navigator.cpp:861:37:[m[K [01;31m[Kerror: [m[Kâ€˜[01m[KGoalHandleFollowWaypoints[m[Kâ€™ does not name a type
[2.397s]   861 |     void goal_result_callback(const [01;31m[KGoalHandleFollowWaypoints[m[K::WrappedResult & result) {
[2.397s]       |                                     [01;31m[K^~~~~~~~~~~~~~~~~~~~~~~~~[m[K
[2.397s] [01m[K/home/bilal/trail_tracer/src/biy1_ros360_cpp/src/waypoint_navigator.cpp:861:78:[m[K [01;31m[Kerror: [m[Kexpected unqualified-id before â€˜[01m[K&[m[Kâ€™ token
[2.397s]   861 |     void goal_result_callback(const GoalHandleFollowWaypoints::WrappedResult [01;31m[K&[m[K result) {
[2.397s]       |                                                                              [01;31m[K^[m[K
[2.397s] [01m[K/home/bilal/trail_tracer/src/biy1_ros360_cpp/src/waypoint_navigator.cpp:861:78:[m[K [01;31m[Kerror: [m[Kexpected â€˜[01m[K)[m[Kâ€™ before â€˜[01m[K&[m[Kâ€™ token
[2.397s] [01m[K/home/bilal/trail_tracer/src/biy1_ros360_cpp/src/waypoint_navigator.cpp:861:30:[m[K [01;36m[Knote: [m[Kto match this â€˜[01m[K([m[Kâ€™
[2.397s]   861 |     void goal_result_callback[01;36m[K([m[Kconst GoalHandleFollowWaypoints::WrappedResult & result) {
[2.397s]       |                              [01;36m[K^[m[K
[2.397s] [01m[K/home/bilal/trail_tracer/src/biy1_ros360_cpp/src/waypoint_navigator.cpp:861:78:[m[K [01;31m[Kerror: [m[Kexpected â€˜[01m[K;[m[Kâ€™ at end of member declaration
[2.397s]   861 |     void goal_result_callback(const GoalHandleFollowWaypoints::WrappedResult [01;31m[K&[m[K result) {
[2.397s]       |                                                                              [01;31m[K^[m[K
[2.397s]       |                                                                               [32m[K;[m[K
[2.397s] [01m[K/home/bilal/trail_tracer/src/biy1_ros360_cpp/src/waypoint_navigator.cpp:861:80:[m[K [01;31m[Kerror: [m[Kâ€˜[01m[Kresult[m[Kâ€™ does not name a type
[2.398s]   861 |     void goal_result_callback(const GoalHandleFollowWaypoints::WrappedResult & [01;31m[Kresult[m[K) {
[2.398s]       |                                                                                [01;31m[K^~~~~~[m[K
[2.398s] [01m[K/home/bilal/trail_tracer/src/biy1_ros360_cpp/src/waypoint_navigator.cpp:[m[K In constructor â€˜[01m[KTrailTracer::createAndStorePose(double, double)::WaypointSender::WaypointSender(const string&)[m[Kâ€™:
[2.398s] [01m[K/home/bilal/trail_tracer/src/biy1_ros360_cpp/src/waypoint_navigator.cpp:823:15:[m[K [01;31m[Kerror: [m[Kâ€˜[01m[Kclass TrailTracer::createAndStorePose(double, double)::WaypointSender[m[Kâ€™ has no member named â€˜[01m[Kclient_ptr_[m[Kâ€™
[2.398s]   823 |         this->[01;31m[Kclient_ptr_[m[K = rclcpp_action::create_client<FollowWaypoints>(
[2.398s]       |               [01;31m[K^~~~~~~~~~~[m[K
[2.398s] [01m[K/home/bilal/trail_tracer/src/biy1_ros360_cpp/src/waypoint_navigator.cpp:823:58:[m[K [01;31m[Kerror: [m[Kuse of local variable with automatic storage from containing function
[2.398s]   823 |         this->client_ptr_ = rclcpp_action::create_client<[01;31m[KFollowWaypoints[m[K>(
[2.398s]       |                                                          [01;31m[K^~~~~~~~~~~~~~~[m[K
[2.398s] [01m[K/home/bilal/trail_tracer/src/biy1_ros360_cpp/src/waypoint_navigator.cpp:819:71:[m[K [01;36m[Knote: [m[Kâ€˜[01m[K<typeprefixerror>FollowWaypoints[m[Kâ€™ declared here
[2.398s]   819 |     using GoalHandleFollowWaypoints = rclcpp_action::ClientGoalHandle<[01;36m[KFollowWaypoints[m[K>;
[2.398s]       |                                                                       [01;36m[K^~~~~~~~~~~~~~~[m[K
[2.398s] [01m[K/home/bilal/trail_tracer/src/biy1_ros360_cpp/src/waypoint_navigator.cpp:823:74:[m[K [01;31m[Kerror: [m[Kno matching function for call to â€˜[01m[Kcreate_client<<expression error> >(TrailTracer::createAndStorePose(double, double)::WaypointSender*, const char [18])[m[Kâ€™
[2.399s]   823 |         this->client_ptr_ = [01;31m[Krclcpp_action::create_client<FollowWaypoints>([m[K
[2.399s]       |                             [01;31m[K~~~~~~~~~~~~~~~~~~~~~~~~~~~~~~~~~~~~~~~~~~~~~^[m[K
[2.399s]   824 | [01;31m[K            this, "/follow_waypoints")[m[K;
[2.399s]       |             [01;31m[K~~~~~~~~~~~~~~~~~~~~~~~~~~[m[K                                    
[2.399s] In file included from [01m[K/opt/ros/humble/include/rclcpp_action/rclcpp_action/rclcpp_action.hpp:38[m[K,
[2.399s]                  from [01m[K/home/bilal/trail_tracer/src/biy1_ros360_cpp/src/waypoint_navigator.cpp:28[m[K:
[2.399s] [01m[K/opt/ros/humble/include/rclcpp_action/rclcpp_action/create_client.hpp:44:1:[m[K [01;36m[Knote: [m[Kcandidate: â€˜[01m[Ktemplate<class ActionT> typename rclcpp_action::Client<ActionT>::SharedPtr rclcpp_action::create_client(rclcpp::node_interfaces::NodeBaseInterface::SharedPtr, rclcpp::node_interfaces::NodeGraphInterface::SharedPtr, rclcpp::node_interfaces::NodeLoggingInterface::SharedPtr, rclcpp::node_interfaces::NodeWaitablesInterface::SharedPtr, const string&, rclcpp::CallbackGroup::SharedPtr, const rcl_action_client_options_t&)[m[Kâ€™
[2.399s]    44 | [01;36m[Kcreate_client[m[K(
[2.399s]       | [01;36m[K^~~~~~~~~~~~~[m[K
[2.399s] [01m[K/opt/ros/humble/include/rclcpp_action/rclcpp_action/create_client.hpp:44:1:[m[K [01;36m[Knote: [m[K  template argument deduction/substitution failed:
[2.399s] [01m[K/home/bilal/trail_tracer/src/biy1_ros360_cpp/src/waypoint_navigator.cpp:823:74:[m[K [01;31m[Kerror: [m[Ktemplate argument 1 is invalid
[2.399s]   823 |         this->client_ptr_ = [01;31m[Krclcpp_action::create_client<FollowWaypoints>([m[K
[2.399s]       |                             [01;31m[K~~~~~~~~~~~~~~~~~~~~~~~~~~~~~~~~~~~~~~~~~~~~~^[m[K
[2.399s]   824 | [01;31m[K            this, "/follow_waypoints")[m[K;
[2.399s]       |             [01;31m[K~~~~~~~~~~~~~~~~~~~~~~~~~~[m[K                                    
[2.399s] In file included from [01m[K/opt/ros/humble/include/rclcpp_action/rclcpp_action/rclcpp_action.hpp:38[m[K,
[2.399s]                  from [01m[K/home/bilal/trail_tracer/src/biy1_ros360_cpp/src/waypoint_navigator.cpp:28[m[K:
[2.399s] [01m[K/opt/ros/humble/include/rclcpp_action/rclcpp_action/create_client.hpp:105:1:[m[K [01;36m[Knote: [m[Kcandidate: â€˜[01m[Ktemplate<class ActionT, class NodeT> typename rclcpp_action::Client<ActionT>::SharedPtr rclcpp_action::create_client(NodeT, const string&, rclcpp::CallbackGroup::SharedPtr, const rcl_action_client_options_t&)[m[Kâ€™
[2.399s]   105 | [01;36m[Kcreate_client[m[K(
[2.399s]       | [01;36m[K^~~~~~~~~~~~~[m[K
[2.400s] [01m[K/opt/ros/humble/include/rclcpp_action/rclcpp_action/create_client.hpp:105:1:[m[K [01;36m[Knote: [m[K  template argument deduction/substitution failed:
[2.400s] [01m[K/home/bilal/trail_tracer/src/biy1_ros360_cpp/src/waypoint_navigator.cpp:823:74:[m[K [01;31m[Kerror: [m[Ktemplate argument 1 is invalid
[2.400s]   823 |         this->client_ptr_ = [01;31m[Krclcpp_action::create_client<FollowWaypoints>([m[K
[2.400s]       |                             [01;31m[K~~~~~~~~~~~~~~~~~~~~~~~~~~~~~~~~~~~~~~~~~~~~~^[m[K
[2.400s]   824 | [01;31m[K            this, "/follow_waypoints")[m[K;
[2.400s]       |             [01;31m[K~~~~~~~~~~~~~~~~~~~~~~~~~~[m[K                                    
[2.400s] [01m[K/home/bilal/trail_tracer/src/biy1_ros360_cpp/src/waypoint_navigator.cpp:[m[K In member function â€˜[01m[Kvoid TrailTracer::createAndStorePose(double, double)::WaypointSender::set_waypoints(const std::vector<geometry_msgs::msg::PoseStamped_<std::allocator<void> >, std::allocator<geometry_msgs::msg::PoseStamped_<std::allocator<void> > > >&)[m[Kâ€™:
[2.400s] [01m[K/home/bilal/trail_tracer/src/biy1_ros360_cpp/src/waypoint_navigator.cpp:829:25:[m[K [01;31m[Kerror: [m[Kâ€˜[01m[KFollowWaypoints[m[Kâ€™ is not a class, namespace, or enumeration
[2.400s]   829 |         auto goal_msg = [01;31m[KFollowWaypoints[m[K::Goal();
[2.400s]       |                         [01;31m[K^~~~~~~~~~~~~~~[m[K
[2.402s] [01m[K/home/bilal/trail_tracer/src/biy1_ros360_cpp/src/waypoint_navigator.cpp:832:14:[m[K [01;31m[Kerror: [m[Kâ€˜[01m[Kclient_ptr_[m[Kâ€™ was not declared in this scope
[2.402s]   832 |         if (![01;31m[Kclient_ptr_[m[K->wait_for_action_server()) {
[2.402s]       |              [01;31m[K^~~~~~~~~~~[m[K
[2.402s] [01m[K/home/bilal/trail_tracer/src/biy1_ros360_cpp/src/waypoint_navigator.cpp:837:56:[m[K [01;31m[Kerror: [m[Kuse of local variable with automatic storage from containing function
[2.402s]   837 |         auto send_goal_options = rclcpp_action::Client<[01;31m[KFollowWaypoints[m[K>::SendGoalOptions();
[2.403s]       |                                                        [01;31m[K^~~~~~~~~~~~~~~[m[K
[2.403s] [01m[K/home/bilal/trail_tracer/src/biy1_ros360_cpp/src/waypoint_navigator.cpp:819:71:[m[K [01;36m[Knote: [m[Kâ€˜[01m[K<typeprefixerror>FollowWaypoints[m[Kâ€™ declared here
[2.403s]   819 |     using GoalHandleFollowWaypoints = rclcpp_action::ClientGoalHandle<[01;36m[KFollowWaypoints[m[K>;
[2.403s]       |                                                                       [01;36m[K^~~~~~~~~~~~~~~[m[K
[2.403s] [01m[K/home/bilal/trail_tracer/src/biy1_ros360_cpp/src/waypoint_navigator.cpp:837:71:[m[K [01;31m[Kerror: [m[Ktemplate argument 1 is invalid
[2.403s]   837 |         auto send_goal_options = rclcpp_action::Client<FollowWaypoints[01;31m[K>[m[K::SendGoalOptions();
[2.403s]       |                                                                       [01;31m[K^[m[K
[2.410s] [01m[K/home/bilal/trail_tracer/src/biy1_ros360_cpp/src/waypoint_navigator.cpp:839:9:[m[K [01;31m[Kerror: [m[Kâ€˜[01m[Kclient_ptr_[m[Kâ€™ was not declared in this scope
[2.410s]   839 |         [01;31m[Kclient_ptr_[m[K->async_send_goal(goal_msg, send_goal_options);
[2.410s]       |         [01;31m[K^~~~~~~~~~~[m[K
[2.414s] [01m[K/home/bilal/trail_tracer/src/biy1_ros360_cpp/src/waypoint_navigator.cpp:[m[K In member function â€˜[01m[Kvoid TrailTracer::createAndStorePose(double, double)::WaypointSender::pause()[m[Kâ€™:
[2.414s] [01m[K/home/bilal/trail_tracer/src/biy1_ros360_cpp/src/waypoint_navigator.cpp:843:9:[m[K [01;31m[Kerror: [m[Kâ€˜[01m[Kclient_ptr_[m[Kâ€™ was not declared in this scope
[2.414s]   843 |         [01;31m[Kclient_ptr_[m[K->async_cancel_all_goals();
[2.414s]       |         [01;31m[K^~~~~~~~~~~[m[K
[2.443s] [01m[K/home/bilal/trail_tracer/src/biy1_ros360_cpp/src/waypoint_navigator.cpp:[m[K In member function â€˜[01m[Kvoid TrailTracer::createAndStorePose(double, double)::TrailTracer::process_all_waypoints()[m[Kâ€™:
[2.443s] [01m[K/home/bilal/trail_tracer/src/biy1_ros360_cpp/src/waypoint_navigator.cpp:1509:48:[m[K [01;31m[Kerror: [m[Kâ€˜[01m[KFollowWaypoints[m[Kâ€™ in namespace â€˜[01m[Knav2_msgs::action[m[Kâ€™ does not name a type
[2.443s]  1509 |     using FollowWaypoints = nav2_msgs::action::[01;31m[KFollowWaypoints[m[K;
[2.443s]       |                                                [01;31m[K^~~~~~~~~~~~~~~[m[K
[2.443s] [01m[K/home/bilal/trail_tracer/src/biy1_ros360_cpp/src/waypoint_navigator.cpp:1510:71:[m[K [01;31m[Kerror: [m[Kuse of local variable with automatic storage from containing function
[2.443s]  1510 |     using GoalHandleFollowWaypoints = rclcpp_action::ClientGoalHandle<[01;31m[KFollowWaypoints[m[K>;
[2.443s]       |                                                                       [01;31m[K^~~~~~~~~~~~~~~[m[K
[2.443s] [01m[K/home/bilal/trail_tracer/src/biy1_ros360_cpp/src/waypoint_navigator.cpp:819:71:[m[K [01;36m[Knote: [m[Kâ€˜[01m[K<typeprefixerror>FollowWaypoints[m[Kâ€™ declared here
[2.443s]   819 |     using GoalHandleFollowWaypoints = rclcpp_action::ClientGoalHandle<[01;36m[KFollowWaypoints[m[K>;
[2.444s]       |                                                                       [01;36m[K^~~~~~~~~~~~~~~[m[K
[2.444s] [01m[K/home/bilal/trail_tracer/src/biy1_ros360_cpp/src/waypoint_navigator.cpp:1510:86:[m[K [01;31m[Kerror: [m[Ktemplate argument 1 is invalid
[2.444s]  1510 |     using GoalHandleFollowWaypoints = rclcpp_action::ClientGoalHandle<FollowWaypoints[01;31m[K>[m[K;
[2.444s]       |                                                                                      [01;31m[K^[m[K
[2.444s] [01m[K/home/bilal/trail_tracer/src/biy1_ros360_cpp/src/waypoint_navigator.cpp:1549:27:[m[K [01;31m[Kerror: [m[Kuse of local variable with automatic storage from containing function
[2.444s]  1549 |     rclcpp_action::Client<[01;31m[KFollowWaypoints[m[K>::SharedPtr client_ptr_;
[2.444s]       |                           [01;31m[K^~~~~~~~~~~~~~~[m[K
[2.444s] [01m[K/home/bilal/trail_tracer/src/biy1_ros360_cpp/src/waypoint_navigator.cpp:819:71:[m[K [01;36m[Knote: [m[Kâ€˜[01m[K<typeprefixerror>FollowWaypoints[m[Kâ€™ declared here
[2.444s]   819 |     using GoalHandleFollowWaypoints = rclcpp_action::ClientGoalHandle<[01;36m[KFollowWaypoints[m[K>;
[2.444s]       |                                                                       [01;36m[K^~~~~~~~~~~~~~~[m[K
[2.444s] [01m[K/home/bilal/trail_tracer/src/biy1_ros360_cpp/src/waypoint_navigator.cpp:1549:42:[m[K [01;31m[Kerror: [m[Ktemplate argument 1 is invalid
[2.444s]  1549 |     rclcpp_action::Client<FollowWaypoints[01;31m[K>[m[K::SharedPtr client_ptr_;
[2.444s]       |                                          [01;31m[K^[m[K
[2.444s] [01m[K/home/bilal/trail_tracer/src/biy1_ros360_cpp/src/waypoint_navigator.cpp:1549:45:[m[K [01;31m[Kerror: [m[Kexpected â€˜[01m[K;[m[Kâ€™ at end of member declaration
[2.444s]  1549 |     rclcpp_action::Client<FollowWaypoints>::[01;31m[KSharedPtr[m[K client_ptr_;
[2.444s]       |                                             [01;31m[K^~~~~~~~~[m[K
[2.444s]       |                                                      [32m[K;[m[K
[2.445s] [01m[K/home/bilal/trail_tracer/src/biy1_ros360_cpp/src/waypoint_navigator.cpp:1549:55:[m[K [01;31m[Kerror: [m[Kâ€˜[01m[Kclient_ptr_[m[Kâ€™ does not name a type
[2.445s]  1549 |     rclcpp_action::Client<FollowWaypoints>::SharedPtr [01;31m[Kclient_ptr_[m[K;
[2.445s]       |                                                       [01;31m[K^~~~~~~~~~~[m[K
[2.448s] [01m[K/home/bilal/trail_tracer/src/biy1_ros360_cpp/src/waypoint_navigator.cpp:1552:37:[m[K [01;31m[Kerror: [m[Kâ€˜[01m[KGoalHandleFollowWaypoints[m[Kâ€™ does not name a type
[2.448s]  1552 |     void goal_result_callback(const [01;31m[KGoalHandleFollowWaypoints[m[K::WrappedResult & result) {
[2.448s]       |                                     [01;31m[K^~~~~~~~~~~~~~~~~~~~~~~~~[m[K
[2.448s] [01m[K/home/bilal/trail_tracer/src/biy1_ros360_cpp/src/waypoint_navigator.cpp:1552:78:[m[K [01;31m[Kerror: [m[Kexpected unqualified-id before â€˜[01m[K&[m[Kâ€™ token
[2.448s]  1552 |     void goal_result_callback(const GoalHandleFollowWaypoints::WrappedResult [01;31m[K&[m[K result) {
[2.448s]       |                                                                              [01;31m[K^[m[K
[2.448s] [01m[K/home/bilal/trail_tracer/src/biy1_ros360_cpp/src/waypoint_navigator.cpp:1552:78:[m[K [01;31m[Kerror: [m[Kexpected â€˜[01m[K)[m[Kâ€™ before â€˜[01m[K&[m[Kâ€™ token
[2.448s] [01m[K/home/bilal/trail_tracer/src/biy1_ros360_cpp/src/waypoint_navigator.cpp:1552:30:[m[K [01;36m[Knote: [m[Kto match this â€˜[01m[K([m[Kâ€™
[2.448s]  1552 |     void goal_result_callback[01;36m[K([m[Kconst GoalHandleFollowWaypoints::WrappedResult & result) {
[2.448s]       |                              [01;36m[K^[m[K
[2.448s] [01m[K/home/bilal/trail_tracer/src/biy1_ros360_cpp/src/waypoint_navigator.cpp:1552:78:[m[K [01;31m[Kerror: [m[Kexpected â€˜[01m[K;[m[Kâ€™ at end of member declaration
[2.448s]  1552 |     void goal_result_callback(const GoalHandleFollowWaypoints::WrappedResult [01;31m[K&[m[K result) {
[2.448s]       |                                                                              [01;31m[K^[m[K
[2.449s]       |                                                                               [32m[K;[m[K
[2.449s] [01m[K/home/bilal/trail_tracer/src/biy1_ros360_cpp/src/waypoint_navigator.cpp:1552:80:[m[K [01;31m[Kerror: [m[Kâ€˜[01m[Kresult[m[Kâ€™ does not name a type
[2.449s]  1552 |     void goal_result_callback(const GoalHandleFollowWaypoints::WrappedResult & [01;31m[Kresult[m[K) {
[2.449s]       |                                                                                [01;31m[K^~~~~~[m[K
[2.449s] [01m[K/home/bilal/trail_tracer/src/biy1_ros360_cpp/src/waypoint_navigator.cpp:[m[K In constructor â€˜[01m[KTrailTracer::createAndStorePose(double, double)::TrailTracer::process_all_waypoints()::WaypointSender::WaypointSender(const string&)[m[Kâ€™:
[2.450s] [01m[K/home/bilal/trail_tracer/src/biy1_ros360_cpp/src/waypoint_navigator.cpp:1514:15:[m[K [01;31m[Kerror: [m[Kâ€˜[01m[Kclass TrailTracer::createAndStorePose(double, double)::TrailTracer::process_all_waypoints()::WaypointSender[m[Kâ€™ has no member named â€˜[01m[Kclient_ptr_[m[Kâ€™
[2.450s]  1514 |         this->[01;31m[Kclient_ptr_[m[K = rclcpp_action::create_client<FollowWaypoints>(
[2.450s]       |               [01;31m[K^~~~~~~~~~~[m[K
[2.450s] [01m[K/home/bilal/trail_tracer/src/biy1_ros360_cpp/src/waypoint_navigator.cpp:1514:58:[m[K [01;31m[Kerror: [m[Kuse of local variable with automatic storage from containing function
[2.450s]  1514 |         this->client_ptr_ = rclcpp_action::create_client<[01;31m[KFollowWaypoints[m[K>(
[2.450s]       |                                                          [01;31m[K^~~~~~~~~~~~~~~[m[K
[2.450s] [01m[K/home/bilal/trail_tracer/src/biy1_ros360_cpp/src/waypoint_navigator.cpp:819:71:[m[K [01;36m[Knote: [m[Kâ€˜[01m[K<typeprefixerror>FollowWaypoints[m[Kâ€™ declared here
[2.450s]   819 |     using GoalHandleFollowWaypoints = rclcpp_action::ClientGoalHandle<[01;36m[KFollowWaypoints[m[K>;
[2.450s]       |                                                                       [01;36m[K^~~~~~~~~~~~~~~[m[K
[2.450s] [01m[K/home/bilal/trail_tracer/src/biy1_ros360_cpp/src/waypoint_navigator.cpp:1514:74:[m[K [01;31m[Kerror: [m[Kno matching function for call to â€˜[01m[Kcreate_client<<expression error> >(TrailTracer::createAndStorePose(double, double)::TrailTracer::process_all_waypoints()::WaypointSender*, const char [18])[m[Kâ€™
[2.450s]  1514 |         this->client_ptr_ = [01;31m[Krclcpp_action::create_client<FollowWaypoints>([m[K
[2.450s]       |                             [01;31m[K~~~~~~~~~~~~~~~~~~~~~~~~~~~~~~~~~~~~~~~~~~~~~^[m[K
[2.451s]  1515 | [01;31m[K            this, "/follow_waypoints")[m[K;
[2.451s]       |             [01;31m[K~~~~~~~~~~~~~~~~~~~~~~~~~~[m[K                                    
[2.451s] In file included from [01m[K/opt/ros/humble/include/rclcpp_action/rclcpp_action/rclcpp_action.hpp:38[m[K,
[2.451s]                  from [01m[K/home/bilal/trail_tracer/src/biy1_ros360_cpp/src/waypoint_navigator.cpp:28[m[K:
[2.451s] [01m[K/opt/ros/humble/include/rclcpp_action/rclcpp_action/create_client.hpp:44:1:[m[K [01;36m[Knote: [m[Kcandidate: â€˜[01m[Ktemplate<class ActionT> typename rclcpp_action::Client<ActionT>::SharedPtr rclcpp_action::create_client(rclcpp::node_interfaces::NodeBaseInterface::SharedPtr, rclcpp::node_interfaces::NodeGraphInterface::SharedPtr, rclcpp::node_interfaces::NodeLoggingInterface::SharedPtr, rclcpp::node_interfaces::NodeWaitablesInterface::SharedPtr, const string&, rclcpp::CallbackGroup::SharedPtr, const rcl_action_client_options_t&)[m[Kâ€™
[2.451s]    44 | [01;36m[Kcreate_client[m[K(
[2.451s]       | [01;36m[K^~~~~~~~~~~~~[m[K
[2.451s] [01m[K/opt/ros/humble/include/rclcpp_action/rclcpp_action/create_client.hpp:44:1:[m[K [01;36m[Knote: [m[K  template argument deduction/substitution failed:
[2.451s] [01m[K/home/bilal/trail_tracer/src/biy1_ros360_cpp/src/waypoint_navigator.cpp:1514:74:[m[K [01;31m[Kerror: [m[Ktemplate argument 1 is invalid
[2.451s]  1514 |         this->client_ptr_ = [01;31m[Krclcpp_action::create_client<FollowWaypoints>([m[K
[2.451s]       |                             [01;31m[K~~~~~~~~~~~~~~~~~~~~~~~~~~~~~~~~~~~~~~~~~~~~~^[m[K
[2.451s]  1515 | [01;31m[K            this, "/follow_waypoints")[m[K;
[2.451s]       |             [01;31m[K~~~~~~~~~~~~~~~~~~~~~~~~~~[m[K                                    
[2.451s] In file included from [01m[K/opt/ros/humble/include/rclcpp_action/rclcpp_action/rclcpp_action.hpp:38[m[K,
[2.451s]                  from [01m[K/home/bilal/trail_tracer/src/biy1_ros360_cpp/src/waypoint_navigator.cpp:28[m[K:
[2.451s] [01m[K/opt/ros/humble/include/rclcpp_action/rclcpp_action/create_client.hpp:105:1:[m[K [01;36m[Knote: [m[Kcandidate: â€˜[01m[Ktemplate<class ActionT, class NodeT> typename rclcpp_action::Client<ActionT>::SharedPtr rclcpp_action::create_client(NodeT, const string&, rclcpp::CallbackGroup::SharedPtr, const rcl_action_client_options_t&)[m[Kâ€™
[2.451s]   105 | [01;36m[Kcreate_client[m[K(
[2.451s]       | [01;36m[K^~~~~~~~~~~~~[m[K
[2.451s] [01m[K/opt/ros/humble/include/rclcpp_action/rclcpp_action/create_client.hpp:105:1:[m[K [01;36m[Knote: [m[K  template argument deduction/substitution failed:
[2.452s] [01m[K/home/bilal/trail_tracer/src/biy1_ros360_cpp/src/waypoint_navigator.cpp:1514:74:[m[K [01;31m[Kerror: [m[Ktemplate argument 1 is invalid
[2.452s]  1514 |         this->client_ptr_ = [01;31m[Krclcpp_action::create_client<FollowWaypoints>([m[K
[2.452s]       |                             [01;31m[K~~~~~~~~~~~~~~~~~~~~~~~~~~~~~~~~~~~~~~~~~~~~~^[m[K
[2.452s]  1515 | [01;31m[K            this, "/follow_waypoints")[m[K;
[2.452s]       |             [01;31m[K~~~~~~~~~~~~~~~~~~~~~~~~~~[m[K                                    
[2.452s] [01m[K/home/bilal/trail_tracer/src/biy1_ros360_cpp/src/waypoint_navigator.cpp:[m[K In member function â€˜[01m[Kvoid TrailTracer::createAndStorePose(double, double)::TrailTracer::process_all_waypoints()::WaypointSender::set_waypoints(const std::vector<geometry_msgs::msg::PoseStamped_<std::allocator<void> >, std::allocator<geometry_msgs::msg::PoseStamped_<std::allocator<void> > > >&)[m[Kâ€™:
[2.452s] [01m[K/home/bilal/trail_tracer/src/biy1_ros360_cpp/src/waypoint_navigator.cpp:1520:25:[m[K [01;31m[Kerror: [m[Kâ€˜[01m[KFollowWaypoints[m[Kâ€™ is not a class, namespace, or enumeration
[2.452s]  1520 |         auto goal_msg = [01;31m[KFollowWaypoints[m[K::Goal();
[2.452s]       |                         [01;31m[K^~~~~~~~~~~~~~~[m[K
[2.454s] [01m[K/home/bilal/trail_tracer/src/biy1_ros360_cpp/src/waypoint_navigator.cpp:1523:14:[m[K [01;31m[Kerror: [m[Kâ€˜[01m[Kclient_ptr_[m[Kâ€™ was not declared in this scope
[2.454s]  1523 |         if (![01;31m[Kclient_ptr_[m[K->wait_for_action_server()) {
[2.454s]       |              [01;31m[K^~~~~~~~~~~[m[K
[2.454s] [01m[K/home/bilal/trail_tracer/src/biy1_ros360_cpp/src/waypoint_navigator.cpp:1528:56:[m[K [01;31m[Kerror: [m[Kuse of local variable with automatic storage from containing function
[2.454s]  1528 |         auto send_goal_options = rclcpp_action::Client<[01;31m[KFollowWaypoints[m[K>::SendGoalOptions();
[2.454s]       |                                                        [01;31m[K^~~~~~~~~~~~~~~[m[K
[2.454s] [01m[K/home/bilal/trail_tracer/src/biy1_ros360_cpp/src/waypoint_navigator.cpp:819:71:[m[K [01;36m[Knote: [m[Kâ€˜[01m[K<typeprefixerror>FollowWaypoints[m[Kâ€™ declared here
[2.455s]   819 |     using GoalHandleFollowWaypoints = rclcpp_action::ClientGoalHandle<[01;36m[KFollowWaypoints[m[K>;
[2.455s]       |                                                                       [01;36m[K^~~~~~~~~~~~~~~[m[K
[2.455s] [01m[K/home/bilal/trail_tracer/src/biy1_ros360_cpp/src/waypoint_navigator.cpp:1528:71:[m[K [01;31m[Kerror: [m[Ktemplate argument 1 is invalid
[2.455s]  1528 |         auto send_goal_options = rclcpp_action::Client<FollowWaypoints[01;31m[K>[m[K::SendGoalOptions();
[2.455s]       |                                                                       [01;31m[K^[m[K
[2.462s] [01m[K/home/bilal/trail_tracer/src/biy1_ros360_cpp/src/waypoint_navigator.cpp:1530:9:[m[K [01;31m[Kerror: [m[Kâ€˜[01m[Kclient_ptr_[m[Kâ€™ was not declared in this scope
[2.462s]  1530 |         [01;31m[Kclient_ptr_[m[K->async_send_goal(goal_msg, send_goal_options);
[2.462s]       |         [01;31m[K^~~~~~~~~~~[m[K
[2.466s] [01m[K/home/bilal/trail_tracer/src/biy1_ros360_cpp/src/waypoint_navigator.cpp:[m[K In member function â€˜[01m[Kvoid TrailTracer::createAndStorePose(double, double)::TrailTracer::process_all_waypoints()::WaypointSender::pause()[m[Kâ€™:
[2.466s] [01m[K/home/bilal/trail_tracer/src/biy1_ros360_cpp/src/waypoint_navigator.cpp:1534:9:[m[K [01;31m[Kerror: [m[Kâ€˜[01m[Kclient_ptr_[m[Kâ€™ was not declared in this scope
[2.466s]  1534 |         [01;31m[Kclient_ptr_[m[K->async_cancel_all_goals();
[2.466s]       |         [01;31m[K^~~~~~~~~~~[m[K
[2.496s] [01m[K/home/bilal/trail_tracer/src/biy1_ros360_cpp/src/waypoint_navigator.cpp:[m[K In member function â€˜[01m[Kvoid TrailTracer::createAndStorePose(double, double)::TrailTracer::process_all_waypoints()[m[Kâ€™:
[2.496s] [01m[K/home/bilal/trail_tracer/src/biy1_ros360_cpp/src/waypoint_navigator.cpp:2264:34:[m[K [01;31m[Kerror: [m[Ka function-definition is not allowed here before â€˜[01m[K{[m[Kâ€™ token
[2.496s]  2264 | int main(int argc, char* argv[]) [01;31m[K{[m[K
[2.496s]       |                                  [01;31m[K^[m[K
[2.496s] [01m[K/home/bilal/trail_tracer/src/biy1_ros360_cpp/src/waypoint_navigator.cpp:2272:32:[m[K [01;31m[Kerror: [m[Kuse of parameter from containing function
[2.496s]  2272 |             createAndStorePose([01;31m[Keasting[m[K, northing);
[2.496s]       |                                [01;31m[K^~~~~~~[m[K
[2.496s] [01m[K/home/bilal/trail_tracer/src/biy1_ros360_cpp/src/waypoint_navigator.cpp:717:36:[m[K [01;36m[Knote: [m[Kâ€˜[01m[Kdouble easting[m[Kâ€™ declared here
[2.496s]   717 |     void createAndStorePose([01;36m[Kdouble easting[m[K, double northing){
[2.496s]       |                             [01;36m[K~~~~~~~^~~~~~~[m[K
[2.496s] [01m[K/home/bilal/trail_tracer/src/biy1_ros360_cpp/src/waypoint_navigator.cpp:2272:41:[m[K [01;31m[Kerror: [m[Kuse of parameter from containing function
[2.496s]  2272 |             createAndStorePose(easting, [01;31m[Knorthing[m[K);
[2.496s]       |                                         [01;31m[K^~~~~~~~[m[K
[2.496s] [01m[K/home/bilal/trail_tracer/src/biy1_ros360_cpp/src/waypoint_navigator.cpp:717:52:[m[K [01;36m[Knote: [m[Kâ€˜[01m[Kdouble northing[m[Kâ€™ declared here
[2.496s]   717 |     void createAndStorePose(double easting, [01;36m[Kdouble northing[m[K){
[2.496s]       |                                             [01;36m[K~~~~~~~^~~~~~~~[m[K
[2.497s] [01m[K/home/bilal/trail_tracer/src/biy1_ros360_cpp/src/waypoint_navigator.cpp:1435:17:[m[K [01;35m[Kwarning: [m[Kunused variable â€˜[01m[Kzone[m[Kâ€™ [[01;35m[K]8;;https://gcc.gnu.org/onlinedocs/gcc/Warning-Options.html#index-Wunused-variable-Wunused-variable]8;;[m[K]
[2.497s]  1435 |             int [01;35m[Kzone[m[K;/*
[2.497s]       |                 [01;35m[K^~~~[m[K
[2.497s] [01m[K/home/bilal/trail_tracer/src/biy1_ros360_cpp/src/waypoint_navigator.cpp:1434:26:[m[K [01;35m[Kwarning: [m[Kunused structured binding declaration [[01;35m[K]8;;https://gcc.gnu.org/onlinedocs/gcc/Warning-Options.html#index-Wunused-variable-Wunused-variable]8;;[m[K]
[2.497s]  1434 |         for (const auto& [01;35m[K[lat, lon][m[K : waypoints_) {
[2.497s]       |                          [01;35m[K^~~~~~~~~~[m[K
[2.497s] [01m[K/home/bilal/trail_tracer/src/biy1_ros360_cpp/src/waypoint_navigator.cpp:1432:14:[m[K [01;35m[Kwarning: [m[Kunused variable â€˜[01m[Kfirst_point[m[Kâ€™ [[01;35m[K]8;;https://gcc.gnu.org/onlinedocs/gcc/Warning-Options.html#index-Wunused-variable-Wunused-variable]8;;[m[K]
[2.497s]  1432 |         bool [01;35m[Kfirst_point[m[K = true;
[2.497s]       |              [01;35m[K^~~~~~~~~~~[m[K
[2.497s] [01m[K/home/bilal/trail_tracer/src/biy1_ros360_cpp/src/waypoint_navigator.cpp:[m[K In member function â€˜[01m[Kvoid TrailTracer::createAndStorePose(double, double)[m[Kâ€™:
[2.497s] [01m[K/home/bilal/trail_tracer/src/biy1_ros360_cpp/src/waypoint_navigator.cpp:2399:34:[m[K [01;31m[Kerror: [m[Ka function-definition is not allowed here before â€˜[01m[K{[m[Kâ€™ token
[2.497s]  2399 | int main(int argc, char* argv[]) [01;31m[K{[m[K
[2.497s]       |                                  [01;31m[K^[m[K
[10.059s] gmake[2]: *** [CMakeFiles/waypoint_navigator.dir/build.make:76: CMakeFiles/waypoint_navigator.dir/src/waypoint_navigator.cpp.o] Error 1
[10.059s] gmake[1]: *** [CMakeFiles/Makefile2:313: CMakeFiles/waypoint_navigator.dir/all] Error 2
[10.059s] gmake: *** [Makefile:146: all] Error 2
[10.062s] Invoked command in '/home/bilal/trail_tracer/build/biy1_ros360_cpp' returned '2': CMAKE_PREFIX_PATH=${CMAKE_PREFIX_PATH}:/home/bilal/trail_tracer/install/web_gui:/home/bilal/learn_ros2_ws/install/web_gui:/home/bilal/learn_ros2_ws/install/nav2_simple_commander:/home/bilal/ros2_ws/install/web_gui:/home/bilal/ros2_ws/install/opencv_tools:/home/bilal/ros2_ws/install/biy1_ros360_py:/opt/ros/humble /usr/bin/cmake --build /home/bilal/trail_tracer/build/biy1_ros360_cpp -- -j12 -l12
