[01m[K/home/bilal/trail_tracer/src/biy1_ros360_cpp/src/follower.cpp:[m[K In member function â€˜[01m[Kvoid TestCode::process_all_waypoints()[m[Kâ€™:
[01m[K/home/bilal/trail_tracer/src/biy1_ros360_cpp/src/follower.cpp:184:13:[m[K [01;31m[Kerror: [m[Kâ€˜[01m[Ktf2[m[Kâ€™ has not been declared
  184 |             [01;31m[Ktf2[m[K::Quaternion quaternion;
      |             [01;31m[K^~~[m[K
[01m[K/home/bilal/trail_tracer/src/biy1_ros360_cpp/src/follower.cpp:185:13:[m[K [01;31m[Kerror: [m[Kâ€˜[01m[Kquaternion[m[Kâ€™ was not declared in this scope
  185 |             [01;31m[Kquaternion[m[K.setRPY(0, 0, heading);  // Roll, pitch, yaw
      |             [01;31m[K^~~~~~~~~~[m[K
gmake[2]: *** [CMakeFiles/follower.dir/build.make:76: CMakeFiles/follower.dir/src/follower.cpp.o] Error 1
gmake[1]: *** [CMakeFiles/Makefile2:333: CMakeFiles/follower.dir/all] Error 2
gmake: *** [Makefile:146: all] Error 2
