-- Install configuration: ""
-- Up-to-date: /home/bilal/trail_tracer/install/argo_sim/share/argo_sim/description
-- Up-to-date: /home/bilal/trail_tracer/install/argo_sim/share/argo_sim/description/urdf
-- Up-to-date: /home/bilal/trail_tracer/install/argo_sim/share/argo_sim/description/urdf/argo.urdf.xacro
-- Up-to-date: /home/bilal/trail_tracer/install/argo_sim/share/argo_sim/launch
-- Up-to-date: /home/bilal/trail_tracer/install/argo_sim/share/argo_sim/launch/rtabmap.launch
-- Up-to-date: /home/bilal/trail_tracer/install/argo_sim/share/argo_sim/launch/gazebo.launch.py
-- Up-to-date: /home/bilal/trail_tracer/install/argo_sim/share/argo_sim/launch/display.launch
-- Up-to-date: /home/bilal/trail_tracer/install/argo_sim/share/argo_sim/launch/navsat.launch
-- Up-to-date: /home/bilal/trail_tracer/install/argo_sim/share/argo_sim/launch/argo_launch.py
-- Up-to-date: /home/bilal/trail_tracer/install/argo_sim/share/argo_sim/gazebo
-- Up-to-date: /home/bilal/trail_tracer/install/argo_sim/share/argo_sim/gazebo/materials
-- Up-to-date: /home/bilal/trail_tracer/install/argo_sim/share/argo_sim/gazebo/materials/scripts
-- Up-to-date: /home/bilal/trail_tracer/install/argo_sim/share/argo_sim/gazebo/materials/scripts/grass.material
-- Up-to-date: /home/bilal/trail_tracer/install/argo_sim/share/argo_sim/gazebo/materials/scripts/mud.material
-- Up-to-date: /home/bilal/trail_tracer/install/argo_sim/share/argo_sim/gazebo/materials/scripts/bark.material
-- Up-to-date: /home/bilal/trail_tracer/install/argo_sim/share/argo_sim/gazebo/materials/textures
-- Up-to-date: /home/bilal/trail_tracer/install/argo_sim/share/argo_sim/gazebo/materials/textures/roadsHeightmap.png
-- Up-to-date: /home/bilal/trail_tracer/install/argo_sim/share/argo_sim/gazebo/materials/textures/roadsHeightmap.xcf
-- Up-to-date: /home/bilal/trail_tracer/install/argo_sim/share/argo_sim/gazebo/materials/textures/sand.jpg
-- Up-to-date: /home/bilal/trail_tracer/install/argo_sim/share/argo_sim/gazebo/materials/textures/bark.png
-- Up-to-date: /home/bilal/trail_tracer/install/argo_sim/share/argo_sim/gazebo/materials/textures/grass.png
-- Up-to-date: /home/bilal/trail_tracer/install/argo_sim/share/argo_sim/gazebo/materials/textures/mud_soft_leaves.png
-- Up-to-date: /home/bilal/trail_tracer/install/argo_sim/share/argo_sim/gazebo/worlds
-- Up-to-date: /home/bilal/trail_tracer/install/argo_sim/share/argo_sim/gazebo/worlds/bridge.world
-- Up-to-date: /home/bilal/trail_tracer/install/argo_sim/share/argo_sim/gazebo/worlds/roadWorld.xml
-- Up-to-date: /home/bilal/trail_tracer/install/argo_sim/share/argo_sim/materials
-- Up-to-date: /home/bilal/trail_tracer/install/argo_sim/share/argo_sim/materials/scripts
-- Up-to-date: /home/bilal/trail_tracer/install/argo_sim/share/argo_sim/materials/scripts/grass.material
-- Up-to-date: /home/bilal/trail_tracer/install/argo_sim/share/argo_sim/materials/scripts/mud.material
-- Up-to-date: /home/bilal/trail_tracer/install/argo_sim/share/argo_sim/materials/scripts/bark.material
-- Up-to-date: /home/bilal/trail_tracer/install/argo_sim/share/argo_sim/materials/textures
-- Up-to-date: /home/bilal/trail_tracer/install/argo_sim/share/argo_sim/materials/textures/roadsHeightmap.png
-- Up-to-date: /home/bilal/trail_tracer/install/argo_sim/share/argo_sim/materials/textures/roadsHeightmap.xcf
-- Up-to-date: /home/bilal/trail_tracer/install/argo_sim/share/argo_sim/materials/textures/sand.jpg
-- Up-to-date: /home/bilal/trail_tracer/install/argo_sim/share/argo_sim/materials/textures/bark.png
-- Up-to-date: /home/bilal/trail_tracer/install/argo_sim/share/argo_sim/materials/textures/grass.png
-- Up-to-date: /home/bilal/trail_tracer/install/argo_sim/share/argo_sim/materials/textures/mud_soft_leaves.png
-- Up-to-date: /home/bilal/trail_tracer/install/argo_sim/share/argo_sim/worlds
-- Up-to-date: /home/bilal/trail_tracer/install/argo_sim/share/argo_sim/worlds/bridge.world
-- Up-to-date: /home/bilal/trail_tracer/install/argo_sim/share/argo_sim/worlds/roadWorld.xml
-- Up-to-date: /home/bilal/trail_tracer/install/argo_sim/share/ament_index/resource_index/package_run_dependencies/argo_sim
-- Up-to-date: /home/bilal/trail_tracer/install/argo_sim/share/ament_index/resource_index/parent_prefix_path/argo_sim
-- Up-to-date: /home/bilal/trail_tracer/install/argo_sim/share/argo_sim/environment/ament_prefix_path.sh
-- Up-to-date: /home/bilal/trail_tracer/install/argo_sim/share/argo_sim/environment/ament_prefix_path.dsv
-- Up-to-date: /home/bilal/trail_tracer/install/argo_sim/share/argo_sim/environment/path.sh
-- Up-to-date: /home/bilal/trail_tracer/install/argo_sim/share/argo_sim/environment/path.dsv
-- Up-to-date: /home/bilal/trail_tracer/install/argo_sim/share/argo_sim/local_setup.bash
-- Up-to-date: /home/bilal/trail_tracer/install/argo_sim/share/argo_sim/local_setup.sh
-- Up-to-date: /home/bilal/trail_tracer/install/argo_sim/share/argo_sim/local_setup.zsh
-- Up-to-date: /home/bilal/trail_tracer/install/argo_sim/share/argo_sim/local_setup.dsv
-- Installing: /home/bilal/trail_tracer/install/argo_sim/share/argo_sim/package.dsv
-- Up-to-date: /home/bilal/trail_tracer/install/argo_sim/share/ament_index/resource_index/packages/argo_sim
-- Up-to-date: /home/bilal/trail_tracer/install/argo_sim/share/argo_sim/cmake/argo_simConfig.cmake
-- Up-to-date: /home/bilal/trail_tracer/install/argo_sim/share/argo_sim/cmake/argo_simConfig-version.cmake
-- Up-to-date: /home/bilal/trail_tracer/install/argo_sim/share/argo_sim/package.xml
Traceback (most recent call last):
  File "/usr/lib/python3/dist-packages/colcon_parallel_executor/executor/parallel.py", line 75, in execute
    loop.run_until_complete(future)
  File "/usr/lib/python3.10/asyncio/base_events.py", line 636, in run_until_complete
    self.run_forever()
  File "/usr/lib/python3.10/asyncio/base_events.py", line 603, in run_forever
    self._run_once()
  File "/usr/lib/python3.10/asyncio/base_events.py", line 1871, in _run_once
    event_list = self._selector.select(timeout)
  File "/usr/lib/python3.10/selectors.py", line 469, in select
    fd_event_list = self._selector.poll(timeout, max_ev)
KeyboardInterrupt

During handling of the above exception, another exception occurred:

Traceback (most recent call last):
  File "/usr/lib/python3/dist-packages/colcon_core/executor/__init__.py", line 91, in __call__
    rc = await self.task(*args, **kwargs)
  File "/usr/lib/python3/dist-packages/colcon_core/task/__init__.py", line 93, in __call__
    return await task_method(*args, **kwargs)
  File "/usr/lib/python3/dist-packages/colcon_ros/task/ament_cmake/build.py", line 65, in build
    has_install_target = await has_target(args.build_base, 'install')
  File "/usr/lib/python3/dist-packages/colcon_cmake/task/cmake/__init__.py", line 57, in has_target
    return target in await get_makefile_targets(path)
  File "/usr/lib/python3/dist-packages/colcon_cmake/task/cmake/__init__.py", line 77, in get_makefile_targets
    output = await check_output([
  File "/usr/lib/python3/dist-packages/colcon_core/subprocess.py", line 129, in check_output
    assert not rc, f'Expected {args} to pass: {stderr_data}'
AssertionError: Expected ['/usr/bin/cmake', '--build', '/home/bilal/trail_tracer/build/argo_sim', '--target', 'help'] to pass: 
