[35m[1mConsolidate compiler generated dependencies of target follower[0m
[ 12%] Built target nav2
[ 25%] Built target helloWorld
[ 37%] Built target exampleSubscriber
[ 50%] Built target examplePublisher
[ 62%] Built target testCode
[ 75%] Built target waypoint_navigator
[ 87%] Built target trail_tracer
[ 93%] [32mBuilding CXX object CMakeFiles/follower.dir/src/follower.cpp.o[0m
[01m[K/home/bilal/trail_tracer/src/biy1_ros360_cpp/src/follower.cpp:[m[K In member function â€˜[01m[Kvoid TestCode::stop_robot()[m[Kâ€™:
[01m[K/home/bilal/trail_tracer/src/biy1_ros360_cpp/src/follower.cpp:132:9:[m[K [01;31m[Kerror: [m[Kâ€˜[01m[Kstop_publisher_[m[Kâ€™ was not declared in this scope; did you mean â€˜[01m[Krmw_publisher_t[m[Kâ€™?
  132 |         [01;31m[Kstop_publisher_[m[K->publish(stop_cmd);
      |         [01;31m[K^~~~~~~~~~~~~~~[m[K
      |         [32m[Krmw_publisher_t[m[K
gmake[2]: *** [CMakeFiles/follower.dir/build.make:76: CMakeFiles/follower.dir/src/follower.cpp.o] Error 1
gmake[1]: *** [CMakeFiles/Makefile2:333: CMakeFiles/follower.dir/all] Error 2
gmake: *** [Makefile:146: all] Error 2
