[0.016s] Invoking command in '/home/bilal/trail_tracer/build/biy1_ros360_cpp': CMAKE_PREFIX_PATH=${CMAKE_PREFIX_PATH}:/home/bilal/trail_tracer/install/web_gui:/home/bilal/learn_ros2_ws/install/web_gui:/home/bilal/learn_ros2_ws/install/nav2_simple_commander:/home/bilal/ros2_ws/install/web_gui:/home/bilal/ros2_ws/install/opencv_tools:/home/bilal/ros2_ws/install/biy1_ros360_py:/opt/ros/humble /usr/bin/cmake --build /home/bilal/trail_tracer/build/biy1_ros360_cpp -- -j12 -l12
[0.083s] [35m[1mConsolidate compiler generated dependencies of target follower[0m
[0.104s] [ 12%] Built target nav2
[0.105s] [ 25%] Built target helloWorld
[0.105s] [ 37%] Built target exampleSubscriber
[0.106s] [ 50%] Built target examplePublisher
[0.106s] [ 62%] Built target testCode
[0.109s] [ 75%] Built target waypoint_navigator
[0.109s] [ 87%] Built target trail_tracer
[0.113s] [ 93%] [32mBuilding CXX object CMakeFiles/follower.dir/src/follower.cpp.o[0m
[2.197s] [01m[K/home/bilal/trail_tracer/src/biy1_ros360_cpp/src/follower.cpp:[m[K In member function â€˜[01m[Kvoid TestCode::stop_robot()[m[Kâ€™:
[2.197s] [01m[K/home/bilal/trail_tracer/src/biy1_ros360_cpp/src/follower.cpp:132:9:[m[K [01;31m[Kerror: [m[Kâ€˜[01m[Kstop_publisher_[m[Kâ€™ was not declared in this scope; did you mean â€˜[01m[Krmw_publisher_t[m[Kâ€™?
[2.198s]   132 |         [01;31m[Kstop_publisher_[m[K->publish(stop_cmd);
[2.198s]       |         [01;31m[K^~~~~~~~~~~~~~~[m[K
[2.198s]       |         [32m[Krmw_publisher_t[m[K
[6.173s] gmake[2]: *** [CMakeFiles/follower.dir/build.make:76: CMakeFiles/follower.dir/src/follower.cpp.o] Error 1
[6.173s] gmake[1]: *** [CMakeFiles/Makefile2:333: CMakeFiles/follower.dir/all] Error 2
[6.173s] gmake: *** [Makefile:146: all] Error 2
[6.176s] Invoked command in '/home/bilal/trail_tracer/build/biy1_ros360_cpp' returned '2': CMAKE_PREFIX_PATH=${CMAKE_PREFIX_PATH}:/home/bilal/trail_tracer/install/web_gui:/home/bilal/learn_ros2_ws/install/web_gui:/home/bilal/learn_ros2_ws/install/nav2_simple_commander:/home/bilal/ros2_ws/install/web_gui:/home/bilal/ros2_ws/install/opencv_tools:/home/bilal/ros2_ws/install/biy1_ros360_py:/opt/ros/humble /usr/bin/cmake --build /home/bilal/trail_tracer/build/biy1_ros360_cpp -- -j12 -l12
