[  9%] Built target helloWorld
[ 18%] Built target exampleSubscriber
[ 22%] [32mBuilding CXX object CMakeFiles/sparse.dir/src/polishedCode.cpp.o[0m
[ 31%] Built target examplePublisher
[ 40%] Built target nav2
[ 50%] Built target trail_tracer
[ 59%] Built target testCode
[ 63%] [32mBuilding CXX object CMakeFiles/polishedCode.dir/src/polishedCode.cpp.o[0m
[ 72%] Built target code_test
[ 81%] Built target follower
[ 90%] Built target waypoint_navigator
[01m[K/home/bilal/trail_tracer/src/biy1_ros360_cpp/src/polishedCode.cpp:[m[K In constructor â€˜[01m[KTrailTracer::TrailTracer()[m[Kâ€™:
[01m[K/home/bilal/trail_tracer/src/biy1_ros360_cpp/src/polishedCode.cpp:110:79:[m[K [01;31m[Kerror: [m[Kno matching function for call to â€˜[01m[KTrailTracer::create_generic_publisher<std_msgs::msg::String>(const char [27])[m[Kâ€™
  110 |         log_publisher_ = [01;31m[Kthis->create_generic_publisher<std_msgs::msg::String>("/trail_tracer/log_messages")[m[K;
      |                          [01;31m[K~~~~~~~~~~~~~~~~~~~~~~~~~~~~~~~~~~~~~~~~~~~~~~~~~~~~~^~~~~~~~~~~~~~~~~~~~~~~~~~~~~~[m[K
In file included from [01m[K/opt/ros/humble/include/rclcpp/rclcpp/node.hpp:1321[m[K,
                 from [01m[K/opt/ros/humble/include/rclcpp/rclcpp/executors/single_threaded_executor.hpp:28[m[K,
                 from [01m[K/opt/ros/humble/include/rclcpp/rclcpp/executors.hpp:22[m[K,
                 from [01m[K/opt/ros/humble/include/rclcpp/rclcpp/rclcpp.hpp:155[m[K,
                 from [01m[K/home/bilal/trail_tracer/src/biy1_ros360_cpp/src/polishedCode.cpp:8[m[K:
[01m[K/opt/ros/humble/include/rclcpp/rclcpp/node_impl.hpp:158:1:[m[K [01;36m[Knote: [m[Kcandidate: â€˜[01m[Kstd::shared_ptr<rclcpp::GenericPublisher> rclcpp::Node::create_generic_publisher(const string&, const string&, const rclcpp::QoS&, const rclcpp::PublisherOptionsWithAllocator<AllocatorT>&) [with AllocatorT = std_msgs::msg::String_<std::allocator<void> >; std::string = std::__cxx11::basic_string<char>][m[Kâ€™
  158 | [01;36m[KNode[m[K::create_generic_publisher(
      | [01;36m[K^~~~[m[K
[01m[K/opt/ros/humble/include/rclcpp/rclcpp/node_impl.hpp:158:1:[m[K [01;36m[Knote: [m[K  candidate expects 4 arguments, 1 provided
[01m[K/home/bilal/trail_tracer/src/biy1_ros360_cpp/src/polishedCode.cpp:[m[K In constructor â€˜[01m[KTrailTracer::TrailTracer()[m[Kâ€™:
[01m[K/home/bilal/trail_tracer/src/biy1_ros360_cpp/src/polishedCode.cpp:110:79:[m[K [01;31m[Kerror: [m[Kno matching function for call to â€˜[01m[KTrailTracer::create_generic_publisher<std_msgs::msg::String>(const char [27])[m[Kâ€™
  110 |         log_publisher_ = [01;31m[Kthis->create_generic_publisher<std_msgs::msg::String>("/trail_tracer/log_messages")[m[K;
      |                          [01;31m[K~~~~~~~~~~~~~~~~~~~~~~~~~~~~~~~~~~~~~~~~~~~~~~~~~~~~~^~~~~~~~~~~~~~~~~~~~~~~~~~~~~~[m[K
In file included from [01m[K/opt/ros/humble/include/rclcpp/rclcpp/node.hpp:1321[m[K,
                 from [01m[K/opt/ros/humble/include/rclcpp/rclcpp/executors/single_threaded_executor.hpp:28[m[K,
                 from [01m[K/opt/ros/humble/include/rclcpp/rclcpp/executors.hpp:22[m[K,
                 from [01m[K/opt/ros/humble/include/rclcpp/rclcpp/rclcpp.hpp:155[m[K,
                 from [01m[K/home/bilal/trail_tracer/src/biy1_ros360_cpp/src/polishedCode.cpp:8[m[K:
[01m[K/opt/ros/humble/include/rclcpp/rclcpp/node_impl.hpp:158:1:[m[K [01;36m[Knote: [m[Kcandidate: â€˜[01m[Kstd::shared_ptr<rclcpp::GenericPublisher> rclcpp::Node::create_generic_publisher(const string&, const string&, const rclcpp::QoS&, const rclcpp::PublisherOptionsWithAllocator<AllocatorT>&) [with AllocatorT = std_msgs::msg::String_<std::allocator<void> >; std::string = std::__cxx11::basic_string<char>][m[Kâ€™
  158 | [01;36m[KNode[m[K::create_generic_publisher(
      | [01;36m[K^~~~[m[K
[01m[K/opt/ros/humble/include/rclcpp/rclcpp/node_impl.hpp:158:1:[m[K [01;36m[Knote: [m[K  candidate expects 4 arguments, 1 provided
[01m[K/home/bilal/trail_tracer/src/biy1_ros360_cpp/src/polishedCode.cpp:[m[K In member function â€˜[01m[Kvoid TrailTracer::log_reader_callback(rcl_interfaces::msg::Log_<std::allocator<void> >::SharedPtr)[m[Kâ€™:
[01m[K/home/bilal/trail_tracer/src/biy1_ros360_cpp/src/polishedCode.cpp:247:57:[m[K [01;31m[Kerror: [m[Kâ€˜[01m[Kusing _msg_type = class std::__cxx11::basic_string<char>[m[Kâ€™ {aka â€˜[01m[Kclass std::__cxx11::basic_string<char>[m[Kâ€™} has no member named â€˜[01m[Kfin[m[Kâ€™; did you mean â€˜[01m[Kfind[m[Kâ€™?
  247 |         if(msg->name == "waypoint_follower" && msg->msg.[01;31m[Kfin[m[K("Completed all") != std::string::npos){
      |                                                         [01;31m[K^~~[m[K
      |                                                         [32m[Kfind[m[K
[01m[K/home/bilal/trail_tracer/src/biy1_ros360_cpp/src/polishedCode.cpp:[m[K In member function â€˜[01m[Kvoid TrailTracer::log_reader_callback(rcl_interfaces::msg::Log_<std::allocator<void> >::SharedPtr)[m[Kâ€™:
[01m[K/home/bilal/trail_tracer/src/biy1_ros360_cpp/src/polishedCode.cpp:247:57:[m[K [01;31m[Kerror: [m[Kâ€˜[01m[Kusing _msg_type = class std::__cxx11::basic_string<char>[m[Kâ€™ {aka â€˜[01m[Kclass std::__cxx11::basic_string<char>[m[Kâ€™} has no member named â€˜[01m[Kfin[m[Kâ€™; did you mean â€˜[01m[Kfind[m[Kâ€™?
  247 |         if(msg->name == "waypoint_follower" && msg->msg.[01;31m[Kfin[m[K("Completed all") != std::string::npos){
      |                                                         [01;31m[K^~~[m[K
      |                                                         [32m[Kfind[m[K
gmake[2]: *** [CMakeFiles/polishedCode.dir/build.make:76: CMakeFiles/polishedCode.dir/src/polishedCode.cpp.o] Error 1
gmake[1]: *** [CMakeFiles/Makefile2:391: CMakeFiles/polishedCode.dir/all] Error 2
gmake[1]: *** Waiting for unfinished jobs....
gmake[2]: *** [CMakeFiles/sparse.dir/build.make:76: CMakeFiles/sparse.dir/src/polishedCode.cpp.o] Error 1
gmake[1]: *** [CMakeFiles/Makefile2:417: CMakeFiles/sparse.dir/all] Error 2
gmake: *** [Makefile:146: all] Error 2
