[01m[K/home/bilal/trail_tracer/src/biy1_ros360_cpp/src/follower.cpp:[m[K In member function â€˜[01m[Kvoid TestCode::process_all_waypoints()[m[Kâ€™:
[01m[K/home/bilal/trail_tracer/src/biy1_ros360_cpp/src/follower.cpp:182:30:[m[K [01;31m[Kerror: [m[Kâ€˜[01m[KstdL[m[Kâ€™ has not been declared
  182 |             double heading = [01;31m[KstdL[m[K::atan2(delta_y.delta_x);
      |                              [01;31m[K^~~~[m[K
[01m[K/home/bilal/trail_tracer/src/biy1_ros360_cpp/src/follower.cpp:182:50:[m[K [01;31m[Kerror: [m[Krequest for member â€˜[01m[Kdelta_x[m[Kâ€™ in â€˜[01m[Kdelta_y[m[Kâ€™, which is of non-class type â€˜[01m[Kdouble[m[Kâ€™
  182 |             double heading = stdL::atan2(delta_y.[01;31m[Kdelta_x[m[K);
      |                                                  [01;31m[K^~~~~~~[m[K
[01m[K/home/bilal/trail_tracer/src/biy1_ros360_cpp/src/follower.cpp:179:20:[m[K [01;35m[Kwarning: [m[Kunused variable â€˜[01m[Kdelta_x[m[Kâ€™ [[01;35m[K]8;;https://gcc.gnu.org/onlinedocs/gcc/Warning-Options.html#index-Wunused-variable-Wunused-variable]8;;[m[K]
  179 |             double [01;35m[Kdelta_x[m[K = current_easting_ - easting;
      |                    [01;35m[K^~~~~~~[m[K
gmake[2]: *** [CMakeFiles/follower.dir/build.make:76: CMakeFiles/follower.dir/src/follower.cpp.o] Error 1
gmake[1]: *** [CMakeFiles/Makefile2:333: CMakeFiles/follower.dir/all] Error 2
gmake: *** [Makefile:146: all] Error 2
