[0.015s] Invoking command in '/home/bilal/trail_tracer/build/biy1_ros360_cpp': CMAKE_PREFIX_PATH=${CMAKE_PREFIX_PATH}:/home/bilal/trail_tracer/install/web_gui:/home/bilal/learn_ros2_ws/install/web_gui:/home/bilal/learn_ros2_ws/install/nav2_simple_commander:/home/bilal/ros2_ws/install/web_gui:/home/bilal/ros2_ws/install/opencv_tools:/home/bilal/ros2_ws/install/biy1_ros360_py:/opt/ros/humble /usr/bin/cmake --build /home/bilal/trail_tracer/build/biy1_ros360_cpp -- -j12 -l12
[0.101s] [ 25%] Built target nav2
[0.101s] [ 25%] Built target examplePublisher
[0.101s] [ 43%] Built target exampleSubscriber
[0.101s] [ 56%] Built target testCode
[0.101s] [ 62%] Built target waypoint_navigator
[0.102s] [ 68%] [32mBuilding CXX object CMakeFiles/follower.dir/src/follower.cpp.o[0m
[0.104s] [ 87%] Built target helloWorld
[0.104s] [ 93%] Built target trail_tracer
[2.206s] [01m[K/home/bilal/trail_tracer/src/biy1_ros360_cpp/src/follower.cpp:[m[K In member function â€˜[01m[Kvoid TestCode::web_messages_callback(std_msgs::msg::String_<std::allocator<void> >::SharedPtr)[m[Kâ€™:
[2.206s] [01m[K/home/bilal/trail_tracer/src/biy1_ros360_cpp/src/follower.cpp:115:11:[m[K [01;31m[Kerror: [m[Kâ€˜[01m[Kelif[m[Kâ€™ was not declared in this scope
[2.206s]   115 |         } [01;31m[Kelif[m[K (msg->data == "end-trail"){
[2.206s]       |           [01;31m[K^~~~[m[K
[6.085s] gmake[2]: *** [CMakeFiles/follower.dir/build.make:76: CMakeFiles/follower.dir/src/follower.cpp.o] Error 1
[6.085s] gmake[1]: *** [CMakeFiles/Makefile2:333: CMakeFiles/follower.dir/all] Error 2
[6.085s] gmake: *** [Makefile:146: all] Error 2
[6.087s] Invoked command in '/home/bilal/trail_tracer/build/biy1_ros360_cpp' returned '2': CMAKE_PREFIX_PATH=${CMAKE_PREFIX_PATH}:/home/bilal/trail_tracer/install/web_gui:/home/bilal/learn_ros2_ws/install/web_gui:/home/bilal/learn_ros2_ws/install/nav2_simple_commander:/home/bilal/ros2_ws/install/web_gui:/home/bilal/ros2_ws/install/opencv_tools:/home/bilal/ros2_ws/install/biy1_ros360_py:/opt/ros/humble /usr/bin/cmake --build /home/bilal/trail_tracer/build/biy1_ros360_cpp -- -j12 -l12
