[0.042s] Invoking command in '/home/bilal/trail_tracer/build/biy1_ros360_cpp': CMAKE_PREFIX_PATH=${CMAKE_PREFIX_PATH}:/home/bilal/trail_tracer/install/web_gui:/home/bilal/learn_ros2_ws/install/web_gui:/home/bilal/learn_ros2_ws/install/nav2_simple_commander:/home/bilal/ros2_ws/install/web_gui:/home/bilal/ros2_ws/install/opencv_tools:/home/bilal/ros2_ws/install/biy1_ros360_py:/opt/ros/humble /usr/bin/cmake --build /home/bilal/trail_tracer/build/biy1_ros360_cpp -- -j12 -l12
[0.128s] [35m[1mConsolidate compiler generated dependencies of target polishedCode[0m
[0.134s] [35m[1mConsolidate compiler generated dependencies of target sparse[0m
[0.160s] [  9%] Built target nav2
[0.160s] [ 18%] Built target helloWorld
[0.161s] [ 36%] Built target waypoint_navigator
[0.161s] [ 36%] Built target testCode
[0.162s] [ 45%] Built target trail_tracer
[0.162s] [ 54%] Built target exampleSubscriber
[0.163s] [ 63%] Built target examplePublisher
[0.175s] [ 72%] Built target follower
[0.176s] [ 77%] [32mBuilding CXX object CMakeFiles/sparse.dir/src/polishedCode.cpp.o[0m
[0.177s] [ 86%] Built target code_test
[0.180s] [ 90%] [32mBuilding CXX object CMakeFiles/polishedCode.dir/src/polishedCode.cpp.o[0m
[2.550s] [01m[K/home/bilal/trail_tracer/src/biy1_ros360_cpp/src/polishedCode.cpp:[m[K In member function â€˜[01m[Kvoid TrailTracer::log_reader_callback(rcl_interfaces::msg::Log_<std::allocator<void> >::SharedPtr)[m[Kâ€™:
[2.550s] [01m[K/home/bilal/trail_tracer/src/biy1_ros360_cpp/src/polishedCode.cpp:284:9:[m[K [01;31m[Kerror: [m[Kexpected â€˜[01m[K;[m[Kâ€™ before â€˜[01m[K}[m[Kâ€™ token
[2.550s]   284 |         [01;31m[K}[m[K
[2.550s]       |         [01;31m[K^[m[K
[2.588s] [01m[K/home/bilal/trail_tracer/src/biy1_ros360_cpp/src/polishedCode.cpp:[m[K In member function â€˜[01m[Kvoid TrailTracer::log_reader_callback(rcl_interfaces::msg::Log_<std::allocator<void> >::SharedPtr)[m[Kâ€™:
[2.588s] [01m[K/home/bilal/trail_tracer/src/biy1_ros360_cpp/src/polishedCode.cpp:284:9:[m[K [01;31m[Kerror: [m[Kexpected â€˜[01m[K;[m[Kâ€™ before â€˜[01m[K}[m[Kâ€™ token
[2.588s]   284 |         [01;31m[K}[m[K
[2.588s]       |         [01;31m[K^[m[K
[10.667s] gmake[2]: *** [CMakeFiles/sparse.dir/build.make:76: CMakeFiles/sparse.dir/src/polishedCode.cpp.o] Error 1
[10.667s] gmake[1]: *** [CMakeFiles/Makefile2:417: CMakeFiles/sparse.dir/all] Error 2
[10.667s] gmake[1]: *** Waiting for unfinished jobs....
[10.687s] gmake[2]: *** [CMakeFiles/polishedCode.dir/build.make:76: CMakeFiles/polishedCode.dir/src/polishedCode.cpp.o] Error 1
[10.688s] gmake[1]: *** [CMakeFiles/Makefile2:391: CMakeFiles/polishedCode.dir/all] Error 2
[10.688s] gmake: *** [Makefile:146: all] Error 2
[10.690s] Invoked command in '/home/bilal/trail_tracer/build/biy1_ros360_cpp' returned '2': CMAKE_PREFIX_PATH=${CMAKE_PREFIX_PATH}:/home/bilal/trail_tracer/install/web_gui:/home/bilal/learn_ros2_ws/install/web_gui:/home/bilal/learn_ros2_ws/install/nav2_simple_commander:/home/bilal/ros2_ws/install/web_gui:/home/bilal/ros2_ws/install/opencv_tools:/home/bilal/ros2_ws/install/biy1_ros360_py:/opt/ros/humble /usr/bin/cmake --build /home/bilal/trail_tracer/build/biy1_ros360_cpp -- -j12 -l12
