[35m[1mConsolidate compiler generated dependencies of target follower[0m
[ 18%] Built target exampleSubscriber
[ 25%] Built target trail_tracer
[ 43%] Built target examplePublisher
[ 50%] Built target helloWorld
[ 62%] Built target nav2
[ 75%] Built target waypoint_navigator
[ 87%] Built target testCode
[ 93%] [32mBuilding CXX object CMakeFiles/follower.dir/src/follower.cpp.o[0m
[01m[K/home/bilal/trail_tracer/src/biy1_ros360_cpp/src/follower.cpp:[m[K In constructor â€˜[01m[KTestCode::TestCode()[m[Kâ€™:
[01m[K/home/bilal/trail_tracer/src/biy1_ros360_cpp/src/follower.cpp:75:117:[m[K [01;31m[Kerror: [m[Kclass â€˜[01m[KTestCode[m[Kâ€™ does not have any field named â€˜[01m[Kcurent_pose_y[m[Kâ€™
   75 |     TestCode() : Node("robot_movement_control"),current_northing_(0.0), current_easting_(0.0), current_pose_x(0.0), [01;31m[Kcurent_pose_y[m[K(0.0),waypoint_sender_(std::make_shared<WaypointSender>("waypoint_sender")) {
      |                                                                                                                     [01;31m[K^~~~~~~~~~~~~[m[K
[01m[K/home/bilal/trail_tracer/src/biy1_ros360_cpp/src/follower.cpp:91:9:[m[K [01;31m[Kerror: [m[Kâ€˜[01m[Kodom_subscription_[m[Kâ€™ was not declared in this scope; did you mean â€˜[01m[Ksubscription_[m[Kâ€™?
   91 |         [01;31m[Kodom_subscription_[m[K = this->create_subscription<nav_msgs::msg::Odometry>(
      |         [01;31m[K^~~~~~~~~~~~~~~~~~[m[K
      |         [32m[Ksubscription_[m[K
[01m[K/home/bilal/trail_tracer/src/biy1_ros360_cpp/src/follower.cpp:92:37:[m[K [01;31m[Kerror: [m[Kâ€˜[01m[KOdomSubscriber[m[Kâ€™ has not been declared
   92 |             "/odom", 10, std::bind(&[01;31m[KOdomSubscriber[m[K::odom_callback, this, std::placeholders::_1));
      |                                     [01;31m[K^~~~~~~~~~~~~~[m[K
gmake[2]: *** [CMakeFiles/follower.dir/build.make:76: CMakeFiles/follower.dir/src/follower.cpp.o] Error 1
gmake[1]: *** [CMakeFiles/Makefile2:333: CMakeFiles/follower.dir/all] Error 2
gmake: *** [Makefile:146: all] Error 2
