[35m[1mConsolidate compiler generated dependencies of target follower[0m
[ 12%] Built target examplePublisher
[ 25%] Built target waypoint_navigator
[ 37%] Built target testCode
[ 50%] Built target helloWorld
[ 62%] Built target exampleSubscriber
[ 75%] Built target trail_tracer
[ 87%] Built target nav2
[ 93%] [32mBuilding CXX object CMakeFiles/follower.dir/src/follower.cpp.o[0m
[01m[K/home/bilal/trail_tracer/src/biy1_ros360_cpp/src/follower.cpp:[m[K In member function â€˜[01m[Kvoid TestCode::process_all_waypoints()[m[Kâ€™:
[01m[K/home/bilal/trail_tracer/src/biy1_ros360_cpp/src/follower.cpp:181:13:[m[K [01;31m[Kerror: [m[Kâ€˜[01m[Ktf2[m[Kâ€™ has not been declared
  181 |             [01;31m[Ktf2[m[K::Quaternion quaternion;
      |             [01;31m[K^~~[m[K
[01m[K/home/bilal/trail_tracer/src/biy1_ros360_cpp/src/follower.cpp:182:13:[m[K [01;31m[Kerror: [m[Kâ€˜[01m[Kquaternion[m[Kâ€™ was not declared in this scope
  182 |             [01;31m[Kquaternion[m[K.setRPY(0, 0, heading);  // Roll, pitch, yaw
      |             [01;31m[K^~~~~~~~~~[m[K
[01m[K/home/bilal/trail_tracer/src/biy1_ros360_cpp/src/follower.cpp:203:13:[m[K [01;31m[Kerror: [m[Kexpected â€˜[01m[K;[m[Kâ€™ before â€˜[01m[Kjson_stream[m[Kâ€™
  203 |             [01;31m[Kjson_stream[m[K << "{header: {stamp: {sec: " << pose.header.stamp.sec << ", nanosec: " << pose.header.stamp.nanosec
      |             [01;31m[K^~~~~~~~~~~[m[K
[01m[K/home/bilal/trail_tracer/src/biy1_ros360_cpp/src/follower.cpp:212:35:[m[K [01;31m[Kerror: [m[Kâ€˜[01m[Kjson_stream[m[Kâ€™ was not declared in this scope
  212 |         std::string json_output = [01;31m[Kjson_stream[m[K.str();
      |                                   [01;31m[K^~~~~~~~~~~[m[K
gmake[2]: *** [CMakeFiles/follower.dir/build.make:76: CMakeFiles/follower.dir/src/follower.cpp.o] Error 1
gmake[1]: *** [CMakeFiles/Makefile2:333: CMakeFiles/follower.dir/all] Error 2
gmake: *** [Makefile:146: all] Error 2
