[0.015s] Invoking command in '/home/bilal/trail_tracer/build/biy1_ros360_cpp': CMAKE_PREFIX_PATH=${CMAKE_PREFIX_PATH}:/home/bilal/trail_tracer/install/web_gui:/home/bilal/learn_ros2_ws/install/web_gui:/home/bilal/learn_ros2_ws/install/nav2_simple_commander:/home/bilal/ros2_ws/install/web_gui:/home/bilal/ros2_ws/install/opencv_tools:/home/bilal/ros2_ws/install/biy1_ros360_py:/opt/ros/humble /usr/bin/cmake --build /home/bilal/trail_tracer/build/biy1_ros360_cpp -- -j12 -l12
[0.079s] [35m[1mConsolidate compiler generated dependencies of target follower[0m
[0.099s] [ 12%] Built target examplePublisher
[0.100s] [ 25%] Built target waypoint_navigator
[0.100s] [ 37%] Built target testCode
[0.101s] [ 50%] Built target helloWorld
[0.101s] [ 62%] Built target exampleSubscriber
[0.102s] [ 75%] Built target trail_tracer
[0.105s] [ 87%] Built target nav2
[0.105s] [ 93%] [32mBuilding CXX object CMakeFiles/follower.dir/src/follower.cpp.o[0m
[2.006s] [01m[K/home/bilal/trail_tracer/src/biy1_ros360_cpp/src/follower.cpp:[m[K In member function â€˜[01m[Kvoid TestCode::process_all_waypoints()[m[Kâ€™:
[2.007s] [01m[K/home/bilal/trail_tracer/src/biy1_ros360_cpp/src/follower.cpp:181:13:[m[K [01;31m[Kerror: [m[Kâ€˜[01m[Ktf2[m[Kâ€™ has not been declared
[2.007s]   181 |             [01;31m[Ktf2[m[K::Quaternion quaternion;
[2.007s]       |             [01;31m[K^~~[m[K
[2.012s] [01m[K/home/bilal/trail_tracer/src/biy1_ros360_cpp/src/follower.cpp:182:13:[m[K [01;31m[Kerror: [m[Kâ€˜[01m[Kquaternion[m[Kâ€™ was not declared in this scope
[2.012s]   182 |             [01;31m[Kquaternion[m[K.setRPY(0, 0, heading);  // Roll, pitch, yaw
[2.012s]       |             [01;31m[K^~~~~~~~~~[m[K
[2.012s] [01m[K/home/bilal/trail_tracer/src/biy1_ros360_cpp/src/follower.cpp:203:13:[m[K [01;31m[Kerror: [m[Kexpected â€˜[01m[K;[m[Kâ€™ before â€˜[01m[Kjson_stream[m[Kâ€™
[2.012s]   203 |             [01;31m[Kjson_stream[m[K << "{header: {stamp: {sec: " << pose.header.stamp.sec << ", nanosec: " << pose.header.stamp.nanosec
[2.012s]       |             [01;31m[K^~~~~~~~~~~[m[K
[2.016s] [01m[K/home/bilal/trail_tracer/src/biy1_ros360_cpp/src/follower.cpp:212:35:[m[K [01;31m[Kerror: [m[Kâ€˜[01m[Kjson_stream[m[Kâ€™ was not declared in this scope
[2.016s]   212 |         std::string json_output = [01;31m[Kjson_stream[m[K.str();
[2.016s]       |                                   [01;31m[K^~~~~~~~~~~[m[K
[5.662s] gmake[2]: *** [CMakeFiles/follower.dir/build.make:76: CMakeFiles/follower.dir/src/follower.cpp.o] Error 1
[5.662s] gmake[1]: *** [CMakeFiles/Makefile2:333: CMakeFiles/follower.dir/all] Error 2
[5.662s] gmake: *** [Makefile:146: all] Error 2
[5.664s] Invoked command in '/home/bilal/trail_tracer/build/biy1_ros360_cpp' returned '2': CMAKE_PREFIX_PATH=${CMAKE_PREFIX_PATH}:/home/bilal/trail_tracer/install/web_gui:/home/bilal/learn_ros2_ws/install/web_gui:/home/bilal/learn_ros2_ws/install/nav2_simple_commander:/home/bilal/ros2_ws/install/web_gui:/home/bilal/ros2_ws/install/opencv_tools:/home/bilal/ros2_ws/install/biy1_ros360_py:/opt/ros/humble /usr/bin/cmake --build /home/bilal/trail_tracer/build/biy1_ros360_cpp -- -j12 -l12
