[35m[1mConsolidate compiler generated dependencies of target sparse[0m
[35m[1mConsolidate compiler generated dependencies of target polishedCode[0m
[35m[1mConsolidate compiler generated dependencies of target testCode[0m
[  9%] Built target exampleSubscriber
[ 18%] Built target nav2
[ 27%] Built target examplePublisher
[ 31%] [32mBuilding CXX object CMakeFiles/polishedCode.dir/src/polishedCode.cpp.o[0m
[ 40%] Built target follower
[ 50%] Built target trail_tracer
[ 59%] Built target testCode
[ 68%] Built target helloWorld
[ 77%] Built target waypoint_navigator
[ 81%] [32mBuilding CXX object CMakeFiles/sparse.dir/src/polishedCode.cpp.o[0m
[ 90%] Built target code_test
[01m[K/home/bilal/trail_tracer/src/biy1_ros360_cpp/src/polishedCode.cpp:[m[K In constructor â€˜[01m[KTestCode::TestCode()[m[Kâ€™:
[01m[K/home/bilal/trail_tracer/src/biy1_ros360_cpp/src/polishedCode.cpp:107:5:[m[K [01;31m[Kerror: [m[Kexpected identifier before â€˜[01m[K{[m[Kâ€™ token
  107 |     [01;31m[K{[m[K
      |     [01;31m[K^[m[K
[01m[K/home/bilal/trail_tracer/src/biy1_ros360_cpp/src/polishedCode.cpp:[m[K In constructor â€˜[01m[KTestCode::TestCode()[m[Kâ€™:
[01m[K/home/bilal/trail_tracer/src/biy1_ros360_cpp/src/polishedCode.cpp:107:5:[m[K [01;31m[Kerror: [m[Kexpected identifier before â€˜[01m[K{[m[Kâ€™ token
  107 |     [01;31m[K{[m[K
      |     [01;31m[K^[m[K
gmake[2]: *** [CMakeFiles/sparse.dir/build.make:76: CMakeFiles/sparse.dir/src/polishedCode.cpp.o] Error 1
gmake[1]: *** [CMakeFiles/Makefile2:417: CMakeFiles/sparse.dir/all] Error 2
gmake[1]: *** Waiting for unfinished jobs....
gmake[2]: *** [CMakeFiles/polishedCode.dir/build.make:76: CMakeFiles/polishedCode.dir/src/polishedCode.cpp.o] Error 1
gmake[1]: *** [CMakeFiles/Makefile2:391: CMakeFiles/polishedCode.dir/all] Error 2
gmake: *** [Makefile:146: all] Error 2
