[0.043s] Invoking command in '/home/bilal/trail_tracer/build/biy1_ros360_cpp': CMAKE_PREFIX_PATH=${CMAKE_PREFIX_PATH}:/home/bilal/trail_tracer/install/web_gui:/home/bilal/learn_ros2_ws/install/web_gui:/home/bilal/learn_ros2_ws/install/nav2_simple_commander:/home/bilal/ros2_ws/install/web_gui:/home/bilal/ros2_ws/install/opencv_tools:/home/bilal/ros2_ws/install/biy1_ros360_py:/opt/ros/humble /usr/bin/cmake --build /home/bilal/trail_tracer/build/biy1_ros360_cpp -- -j12 -l12
[0.145s] [35m[1mConsolidate compiler generated dependencies of target sparse[0m
[0.145s] [35m[1mConsolidate compiler generated dependencies of target polishedCode[0m
[0.145s] [35m[1mConsolidate compiler generated dependencies of target testCode[0m
[0.170s] [  9%] Built target exampleSubscriber
[0.177s] [ 18%] Built target nav2
[0.180s] [ 27%] Built target examplePublisher
[0.183s] [ 31%] [32mBuilding CXX object CMakeFiles/polishedCode.dir/src/polishedCode.cpp.o[0m
[0.185s] [ 40%] Built target follower
[0.185s] [ 50%] Built target trail_tracer
[0.186s] [ 59%] Built target testCode
[0.188s] [ 68%] Built target helloWorld
[0.197s] [ 77%] Built target waypoint_navigator
[0.198s] [ 81%] [32mBuilding CXX object CMakeFiles/sparse.dir/src/polishedCode.cpp.o[0m
[0.200s] [ 90%] Built target code_test
[2.614s] [01m[K/home/bilal/trail_tracer/src/biy1_ros360_cpp/src/polishedCode.cpp:[m[K In constructor â€˜[01m[KTestCode::TestCode()[m[Kâ€™:
[2.614s] [01m[K/home/bilal/trail_tracer/src/biy1_ros360_cpp/src/polishedCode.cpp:107:5:[m[K [01;31m[Kerror: [m[Kexpected identifier before â€˜[01m[K{[m[Kâ€™ token
[2.614s]   107 |     [01;31m[K{[m[K
[2.614s]       |     [01;31m[K^[m[K
[2.634s] [01m[K/home/bilal/trail_tracer/src/biy1_ros360_cpp/src/polishedCode.cpp:[m[K In constructor â€˜[01m[KTestCode::TestCode()[m[Kâ€™:
[2.634s] [01m[K/home/bilal/trail_tracer/src/biy1_ros360_cpp/src/polishedCode.cpp:107:5:[m[K [01;31m[Kerror: [m[Kexpected identifier before â€˜[01m[K{[m[Kâ€™ token
[2.634s]   107 |     [01;31m[K{[m[K
[2.635s]       |     [01;31m[K^[m[K
[11.037s] gmake[2]: *** [CMakeFiles/sparse.dir/build.make:76: CMakeFiles/sparse.dir/src/polishedCode.cpp.o] Error 1
[11.037s] gmake[1]: *** [CMakeFiles/Makefile2:417: CMakeFiles/sparse.dir/all] Error 2
[11.037s] gmake[1]: *** Waiting for unfinished jobs....
[11.147s] gmake[2]: *** [CMakeFiles/polishedCode.dir/build.make:76: CMakeFiles/polishedCode.dir/src/polishedCode.cpp.o] Error 1
[11.148s] gmake[1]: *** [CMakeFiles/Makefile2:391: CMakeFiles/polishedCode.dir/all] Error 2
[11.148s] gmake: *** [Makefile:146: all] Error 2
[11.150s] Invoked command in '/home/bilal/trail_tracer/build/biy1_ros360_cpp' returned '2': CMAKE_PREFIX_PATH=${CMAKE_PREFIX_PATH}:/home/bilal/trail_tracer/install/web_gui:/home/bilal/learn_ros2_ws/install/web_gui:/home/bilal/learn_ros2_ws/install/nav2_simple_commander:/home/bilal/ros2_ws/install/web_gui:/home/bilal/ros2_ws/install/opencv_tools:/home/bilal/ros2_ws/install/biy1_ros360_py:/opt/ros/humble /usr/bin/cmake --build /home/bilal/trail_tracer/build/biy1_ros360_cpp -- -j12 -l12
