[0.043s] Invoking command in '/home/bilal/trail_tracer/build/biy1_ros360_cpp': CMAKE_PREFIX_PATH=${CMAKE_PREFIX_PATH}:/home/bilal/trail_tracer/install/web_gui:/home/bilal/learn_ros2_ws/install/web_gui:/home/bilal/learn_ros2_ws/install/nav2_simple_commander:/home/bilal/ros2_ws/install/web_gui:/home/bilal/ros2_ws/install/opencv_tools:/home/bilal/ros2_ws/install/biy1_ros360_py:/opt/ros/humble /usr/bin/cmake --build /home/bilal/trail_tracer/build/biy1_ros360_cpp -- -j12 -l12
[0.123s] [35m[1mConsolidate compiler generated dependencies of target polishedCode[0m
[0.129s] [35m[1mConsolidate compiler generated dependencies of target sparse[0m
[0.159s] [ 18%] Built target nav2
[0.161s] [ 27%] Built target trail_tracer
[0.162s] [ 36%] Built target examplePublisher
[0.162s] [ 18%] Built target helloWorld
[0.171s] [ 40%] [32mBuilding CXX object CMakeFiles/polishedCode.dir/src/polishedCode.cpp.o[0m
[0.172s] [ 50%] Built target waypoint_navigator
[0.173s] [ 59%] Built target follower
[0.173s] [ 63%] [32mBuilding CXX object CMakeFiles/sparse.dir/src/polishedCode.cpp.o[0m
[0.177s] [ 72%] Built target code_test
[0.180s] [ 81%] Built target exampleSubscriber
[0.182s] [ 90%] Built target testCode
[2.272s] [01m[K/home/bilal/trail_tracer/src/biy1_ros360_cpp/src/polishedCode.cpp:491:29:[m[K [01;31m[Kerror: [m[Kâ€˜[01m[Kfull_pose_vector_[m[Kâ€™ does not name a type
[2.272s]   491 |     void save_to_file(const [01;31m[Kfull_pose_vector_[m[K& points) {
[2.272s]       |                             [01;31m[K^~~~~~~~~~~~~~~~~[m[K
[2.274s] [01m[K/home/bilal/trail_tracer/src/biy1_ros360_cpp/src/polishedCode.cpp:619:5:[m[K [01;31m[Kerror: [m[Kâ€˜[01m[Kfull_pose_vector_[m[Kâ€™ does not name a type
[2.274s]   619 |     [01;31m[Kfull_pose_vector_[m[K rdp(const full_pose_vector_& points, float epsilon) {
[2.274s]       |     [01;31m[K^~~~~~~~~~~~~~~~~[m[K
[2.317s] [01m[K/home/bilal/trail_tracer/src/biy1_ros360_cpp/src/polishedCode.cpp:491:29:[m[K [01;31m[Kerror: [m[Kâ€˜[01m[Kfull_pose_vector_[m[Kâ€™ does not name a type
[2.317s]   491 |     void save_to_file(const [01;31m[Kfull_pose_vector_[m[K& points) {
[2.317s]       |                             [01;31m[K^~~~~~~~~~~~~~~~~[m[K
[2.320s] [01m[K/home/bilal/trail_tracer/src/biy1_ros360_cpp/src/polishedCode.cpp:619:5:[m[K [01;31m[Kerror: [m[Kâ€˜[01m[Kfull_pose_vector_[m[Kâ€™ does not name a type
[2.320s]   619 |     [01;31m[Kfull_pose_vector_[m[K rdp(const full_pose_vector_& points, float epsilon) {
[2.320s]       |     [01;31m[K^~~~~~~~~~~~~~~~~[m[K
[2.548s] [01m[K/home/bilal/trail_tracer/src/biy1_ros360_cpp/src/polishedCode.cpp:[m[K In member function â€˜[01m[Kvoid TrailTracer::web_messages_callback(std_msgs::msg::String_<std::allocator<void> >::SharedPtr)[m[Kâ€™:
[2.548s] [01m[K/home/bilal/trail_tracer/src/biy1_ros360_cpp/src/polishedCode.cpp:219:42:[m[K [01;31m[Kerror: [m[Kâ€˜[01m[Krdp[m[Kâ€™ was not declared in this scope
[2.548s]   219 |                 auto simplified_points = [01;31m[Krdp[m[K(recorded_waypoints_, 0.000036);
[2.548s]       |                                          [01;31m[K^~~[m[K
[2.573s] [01m[K/home/bilal/trail_tracer/src/biy1_ros360_cpp/src/polishedCode.cpp:[m[K In member function â€˜[01m[Kvoid TrailTracer::save_to_file(const int&)[m[Kâ€™:
[2.573s] [01m[K/home/bilal/trail_tracer/src/biy1_ros360_cpp/src/polishedCode.cpp:495:55:[m[K [01;31m[Kerror: [m[Kâ€˜[01m[Kbegin[m[Kâ€™ was not declared in this scope
[2.573s]   495 |             for (const auto& [lat, lon, x, y, z, w] : [01;31m[Kpoints[m[K) {
[2.573s]       |                                                       [01;31m[K^~~~~~[m[K
[2.577s] [01m[K/home/bilal/trail_tracer/src/biy1_ros360_cpp/src/polishedCode.cpp:495:55:[m[K [01;36m[Knote: [m[Ksuggested alternatives:
[2.578s] In file included from [01m[K/usr/include/c++/11/string:54[m[K,
[2.578s]                  from [01m[K/usr/include/c++/11/bits/locale_classes.h:40[m[K,
[2.578s]                  from [01m[K/usr/include/c++/11/bits/ios_base.h:41[m[K,
[2.578s]                  from [01m[K/usr/include/c++/11/ios:42[m[K,
[2.578s]                  from [01m[K/usr/include/c++/11/ostream:38[m[K,
[2.578s]                  from [01m[K/usr/include/c++/11/iostream:39[m[K,
[2.578s]                  from [01m[K/home/bilal/trail_tracer/src/biy1_ros360_cpp/src/polishedCode.cpp:10[m[K:
[2.578s] [01m[K/usr/include/c++/11/bits/range_access.h:108:37:[m[K [01;36m[Knote: [m[K  â€˜[01m[Kstd::begin[m[Kâ€™
[2.578s]   108 |   template<typename _Tp> const _Tp* [01;36m[Kbegin[m[K(const valarray<_Tp>&) noexcept;
[2.578s]       |                                     [01;36m[K^~~~~[m[K
[2.578s] In file included from [01m[K/usr/include/c++/11/filesystem:46[m[K,
[2.579s]                  from [01m[K/home/bilal/trail_tracer/src/biy1_ros360_cpp/src/polishedCode.cpp:15[m[K:
[2.579s] [01m[K/usr/include/c++/11/bits/fs_dir.h:549:3:[m[K [01;36m[Knote: [m[K  â€˜[01m[Kstd::filesystem::__cxx11::begin[m[Kâ€™
[2.579s]   549 |   [01;36m[Kbegin[m[K(recursive_directory_iterator __iter) noexcept
[2.579s]       |   [01;36m[K^~~~~[m[K
[2.579s] [01m[K/home/bilal/trail_tracer/src/biy1_ros360_cpp/src/polishedCode.cpp:495:55:[m[K [01;31m[Kerror: [m[Kâ€˜[01m[Kend[m[Kâ€™ was not declared in this scope
[2.579s]   495 |             for (const auto& [lat, lon, x, y, z, w] : [01;31m[Kpoints[m[K) {
[2.579s]       |                                                       [01;31m[K^~~~~~[m[K
[2.579s] [01m[K/home/bilal/trail_tracer/src/biy1_ros360_cpp/src/polishedCode.cpp:495:55:[m[K [01;36m[Knote: [m[Ksuggested alternatives:
[2.579s] In file included from [01m[K/usr/include/c++/11/string:54[m[K,
[2.579s]                  from [01m[K/usr/include/c++/11/bits/locale_classes.h:40[m[K,
[2.579s]                  from [01m[K/usr/include/c++/11/bits/ios_base.h:41[m[K,
[2.579s]                  from [01m[K/usr/include/c++/11/ios:42[m[K,
[2.579s]                  from [01m[K/usr/include/c++/11/ostream:38[m[K,
[2.580s]                  from [01m[K/usr/include/c++/11/iostream:39[m[K,
[2.580s]                  from [01m[K/home/bilal/trail_tracer/src/biy1_ros360_cpp/src/polishedCode.cpp:10[m[K:
[2.580s] [01m[K/usr/include/c++/11/bits/range_access.h:110:37:[m[K [01;36m[Knote: [m[K  â€˜[01m[Kstd::end[m[Kâ€™
[2.580s]   110 |   template<typename _Tp> const _Tp* [01;36m[Kend[m[K(const valarray<_Tp>&) noexcept;
[2.580s]       |                                     [01;36m[K^~~[m[K
[2.580s] In file included from [01m[K/usr/include/c++/11/filesystem:46[m[K,
[2.580s]                  from [01m[K/home/bilal/trail_tracer/src/biy1_ros360_cpp/src/polishedCode.cpp:15[m[K:
[2.580s] [01m[K/usr/include/c++/11/bits/fs_dir.h:554:3:[m[K [01;36m[Knote: [m[K  â€˜[01m[Kstd::filesystem::__cxx11::end[m[Kâ€™
[2.580s]   554 |   [01;36m[Kend[m[K(recursive_directory_iterator) noexcept
[2.580s]       |   [01;36m[K^~~[m[K
[2.599s] [01m[K/home/bilal/trail_tracer/src/biy1_ros360_cpp/src/polishedCode.cpp:[m[K In member function â€˜[01m[Kvoid TrailTracer::web_messages_callback(std_msgs::msg::String_<std::allocator<void> >::SharedPtr)[m[Kâ€™:
[2.599s] [01m[K/home/bilal/trail_tracer/src/biy1_ros360_cpp/src/polishedCode.cpp:219:42:[m[K [01;31m[Kerror: [m[Kâ€˜[01m[Krdp[m[Kâ€™ was not declared in this scope
[2.599s]   219 |                 auto simplified_points = [01;31m[Krdp[m[K(recorded_waypoints_, 0.000036);
[2.599s]       |                                          [01;31m[K^~~[m[K
[2.623s] [01m[K/home/bilal/trail_tracer/src/biy1_ros360_cpp/src/polishedCode.cpp:[m[K In member function â€˜[01m[Kvoid TrailTracer::save_to_file(const int&)[m[Kâ€™:
[2.623s] [01m[K/home/bilal/trail_tracer/src/biy1_ros360_cpp/src/polishedCode.cpp:495:55:[m[K [01;31m[Kerror: [m[Kâ€˜[01m[Kbegin[m[Kâ€™ was not declared in this scope
[2.624s]   495 |             for (const auto& [lat, lon, x, y, z, w] : [01;31m[Kpoints[m[K) {
[2.624s]       |                                                       [01;31m[K^~~~~~[m[K
[2.624s] [01m[K/home/bilal/trail_tracer/src/biy1_ros360_cpp/src/polishedCode.cpp:495:55:[m[K [01;36m[Knote: [m[Ksuggested alternatives:
[2.624s] In file included from [01m[K/usr/include/c++/11/string:54[m[K,
[2.624s]                  from [01m[K/usr/include/c++/11/bits/locale_classes.h:40[m[K,
[2.624s]                  from [01m[K/usr/include/c++/11/bits/ios_base.h:41[m[K,
[2.624s]                  from [01m[K/usr/include/c++/11/ios:42[m[K,
[2.624s]                  from [01m[K/usr/include/c++/11/ostream:38[m[K,
[2.624s]                  from [01m[K/usr/include/c++/11/iostream:39[m[K,
[2.624s]                  from [01m[K/home/bilal/trail_tracer/src/biy1_ros360_cpp/src/polishedCode.cpp:10[m[K:
[2.624s] [01m[K/usr/include/c++/11/bits/range_access.h:108:37:[m[K [01;36m[Knote: [m[K  â€˜[01m[Kstd::begin[m[Kâ€™
[2.624s]   108 |   template<typename _Tp> const _Tp* [01;36m[Kbegin[m[K(const valarray<_Tp>&) noexcept;
[2.624s]       |                                     [01;36m[K^~~~~[m[K
[2.624s] In file included from [01m[K/usr/include/c++/11/filesystem:46[m[K,
[2.624s]                  from [01m[K/home/bilal/trail_tracer/src/biy1_ros360_cpp/src/polishedCode.cpp:15[m[K:
[2.624s] [01m[K/usr/include/c++/11/bits/fs_dir.h:549:3:[m[K [01;36m[Knote: [m[K  â€˜[01m[Kstd::filesystem::__cxx11::begin[m[Kâ€™
[2.624s]   549 |   [01;36m[Kbegin[m[K(recursive_directory_iterator __iter) noexcept
[2.624s]       |   [01;36m[K^~~~~[m[K
[2.625s] [01m[K/home/bilal/trail_tracer/src/biy1_ros360_cpp/src/polishedCode.cpp:495:55:[m[K [01;31m[Kerror: [m[Kâ€˜[01m[Kend[m[Kâ€™ was not declared in this scope
[2.625s]   495 |             for (const auto& [lat, lon, x, y, z, w] : [01;31m[Kpoints[m[K) {
[2.625s]       |                                                       [01;31m[K^~~~~~[m[K
[2.625s] [01m[K/home/bilal/trail_tracer/src/biy1_ros360_cpp/src/polishedCode.cpp:495:55:[m[K [01;36m[Knote: [m[Ksuggested alternatives:
[2.625s] In file included from [01m[K/usr/include/c++/11/string:54[m[K,
[2.625s]                  from [01m[K/usr/include/c++/11/bits/locale_classes.h:40[m[K,
[2.625s]                  from [01m[K/usr/include/c++/11/bits/ios_base.h:41[m[K,
[2.625s]                  from [01m[K/usr/include/c++/11/ios:42[m[K,
[2.625s]                  from [01m[K/usr/include/c++/11/ostream:38[m[K,
[2.625s]                  from [01m[K/usr/include/c++/11/iostream:39[m[K,
[2.625s]                  from [01m[K/home/bilal/trail_tracer/src/biy1_ros360_cpp/src/polishedCode.cpp:10[m[K:
[2.625s] [01m[K/usr/include/c++/11/bits/range_access.h:110:37:[m[K [01;36m[Knote: [m[K  â€˜[01m[Kstd::end[m[Kâ€™
[2.625s]   110 |   template<typename _Tp> const _Tp* [01;36m[Kend[m[K(const valarray<_Tp>&) noexcept;
[2.625s]       |                                     [01;36m[K^~~[m[K
[2.625s] In file included from [01m[K/usr/include/c++/11/filesystem:46[m[K,
[2.625s]                  from [01m[K/home/bilal/trail_tracer/src/biy1_ros360_cpp/src/polishedCode.cpp:15[m[K:
[2.625s] [01m[K/usr/include/c++/11/bits/fs_dir.h:554:3:[m[K [01;36m[Knote: [m[K  â€˜[01m[Kstd::filesystem::__cxx11::end[m[Kâ€™
[2.625s]   554 |   [01;36m[Kend[m[K(recursive_directory_iterator) noexcept
[2.625s]       |   [01;36m[K^~~[m[K
[10.401s] gmake[2]: *** [CMakeFiles/sparse.dir/build.make:76: CMakeFiles/sparse.dir/src/polishedCode.cpp.o] Error 1
[10.402s] gmake[1]: *** [CMakeFiles/Makefile2:417: CMakeFiles/sparse.dir/all] Error 2
[10.402s] gmake[1]: *** Waiting for unfinished jobs....
[10.404s] gmake[2]: *** [CMakeFiles/polishedCode.dir/build.make:76: CMakeFiles/polishedCode.dir/src/polishedCode.cpp.o] Error 1
[10.405s] gmake[1]: *** [CMakeFiles/Makefile2:391: CMakeFiles/polishedCode.dir/all] Error 2
[10.405s] gmake: *** [Makefile:146: all] Error 2
[10.407s] Invoked command in '/home/bilal/trail_tracer/build/biy1_ros360_cpp' returned '2': CMAKE_PREFIX_PATH=${CMAKE_PREFIX_PATH}:/home/bilal/trail_tracer/install/web_gui:/home/bilal/learn_ros2_ws/install/web_gui:/home/bilal/learn_ros2_ws/install/nav2_simple_commander:/home/bilal/ros2_ws/install/web_gui:/home/bilal/ros2_ws/install/opencv_tools:/home/bilal/ros2_ws/install/biy1_ros360_py:/opt/ros/humble /usr/bin/cmake --build /home/bilal/trail_tracer/build/biy1_ros360_cpp -- -j12 -l12
