[35m[1mConsolidate compiler generated dependencies of target polishedCode[0m
[35m[1mConsolidate compiler generated dependencies of target sparse[0m
[  9%] Built target exampleSubscriber
[ 18%] Built target testCode
[ 27%] Built target helloWorld
[ 36%] Built target waypoint_navigator
[ 45%] Built target examplePublisher
[ 54%] Built target nav2
[ 59%] [32mBuilding CXX object CMakeFiles/polishedCode.dir/src/polishedCode.cpp.o[0m
[ 68%] Built target follower
[ 81%] [32mBuilding CXX object CMakeFiles/sparse.dir/src/polishedCode.cpp.o[0m
[ 81%] Built target code_test
[ 90%] Built target trail_tracer
[01m[K/home/bilal/trail_tracer/src/biy1_ros360_cpp/src/polishedCode.cpp:436:26:[m[K [01;31m[Kerror: [m[Kâ€˜[01m[Kstrinng[m[Kâ€™ in namespace â€˜[01m[Kstd[m[Kâ€™ does not name a type; did you mean â€˜[01m[Kstring[m[Kâ€™?
  436 |     void logg(const std::[01;31m[Kstrinng[m[K &message){
      |                          [01;31m[K^~~~~~~[m[K
      |                          [32m[Kstring[m[K
[01m[K/home/bilal/trail_tracer/src/biy1_ros360_cpp/src/polishedCode.cpp:436:26:[m[K [01;31m[Kerror: [m[Kâ€˜[01m[Kstrinng[m[Kâ€™ in namespace â€˜[01m[Kstd[m[Kâ€™ does not name a type; did you mean â€˜[01m[Kstring[m[Kâ€™?
  436 |     void logg(const std::[01;31m[Kstrinng[m[K &message){
      |                          [01;31m[K^~~~~~~[m[K
      |                          [32m[Kstring[m[K
[01m[K/home/bilal/trail_tracer/src/biy1_ros360_cpp/src/polishedCode.cpp:[m[K In member function â€˜[01m[Kvoid TrailTracer::web_messages_callback(std_msgs::msg::String_<std::allocator<void> >::SharedPtr)[m[Kâ€™:
[01m[K/home/bilal/trail_tracer/src/biy1_ros360_cpp/src/polishedCode.cpp:172:18:[m[K [01;31m[Kerror: [m[Kinvalid conversion from â€˜[01m[Kconst char*[m[Kâ€™ to â€˜[01m[Kint[m[Kâ€™ [[01;31m[K]8;;https://gcc.gnu.org/onlinedocs/gcc/Warning-Options.html#index-fpermissive-fpermissive]8;;[m[K]
  172 |             logg([01;31m[K"Manual move"[m[K);
      |                  [01;31m[K^~~~~~~~~~~~~[m[K
      |                  [01;31m[K|[m[K
      |                  [01;31m[Kconst char*[m[K
[01m[K/home/bilal/trail_tracer/src/biy1_ros360_cpp/src/polishedCode.cpp:436:35:[m[K [01;36m[Knote: [m[K  initializing argument 1 of â€˜[01m[Kvoid TrailTracer::logg(const int&)[m[Kâ€™
  436 |     void logg([01;36m[Kconst std::strinng &message[m[K){
      |               [01;36m[K~~~~~~~~~~~~~~~~~~~~^~~~~~~[m[K
[01m[K/home/bilal/trail_tracer/src/biy1_ros360_cpp/src/polishedCode.cpp:[m[K In member function â€˜[01m[Kvoid TrailTracer::web_messages_callback(std_msgs::msg::String_<std::allocator<void> >::SharedPtr)[m[Kâ€™:
[01m[K/home/bilal/trail_tracer/src/biy1_ros360_cpp/src/polishedCode.cpp:172:18:[m[K [01;31m[Kerror: [m[Kinvalid conversion from â€˜[01m[Kconst char*[m[Kâ€™ to â€˜[01m[Kint[m[Kâ€™ [[01;31m[K]8;;https://gcc.gnu.org/onlinedocs/gcc/Warning-Options.html#index-fpermissive-fpermissive]8;;[m[K]
  172 |             logg([01;31m[K"Manual move"[m[K);
      |                  [01;31m[K^~~~~~~~~~~~~[m[K
      |                  [01;31m[K|[m[K
      |                  [01;31m[Kconst char*[m[K
[01m[K/home/bilal/trail_tracer/src/biy1_ros360_cpp/src/polishedCode.cpp:436:35:[m[K [01;36m[Knote: [m[K  initializing argument 1 of â€˜[01m[Kvoid TrailTracer::logg(const int&)[m[Kâ€™
  436 |     void logg([01;36m[Kconst std::strinng &message[m[K){
      |               [01;36m[K~~~~~~~~~~~~~~~~~~~~^~~~~~~[m[K
gmake[2]: *** [CMakeFiles/polishedCode.dir/build.make:76: CMakeFiles/polishedCode.dir/src/polishedCode.cpp.o] Error 1
gmake[1]: *** [CMakeFiles/Makefile2:391: CMakeFiles/polishedCode.dir/all] Error 2
gmake[1]: *** Waiting for unfinished jobs....
gmake[2]: *** [CMakeFiles/sparse.dir/build.make:76: CMakeFiles/sparse.dir/src/polishedCode.cpp.o] Error 1
gmake[1]: *** [CMakeFiles/Makefile2:417: CMakeFiles/sparse.dir/all] Error 2
gmake: *** [Makefile:146: all] Error 2
