[0.045s] Invoking command in '/home/bilal/trail_tracer/build/biy1_ros360_cpp': CMAKE_PREFIX_PATH=${CMAKE_PREFIX_PATH}:/home/bilal/trail_tracer/install/web_gui:/home/bilal/learn_ros2_ws/install/web_gui:/home/bilal/learn_ros2_ws/install/nav2_simple_commander:/home/bilal/ros2_ws/install/web_gui:/home/bilal/ros2_ws/install/opencv_tools:/home/bilal/ros2_ws/install/biy1_ros360_py:/opt/ros/humble /usr/bin/cmake --build /home/bilal/trail_tracer/build/biy1_ros360_cpp -- -j12 -l12
[0.144s] [35m[1mConsolidate compiler generated dependencies of target polishedCode[0m
[0.152s] [35m[1mConsolidate compiler generated dependencies of target sparse[0m
[0.168s] [  9%] Built target exampleSubscriber
[0.172s] [ 18%] Built target testCode
[0.173s] [ 27%] Built target helloWorld
[0.179s] [ 36%] Built target waypoint_navigator
[0.185s] [ 45%] Built target examplePublisher
[0.190s] [ 54%] Built target nav2
[0.190s] [ 59%] [32mBuilding CXX object CMakeFiles/polishedCode.dir/src/polishedCode.cpp.o[0m
[0.198s] [ 68%] Built target follower
[0.199s] [ 81%] [32mBuilding CXX object CMakeFiles/sparse.dir/src/polishedCode.cpp.o[0m
[0.199s] [ 81%] Built target code_test
[0.203s] [ 90%] Built target trail_tracer
[2.361s] [01m[K/home/bilal/trail_tracer/src/biy1_ros360_cpp/src/polishedCode.cpp:436:26:[m[K [01;31m[Kerror: [m[Kâ€˜[01m[Kstrinng[m[Kâ€™ in namespace â€˜[01m[Kstd[m[Kâ€™ does not name a type; did you mean â€˜[01m[Kstring[m[Kâ€™?
[2.361s]   436 |     void logg(const std::[01;31m[Kstrinng[m[K &message){
[2.362s]       |                          [01;31m[K^~~~~~~[m[K
[2.362s]       |                          [32m[Kstring[m[K
[2.389s] [01m[K/home/bilal/trail_tracer/src/biy1_ros360_cpp/src/polishedCode.cpp:436:26:[m[K [01;31m[Kerror: [m[Kâ€˜[01m[Kstrinng[m[Kâ€™ in namespace â€˜[01m[Kstd[m[Kâ€™ does not name a type; did you mean â€˜[01m[Kstring[m[Kâ€™?
[2.389s]   436 |     void logg(const std::[01;31m[Kstrinng[m[K &message){
[2.389s]       |                          [01;31m[K^~~~~~~[m[K
[2.389s]       |                          [32m[Kstring[m[K
[2.638s] [01m[K/home/bilal/trail_tracer/src/biy1_ros360_cpp/src/polishedCode.cpp:[m[K In member function â€˜[01m[Kvoid TrailTracer::web_messages_callback(std_msgs::msg::String_<std::allocator<void> >::SharedPtr)[m[Kâ€™:
[2.638s] [01m[K/home/bilal/trail_tracer/src/biy1_ros360_cpp/src/polishedCode.cpp:172:18:[m[K [01;31m[Kerror: [m[Kinvalid conversion from â€˜[01m[Kconst char*[m[Kâ€™ to â€˜[01m[Kint[m[Kâ€™ [[01;31m[K]8;;https://gcc.gnu.org/onlinedocs/gcc/Warning-Options.html#index-fpermissive-fpermissive]8;;[m[K]
[2.638s]   172 |             logg([01;31m[K"Manual move"[m[K);
[2.638s]       |                  [01;31m[K^~~~~~~~~~~~~[m[K
[2.638s]       |                  [01;31m[K|[m[K
[2.638s]       |                  [01;31m[Kconst char*[m[K
[2.638s] [01m[K/home/bilal/trail_tracer/src/biy1_ros360_cpp/src/polishedCode.cpp:436:35:[m[K [01;36m[Knote: [m[K  initializing argument 1 of â€˜[01m[Kvoid TrailTracer::logg(const int&)[m[Kâ€™
[2.638s]   436 |     void logg([01;36m[Kconst std::strinng &message[m[K){
[2.639s]       |               [01;36m[K~~~~~~~~~~~~~~~~~~~~^~~~~~~[m[K
[2.668s] [01m[K/home/bilal/trail_tracer/src/biy1_ros360_cpp/src/polishedCode.cpp:[m[K In member function â€˜[01m[Kvoid TrailTracer::web_messages_callback(std_msgs::msg::String_<std::allocator<void> >::SharedPtr)[m[Kâ€™:
[2.668s] [01m[K/home/bilal/trail_tracer/src/biy1_ros360_cpp/src/polishedCode.cpp:172:18:[m[K [01;31m[Kerror: [m[Kinvalid conversion from â€˜[01m[Kconst char*[m[Kâ€™ to â€˜[01m[Kint[m[Kâ€™ [[01;31m[K]8;;https://gcc.gnu.org/onlinedocs/gcc/Warning-Options.html#index-fpermissive-fpermissive]8;;[m[K]
[2.668s]   172 |             logg([01;31m[K"Manual move"[m[K);
[2.668s]       |                  [01;31m[K^~~~~~~~~~~~~[m[K
[2.668s]       |                  [01;31m[K|[m[K
[2.668s]       |                  [01;31m[Kconst char*[m[K
[2.668s] [01m[K/home/bilal/trail_tracer/src/biy1_ros360_cpp/src/polishedCode.cpp:436:35:[m[K [01;36m[Knote: [m[K  initializing argument 1 of â€˜[01m[Kvoid TrailTracer::logg(const int&)[m[Kâ€™
[2.668s]   436 |     void logg([01;36m[Kconst std::strinng &message[m[K){
[2.668s]       |               [01;36m[K~~~~~~~~~~~~~~~~~~~~^~~~~~~[m[K
[10.546s] gmake[2]: *** [CMakeFiles/polishedCode.dir/build.make:76: CMakeFiles/polishedCode.dir/src/polishedCode.cpp.o] Error 1
[10.546s] gmake[1]: *** [CMakeFiles/Makefile2:391: CMakeFiles/polishedCode.dir/all] Error 2
[10.547s] gmake[1]: *** Waiting for unfinished jobs....
[10.795s] gmake[2]: *** [CMakeFiles/sparse.dir/build.make:76: CMakeFiles/sparse.dir/src/polishedCode.cpp.o] Error 1
[10.795s] gmake[1]: *** [CMakeFiles/Makefile2:417: CMakeFiles/sparse.dir/all] Error 2
[10.796s] gmake: *** [Makefile:146: all] Error 2
[10.798s] Invoked command in '/home/bilal/trail_tracer/build/biy1_ros360_cpp' returned '2': CMAKE_PREFIX_PATH=${CMAKE_PREFIX_PATH}:/home/bilal/trail_tracer/install/web_gui:/home/bilal/learn_ros2_ws/install/web_gui:/home/bilal/learn_ros2_ws/install/nav2_simple_commander:/home/bilal/ros2_ws/install/web_gui:/home/bilal/ros2_ws/install/opencv_tools:/home/bilal/ros2_ws/install/biy1_ros360_py:/opt/ros/humble /usr/bin/cmake --build /home/bilal/trail_tracer/build/biy1_ros360_cpp -- -j12 -l12
