[0.017s] Invoking command in '/home/bilal/trail_tracer/build/biy1_ros360_cpp': CMAKE_PREFIX_PATH=${CMAKE_PREFIX_PATH}:/home/bilal/trail_tracer/install/web_gui:/home/bilal/learn_ros2_ws/install/web_gui:/home/bilal/learn_ros2_ws/install/nav2_simple_commander:/home/bilal/ros2_ws/install/web_gui:/home/bilal/ros2_ws/install/opencv_tools:/home/bilal/ros2_ws/install/biy1_ros360_py:/opt/ros/humble /usr/bin/cmake --build /home/bilal/trail_tracer/build/biy1_ros360_cpp -- -j12 -l12
[0.123s] [  9%] Built target examplePublisher
[0.124s] [ 18%] Built target nav2
[0.124s] [ 22%] [32mBuilding CXX object CMakeFiles/waypoint_navigator.dir/src/waypoint_navigator.cpp.o[0m
[0.125s] [ 31%] Built target follower
[0.126s] [ 40%] Built target helloWorld
[0.126s] [ 50%] Built target code_test
[0.127s] [ 59%] Built target polishedCode
[0.127s] [ 68%] Built target sparse
[0.128s] [ 77%] Built target exampleSubscriber
[0.130s] [ 86%] Built target trail_tracer
[0.132s] [ 95%] Built target testCode
[2.149s] [01m[K/home/bilal/trail_tracer/src/biy1_ros360_cpp/src/waypoint_navigator.cpp:112:37:[m[K [01;31m[Kerror: [m[Kâ€˜[01m[KGoalHandleTravelThroughPoses[m[Kâ€™ does not name a type
[2.149s]   112 |     void goal_result_callback(const [01;31m[KGoalHandleTravelThroughPoses[m[K::WrappedResult & result) {
[2.149s]       |                                     [01;31m[K^~~~~~~~~~~~~~~~~~~~~~~~~~~~[m[K
[2.149s] [01m[K/home/bilal/trail_tracer/src/biy1_ros360_cpp/src/waypoint_navigator.cpp:112:81:[m[K [01;31m[Kerror: [m[Kexpected unqualified-id before â€˜[01m[K&[m[Kâ€™ token
[2.149s]   112 |     void goal_result_callback(const GoalHandleTravelThroughPoses::WrappedResult [01;31m[K&[m[K result) {
[2.149s]       |                                                                                 [01;31m[K^[m[K
[2.150s] [01m[K/home/bilal/trail_tracer/src/biy1_ros360_cpp/src/waypoint_navigator.cpp:112:80:[m[K [01;31m[Kerror: [m[Kexpected â€˜[01m[K)[m[Kâ€™ before â€˜[01m[K&[m[Kâ€™ token
[2.150s]   112 |     void goal_result_callback[34m[K([m[Kconst GoalHandleTravelThroughPoses::WrappedResult[01;31m[K [m[K[32m[K&[m[K result) {
[2.150s]       |                              [34m[K~[m[K                                                 [01;31m[K^[m[K[32m[K~[m[K
[2.150s]       |                                                                                [32m[K)[m[K
[2.150s] [01m[K/home/bilal/trail_tracer/src/biy1_ros360_cpp/src/waypoint_navigator.cpp:112:81:[m[K [01;31m[Kerror: [m[Kexpected â€˜[01m[K;[m[Kâ€™ at end of member declaration
[2.150s]   112 |     void goal_result_callback(const GoalHandleTravelThroughPoses::WrappedResult [01;31m[K&[m[K result) {
[2.150s]       |                                                                                 [01;31m[K^[m[K
[2.150s]       |                                                                                  [32m[K;[m[K
[2.150s] [01m[K/home/bilal/trail_tracer/src/biy1_ros360_cpp/src/waypoint_navigator.cpp:112:83:[m[K [01;31m[Kerror: [m[Kâ€˜[01m[Kresult[m[Kâ€™ does not name a type
[2.150s]   112 |     void goal_result_callback(const GoalHandleTravelThroughPoses::WrappedResult & [01;31m[Kresult[m[K) {
[2.150s]       |                                                                                   [01;31m[K^~~~~~[m[K
[2.151s] [01m[K/home/bilal/trail_tracer/src/biy1_ros360_cpp/src/waypoint_navigator.cpp:[m[K In member function â€˜[01m[Kvoid NavigationClient::set_waypoints(const std::vector<geometry_msgs::msg::PoseStamped_<std::allocator<void> >, std::allocator<geometry_msgs::msg::PoseStamped_<std::allocator<void> > > >&)[m[Kâ€™:
[2.151s] [01m[K/home/bilal/trail_tracer/src/biy1_ros360_cpp/src/waypoint_navigator.cpp:83:25:[m[K [01;31m[Kerror: [m[Kâ€˜[01m[KTravelThroughPoses[m[Kâ€™ has not been declared
[2.151s]    83 |         auto goal_msg = [01;31m[KTravelThroughPoses[m[K::Goal();
[2.151s]       |                         [01;31m[K^~~~~~~~~~~~~~~~~~[m[K
[2.159s] [01m[K/home/bilal/trail_tracer/src/biy1_ros360_cpp/src/waypoint_navigator.cpp:91:56:[m[K [01;31m[Kerror: [m[Kâ€˜[01m[KTravelThroughPoses[m[Kâ€™ was not declared in this scope
[2.159s]    91 |         auto send_goal_options = rclcpp_action::Client<[01;31m[KTravelThroughPoses[m[K>::SendGoalOptions();
[2.159s]       |                                                        [01;31m[K^~~~~~~~~~~~~~~~~~[m[K
[2.159s] [01m[K/home/bilal/trail_tracer/src/biy1_ros360_cpp/src/waypoint_navigator.cpp:91:74:[m[K [01;31m[Kerror: [m[Ktemplate argument 1 is invalid
[2.159s]    91 |         auto send_goal_options = rclcpp_action::Client<TravelThroughPoses[01;31m[K>[m[K::SendGoalOptions();
[2.159s]       |                                                                          [01;31m[K^[m[K
[2.159s] [01m[K/home/bilal/trail_tracer/src/biy1_ros360_cpp/src/waypoint_navigator.cpp:92:56:[m[K [01;31m[Kerror: [m[Kâ€˜[01m[KPoseSender[m[Kâ€™ has not been declared
[2.159s]    92 |         send_goal_options.result_callback = std::bind(&[01;31m[KPoseSender[m[K::goal_result_callback, this, std::placeholders::_1);
[2.159s]       |                                                        [01;31m[K^~~~~~~~~~[m[K
[2.168s] [01m[K/home/bilal/trail_tracer/src/biy1_ros360_cpp/src/waypoint_navigator.cpp:[m[K At global scope:
[2.168s] [01m[K/home/bilal/trail_tracer/src/biy1_ros360_cpp/src/waypoint_navigator.cpp:2456:21:[m[K [01;31m[Kerror: [m[Kâ€˜[01m[KWaypointSender[m[Kâ€™ was not declared in this scope
[2.168s]  2456 |     std::shared_ptr<[01;31m[KWaypointSender[m[K> waypoint_sender_; // Waypoint sender object
[2.168s]       |                     [01;31m[K^~~~~~~~~~~~~~[m[K
[2.168s] [01m[K/home/bilal/trail_tracer/src/biy1_ros360_cpp/src/waypoint_navigator.cpp:2456:35:[m[K [01;31m[Kerror: [m[Ktemplate argument 1 is invalid
[2.168s]  2456 |     std::shared_ptr<WaypointSender[01;31m[K>[m[K waypoint_sender_; // Waypoint sender object
[2.168s]       |                                   [01;31m[K^[m[K
[2.389s] [01m[K/home/bilal/trail_tracer/src/biy1_ros360_cpp/src/waypoint_navigator.cpp:[m[K In constructor â€˜[01m[KTrailTracer::TrailTracer()[m[Kâ€™:
[2.389s] [01m[K/home/bilal/trail_tracer/src/biy1_ros360_cpp/src/waypoint_navigator.cpp:132:81:[m[K [01;31m[Kerror: [m[Kâ€˜[01m[KWaypointSender[m[Kâ€™ was not declared in this scope; did you mean â€˜[01m[Kwaypoint_sender_[m[Kâ€™?
[2.389s]   132 |     current_pose_x(0.0), current_pose_y(0.0), waypoint_sender_(std::make_shared<[01;31m[KWaypointSender[m[K>("waypoint_sender"))
[2.389s]       |                                                                                 [01;31m[K^~~~~~~~~~~~~~[m[K
[2.390s]       |                                                                                 [32m[Kwaypoint_sender_[m[K
[2.390s] [01m[K/home/bilal/trail_tracer/src/biy1_ros360_cpp/src/waypoint_navigator.cpp:132:96:[m[K [01;31m[Kerror: [m[Kno matching function for call to â€˜[01m[Kmake_shared<<expression error> >(const char [16])[m[Kâ€™
[2.390s]   132 |     current_pose_x(0.0), current_pose_y(0.0), waypoint_sender_([01;31m[Kstd::make_shared<WaypointSender>("waypoint_sender")[m[K)
[2.390s]       |                                                                [01;31m[K~~~~~~~~~~~~~~~~~~~~~~~~~~~~~~~~^~~~~~~~~~~~~~~~~~~[m[K
[2.390s] In file included from [01m[K/usr/include/c++/11/memory:77[m[K,
[2.390s]                  from [01m[K/home/bilal/trail_tracer/src/biy1_ros360_cpp/src/waypoint_navigator.cpp:12[m[K:
[2.390s] [01m[K/usr/include/c++/11/bits/shared_ptr.h:875:5:[m[K [01;36m[Knote: [m[Kcandidate: â€˜[01m[Ktemplate<class _Tp, class ... _Args> std::shared_ptr<_Tp> std::make_shared(_Args&& ...)[m[Kâ€™
[2.390s]   875 |     [01;36m[Kmake_shared[m[K(_Args&&... __args)
[2.390s]       |     [01;36m[K^~~~~~~~~~~[m[K
[2.390s] [01m[K/usr/include/c++/11/bits/shared_ptr.h:875:5:[m[K [01;36m[Knote: [m[K  template argument deduction/substitution failed:
[2.390s] [01m[K/home/bilal/trail_tracer/src/biy1_ros360_cpp/src/waypoint_navigator.cpp:132:96:[m[K [01;31m[Kerror: [m[Ktemplate argument 1 is invalid
[2.390s]   132 |     current_pose_x(0.0), current_pose_y(0.0), waypoint_sender_([01;31m[Kstd::make_shared<WaypointSender>("waypoint_sender")[m[K)
[2.390s]       |                                                                [01;31m[K~~~~~~~~~~~~~~~~~~~~~~~~~~~~~~~~^~~~~~~~~~~~~~~~~~~[m[K
[2.440s] [01m[K/home/bilal/trail_tracer/src/biy1_ros360_cpp/src/waypoint_navigator.cpp:[m[K In member function â€˜[01m[Kvoid TrailTracer::web_messages_callback(std_msgs::msg::String_<std::allocator<void> >::SharedPtr)[m[Kâ€™:
[2.440s] [01m[K/home/bilal/trail_tracer/src/biy1_ros360_cpp/src/waypoint_navigator.cpp:224:29:[m[K [01;31m[Kerror: [m[Kbase operand of â€˜[01m[K->[m[Kâ€™ is not a pointer
[2.441s]   224 |             waypoint_sender_[01;31m[K->[m[Kpause();
[2.441s]       |                             [01;31m[K^~[m[K
[2.467s] [01m[K/home/bilal/trail_tracer/src/biy1_ros360_cpp/src/waypoint_navigator.cpp:[m[K In member function â€˜[01m[Kvoid TrailTracer::file_loader_callback(std_msgs::msg::String_<std::allocator<void> >::SharedPtr)[m[Kâ€™:
[2.467s] [01m[K/home/bilal/trail_tracer/src/biy1_ros360_cpp/src/waypoint_navigator.cpp:445:29:[m[K [01;31m[Kerror: [m[Kbase operand of â€˜[01m[K->[m[Kâ€™ is not a pointer
[2.467s]   445 |             waypoint_sender_[01;31m[K->[m[Kset_waypoints(poses_);
[2.467s]       |                             [01;31m[K^~[m[K
[2.477s] [01m[K/home/bilal/trail_tracer/src/biy1_ros360_cpp/src/waypoint_navigator.cpp:[m[K In member function â€˜[01m[Kvoid TrailTracer::remainingDestinationPoseList(std::vector<geometry_msgs::msg::PoseStamped_<std::allocator<void> >, std::allocator<geometry_msgs::msg::PoseStamped_<std::allocator<void> > > >, const std::pair<double, double>&)[m[Kâ€™:
[2.477s] [01m[K/home/bilal/trail_tracer/src/biy1_ros360_cpp/src/waypoint_navigator.cpp:672:25:[m[K [01;31m[Kerror: [m[Kbase operand of â€˜[01m[K->[m[Kâ€™ is not a pointer
[2.477s]   672 |         waypoint_sender_[01;31m[K->[m[Kset_waypoints(trimmedList);
[2.477s]       |                         [01;31m[K^~[m[K
[2.477s] [01m[K/home/bilal/trail_tracer/src/biy1_ros360_cpp/src/waypoint_navigator.cpp:[m[K In member function â€˜[01m[Kvoid TrailTracer::process_all_waypoints()[m[Kâ€™:
[2.477s] [01m[K/home/bilal/trail_tracer/src/biy1_ros360_cpp/src/waypoint_navigator.cpp:702:25:[m[K [01;31m[Kerror: [m[Kbase operand of â€˜[01m[K->[m[Kâ€™ is not a pointer
[2.478s]   702 |         waypoint_sender_[01;31m[K->[m[Kset_waypoints(poses_);
[2.478s]       |                         [01;31m[K^~[m[K
[2.478s] In file included from [01m[K/home/bilal/learn_ros2_ws/install/nav2_msgs/include/nav2_msgs/nav2_msgs/action/follow_waypoints.hpp:7[m[K,
[2.478s]                  from [01m[K/home/bilal/trail_tracer/src/biy1_ros360_cpp/src/waypoint_navigator.cpp:770[m[K:
[2.478s] [01m[K/home/bilal/learn_ros2_ws/install/nav2_msgs/include/nav2_msgs/nav2_msgs/action/detail/follow_waypoints__struct.hpp:[m[K In member function â€˜[01m[Kvoid TrailTracer::createAndStorePose(double, double)[m[Kâ€™:
[2.478s] [01m[K/home/bilal/learn_ros2_ws/install/nav2_msgs/include/nav2_msgs/nav2_msgs/action/detail/follow_waypoints__struct.hpp:28:1:[m[K [01;31m[Kerror: [m[Kâ€˜[01m[Knamespace[m[Kâ€™ definition is not allowed here
[2.479s]    28 | [01;31m[Knamespace[m[K nav2_msgs
[2.479s]       | [01;31m[K^~~~~~~~~[m[K
[2.479s] In file included from [01m[K/home/bilal/learn_ros2_ws/install/nav2_msgs/include/nav2_msgs/nav2_msgs/action/follow_waypoints.hpp:7[m[K,
[2.479s]                  from [01m[K/home/bilal/trail_tracer/src/biy1_ros360_cpp/src/waypoint_navigator.cpp:770[m[K:
[2.479s] [01m[K/home/bilal/learn_ros2_ws/install/nav2_msgs/include/nav2_msgs/nav2_msgs/action/detail/follow_waypoints__struct.hpp:134:1:[m[K [01;31m[Kerror: [m[Kâ€˜[01m[Knamespace[m[Kâ€™ definition is not allowed here
[2.479s]   134 | [01;31m[Knamespace[m[K nav2_msgs
[2.479s]       | [01;31m[K^~~~~~~~~[m[K
[2.479s] [01m[K/home/bilal/learn_ros2_ws/install/nav2_msgs/include/nav2_msgs/nav2_msgs/action/detail/follow_waypoints__struct.hpp:240:1:[m[K [01;31m[Kerror: [m[Kâ€˜[01m[Knamespace[m[Kâ€™ definition is not allowed here
[2.479s]   240 | [01;31m[Knamespace[m[K nav2_msgs
[2.479s]       | [01;31m[K^~~~~~~~~[m[K
[2.479s] In file included from [01m[K/home/bilal/learn_ros2_ws/install/nav2_msgs/include/nav2_msgs/nav2_msgs/action/follow_waypoints.hpp:7[m[K,
[2.479s]                  from [01m[K/home/bilal/trail_tracer/src/biy1_ros360_cpp/src/waypoint_navigator.cpp:770[m[K:
[2.479s] [01m[K/home/bilal/learn_ros2_ws/install/nav2_msgs/include/nav2_msgs/nav2_msgs/action/detail/follow_waypoints__struct.hpp:360:1:[m[K [01;31m[Kerror: [m[Kâ€˜[01m[Knamespace[m[Kâ€™ definition is not allowed here
[2.479s]   360 | [01;31m[Knamespace[m[K nav2_msgs
[2.479s]       | [01;31m[K^~~~~~~~~[m[K
[2.479s] In file included from [01m[K/home/bilal/learn_ros2_ws/install/nav2_msgs/include/nav2_msgs/nav2_msgs/action/follow_waypoints.hpp:7[m[K,
[2.479s]                  from [01m[K/home/bilal/trail_tracer/src/biy1_ros360_cpp/src/waypoint_navigator.cpp:770[m[K:
[2.479s] [01m[K/home/bilal/learn_ros2_ws/install/nav2_msgs/include/nav2_msgs/nav2_msgs/action/detail/follow_waypoints__struct.hpp:485:1:[m[K [01;31m[Kerror: [m[Kâ€˜[01m[Knamespace[m[Kâ€™ definition is not allowed here
[2.479s]   485 | [01;31m[Knamespace[m[K nav2_msgs
[2.480s]       | [01;31m[K^~~~~~~~~[m[K
[2.480s] [01m[K/home/bilal/learn_ros2_ws/install/nav2_msgs/include/nav2_msgs/nav2_msgs/action/detail/follow_waypoints__struct.hpp:605:1:[m[K [01;31m[Kerror: [m[Kâ€˜[01m[Knamespace[m[Kâ€™ definition is not allowed here
[2.480s]   605 | [01;31m[Knamespace[m[K nav2_msgs
[2.480s]       | [01;31m[K^~~~~~~~~[m[K
[2.480s] [01m[K/home/bilal/learn_ros2_ws/install/nav2_msgs/include/nav2_msgs/nav2_msgs/action/detail/follow_waypoints__struct.hpp:633:1:[m[K [01;31m[Kerror: [m[Kâ€˜[01m[Knamespace[m[Kâ€™ definition is not allowed here
[2.480s]   633 | [01;31m[Knamespace[m[K nav2_msgs
[2.480s]       | [01;31m[K^~~~~~~~~[m[K
[2.480s] [01m[K/home/bilal/learn_ros2_ws/install/nav2_msgs/include/nav2_msgs/nav2_msgs/action/detail/follow_waypoints__struct.hpp:745:1:[m[K [01;31m[Kerror: [m[Kâ€˜[01m[Knamespace[m[Kâ€™ definition is not allowed here
[2.480s]   745 | [01;31m[Knamespace[m[K nav2_msgs
[2.480s]       | [01;31m[K^~~~~~~~~[m[K
[2.480s] [01m[K/home/bilal/learn_ros2_ws/install/nav2_msgs/include/nav2_msgs/nav2_msgs/action/detail/follow_waypoints__struct.hpp:865:1:[m[K [01;31m[Kerror: [m[Kâ€˜[01m[Knamespace[m[Kâ€™ definition is not allowed here
[2.480s]   865 | [01;31m[Knamespace[m[K nav2_msgs
[2.480s]       | [01;31m[K^~~~~~~~~[m[K
[2.480s] [01m[K/home/bilal/learn_ros2_ws/install/nav2_msgs/include/nav2_msgs/nav2_msgs/action/detail/follow_waypoints__struct.hpp:896:1:[m[K [01;31m[Kerror: [m[Kâ€˜[01m[Knamespace[m[Kâ€™ definition is not allowed here
[2.480s]   896 | [01;31m[Knamespace[m[K nav2_msgs
[2.480s]       | [01;31m[K^~~~~~~~~[m[K
[2.480s] [01m[K/home/bilal/learn_ros2_ws/install/nav2_msgs/include/nav2_msgs/nav2_msgs/action/detail/follow_waypoints__struct.hpp:1014:1:[m[K [01;31m[Kerror: [m[Kâ€˜[01m[Knamespace[m[Kâ€™ definition is not allowed here
[2.480s]  1014 | [01;31m[Knamespace[m[K nav2_msgs
[2.480s]       | [01;31m[K^~~~~~~~~[m[K
[2.480s] In file included from [01m[K/home/bilal/learn_ros2_ws/install/nav2_msgs/include/nav2_msgs/nav2_msgs/action/follow_waypoints.hpp:8[m[K,
[2.481s]                  from [01m[K/home/bilal/trail_tracer/src/biy1_ros360_cpp/src/waypoint_navigator.cpp:770[m[K:
[2.481s] [01m[K/home/bilal/learn_ros2_ws/install/nav2_msgs/include/nav2_msgs/nav2_msgs/action/detail/follow_waypoints__builder.hpp:15:1:[m[K [01;31m[Kerror: [m[Kâ€˜[01m[Knamespace[m[Kâ€™ definition is not allowed here
[2.481s]    15 | [01;31m[Knamespace[m[K nav2_msgs
[2.481s]       | [01;31m[K^~~~~~~~~[m[K
[2.481s] [01m[K/home/bilal/learn_ros2_ws/install/nav2_msgs/include/nav2_msgs/nav2_msgs/action/detail/follow_waypoints__builder.hpp:57:1:[m[K [01;31m[Kerror: [m[Kâ€˜[01m[Knamespace[m[Kâ€™ definition is not allowed here
[2.481s]    57 | [01;31m[Knamespace[m[K nav2_msgs
[2.481s]       | [01;31m[K^~~~~~~~~[m[K
[2.481s] In file included from [01m[K/home/bilal/learn_ros2_ws/install/nav2_msgs/include/nav2_msgs/nav2_msgs/action/follow_waypoints.hpp:8[m[K,
[2.481s]                  from [01m[K/home/bilal/trail_tracer/src/biy1_ros360_cpp/src/waypoint_navigator.cpp:770[m[K:
[2.481s] [01m[K/home/bilal/learn_ros2_ws/install/nav2_msgs/include/nav2_msgs/nav2_msgs/action/detail/follow_waypoints__builder.hpp:99:1:[m[K [01;31m[Kerror: [m[Kâ€˜[01m[Knamespace[m[Kâ€™ definition is not allowed here
[2.481s]    99 | [01;31m[Knamespace[m[K nav2_msgs
[2.481s]       | [01;31m[K^~~~~~~~~[m[K
[2.481s] [01m[K/home/bilal/learn_ros2_ws/install/nav2_msgs/include/nav2_msgs/nav2_msgs/action/detail/follow_waypoints__builder.hpp:141:1:[m[K [01;31m[Kerror: [m[Kâ€˜[01m[Knamespace[m[Kâ€™ definition is not allowed here
[2.481s]   141 | [01;31m[Knamespace[m[K nav2_msgs
[2.481s]       | [01;31m[K^~~~~~~~~[m[K
[2.481s] [01m[K/home/bilal/learn_ros2_ws/install/nav2_msgs/include/nav2_msgs/nav2_msgs/action/detail/follow_waypoints__builder.hpp:199:1:[m[K [01;31m[Kerror: [m[Kâ€˜[01m[Knamespace[m[Kâ€™ definition is not allowed here
[2.482s]   199 | [01;31m[Knamespace[m[K nav2_msgs
[2.482s]       | [01;31m[K^~~~~~~~~[m[K
[2.482s] [01m[K/home/bilal/learn_ros2_ws/install/nav2_msgs/include/nav2_msgs/nav2_msgs/action/detail/follow_waypoints__builder.hpp:257:1:[m[K [01;31m[Kerror: [m[Kâ€˜[01m[Knamespace[m[Kâ€™ definition is not allowed here
[2.482s]   257 | [01;31m[Knamespace[m[K nav2_msgs
[2.482s]       | [01;31m[K^~~~~~~~~[m[K
[2.482s] [01m[K/home/bilal/learn_ros2_ws/install/nav2_msgs/include/nav2_msgs/nav2_msgs/action/detail/follow_waypoints__builder.hpp:299:1:[m[K [01;31m[Kerror: [m[Kâ€˜[01m[Knamespace[m[Kâ€™ definition is not allowed here
[2.482s]   299 | [01;31m[Knamespace[m[K nav2_msgs
[2.482s]       | [01;31m[K^~~~~~~~~[m[K
[2.482s] [01m[K/home/bilal/learn_ros2_ws/install/nav2_msgs/include/nav2_msgs/nav2_msgs/action/detail/follow_waypoints__builder.hpp:357:1:[m[K [01;31m[Kerror: [m[Kâ€˜[01m[Knamespace[m[Kâ€™ definition is not allowed here
[2.482s]   357 | [01;31m[Knamespace[m[K nav2_msgs
[2.482s]       | [01;31m[K^~~~~~~~~[m[K
[2.482s] In file included from [01m[K/home/bilal/learn_ros2_ws/install/nav2_msgs/include/nav2_msgs/nav2_msgs/action/follow_waypoints.hpp:9[m[K,
[2.482s]                  from [01m[K/home/bilal/trail_tracer/src/biy1_ros360_cpp/src/waypoint_navigator.cpp:770[m[K:
[2.482s] [01m[K/home/bilal/learn_ros2_ws/install/nav2_msgs/include/nav2_msgs/nav2_msgs/action/detail/follow_waypoints__traits.hpp:21:1:[m[K [01;31m[Kerror: [m[Kâ€˜[01m[Knamespace[m[Kâ€™ definition is not allowed here
[2.482s]    21 | [01;31m[Knamespace[m[K nav2_msgs
[2.482s]       | [01;31m[K^~~~~~~~~[m[K
[2.482s] [01m[K/home/bilal/learn_ros2_ws/install/nav2_msgs/include/nav2_msgs/nav2_msgs/action/detail/follow_waypoints__traits.hpp:90:1:[m[K [01;31m[Kerror: [m[Kâ€˜[01m[Knamespace[m[Kâ€™ definition is not allowed here
[2.482s]    90 | [01;31m[Knamespace[m[K rosidl_generator_traits
[2.482s]       | [01;31m[K^~~~~~~~~[m[K
[2.482s] [01m[K/home/bilal/learn_ros2_ws/install/nav2_msgs/include/nav2_msgs/nav2_msgs/action/detail/follow_waypoints__traits.hpp:133:1:[m[K [01;31m[Kerror: [m[Kâ€˜[01m[Knamespace[m[Kâ€™ definition is not allowed here
[2.482s]   133 | [01;31m[Knamespace[m[K nav2_msgs
[2.483s]       | [01;31m[K^~~~~~~~~[m[K
[2.483s] [01m[K/home/bilal/learn_ros2_ws/install/nav2_msgs/include/nav2_msgs/nav2_msgs/action/detail/follow_waypoints__traits.hpp:203:1:[m[K [01;31m[Kerror: [m[Kâ€˜[01m[Knamespace[m[Kâ€™ definition is not allowed here
[2.483s]   203 | [01;31m[Knamespace[m[K rosidl_generator_traits
[2.483s]       | [01;31m[K^~~~~~~~~[m[K
[2.483s] [01m[K/home/bilal/learn_ros2_ws/install/nav2_msgs/include/nav2_msgs/nav2_msgs/action/detail/follow_waypoints__traits.hpp:246:1:[m[K [01;31m[Kerror: [m[Kâ€˜[01m[Knamespace[m[Kâ€™ definition is not allowed here
[2.483s]   246 | [01;31m[Knamespace[m[K nav2_msgs
[2.483s]       | [01;31m[K^~~~~~~~~[m[K
[2.483s] [01m[K/home/bilal/learn_ros2_ws/install/nav2_msgs/include/nav2_msgs/nav2_msgs/action/detail/follow_waypoints__traits.hpp:295:1:[m[K [01;31m[Kerror: [m[Kâ€˜[01m[Knamespace[m[Kâ€™ definition is not allowed here
[2.483s]   295 | [01;31m[Knamespace[m[K rosidl_generator_traits
[2.483s]       | [01;31m[K^~~~~~~~~[m[K
[2.483s] In file included from [01m[K/home/bilal/learn_ros2_ws/install/nav2_msgs/include/nav2_msgs/nav2_msgs/action/follow_waypoints.hpp:9[m[K,
[2.483s]                  from [01m[K/home/bilal/trail_tracer/src/biy1_ros360_cpp/src/waypoint_navigator.cpp:770[m[K:
[2.483s] [01m[K/home/bilal/learn_ros2_ws/install/nav2_msgs/include/nav2_msgs/nav2_msgs/action/detail/follow_waypoints__traits.hpp:344:1:[m[K [01;31m[Kerror: [m[Kâ€˜[01m[Knamespace[m[Kâ€™ definition is not allowed here
[2.483s]   344 | [01;31m[Knamespace[m[K nav2_msgs
[2.483s]       | [01;31m[K^~~~~~~~~[m[K
[2.483s] [01m[K/home/bilal/learn_ros2_ws/install/nav2_msgs/include/nav2_msgs/nav2_msgs/action/detail/follow_waypoints__traits.hpp:408:1:[m[K [01;31m[Kerror: [m[Kâ€˜[01m[Knamespace[m[Kâ€™ definition is not allowed here
[2.483s]   408 | [01;31m[Knamespace[m[K rosidl_generator_traits
[2.483s]       | [01;31m[K^~~~~~~~~[m[K
[2.483s] In file included from [01m[K/home/bilal/learn_ros2_ws/install/nav2_msgs/include/nav2_msgs/nav2_msgs/action/follow_waypoints.hpp:9[m[K,
[2.483s]                  from [01m[K/home/bilal/trail_tracer/src/biy1_ros360_cpp/src/waypoint_navigator.cpp:770[m[K:
[2.484s] [01m[K/home/bilal/learn_ros2_ws/install/nav2_msgs/include/nav2_msgs/nav2_msgs/action/detail/follow_waypoints__traits.hpp:455:1:[m[K [01;31m[Kerror: [m[Kâ€˜[01m[Knamespace[m[Kâ€™ definition is not allowed here
[2.484s]   455 | [01;31m[Knamespace[m[K nav2_msgs
[2.484s]       | [01;31m[K^~~~~~~~~[m[K
[2.484s] [01m[K/home/bilal/learn_ros2_ws/install/nav2_msgs/include/nav2_msgs/nav2_msgs/action/detail/follow_waypoints__traits.hpp:520:1:[m[K [01;31m[Kerror: [m[Kâ€˜[01m[Knamespace[m[Kâ€™ definition is not allowed here
[2.484s]   520 | [01;31m[Knamespace[m[K rosidl_generator_traits
[2.484s]       | [01;31m[K^~~~~~~~~[m[K
[2.484s] [01m[K/home/bilal/learn_ros2_ws/install/nav2_msgs/include/nav2_msgs/nav2_msgs/action/detail/follow_waypoints__traits.hpp:563:1:[m[K [01;31m[Kerror: [m[Kâ€˜[01m[Knamespace[m[Kâ€™ definition is not allowed here
[2.484s]   563 | [01;31m[Knamespace[m[K rosidl_generator_traits
[2.484s]       | [01;31m[K^~~~~~~~~[m[K
[2.484s] [01m[K/home/bilal/learn_ros2_ws/install/nav2_msgs/include/nav2_msgs/nav2_msgs/action/detail/follow_waypoints__traits.hpp:623:1:[m[K [01;31m[Kerror: [m[Kâ€˜[01m[Knamespace[m[Kâ€™ definition is not allowed here
[2.484s]   623 | [01;31m[Knamespace[m[K nav2_msgs
[2.484s]       | [01;31m[K^~~~~~~~~[m[K
[2.484s] [01m[K/home/bilal/learn_ros2_ws/install/nav2_msgs/include/nav2_msgs/nav2_msgs/action/detail/follow_waypoints__traits.hpp:671:1:[m[K [01;31m[Kerror: [m[Kâ€˜[01m[Knamespace[m[Kâ€™ definition is not allowed here
[2.484s]   671 | [01;31m[Knamespace[m[K rosidl_generator_traits
[2.484s]       | [01;31m[K^~~~~~~~~[m[K
[2.484s] [01m[K/home/bilal/learn_ros2_ws/install/nav2_msgs/include/nav2_msgs/nav2_msgs/action/detail/follow_waypoints__traits.hpp:719:1:[m[K [01;31m[Kerror: [m[Kâ€˜[01m[Knamespace[m[Kâ€™ definition is not allowed here
[2.484s]   719 | [01;31m[Knamespace[m[K nav2_msgs
[2.484s]       | [01;31m[K^~~~~~~~~[m[K
[2.484s] [01m[K/home/bilal/learn_ros2_ws/install/nav2_msgs/include/nav2_msgs/nav2_msgs/action/detail/follow_waypoints__traits.hpp:784:1:[m[K [01;31m[Kerror: [m[Kâ€˜[01m[Knamespace[m[Kâ€™ definition is not allowed here
[2.485s]   784 | [01;31m[Knamespace[m[K rosidl_generator_traits
[2.485s]       | [01;31m[K^~~~~~~~~[m[K
[2.485s] [01m[K/home/bilal/learn_ros2_ws/install/nav2_msgs/include/nav2_msgs/nav2_msgs/action/detail/follow_waypoints__traits.hpp:827:1:[m[K [01;31m[Kerror: [m[Kâ€˜[01m[Knamespace[m[Kâ€™ definition is not allowed here
[2.485s]   827 | [01;31m[Knamespace[m[K rosidl_generator_traits
[2.485s]       | [01;31m[K^~~~~~~~~[m[K
[2.485s] [01m[K/home/bilal/learn_ros2_ws/install/nav2_msgs/include/nav2_msgs/nav2_msgs/action/detail/follow_waypoints__traits.hpp:890:1:[m[K [01;31m[Kerror: [m[Kâ€˜[01m[Knamespace[m[Kâ€™ definition is not allowed here
[2.485s]   890 | [01;31m[Knamespace[m[K nav2_msgs
[2.485s]       | [01;31m[K^~~~~~~~~[m[K
[2.485s] [01m[K/home/bilal/learn_ros2_ws/install/nav2_msgs/include/nav2_msgs/nav2_msgs/action/detail/follow_waypoints__traits.hpp:954:1:[m[K [01;31m[Kerror: [m[Kâ€˜[01m[Knamespace[m[Kâ€™ definition is not allowed here
[2.485s]   954 | [01;31m[Knamespace[m[K rosidl_generator_traits
[2.485s]       | [01;31m[K^~~~~~~~~[m[K
[2.485s] [01m[K/home/bilal/learn_ros2_ws/install/nav2_msgs/include/nav2_msgs/nav2_msgs/action/detail/follow_waypoints__traits.hpp:998:1:[m[K [01;31m[Kerror: [m[Kâ€˜[01m[Knamespace[m[Kâ€™ definition is not allowed here
[2.485s]   998 | [01;31m[Knamespace[m[K rosidl_generator_traits
[2.485s]       | [01;31m[K^~~~~~~~~[m[K
[2.485s] [01m[K/home/bilal/trail_tracer/src/biy1_ros360_cpp/src/waypoint_navigator.cpp:815:48:[m[K [01;31m[Kerror: [m[Kâ€˜[01m[KFollowWaypoints[m[Kâ€™ in namespace â€˜[01m[Knav2_msgs::action[m[Kâ€™ does not name a type
[2.485s]   815 |     using FollowWaypoints = nav2_msgs::action::[01;31m[KFollowWaypoints[m[K;
[2.485s]       |                                                [01;31m[K^~~~~~~~~~~~~~~[m[K
[2.485s] [01m[K/home/bilal/trail_tracer/src/biy1_ros360_cpp/src/waypoint_navigator.cpp:816:71:[m[K [01;31m[Kerror: [m[Kâ€˜[01m[KFollowWaypoints[m[Kâ€™ was not declared in this scope
[2.486s]   816 |     using GoalHandleFollowWaypoints = rclcpp_action::ClientGoalHandle<[01;31m[KFollowWaypoints[m[K>;
[2.486s]       |                                                                       [01;31m[K^~~~~~~~~~~~~~~[m[K
[2.486s] [01m[K/home/bilal/trail_tracer/src/biy1_ros360_cpp/src/waypoint_navigator.cpp:816:86:[m[K [01;31m[Kerror: [m[Ktemplate argument 1 is invalid
[2.486s]   816 |     using GoalHandleFollowWaypoints = rclcpp_action::ClientGoalHandle<FollowWaypoints[01;31m[K>[m[K;
[2.486s]       |                                                                                      [01;31m[K^[m[K
[2.486s] [01m[K/home/bilal/trail_tracer/src/biy1_ros360_cpp/src/waypoint_navigator.cpp:855:45:[m[K [01;31m[Kerror: [m[Kexpected â€˜[01m[K;[m[Kâ€™ at end of member declaration
[2.486s]   855 |     rclcpp_action::Client<FollowWaypoints>::[01;31m[KSharedPtr[m[K client_ptr_;
[2.486s]       |                                             [01;31m[K^~~~~~~~~[m[K
[2.486s]       |                                                      [32m[K;[m[K
[2.487s] [01m[K/home/bilal/trail_tracer/src/biy1_ros360_cpp/src/waypoint_navigator.cpp:855:55:[m[K [01;31m[Kerror: [m[Kâ€˜[01m[Kclient_ptr_[m[Kâ€™ does not name a type
[2.487s]   855 |     rclcpp_action::Client<FollowWaypoints>::SharedPtr [01;31m[Kclient_ptr_[m[K;
[2.487s]       |                                                       [01;31m[K^~~~~~~~~~~[m[K
[2.490s] [01m[K/home/bilal/trail_tracer/src/biy1_ros360_cpp/src/waypoint_navigator.cpp:858:37:[m[K [01;31m[Kerror: [m[Kâ€˜[01m[KGoalHandleFollowWaypoints[m[Kâ€™ does not name a type
[2.490s]   858 |     void goal_result_callback(const [01;31m[KGoalHandleFollowWaypoints[m[K::WrappedResult & result) {
[2.490s]       |                                     [01;31m[K^~~~~~~~~~~~~~~~~~~~~~~~~[m[K
[2.490s] [01m[K/home/bilal/trail_tracer/src/biy1_ros360_cpp/src/waypoint_navigator.cpp:858:78:[m[K [01;31m[Kerror: [m[Kexpected unqualified-id before â€˜[01m[K&[m[Kâ€™ token
[2.490s]   858 |     void goal_result_callback(const GoalHandleFollowWaypoints::WrappedResult [01;31m[K&[m[K result) {
[2.490s]       |                                                                              [01;31m[K^[m[K
[2.490s] [01m[K/home/bilal/trail_tracer/src/biy1_ros360_cpp/src/waypoint_navigator.cpp:858:78:[m[K [01;31m[Kerror: [m[Kexpected â€˜[01m[K)[m[Kâ€™ before â€˜[01m[K&[m[Kâ€™ token
[2.490s] [01m[K/home/bilal/trail_tracer/src/biy1_ros360_cpp/src/waypoint_navigator.cpp:858:30:[m[K [01;36m[Knote: [m[Kto match this â€˜[01m[K([m[Kâ€™
[2.490s]   858 |     void goal_result_callback[01;36m[K([m[Kconst GoalHandleFollowWaypoints::WrappedResult & result) {
[2.491s]       |                              [01;36m[K^[m[K
[2.491s] [01m[K/home/bilal/trail_tracer/src/biy1_ros360_cpp/src/waypoint_navigator.cpp:858:78:[m[K [01;31m[Kerror: [m[Kexpected â€˜[01m[K;[m[Kâ€™ at end of member declaration
[2.491s]   858 |     void goal_result_callback(const GoalHandleFollowWaypoints::WrappedResult [01;31m[K&[m[K result) {
[2.491s]       |                                                                              [01;31m[K^[m[K
[2.491s]       |                                                                               [32m[K;[m[K
[2.491s] [01m[K/home/bilal/trail_tracer/src/biy1_ros360_cpp/src/waypoint_navigator.cpp:858:80:[m[K [01;31m[Kerror: [m[Kâ€˜[01m[Kresult[m[Kâ€™ does not name a type
[2.491s]   858 |     void goal_result_callback(const GoalHandleFollowWaypoints::WrappedResult & [01;31m[Kresult[m[K) {
[2.491s]       |                                                                                [01;31m[K^~~~~~[m[K
[2.491s] [01m[K/home/bilal/trail_tracer/src/biy1_ros360_cpp/src/waypoint_navigator.cpp:[m[K In constructor â€˜[01m[KTrailTracer::createAndStorePose(double, double)::WaypointSender::WaypointSender(const string&)[m[Kâ€™:
[2.491s] [01m[K/home/bilal/trail_tracer/src/biy1_ros360_cpp/src/waypoint_navigator.cpp:820:15:[m[K [01;31m[Kerror: [m[Kâ€˜[01m[Kclass TrailTracer::createAndStorePose(double, double)::WaypointSender[m[Kâ€™ has no member named â€˜[01m[Kclient_ptr_[m[Kâ€™
[2.492s]   820 |         this->[01;31m[Kclient_ptr_[m[K = rclcpp_action::create_client<FollowWaypoints>(
[2.492s]       |               [01;31m[K^~~~~~~~~~~[m[K
[2.492s] [01m[K/home/bilal/trail_tracer/src/biy1_ros360_cpp/src/waypoint_navigator.cpp:820:58:[m[K [01;31m[Kerror: [m[Kuse of local variable with automatic storage from containing function
[2.492s]   820 |         this->client_ptr_ = rclcpp_action::create_client<[01;31m[KFollowWaypoints[m[K>(
[2.492s]       |                                                          [01;31m[K^~~~~~~~~~~~~~~[m[K
[2.492s] [01m[K/home/bilal/trail_tracer/src/biy1_ros360_cpp/src/waypoint_navigator.cpp:816:71:[m[K [01;36m[Knote: [m[Kâ€˜[01m[K<typeprefixerror>FollowWaypoints[m[Kâ€™ declared here
[2.492s]   816 |     using GoalHandleFollowWaypoints = rclcpp_action::ClientGoalHandle<[01;36m[KFollowWaypoints[m[K>;
[2.492s]       |                                                                       [01;36m[K^~~~~~~~~~~~~~~[m[K
[2.492s] [01m[K/home/bilal/trail_tracer/src/biy1_ros360_cpp/src/waypoint_navigator.cpp:820:74:[m[K [01;31m[Kerror: [m[Kno matching function for call to â€˜[01m[Kcreate_client<<expression error> >(TrailTracer::createAndStorePose(double, double)::WaypointSender*, const char [18])[m[Kâ€™
[2.492s]   820 |         this->client_ptr_ = [01;31m[Krclcpp_action::create_client<FollowWaypoints>([m[K
[2.492s]       |                             [01;31m[K~~~~~~~~~~~~~~~~~~~~~~~~~~~~~~~~~~~~~~~~~~~~~^[m[K
[2.492s]   821 | [01;31m[K            this, "/follow_waypoints")[m[K;
[2.492s]       |             [01;31m[K~~~~~~~~~~~~~~~~~~~~~~~~~~[m[K                                    
[2.492s] In file included from [01m[K/opt/ros/humble/include/rclcpp_action/rclcpp_action/rclcpp_action.hpp:38[m[K,
[2.492s]                  from [01m[K/home/bilal/trail_tracer/src/biy1_ros360_cpp/src/waypoint_navigator.cpp:28[m[K:
[2.492s] [01m[K/opt/ros/humble/include/rclcpp_action/rclcpp_action/create_client.hpp:44:1:[m[K [01;36m[Knote: [m[Kcandidate: â€˜[01m[Ktemplate<class ActionT> typename rclcpp_action::Client<ActionT>::SharedPtr rclcpp_action::create_client(rclcpp::node_interfaces::NodeBaseInterface::SharedPtr, rclcpp::node_interfaces::NodeGraphInterface::SharedPtr, rclcpp::node_interfaces::NodeLoggingInterface::SharedPtr, rclcpp::node_interfaces::NodeWaitablesInterface::SharedPtr, const string&, rclcpp::CallbackGroup::SharedPtr, const rcl_action_client_options_t&)[m[Kâ€™
[2.492s]    44 | [01;36m[Kcreate_client[m[K(
[2.492s]       | [01;36m[K^~~~~~~~~~~~~[m[K
[2.493s] [01m[K/opt/ros/humble/include/rclcpp_action/rclcpp_action/create_client.hpp:44:1:[m[K [01;36m[Knote: [m[K  template argument deduction/substitution failed:
[2.493s] [01m[K/home/bilal/trail_tracer/src/biy1_ros360_cpp/src/waypoint_navigator.cpp:820:74:[m[K [01;31m[Kerror: [m[Ktemplate argument 1 is invalid
[2.493s]   820 |         this->client_ptr_ = [01;31m[Krclcpp_action::create_client<FollowWaypoints>([m[K
[2.493s]       |                             [01;31m[K~~~~~~~~~~~~~~~~~~~~~~~~~~~~~~~~~~~~~~~~~~~~~^[m[K
[2.493s]   821 | [01;31m[K            this, "/follow_waypoints")[m[K;
[2.493s]       |             [01;31m[K~~~~~~~~~~~~~~~~~~~~~~~~~~[m[K                                    
[2.493s] In file included from [01m[K/opt/ros/humble/include/rclcpp_action/rclcpp_action/rclcpp_action.hpp:38[m[K,
[2.493s]                  from [01m[K/home/bilal/trail_tracer/src/biy1_ros360_cpp/src/waypoint_navigator.cpp:28[m[K:
[2.493s] [01m[K/opt/ros/humble/include/rclcpp_action/rclcpp_action/create_client.hpp:105:1:[m[K [01;36m[Knote: [m[Kcandidate: â€˜[01m[Ktemplate<class ActionT, class NodeT> typename rclcpp_action::Client<ActionT>::SharedPtr rclcpp_action::create_client(NodeT, const string&, rclcpp::CallbackGroup::SharedPtr, const rcl_action_client_options_t&)[m[Kâ€™
[2.493s]   105 | [01;36m[Kcreate_client[m[K(
[2.493s]       | [01;36m[K^~~~~~~~~~~~~[m[K
[2.493s] [01m[K/opt/ros/humble/include/rclcpp_action/rclcpp_action/create_client.hpp:105:1:[m[K [01;36m[Knote: [m[K  template argument deduction/substitution failed:
[2.493s] [01m[K/home/bilal/trail_tracer/src/biy1_ros360_cpp/src/waypoint_navigator.cpp:820:74:[m[K [01;31m[Kerror: [m[Ktemplate argument 1 is invalid
[2.493s]   820 |         this->client_ptr_ = [01;31m[Krclcpp_action::create_client<FollowWaypoints>([m[K
[2.493s]       |                             [01;31m[K~~~~~~~~~~~~~~~~~~~~~~~~~~~~~~~~~~~~~~~~~~~~~^[m[K
[2.493s]   821 | [01;31m[K            this, "/follow_waypoints")[m[K;
[2.493s]       |             [01;31m[K~~~~~~~~~~~~~~~~~~~~~~~~~~[m[K                                    
[2.493s] [01m[K/home/bilal/trail_tracer/src/biy1_ros360_cpp/src/waypoint_navigator.cpp:[m[K In member function â€˜[01m[Kvoid TrailTracer::createAndStorePose(double, double)::WaypointSender::set_waypoints(const std::vector<geometry_msgs::msg::PoseStamped_<std::allocator<void> >, std::allocator<geometry_msgs::msg::PoseStamped_<std::allocator<void> > > >&)[m[Kâ€™:
[2.493s] [01m[K/home/bilal/trail_tracer/src/biy1_ros360_cpp/src/waypoint_navigator.cpp:826:25:[m[K [01;31m[Kerror: [m[Kâ€˜[01m[KFollowWaypoints[m[Kâ€™ is not a class, namespace, or enumeration
[2.493s]   826 |         auto goal_msg = [01;31m[KFollowWaypoints[m[K::Goal();
[2.493s]       |                         [01;31m[K^~~~~~~~~~~~~~~[m[K
[2.496s] [01m[K/home/bilal/trail_tracer/src/biy1_ros360_cpp/src/waypoint_navigator.cpp:829:14:[m[K [01;31m[Kerror: [m[Kâ€˜[01m[Kclient_ptr_[m[Kâ€™ was not declared in this scope
[2.496s]   829 |         if (![01;31m[Kclient_ptr_[m[K->wait_for_action_server()) {
[2.496s]       |              [01;31m[K^~~~~~~~~~~[m[K
[2.496s] [01m[K/home/bilal/trail_tracer/src/biy1_ros360_cpp/src/waypoint_navigator.cpp:834:56:[m[K [01;31m[Kerror: [m[Kuse of local variable with automatic storage from containing function
[2.496s]   834 |         auto send_goal_options = rclcpp_action::Client<[01;31m[KFollowWaypoints[m[K>::SendGoalOptions();
[2.496s]       |                                                        [01;31m[K^~~~~~~~~~~~~~~[m[K
[2.497s] [01m[K/home/bilal/trail_tracer/src/biy1_ros360_cpp/src/waypoint_navigator.cpp:816:71:[m[K [01;36m[Knote: [m[Kâ€˜[01m[K<typeprefixerror>FollowWaypoints[m[Kâ€™ declared here
[2.497s]   816 |     using GoalHandleFollowWaypoints = rclcpp_action::ClientGoalHandle<[01;36m[KFollowWaypoints[m[K>;
[2.497s]       |                                                                       [01;36m[K^~~~~~~~~~~~~~~[m[K
[2.497s] [01m[K/home/bilal/trail_tracer/src/biy1_ros360_cpp/src/waypoint_navigator.cpp:834:71:[m[K [01;31m[Kerror: [m[Ktemplate argument 1 is invalid
[2.497s]   834 |         auto send_goal_options = rclcpp_action::Client<FollowWaypoints[01;31m[K>[m[K::SendGoalOptions();
[2.497s]       |                                                                       [01;31m[K^[m[K
[2.504s] [01m[K/home/bilal/trail_tracer/src/biy1_ros360_cpp/src/waypoint_navigator.cpp:836:9:[m[K [01;31m[Kerror: [m[Kâ€˜[01m[Kclient_ptr_[m[Kâ€™ was not declared in this scope
[2.504s]   836 |         [01;31m[Kclient_ptr_[m[K->async_send_goal(goal_msg, send_goal_options);
[2.504s]       |         [01;31m[K^~~~~~~~~~~[m[K
[2.509s] [01m[K/home/bilal/trail_tracer/src/biy1_ros360_cpp/src/waypoint_navigator.cpp:[m[K In member function â€˜[01m[Kvoid TrailTracer::createAndStorePose(double, double)::WaypointSender::pause()[m[Kâ€™:
[2.509s] [01m[K/home/bilal/trail_tracer/src/biy1_ros360_cpp/src/waypoint_navigator.cpp:840:9:[m[K [01;31m[Kerror: [m[Kâ€˜[01m[Kclient_ptr_[m[Kâ€™ was not declared in this scope
[2.509s]   840 |         [01;31m[Kclient_ptr_[m[K->async_cancel_all_goals();
[2.509s]       |         [01;31m[K^~~~~~~~~~~[m[K
[2.541s] [01m[K/home/bilal/trail_tracer/src/biy1_ros360_cpp/src/waypoint_navigator.cpp:[m[K In member function â€˜[01m[Kvoid TrailTracer::createAndStorePose(double, double)::TrailTracer::process_all_waypoints()[m[Kâ€™:
[2.542s] [01m[K/home/bilal/trail_tracer/src/biy1_ros360_cpp/src/waypoint_navigator.cpp:1506:48:[m[K [01;31m[Kerror: [m[Kâ€˜[01m[KFollowWaypoints[m[Kâ€™ in namespace â€˜[01m[Knav2_msgs::action[m[Kâ€™ does not name a type
[2.542s]  1506 |     using FollowWaypoints = nav2_msgs::action::[01;31m[KFollowWaypoints[m[K;
[2.542s]       |                                                [01;31m[K^~~~~~~~~~~~~~~[m[K
[2.542s] [01m[K/home/bilal/trail_tracer/src/biy1_ros360_cpp/src/waypoint_navigator.cpp:1507:71:[m[K [01;31m[Kerror: [m[Kuse of local variable with automatic storage from containing function
[2.542s]  1507 |     using GoalHandleFollowWaypoints = rclcpp_action::ClientGoalHandle<[01;31m[KFollowWaypoints[m[K>;
[2.542s]       |                                                                       [01;31m[K^~~~~~~~~~~~~~~[m[K
[2.542s] [01m[K/home/bilal/trail_tracer/src/biy1_ros360_cpp/src/waypoint_navigator.cpp:816:71:[m[K [01;36m[Knote: [m[Kâ€˜[01m[K<typeprefixerror>FollowWaypoints[m[Kâ€™ declared here
[2.542s]   816 |     using GoalHandleFollowWaypoints = rclcpp_action::ClientGoalHandle<[01;36m[KFollowWaypoints[m[K>;
[2.542s]       |                                                                       [01;36m[K^~~~~~~~~~~~~~~[m[K
[2.542s] [01m[K/home/bilal/trail_tracer/src/biy1_ros360_cpp/src/waypoint_navigator.cpp:1507:86:[m[K [01;31m[Kerror: [m[Ktemplate argument 1 is invalid
[2.542s]  1507 |     using GoalHandleFollowWaypoints = rclcpp_action::ClientGoalHandle<FollowWaypoints[01;31m[K>[m[K;
[2.542s]       |                                                                                      [01;31m[K^[m[K
[2.542s] [01m[K/home/bilal/trail_tracer/src/biy1_ros360_cpp/src/waypoint_navigator.cpp:1546:27:[m[K [01;31m[Kerror: [m[Kuse of local variable with automatic storage from containing function
[2.542s]  1546 |     rclcpp_action::Client<[01;31m[KFollowWaypoints[m[K>::SharedPtr client_ptr_;
[2.542s]       |                           [01;31m[K^~~~~~~~~~~~~~~[m[K
[2.542s] [01m[K/home/bilal/trail_tracer/src/biy1_ros360_cpp/src/waypoint_navigator.cpp:816:71:[m[K [01;36m[Knote: [m[Kâ€˜[01m[K<typeprefixerror>FollowWaypoints[m[Kâ€™ declared here
[2.542s]   816 |     using GoalHandleFollowWaypoints = rclcpp_action::ClientGoalHandle<[01;36m[KFollowWaypoints[m[K>;
[2.542s]       |                                                                       [01;36m[K^~~~~~~~~~~~~~~[m[K
[2.542s] [01m[K/home/bilal/trail_tracer/src/biy1_ros360_cpp/src/waypoint_navigator.cpp:1546:42:[m[K [01;31m[Kerror: [m[Ktemplate argument 1 is invalid
[2.542s]  1546 |     rclcpp_action::Client<FollowWaypoints[01;31m[K>[m[K::SharedPtr client_ptr_;
[2.542s]       |                                          [01;31m[K^[m[K
[2.543s] [01m[K/home/bilal/trail_tracer/src/biy1_ros360_cpp/src/waypoint_navigator.cpp:1546:45:[m[K [01;31m[Kerror: [m[Kexpected â€˜[01m[K;[m[Kâ€™ at end of member declaration
[2.543s]  1546 |     rclcpp_action::Client<FollowWaypoints>::[01;31m[KSharedPtr[m[K client_ptr_;
[2.543s]       |                                             [01;31m[K^~~~~~~~~[m[K
[2.543s]       |                                                      [32m[K;[m[K
[2.543s] [01m[K/home/bilal/trail_tracer/src/biy1_ros360_cpp/src/waypoint_navigator.cpp:1546:55:[m[K [01;31m[Kerror: [m[Kâ€˜[01m[Kclient_ptr_[m[Kâ€™ does not name a type
[2.544s]  1546 |     rclcpp_action::Client<FollowWaypoints>::SharedPtr [01;31m[Kclient_ptr_[m[K;
[2.544s]       |                                                       [01;31m[K^~~~~~~~~~~[m[K
[2.547s] [01m[K/home/bilal/trail_tracer/src/biy1_ros360_cpp/src/waypoint_navigator.cpp:1549:37:[m[K [01;31m[Kerror: [m[Kâ€˜[01m[KGoalHandleFollowWaypoints[m[Kâ€™ does not name a type
[2.547s]  1549 |     void goal_result_callback(const [01;31m[KGoalHandleFollowWaypoints[m[K::WrappedResult & result) {
[2.547s]       |                                     [01;31m[K^~~~~~~~~~~~~~~~~~~~~~~~~[m[K
[2.547s] [01m[K/home/bilal/trail_tracer/src/biy1_ros360_cpp/src/waypoint_navigator.cpp:1549:78:[m[K [01;31m[Kerror: [m[Kexpected unqualified-id before â€˜[01m[K&[m[Kâ€™ token
[2.547s]  1549 |     void goal_result_callback(const GoalHandleFollowWaypoints::WrappedResult [01;31m[K&[m[K result) {
[2.547s]       |                                                                              [01;31m[K^[m[K
[2.547s] [01m[K/home/bilal/trail_tracer/src/biy1_ros360_cpp/src/waypoint_navigator.cpp:1549:78:[m[K [01;31m[Kerror: [m[Kexpected â€˜[01m[K)[m[Kâ€™ before â€˜[01m[K&[m[Kâ€™ token
[2.547s] [01m[K/home/bilal/trail_tracer/src/biy1_ros360_cpp/src/waypoint_navigator.cpp:1549:30:[m[K [01;36m[Knote: [m[Kto match this â€˜[01m[K([m[Kâ€™
[2.547s]  1549 |     void goal_result_callback[01;36m[K([m[Kconst GoalHandleFollowWaypoints::WrappedResult & result) {
[2.547s]       |                              [01;36m[K^[m[K
[2.547s] [01m[K/home/bilal/trail_tracer/src/biy1_ros360_cpp/src/waypoint_navigator.cpp:1549:78:[m[K [01;31m[Kerror: [m[Kexpected â€˜[01m[K;[m[Kâ€™ at end of member declaration
[2.547s]  1549 |     void goal_result_callback(const GoalHandleFollowWaypoints::WrappedResult [01;31m[K&[m[K result) {
[2.547s]       |                                                                              [01;31m[K^[m[K
[2.548s]       |                                                                               [32m[K;[m[K
[2.548s] [01m[K/home/bilal/trail_tracer/src/biy1_ros360_cpp/src/waypoint_navigator.cpp:1549:80:[m[K [01;31m[Kerror: [m[Kâ€˜[01m[Kresult[m[Kâ€™ does not name a type
[2.548s]  1549 |     void goal_result_callback(const GoalHandleFollowWaypoints::WrappedResult & [01;31m[Kresult[m[K) {
[2.548s]       |                                                                                [01;31m[K^~~~~~[m[K
[2.549s] [01m[K/home/bilal/trail_tracer/src/biy1_ros360_cpp/src/waypoint_navigator.cpp:[m[K In constructor â€˜[01m[KTrailTracer::createAndStorePose(double, double)::TrailTracer::process_all_waypoints()::WaypointSender::WaypointSender(const string&)[m[Kâ€™:
[2.549s] [01m[K/home/bilal/trail_tracer/src/biy1_ros360_cpp/src/waypoint_navigator.cpp:1511:15:[m[K [01;31m[Kerror: [m[Kâ€˜[01m[Kclass TrailTracer::createAndStorePose(double, double)::TrailTracer::process_all_waypoints()::WaypointSender[m[Kâ€™ has no member named â€˜[01m[Kclient_ptr_[m[Kâ€™
[2.549s]  1511 |         this->[01;31m[Kclient_ptr_[m[K = rclcpp_action::create_client<FollowWaypoints>(
[2.549s]       |               [01;31m[K^~~~~~~~~~~[m[K
[2.549s] [01m[K/home/bilal/trail_tracer/src/biy1_ros360_cpp/src/waypoint_navigator.cpp:1511:58:[m[K [01;31m[Kerror: [m[Kuse of local variable with automatic storage from containing function
[2.549s]  1511 |         this->client_ptr_ = rclcpp_action::create_client<[01;31m[KFollowWaypoints[m[K>(
[2.549s]       |                                                          [01;31m[K^~~~~~~~~~~~~~~[m[K
[2.549s] [01m[K/home/bilal/trail_tracer/src/biy1_ros360_cpp/src/waypoint_navigator.cpp:816:71:[m[K [01;36m[Knote: [m[Kâ€˜[01m[K<typeprefixerror>FollowWaypoints[m[Kâ€™ declared here
[2.549s]   816 |     using GoalHandleFollowWaypoints = rclcpp_action::ClientGoalHandle<[01;36m[KFollowWaypoints[m[K>;
[2.549s]       |                                                                       [01;36m[K^~~~~~~~~~~~~~~[m[K
[2.549s] [01m[K/home/bilal/trail_tracer/src/biy1_ros360_cpp/src/waypoint_navigator.cpp:1511:74:[m[K [01;31m[Kerror: [m[Kno matching function for call to â€˜[01m[Kcreate_client<<expression error> >(TrailTracer::createAndStorePose(double, double)::TrailTracer::process_all_waypoints()::WaypointSender*, const char [18])[m[Kâ€™
[2.549s]  1511 |         this->client_ptr_ = [01;31m[Krclcpp_action::create_client<FollowWaypoints>([m[K
[2.549s]       |                             [01;31m[K~~~~~~~~~~~~~~~~~~~~~~~~~~~~~~~~~~~~~~~~~~~~~^[m[K
[2.549s]  1512 | [01;31m[K            this, "/follow_waypoints")[m[K;
[2.549s]       |             [01;31m[K~~~~~~~~~~~~~~~~~~~~~~~~~~[m[K                                    
[2.549s] In file included from [01m[K/opt/ros/humble/include/rclcpp_action/rclcpp_action/rclcpp_action.hpp:38[m[K,
[2.549s]                  from [01m[K/home/bilal/trail_tracer/src/biy1_ros360_cpp/src/waypoint_navigator.cpp:28[m[K:
[2.549s] [01m[K/opt/ros/humble/include/rclcpp_action/rclcpp_action/create_client.hpp:44:1:[m[K [01;36m[Knote: [m[Kcandidate: â€˜[01m[Ktemplate<class ActionT> typename rclcpp_action::Client<ActionT>::SharedPtr rclcpp_action::create_client(rclcpp::node_interfaces::NodeBaseInterface::SharedPtr, rclcpp::node_interfaces::NodeGraphInterface::SharedPtr, rclcpp::node_interfaces::NodeLoggingInterface::SharedPtr, rclcpp::node_interfaces::NodeWaitablesInterface::SharedPtr, const string&, rclcpp::CallbackGroup::SharedPtr, const rcl_action_client_options_t&)[m[Kâ€™
[2.549s]    44 | [01;36m[Kcreate_client[m[K(
[2.550s]       | [01;36m[K^~~~~~~~~~~~~[m[K
[2.550s] [01m[K/opt/ros/humble/include/rclcpp_action/rclcpp_action/create_client.hpp:44:1:[m[K [01;36m[Knote: [m[K  template argument deduction/substitution failed:
[2.550s] [01m[K/home/bilal/trail_tracer/src/biy1_ros360_cpp/src/waypoint_navigator.cpp:1511:74:[m[K [01;31m[Kerror: [m[Ktemplate argument 1 is invalid
[2.550s]  1511 |         this->client_ptr_ = [01;31m[Krclcpp_action::create_client<FollowWaypoints>([m[K
[2.550s]       |                             [01;31m[K~~~~~~~~~~~~~~~~~~~~~~~~~~~~~~~~~~~~~~~~~~~~~^[m[K
[2.550s]  1512 | [01;31m[K            this, "/follow_waypoints")[m[K;
[2.550s]       |             [01;31m[K~~~~~~~~~~~~~~~~~~~~~~~~~~[m[K                                    
[2.550s] In file included from [01m[K/opt/ros/humble/include/rclcpp_action/rclcpp_action/rclcpp_action.hpp:38[m[K,
[2.550s]                  from [01m[K/home/bilal/trail_tracer/src/biy1_ros360_cpp/src/waypoint_navigator.cpp:28[m[K:
[2.550s] [01m[K/opt/ros/humble/include/rclcpp_action/rclcpp_action/create_client.hpp:105:1:[m[K [01;36m[Knote: [m[Kcandidate: â€˜[01m[Ktemplate<class ActionT, class NodeT> typename rclcpp_action::Client<ActionT>::SharedPtr rclcpp_action::create_client(NodeT, const string&, rclcpp::CallbackGroup::SharedPtr, const rcl_action_client_options_t&)[m[Kâ€™
[2.550s]   105 | [01;36m[Kcreate_client[m[K(
[2.550s]       | [01;36m[K^~~~~~~~~~~~~[m[K
[2.550s] [01m[K/opt/ros/humble/include/rclcpp_action/rclcpp_action/create_client.hpp:105:1:[m[K [01;36m[Knote: [m[K  template argument deduction/substitution failed:
[2.550s] [01m[K/home/bilal/trail_tracer/src/biy1_ros360_cpp/src/waypoint_navigator.cpp:1511:74:[m[K [01;31m[Kerror: [m[Ktemplate argument 1 is invalid
[2.550s]  1511 |         this->client_ptr_ = [01;31m[Krclcpp_action::create_client<FollowWaypoints>([m[K
[2.550s]       |                             [01;31m[K~~~~~~~~~~~~~~~~~~~~~~~~~~~~~~~~~~~~~~~~~~~~~^[m[K
[2.550s]  1512 | [01;31m[K            this, "/follow_waypoints")[m[K;
[2.550s]       |             [01;31m[K~~~~~~~~~~~~~~~~~~~~~~~~~~[m[K                                    
[2.550s] [01m[K/home/bilal/trail_tracer/src/biy1_ros360_cpp/src/waypoint_navigator.cpp:[m[K In member function â€˜[01m[Kvoid TrailTracer::createAndStorePose(double, double)::TrailTracer::process_all_waypoints()::WaypointSender::set_waypoints(const std::vector<geometry_msgs::msg::PoseStamped_<std::allocator<void> >, std::allocator<geometry_msgs::msg::PoseStamped_<std::allocator<void> > > >&)[m[Kâ€™:
[2.550s] [01m[K/home/bilal/trail_tracer/src/biy1_ros360_cpp/src/waypoint_navigator.cpp:1517:25:[m[K [01;31m[Kerror: [m[Kâ€˜[01m[KFollowWaypoints[m[Kâ€™ is not a class, namespace, or enumeration
[2.550s]  1517 |         auto goal_msg = [01;31m[KFollowWaypoints[m[K::Goal();
[2.550s]       |                         [01;31m[K^~~~~~~~~~~~~~~[m[K
[2.553s] [01m[K/home/bilal/trail_tracer/src/biy1_ros360_cpp/src/waypoint_navigator.cpp:1520:14:[m[K [01;31m[Kerror: [m[Kâ€˜[01m[Kclient_ptr_[m[Kâ€™ was not declared in this scope
[2.554s]  1520 |         if (![01;31m[Kclient_ptr_[m[K->wait_for_action_server()) {
[2.554s]       |              [01;31m[K^~~~~~~~~~~[m[K
[2.554s] [01m[K/home/bilal/trail_tracer/src/biy1_ros360_cpp/src/waypoint_navigator.cpp:1525:56:[m[K [01;31m[Kerror: [m[Kuse of local variable with automatic storage from containing function
[2.554s]  1525 |         auto send_goal_options = rclcpp_action::Client<[01;31m[KFollowWaypoints[m[K>::SendGoalOptions();
[2.554s]       |                                                        [01;31m[K^~~~~~~~~~~~~~~[m[K
[2.554s] [01m[K/home/bilal/trail_tracer/src/biy1_ros360_cpp/src/waypoint_navigator.cpp:816:71:[m[K [01;36m[Knote: [m[Kâ€˜[01m[K<typeprefixerror>FollowWaypoints[m[Kâ€™ declared here
[2.554s]   816 |     using GoalHandleFollowWaypoints = rclcpp_action::ClientGoalHandle<[01;36m[KFollowWaypoints[m[K>;
[2.554s]       |                                                                       [01;36m[K^~~~~~~~~~~~~~~[m[K
[2.554s] [01m[K/home/bilal/trail_tracer/src/biy1_ros360_cpp/src/waypoint_navigator.cpp:1525:71:[m[K [01;31m[Kerror: [m[Ktemplate argument 1 is invalid
[2.554s]  1525 |         auto send_goal_options = rclcpp_action::Client<FollowWaypoints[01;31m[K>[m[K::SendGoalOptions();
[2.554s]       |                                                                       [01;31m[K^[m[K
[2.562s] [01m[K/home/bilal/trail_tracer/src/biy1_ros360_cpp/src/waypoint_navigator.cpp:1527:9:[m[K [01;31m[Kerror: [m[Kâ€˜[01m[Kclient_ptr_[m[Kâ€™ was not declared in this scope
[2.562s]  1527 |         [01;31m[Kclient_ptr_[m[K->async_send_goal(goal_msg, send_goal_options);
[2.562s]       |         [01;31m[K^~~~~~~~~~~[m[K
[2.567s] [01m[K/home/bilal/trail_tracer/src/biy1_ros360_cpp/src/waypoint_navigator.cpp:[m[K In member function â€˜[01m[Kvoid TrailTracer::createAndStorePose(double, double)::TrailTracer::process_all_waypoints()::WaypointSender::pause()[m[Kâ€™:
[2.567s] [01m[K/home/bilal/trail_tracer/src/biy1_ros360_cpp/src/waypoint_navigator.cpp:1531:9:[m[K [01;31m[Kerror: [m[Kâ€˜[01m[Kclient_ptr_[m[Kâ€™ was not declared in this scope
[2.567s]  1531 |         [01;31m[Kclient_ptr_[m[K->async_cancel_all_goals();
[2.567s]       |         [01;31m[K^~~~~~~~~~~[m[K
[2.600s] [01m[K/home/bilal/trail_tracer/src/biy1_ros360_cpp/src/waypoint_navigator.cpp:[m[K In member function â€˜[01m[Kvoid TrailTracer::createAndStorePose(double, double)::TrailTracer::process_all_waypoints()[m[Kâ€™:
[2.600s] [01m[K/home/bilal/trail_tracer/src/biy1_ros360_cpp/src/waypoint_navigator.cpp:2261:34:[m[K [01;31m[Kerror: [m[Ka function-definition is not allowed here before â€˜[01m[K{[m[Kâ€™ token
[2.600s]  2261 | int main(int argc, char* argv[]) [01;31m[K{[m[K
[2.600s]       |                                  [01;31m[K^[m[K
[2.600s] [01m[K/home/bilal/trail_tracer/src/biy1_ros360_cpp/src/waypoint_navigator.cpp:2269:32:[m[K [01;31m[Kerror: [m[Kuse of parameter from containing function
[2.600s]  2269 |             createAndStorePose([01;31m[Keasting[m[K, northing);
[2.600s]       |                                [01;31m[K^~~~~~~[m[K
[2.600s] [01m[K/home/bilal/trail_tracer/src/biy1_ros360_cpp/src/waypoint_navigator.cpp:714:36:[m[K [01;36m[Knote: [m[Kâ€˜[01m[Kdouble easting[m[Kâ€™ declared here
[2.600s]   714 |     void createAndStorePose([01;36m[Kdouble easting[m[K, double northing){
[2.601s]       |                             [01;36m[K~~~~~~~^~~~~~~[m[K
[2.601s] [01m[K/home/bilal/trail_tracer/src/biy1_ros360_cpp/src/waypoint_navigator.cpp:2269:41:[m[K [01;31m[Kerror: [m[Kuse of parameter from containing function
[2.601s]  2269 |             createAndStorePose(easting, [01;31m[Knorthing[m[K);
[2.601s]       |                                         [01;31m[K^~~~~~~~[m[K
[2.601s] [01m[K/home/bilal/trail_tracer/src/biy1_ros360_cpp/src/waypoint_navigator.cpp:714:52:[m[K [01;36m[Knote: [m[Kâ€˜[01m[Kdouble northing[m[Kâ€™ declared here
[2.601s]   714 |     void createAndStorePose(double easting, [01;36m[Kdouble northing[m[K){
[2.601s]       |                                             [01;36m[K~~~~~~~^~~~~~~~[m[K
[2.601s] [01m[K/home/bilal/trail_tracer/src/biy1_ros360_cpp/src/waypoint_navigator.cpp:1432:17:[m[K [01;35m[Kwarning: [m[Kunused variable â€˜[01m[Kzone[m[Kâ€™ [[01;35m[K]8;;https://gcc.gnu.org/onlinedocs/gcc/Warning-Options.html#index-Wunused-variable-Wunused-variable]8;;[m[K]
[2.601s]  1432 |             int [01;35m[Kzone[m[K;/*
[2.601s]       |                 [01;35m[K^~~~[m[K
[2.601s] [01m[K/home/bilal/trail_tracer/src/biy1_ros360_cpp/src/waypoint_navigator.cpp:1431:26:[m[K [01;35m[Kwarning: [m[Kunused structured binding declaration [[01;35m[K]8;;https://gcc.gnu.org/onlinedocs/gcc/Warning-Options.html#index-Wunused-variable-Wunused-variable]8;;[m[K]
[2.601s]  1431 |         for (const auto& [01;35m[K[lat, lon][m[K : waypoints_) {
[2.601s]       |                          [01;35m[K^~~~~~~~~~[m[K
[2.601s] [01m[K/home/bilal/trail_tracer/src/biy1_ros360_cpp/src/waypoint_navigator.cpp:1429:14:[m[K [01;35m[Kwarning: [m[Kunused variable â€˜[01m[Kfirst_point[m[Kâ€™ [[01;35m[K]8;;https://gcc.gnu.org/onlinedocs/gcc/Warning-Options.html#index-Wunused-variable-Wunused-variable]8;;[m[K]
[2.601s]  1429 |         bool [01;35m[Kfirst_point[m[K = true;
[2.601s]       |              [01;35m[K^~~~~~~~~~~[m[K
[2.601s] [01m[K/home/bilal/trail_tracer/src/biy1_ros360_cpp/src/waypoint_navigator.cpp:[m[K In member function â€˜[01m[Kvoid TrailTracer::createAndStorePose(double, double)[m[Kâ€™:
[2.601s] [01m[K/home/bilal/trail_tracer/src/biy1_ros360_cpp/src/waypoint_navigator.cpp:2396:34:[m[K [01;31m[Kerror: [m[Ka function-definition is not allowed here before â€˜[01m[K{[m[Kâ€™ token
[2.601s]  2396 | int main(int argc, char* argv[]) [01;31m[K{[m[K
[2.601s]       |                                  [01;31m[K^[m[K
[10.531s] gmake[2]: *** [CMakeFiles/waypoint_navigator.dir/build.make:76: CMakeFiles/waypoint_navigator.dir/src/waypoint_navigator.cpp.o] Error 1
[10.531s] gmake[1]: *** [CMakeFiles/Makefile2:313: CMakeFiles/waypoint_navigator.dir/all] Error 2
[10.531s] gmake: *** [Makefile:146: all] Error 2
[10.533s] Invoked command in '/home/bilal/trail_tracer/build/biy1_ros360_cpp' returned '2': CMAKE_PREFIX_PATH=${CMAKE_PREFIX_PATH}:/home/bilal/trail_tracer/install/web_gui:/home/bilal/learn_ros2_ws/install/web_gui:/home/bilal/learn_ros2_ws/install/nav2_simple_commander:/home/bilal/ros2_ws/install/web_gui:/home/bilal/ros2_ws/install/opencv_tools:/home/bilal/ros2_ws/install/biy1_ros360_py:/opt/ros/humble /usr/bin/cmake --build /home/bilal/trail_tracer/build/biy1_ros360_cpp -- -j12 -l12
